CRITICAL - 2023-07-08 05:07:15 --> Undefined array key "anaknama"
in APPPATH\Controllers\Imunisasi.php on line 99.
 1 APPPATH\Controllers\Imunisasi.php(99): CodeIgniter\Debug\Exceptions->errorHandler(2, 'Undefined array key "anaknama"', 'APPPATH\\Controllers\\Imunisasi.php', 99)
 2 SYSTEMPATH\CodeIgniter.php(898): App\Controllers\Imunisasi->save()
 3 SYSTEMPATH\CodeIgniter.php(457): CodeIgniter\CodeIgniter->runController(Object(App\Controllers\Imunisasi))
 4 SYSTEMPATH\CodeIgniter.php(340): CodeIgniter\CodeIgniter->handleRequest(null, Object(Config\Cache), false)
 5 FCPATH\index.php(67): CodeIgniter\CodeIgniter->run()
 6 SYSTEMPATH\Commands\Server\rewrite.php(43): require_once('FCPATH\\index.php')
CRITICAL - 2023-07-08 05:08:06 --> Undefined array key "anaknama"
in APPPATH\Controllers\Imunisasi.php on line 99.
 1 APPPATH\Controllers\Imunisasi.php(99): CodeIgniter\Debug\Exceptions->errorHandler(2, 'Undefined array key "anaknama"', 'APPPATH\\Controllers\\Imunisasi.php', 99)
 2 SYSTEMPATH\CodeIgniter.php(898): App\Controllers\Imunisasi->save()
 3 SYSTEMPATH\CodeIgniter.php(457): CodeIgniter\CodeIgniter->runController(Object(App\Controllers\Imunisasi))
 4 SYSTEMPATH\CodeIgniter.php(340): CodeIgniter\CodeIgniter->handleRequest(null, Object(Config\Cache), false)
 5 FCPATH\index.php(67): CodeIgniter\CodeIgniter->run()
 6 SYSTEMPATH\Commands\Server\rewrite.php(43): require_once('FCPATH\\index.php')
CRITICAL - 2023-07-08 06:51:18 --> Undefined array key "anaknama"
in APPPATH\Controllers\Imunisasi.php on line 99.
 1 APPPATH\Controllers\Imunisasi.php(99): CodeIgniter\Debug\Exceptions->errorHandler(2, 'Undefined array key "anaknama"', 'APPPATH\\Controllers\\Imunisasi.php', 99)
 2 SYSTEMPATH\CodeIgniter.php(898): App\Controllers\Imunisasi->save()
 3 SYSTEMPATH\CodeIgniter.php(457): CodeIgniter\CodeIgniter->runController(Object(App\Controllers\Imunisasi))
 4 SYSTEMPATH\CodeIgniter.php(340): CodeIgniter\CodeIgniter->handleRequest(null, Object(Config\Cache), false)
 5 FCPATH\index.php(67): CodeIgniter\CodeIgniter->run()
 6 SYSTEMPATH\Commands\Server\rewrite.php(43): require_once('FCPATH\\index.php')
CRITICAL - 2023-07-08 06:52:57 --> Undefined array key "anaknama"
in APPPATH\Controllers\Imunisasi.php on line 99.
 1 APPPATH\Controllers\Imunisasi.php(99): CodeIgniter\Debug\Exceptions->errorHandler(2, 'Undefined array key "anaknama"', 'APPPATH\\Controllers\\Imunisasi.php', 99)
 2 SYSTEMPATH\CodeIgniter.php(898): App\Controllers\Imunisasi->save()
 3 SYSTEMPATH\CodeIgniter.php(457): CodeIgniter\CodeIgniter->runController(Object(App\Controllers\Imunisasi))
 4 SYSTEMPATH\CodeIgniter.php(340): CodeIgniter\CodeIgniter->handleRequest(null, Object(Config\Cache), false)
 5 FCPATH\index.php(67): CodeIgniter\CodeIgniter->run()
 6 SYSTEMPATH\Commands\Server\rewrite.php(43): require_once('FCPATH\\index.php')
CRITICAL - 2023-07-08 06:55:01 --> Undefined array key "anaknama"
in APPPATH\Controllers\Imunisasi.php on line 99.
 1 APPPATH\Controllers\Imunisasi.php(99): CodeIgniter\Debug\Exceptions->errorHandler(2, 'Undefined array key "anaknama"', 'APPPATH\\Controllers\\Imunisasi.php', 99)
 2 SYSTEMPATH\CodeIgniter.php(898): App\Controllers\Imunisasi->save()
 3 SYSTEMPATH\CodeIgniter.php(457): CodeIgniter\CodeIgniter->runController(Object(App\Controllers\Imunisasi))
 4 SYSTEMPATH\CodeIgniter.php(340): CodeIgniter\CodeIgniter->handleRequest(null, Object(Config\Cache), false)
 5 FCPATH\index.php(67): CodeIgniter\CodeIgniter->run()
 6 SYSTEMPATH\Commands\Server\rewrite.php(43): require_once('FCPATH\\index.php')
CRITICAL - 2023-07-08 08:46:28 --> Undefined array key "anaknama"
in APPPATH\Controllers\Imunisasi.php on line 99.
 1 APPPATH\Controllers\Imunisasi.php(99): CodeIgniter\Debug\Exceptions->errorHandler(2, 'Undefined array key "anaknama"', 'APPPATH\\Controllers\\Imunisasi.php', 99)
 2 SYSTEMPATH\CodeIgniter.php(898): App\Controllers\Imunisasi->save()
 3 SYSTEMPATH\CodeIgniter.php(457): CodeIgniter\CodeIgniter->runController(Object(App\Controllers\Imunisasi))
 4 SYSTEMPATH\CodeIgniter.php(340): CodeIgniter\CodeIgniter->handleRequest(null, Object(Config\Cache), false)
 5 FCPATH\index.php(67): CodeIgniter\CodeIgniter->run()
 6 SYSTEMPATH\Commands\Server\rewrite.php(43): require_once('FCPATH\\index.php')
CRITICAL - 2023-07-08 08:47:33 --> Undefined array key "anaknama"
in APPPATH\Controllers\Imunisasi.php on line 99.
 1 APPPATH\Controllers\Imunisasi.php(99): CodeIgniter\Debug\Exceptions->errorHandler(2, 'Undefined array key "anaknama"', 'APPPATH\\Controllers\\Imunisasi.php', 99)
 2 SYSTEMPATH\CodeIgniter.php(898): App\Controllers\Imunisasi->save()
 3 SYSTEMPATH\CodeIgniter.php(457): CodeIgniter\CodeIgniter->runController(Object(App\Controllers\Imunisasi))
 4 SYSTEMPATH\CodeIgniter.php(340): CodeIgniter\CodeIgniter->handleRequest(null, Object(Config\Cache), false)
 5 FCPATH\index.php(67): CodeIgniter\CodeIgniter->run()
 6 SYSTEMPATH\Commands\Server\rewrite.php(43): require_once('FCPATH\\index.php')
CRITICAL - 2023-07-08 08:48:16 --> Undefined array key "anaknama"
in APPPATH\Controllers\Imunisasi.php on line 99.
 1 APPPATH\Controllers\Imunisasi.php(99): CodeIgniter\Debug\Exceptions->errorHandler(2, 'Undefined array key "anaknama"', 'APPPATH\\Controllers\\Imunisasi.php', 99)
 2 SYSTEMPATH\CodeIgniter.php(898): App\Controllers\Imunisasi->save()
 3 SYSTEMPATH\CodeIgniter.php(457): CodeIgniter\CodeIgniter->runController(Object(App\Controllers\Imunisasi))
 4 SYSTEMPATH\CodeIgniter.php(340): CodeIgniter\CodeIgniter->handleRequest(null, Object(Config\Cache), false)
 5 FCPATH\index.php(67): CodeIgniter\CodeIgniter->run()
 6 SYSTEMPATH\Commands\Server\rewrite.php(43): require_once('FCPATH\\index.php')
CRITICAL - 2023-07-08 08:48:55 --> Undefined array key "anaknama"
in APPPATH\Controllers\Imunisasi.php on line 99.
 1 APPPATH\Controllers\Imunisasi.php(99): CodeIgniter\Debug\Exceptions->errorHandler(2, 'Undefined array key "anaknama"', 'APPPATH\\Controllers\\Imunisasi.php', 99)
 2 SYSTEMPATH\CodeIgniter.php(898): App\Controllers\Imunisasi->save()
 3 SYSTEMPATH\CodeIgniter.php(457): CodeIgniter\CodeIgniter->runController(Object(App\Controllers\Imunisasi))
 4 SYSTEMPATH\CodeIgniter.php(340): CodeIgniter\CodeIgniter->handleRequest(null, Object(Config\Cache), false)
 5 FCPATH\index.php(67): CodeIgniter\CodeIgniter->run()
 6 SYSTEMPATH\Commands\Server\rewrite.php(43): require_once('FCPATH\\index.php')
CRITICAL - 2023-07-08 08:55:10 --> Undefined array key "anaknama"
in APPPATH\Controllers\Imunisasi.php on line 99.
 1 APPPATH\Controllers\Imunisasi.php(99): CodeIgniter\Debug\Exceptions->errorHandler(2, 'Undefined array key "anaknama"', 'APPPATH\\Controllers\\Imunisasi.php', 99)
 2 SYSTEMPATH\CodeIgniter.php(898): App\Controllers\Imunisasi->save()
 3 SYSTEMPATH\CodeIgniter.php(457): CodeIgniter\CodeIgniter->runController(Object(App\Controllers\Imunisasi))
 4 SYSTEMPATH\CodeIgniter.php(340): CodeIgniter\CodeIgniter->handleRequest(null, Object(Config\Cache), false)
 5 FCPATH\index.php(67): CodeIgniter\CodeIgniter->run()
 6 SYSTEMPATH\Commands\Server\rewrite.php(43): require_once('FCPATH\\index.php')
CRITICAL - 2023-07-08 08:57:08 --> Undefined array key "anaknama"
in APPPATH\Controllers\Imunisasi.php on line 99.
 1 APPPATH\Controllers\Imunisasi.php(99): CodeIgniter\Debug\Exceptions->errorHandler(2, 'Undefined array key "anaknama"', 'APPPATH\\Controllers\\Imunisasi.php', 99)
 2 SYSTEMPATH\CodeIgniter.php(898): App\Controllers\Imunisasi->save()
 3 SYSTEMPATH\CodeIgniter.php(457): CodeIgniter\CodeIgniter->runController(Object(App\Controllers\Imunisasi))
 4 SYSTEMPATH\CodeIgniter.php(340): CodeIgniter\CodeIgniter->handleRequest(null, Object(Config\Cache), false)
 5 FCPATH\index.php(67): CodeIgniter\CodeIgniter->run()
 6 SYSTEMPATH\Commands\Server\rewrite.php(43): require_once('FCPATH\\index.php')
CRITICAL - 2023-07-08 08:57:10 --> Undefined array key "anaknama"
in APPPATH\Controllers\Imunisasi.php on line 99.
 1 APPPATH\Controllers\Imunisasi.php(99): CodeIgniter\Debug\Exceptions->errorHandler(2, 'Undefined array key "anaknama"', 'APPPATH\\Controllers\\Imunisasi.php', 99)
 2 SYSTEMPATH\CodeIgniter.php(898): App\Controllers\Imunisasi->save()
 3 SYSTEMPATH\CodeIgniter.php(457): CodeIgniter\CodeIgniter->runController(Object(App\Controllers\Imunisasi))
 4 SYSTEMPATH\CodeIgniter.php(340): CodeIgniter\CodeIgniter->handleRequest(null, Object(Config\Cache), false)
 5 FCPATH\index.php(67): CodeIgniter\CodeIgniter->run()
 6 SYSTEMPATH\Commands\Server\rewrite.php(43): require_once('FCPATH\\index.php')
CRITICAL - 2023-07-08 08:58:20 --> Undefined array key "anaknama"
in APPPATH\Controllers\Imunisasi.php on line 99.
 1 APPPATH\Controllers\Imunisasi.php(99): CodeIgniter\Debug\Exceptions->errorHandler(2, 'Undefined array key "anaknama"', 'APPPATH\\Controllers\\Imunisasi.php', 99)
 2 SYSTEMPATH\CodeIgniter.php(898): App\Controllers\Imunisasi->save()
 3 SYSTEMPATH\CodeIgniter.php(457): CodeIgniter\CodeIgniter->runController(Object(App\Controllers\Imunisasi))
 4 SYSTEMPATH\CodeIgniter.php(340): CodeIgniter\CodeIgniter->handleRequest(null, Object(Config\Cache), false)
 5 FCPATH\index.php(67): CodeIgniter\CodeIgniter->run()
 6 SYSTEMPATH\Commands\Server\rewrite.php(43): require_once('FCPATH\\index.php')
CRITICAL - 2023-07-08 08:58:26 --> Undefined array key "anaknama"
in APPPATH\Controllers\Imunisasi.php on line 99.
 1 APPPATH\Controllers\Imunisasi.php(99): CodeIgniter\Debug\Exceptions->errorHandler(2, 'Undefined array key "anaknama"', 'APPPATH\\Controllers\\Imunisasi.php', 99)
 2 SYSTEMPATH\CodeIgniter.php(898): App\Controllers\Imunisasi->save()
 3 SYSTEMPATH\CodeIgniter.php(457): CodeIgniter\CodeIgniter->runController(Object(App\Controllers\Imunisasi))
 4 SYSTEMPATH\CodeIgniter.php(340): CodeIgniter\CodeIgniter->handleRequest(null, Object(Config\Cache), false)
 5 FCPATH\index.php(67): CodeIgniter\CodeIgniter->run()
 6 SYSTEMPATH\Commands\Server\rewrite.php(43): require_once('FCPATH\\index.php')
