CRITICAL - 2023-02-08 05:43:32 --> Attempt to read property "posyandu" on array
in APPPATH\Views\admin\detailposyandu.php on line 34.
 1 APPPATH\Views\admin\detailposyandu.php(34): CodeIgniter\Debug\Exceptions->errorHandler(2, 'Attempt to read property "posyandu" on array', 'APPPATH\\Views\\admin\\detailposyandu.php', 34)
 2 SYSTEMPATH\View\View.php(213): include('APPPATH\\Views\\admin\\detailposyandu.php')
 3 SYSTEMPATH\View\View.php(216): CodeIgniter\View\View->CodeIgniter\View\{closure}()
 4 SYSTEMPATH\Common.php(1137): CodeIgniter\View\View->render('admin/detailposyandu', [], true)
 5 APPPATH\Controllers\Posyandu.php(129): view('admin/detailposyandu', [...])
 6 SYSTEMPATH\CodeIgniter.php(898): App\Controllers\Posyandu->detailposyandu('1')
 7 SYSTEMPATH\CodeIgniter.php(457): CodeIgniter\CodeIgniter->runController(Object(App\Controllers\Posyandu))
 8 SYSTEMPATH\CodeIgniter.php(340): CodeIgniter\CodeIgniter->handleRequest(null, Object(Config\Cache), false)
 9 FCPATH\index.php(67): CodeIgniter\CodeIgniter->run()
10 SYSTEMPATH\Commands\Server\rewrite.php(43): require_once('FCPATH\\index.php')
CRITICAL - 2023-02-08 05:43:41 --> Attempt to read property "posyandu" on array
in APPPATH\Views\admin\detailposyandu.php on line 34.
 1 APPPATH\Views\admin\detailposyandu.php(34): CodeIgniter\Debug\Exceptions->errorHandler(2, 'Attempt to read property "posyandu" on array', 'APPPATH\\Views\\admin\\detailposyandu.php', 34)
 2 SYSTEMPATH\View\View.php(213): include('APPPATH\\Views\\admin\\detailposyandu.php')
 3 SYSTEMPATH\View\View.php(216): CodeIgniter\View\View->CodeIgniter\View\{closure}()
 4 SYSTEMPATH\Common.php(1137): CodeIgniter\View\View->render('admin/detailposyandu', [], true)
 5 APPPATH\Controllers\Posyandu.php(129): view('admin/detailposyandu', [...])
 6 SYSTEMPATH\CodeIgniter.php(898): App\Controllers\Posyandu->detailposyandu('1')
 7 SYSTEMPATH\CodeIgniter.php(457): CodeIgniter\CodeIgniter->runController(Object(App\Controllers\Posyandu))
 8 SYSTEMPATH\CodeIgniter.php(340): CodeIgniter\CodeIgniter->handleRequest(null, Object(Config\Cache), false)
 9 FCPATH\index.php(67): CodeIgniter\CodeIgniter->run()
10 SYSTEMPATH\Commands\Server\rewrite.php(43): require_once('FCPATH\\index.php')
CRITICAL - 2023-02-08 05:48:16 --> Undefined array key "alamat"
in APPPATH\Views\admin\editposyandu.php on line 64.
 1 APPPATH\Views\admin\editposyandu.php(64): CodeIgniter\Debug\Exceptions->errorHandler(2, 'Undefined array key "alamat"', 'APPPATH\\Views\\admin\\editposyandu.php', 64)
 2 SYSTEMPATH\View\View.php(213): include('APPPATH\\Views\\admin\\editposyandu.php')
 3 SYSTEMPATH\View\View.php(216): CodeIgniter\View\View->CodeIgniter\View\{closure}()
 4 SYSTEMPATH\Common.php(1137): CodeIgniter\View\View->render('admin/editposyandu', [], true)
 5 APPPATH\Controllers\Posyandu.php(140): view('admin/editposyandu', [...])
 6 SYSTEMPATH\CodeIgniter.php(898): App\Controllers\Posyandu->editposyandu('1')
 7 SYSTEMPATH\CodeIgniter.php(457): CodeIgniter\CodeIgniter->runController(Object(App\Controllers\Posyandu))
 8 SYSTEMPATH\CodeIgniter.php(340): CodeIgniter\CodeIgniter->handleRequest(null, Object(Config\Cache), false)
 9 FCPATH\index.php(67): CodeIgniter\CodeIgniter->run()
10 SYSTEMPATH\Commands\Server\rewrite.php(43): require_once('FCPATH\\index.php')
CRITICAL - 2023-02-08 05:49:41 --> Undefined array key "bidannama"
in APPPATH\Views\admin\editposyandu.php on line 94.
 1 APPPATH\Views\admin\editposyandu.php(94): CodeIgniter\Debug\Exceptions->errorHandler(2, 'Undefined array key "bidannama"', 'APPPATH\\Views\\admin\\editposyandu.php', 94)
 2 SYSTEMPATH\View\View.php(213): include('APPPATH\\Views\\admin\\editposyandu.php')
 3 SYSTEMPATH\View\View.php(216): CodeIgniter\View\View->CodeIgniter\View\{closure}()
 4 SYSTEMPATH\Common.php(1137): CodeIgniter\View\View->render('admin/editposyandu', [], true)
 5 APPPATH\Controllers\Posyandu.php(140): view('admin/editposyandu', [...])
 6 SYSTEMPATH\CodeIgniter.php(898): App\Controllers\Posyandu->editposyandu('1')
 7 SYSTEMPATH\CodeIgniter.php(457): CodeIgniter\CodeIgniter->runController(Object(App\Controllers\Posyandu))
 8 SYSTEMPATH\CodeIgniter.php(340): CodeIgniter\CodeIgniter->handleRequest(null, Object(Config\Cache), false)
 9 FCPATH\index.php(67): CodeIgniter\CodeIgniter->run()
10 SYSTEMPATH\Commands\Server\rewrite.php(43): require_once('FCPATH\\index.php')
CRITICAL - 2023-02-08 06:03:32 --> Attempt to read property "idposyandu" on string
in APPPATH\Views\admin\editposyandu.php on line 55.
 1 APPPATH\Views\admin\editposyandu.php(55): CodeIgniter\Debug\Exceptions->errorHandler(2, 'Attempt to read property "idposyandu" on string', 'APPPATH\\Views\\admin\\editposyandu.php', 55)
 2 SYSTEMPATH\View\View.php(213): include('APPPATH\\Views\\admin\\editposyandu.php')
 3 SYSTEMPATH\View\View.php(216): CodeIgniter\View\View->CodeIgniter\View\{closure}()
 4 SYSTEMPATH\Common.php(1137): CodeIgniter\View\View->render('admin/editposyandu', [], true)
 5 APPPATH\Controllers\Posyandu.php(140): view('admin/editposyandu', [...])
 6 SYSTEMPATH\CodeIgniter.php(898): App\Controllers\Posyandu->editposyandu('1')
 7 SYSTEMPATH\CodeIgniter.php(457): CodeIgniter\CodeIgniter->runController(Object(App\Controllers\Posyandu))
 8 SYSTEMPATH\CodeIgniter.php(340): CodeIgniter\CodeIgniter->handleRequest(null, Object(Config\Cache), false)
 9 FCPATH\index.php(67): CodeIgniter\CodeIgniter->run()
10 SYSTEMPATH\Commands\Server\rewrite.php(43): require_once('FCPATH\\index.php')
CRITICAL - 2023-02-08 06:04:01 --> Cannot access offset of type string on string
in APPPATH\Views\admin\editposyandu.php on line 55.
 1 SYSTEMPATH\View\View.php(213): include()
 2 SYSTEMPATH\View\View.php(216): CodeIgniter\View\View->CodeIgniter\View\{closure}()
 3 SYSTEMPATH\Common.php(1137): CodeIgniter\View\View->render('admin/editposyandu', [], true)
 4 APPPATH\Controllers\Posyandu.php(140): view('admin/editposyandu', [...])
 5 SYSTEMPATH\CodeIgniter.php(898): App\Controllers\Posyandu->editposyandu('1')
 6 SYSTEMPATH\CodeIgniter.php(457): CodeIgniter\CodeIgniter->runController(Object(App\Controllers\Posyandu))
 7 SYSTEMPATH\CodeIgniter.php(340): CodeIgniter\CodeIgniter->handleRequest(null, Object(Config\Cache), false)
 8 FCPATH\index.php(67): CodeIgniter\CodeIgniter->run()
 9 SYSTEMPATH\Commands\Server\rewrite.php(43): require_once('FCPATH\\index.php')
CRITICAL - 2023-02-08 06:04:44 --> Cannot access offset of type string on string
in APPPATH\Views\admin\editposyandu.php on line 55.
 1 SYSTEMPATH\View\View.php(213): include()
 2 SYSTEMPATH\View\View.php(216): CodeIgniter\View\View->CodeIgniter\View\{closure}()
 3 SYSTEMPATH\Common.php(1137): CodeIgniter\View\View->render('admin/editposyandu', [], true)
 4 APPPATH\Controllers\Posyandu.php(140): view('admin/editposyandu', [...])
 5 SYSTEMPATH\CodeIgniter.php(898): App\Controllers\Posyandu->editposyandu('1')
 6 SYSTEMPATH\CodeIgniter.php(457): CodeIgniter\CodeIgniter->runController(Object(App\Controllers\Posyandu))
 7 SYSTEMPATH\CodeIgniter.php(340): CodeIgniter\CodeIgniter->handleRequest(null, Object(Config\Cache), false)
 8 FCPATH\index.php(67): CodeIgniter\CodeIgniter->run()
 9 SYSTEMPATH\Commands\Server\rewrite.php(43): require_once('FCPATH\\index.php')
CRITICAL - 2023-02-08 06:05:10 --> Attempt to read property "idposyandu" on string
in APPPATH\Views\admin\editposyandu.php on line 55.
 1 APPPATH\Views\admin\editposyandu.php(55): CodeIgniter\Debug\Exceptions->errorHandler(2, 'Attempt to read property "idposyandu" on string', 'APPPATH\\Views\\admin\\editposyandu.php', 55)
 2 SYSTEMPATH\View\View.php(213): include('APPPATH\\Views\\admin\\editposyandu.php')
 3 SYSTEMPATH\View\View.php(216): CodeIgniter\View\View->CodeIgniter\View\{closure}()
 4 SYSTEMPATH\Common.php(1137): CodeIgniter\View\View->render('admin/editposyandu', [], true)
 5 APPPATH\Controllers\Posyandu.php(140): view('admin/editposyandu', [...])
 6 SYSTEMPATH\CodeIgniter.php(898): App\Controllers\Posyandu->editposyandu('1')
 7 SYSTEMPATH\CodeIgniter.php(457): CodeIgniter\CodeIgniter->runController(Object(App\Controllers\Posyandu))
 8 SYSTEMPATH\CodeIgniter.php(340): CodeIgniter\CodeIgniter->handleRequest(null, Object(Config\Cache), false)
 9 FCPATH\index.php(67): CodeIgniter\CodeIgniter->run()
10 SYSTEMPATH\Commands\Server\rewrite.php(43): require_once('FCPATH\\index.php')
CRITICAL - 2023-02-08 06:05:46 --> Attempt to read property "kategori" on string
in APPPATH\Views\admin\editposyandu.php on line 55.
 1 APPPATH\Views\admin\editposyandu.php(55): CodeIgniter\Debug\Exceptions->errorHandler(2, 'Attempt to read property "kategori" on string', 'APPPATH\\Views\\admin\\editposyandu.php', 55)
 2 SYSTEMPATH\View\View.php(213): include('APPPATH\\Views\\admin\\editposyandu.php')
 3 SYSTEMPATH\View\View.php(216): CodeIgniter\View\View->CodeIgniter\View\{closure}()
 4 SYSTEMPATH\Common.php(1137): CodeIgniter\View\View->render('admin/editposyandu', [], true)
 5 APPPATH\Controllers\Posyandu.php(140): view('admin/editposyandu', [...])
 6 SYSTEMPATH\CodeIgniter.php(898): App\Controllers\Posyandu->editposyandu('1')
 7 SYSTEMPATH\CodeIgniter.php(457): CodeIgniter\CodeIgniter->runController(Object(App\Controllers\Posyandu))
 8 SYSTEMPATH\CodeIgniter.php(340): CodeIgniter\CodeIgniter->handleRequest(null, Object(Config\Cache), false)
 9 FCPATH\index.php(67): CodeIgniter\CodeIgniter->run()
10 SYSTEMPATH\Commands\Server\rewrite.php(43): require_once('FCPATH\\index.php')
CRITICAL - 2023-02-08 06:25:25 --> Undefined array key "idposyandu"
in APPPATH\Views\admin\editposyandu.php on line 41.
 1 APPPATH\Views\admin\editposyandu.php(41): CodeIgniter\Debug\Exceptions->errorHandler(2, 'Undefined array key "idposyandu"', 'APPPATH\\Views\\admin\\editposyandu.php', 41)
 2 SYSTEMPATH\View\View.php(213): include('APPPATH\\Views\\admin\\editposyandu.php')
 3 SYSTEMPATH\View\View.php(216): CodeIgniter\View\View->CodeIgniter\View\{closure}()
 4 SYSTEMPATH\Common.php(1137): CodeIgniter\View\View->render('admin/editposyandu', [], true)
 5 APPPATH\Controllers\Posyandu.php(141): view('admin/editposyandu', [...])
 6 SYSTEMPATH\CodeIgniter.php(898): App\Controllers\Posyandu->editposyandu('1')
 7 SYSTEMPATH\CodeIgniter.php(457): CodeIgniter\CodeIgniter->runController(Object(App\Controllers\Posyandu))
 8 SYSTEMPATH\CodeIgniter.php(340): CodeIgniter\CodeIgniter->handleRequest(null, Object(Config\Cache), false)
 9 FCPATH\index.php(67): CodeIgniter\CodeIgniter->run()
10 SYSTEMPATH\Commands\Server\rewrite.php(43): require_once('FCPATH\\index.php')
CRITICAL - 2023-02-08 06:26:01 --> Undefined array key "idposyandu"
in APPPATH\Views\admin\editposyandu.php on line 41.
 1 APPPATH\Views\admin\editposyandu.php(41): CodeIgniter\Debug\Exceptions->errorHandler(2, 'Undefined array key "idposyandu"', 'APPPATH\\Views\\admin\\editposyandu.php', 41)
 2 SYSTEMPATH\View\View.php(213): include('APPPATH\\Views\\admin\\editposyandu.php')
 3 SYSTEMPATH\View\View.php(216): CodeIgniter\View\View->CodeIgniter\View\{closure}()
 4 SYSTEMPATH\Common.php(1137): CodeIgniter\View\View->render('admin/editposyandu', [], true)
 5 APPPATH\Controllers\Posyandu.php(141): view('admin/editposyandu', [...])
 6 SYSTEMPATH\CodeIgniter.php(898): App\Controllers\Posyandu->editposyandu('1')
 7 SYSTEMPATH\CodeIgniter.php(457): CodeIgniter\CodeIgniter->runController(Object(App\Controllers\Posyandu))
 8 SYSTEMPATH\CodeIgniter.php(340): CodeIgniter\CodeIgniter->handleRequest(null, Object(Config\Cache), false)
 9 FCPATH\index.php(67): CodeIgniter\CodeIgniter->run()
10 SYSTEMPATH\Commands\Server\rewrite.php(43): require_once('FCPATH\\index.php')
CRITICAL - 2023-02-08 06:26:39 --> Undefined array key "idposyandu"
in APPPATH\Views\admin\editposyandu.php on line 41.
 1 APPPATH\Views\admin\editposyandu.php(41): CodeIgniter\Debug\Exceptions->errorHandler(2, 'Undefined array key "idposyandu"', 'APPPATH\\Views\\admin\\editposyandu.php', 41)
 2 SYSTEMPATH\View\View.php(213): include('APPPATH\\Views\\admin\\editposyandu.php')
 3 SYSTEMPATH\View\View.php(216): CodeIgniter\View\View->CodeIgniter\View\{closure}()
 4 SYSTEMPATH\Common.php(1137): CodeIgniter\View\View->render('admin/editposyandu', [], true)
 5 APPPATH\Controllers\Posyandu.php(141): view('admin/editposyandu', [...])
 6 SYSTEMPATH\CodeIgniter.php(898): App\Controllers\Posyandu->editposyandu('1')
 7 SYSTEMPATH\CodeIgniter.php(457): CodeIgniter\CodeIgniter->runController(Object(App\Controllers\Posyandu))
 8 SYSTEMPATH\CodeIgniter.php(340): CodeIgniter\CodeIgniter->handleRequest(null, Object(Config\Cache), false)
 9 FCPATH\index.php(67): CodeIgniter\CodeIgniter->run()
10 SYSTEMPATH\Commands\Server\rewrite.php(43): require_once('FCPATH\\index.php')
CRITICAL - 2023-02-08 06:28:04 --> Cannot use object of type stdClass as array
in APPPATH\Views\admin\editposyandu.php on line 59.
 1 SYSTEMPATH\View\View.php(213): include()
 2 SYSTEMPATH\View\View.php(216): CodeIgniter\View\View->CodeIgniter\View\{closure}()
 3 SYSTEMPATH\Common.php(1137): CodeIgniter\View\View->render('admin/editposyandu', [], true)
 4 APPPATH\Controllers\Posyandu.php(141): view('admin/editposyandu', [...])
 5 SYSTEMPATH\CodeIgniter.php(898): App\Controllers\Posyandu->editposyandu('1')
 6 SYSTEMPATH\CodeIgniter.php(457): CodeIgniter\CodeIgniter->runController(Object(App\Controllers\Posyandu))
 7 SYSTEMPATH\CodeIgniter.php(340): CodeIgniter\CodeIgniter->handleRequest(null, Object(Config\Cache), false)
 8 FCPATH\index.php(67): CodeIgniter\CodeIgniter->run()
 9 SYSTEMPATH\Commands\Server\rewrite.php(43): require_once('FCPATH\\index.php')
CRITICAL - 2023-02-08 06:29:09 --> Cannot use object of type stdClass as array
in APPPATH\Views\admin\editposyandu.php on line 59.
 1 SYSTEMPATH\View\View.php(213): include()
 2 SYSTEMPATH\View\View.php(216): CodeIgniter\View\View->CodeIgniter\View\{closure}()
 3 SYSTEMPATH\Common.php(1137): CodeIgniter\View\View->render('admin/editposyandu', [], true)
 4 APPPATH\Controllers\Posyandu.php(141): view('admin/editposyandu', [...])
 5 SYSTEMPATH\CodeIgniter.php(898): App\Controllers\Posyandu->editposyandu('1')
 6 SYSTEMPATH\CodeIgniter.php(457): CodeIgniter\CodeIgniter->runController(Object(App\Controllers\Posyandu))
 7 SYSTEMPATH\CodeIgniter.php(340): CodeIgniter\CodeIgniter->handleRequest(null, Object(Config\Cache), false)
 8 FCPATH\index.php(67): CodeIgniter\CodeIgniter->run()
 9 SYSTEMPATH\Commands\Server\rewrite.php(43): require_once('FCPATH\\index.php')
CRITICAL - 2023-02-08 08:45:13 --> Attempt to read property "posyandu" on array
in APPPATH\Views\admin\detailposyandu.php on line 34.
 1 APPPATH\Views\admin\detailposyandu.php(34): CodeIgniter\Debug\Exceptions->errorHandler(2, 'Attempt to read property "posyandu" on array', 'APPPATH\\Views\\admin\\detailposyandu.php', 34)
 2 SYSTEMPATH\View\View.php(213): include('APPPATH\\Views\\admin\\detailposyandu.php')
 3 SYSTEMPATH\View\View.php(216): CodeIgniter\View\View->CodeIgniter\View\{closure}()
 4 SYSTEMPATH\Common.php(1137): CodeIgniter\View\View->render('admin/detailposyandu', [], true)
 5 APPPATH\Controllers\Posyandu.php(129): view('admin/detailposyandu', [...])
 6 SYSTEMPATH\CodeIgniter.php(898): App\Controllers\Posyandu->detailposyandu('1')
 7 SYSTEMPATH\CodeIgniter.php(457): CodeIgniter\CodeIgniter->runController(Object(App\Controllers\Posyandu))
 8 SYSTEMPATH\CodeIgniter.php(340): CodeIgniter\CodeIgniter->handleRequest(null, Object(Config\Cache), false)
 9 FCPATH\index.php(67): CodeIgniter\CodeIgniter->run()
10 SYSTEMPATH\Commands\Server\rewrite.php(43): require_once('FCPATH\\index.php')
CRITICAL - 2023-02-08 08:48:44 --> Attempt to read property "posyandu" on array
in APPPATH\Views\admin\detailposyandu.php on line 34.
 1 APPPATH\Views\admin\detailposyandu.php(34): CodeIgniter\Debug\Exceptions->errorHandler(2, 'Attempt to read property "posyandu" on array', 'APPPATH\\Views\\admin\\detailposyandu.php', 34)
 2 SYSTEMPATH\View\View.php(213): include('APPPATH\\Views\\admin\\detailposyandu.php')
 3 SYSTEMPATH\View\View.php(216): CodeIgniter\View\View->CodeIgniter\View\{closure}()
 4 SYSTEMPATH\Common.php(1137): CodeIgniter\View\View->render('admin/detailposyandu', [], true)
 5 APPPATH\Controllers\Posyandu.php(129): view('admin/detailposyandu', [...])
 6 SYSTEMPATH\CodeIgniter.php(898): App\Controllers\Posyandu->detailposyandu('1')
 7 SYSTEMPATH\CodeIgniter.php(457): CodeIgniter\CodeIgniter->runController(Object(App\Controllers\Posyandu))
 8 SYSTEMPATH\CodeIgniter.php(340): CodeIgniter\CodeIgniter->handleRequest(null, Object(Config\Cache), false)
 9 FCPATH\index.php(67): CodeIgniter\CodeIgniter->run()
10 SYSTEMPATH\Commands\Server\rewrite.php(43): require_once('FCPATH\\index.php')
CRITICAL - 2023-02-08 09:53:12 --> You do not have sufficient permissions to access that page.
in VENDORPATH\myth\auth\src\Filters\RoleFilter.php on line 45.
 1 SYSTEMPATH\Filters\Filters.php(173): Myth\Auth\Filters\RoleFilter->before(Object(CodeIgniter\HTTP\IncomingRequest), [...])
 2 SYSTEMPATH\CodeIgniter.php(431): CodeIgniter\Filters\Filters->run('detailkeluarga/350610210411001', 'before')
 3 SYSTEMPATH\CodeIgniter.php(340): CodeIgniter\CodeIgniter->handleRequest(null, Object(Config\Cache), false)
 4 FCPATH\index.php(67): CodeIgniter\CodeIgniter->run()
 5 SYSTEMPATH\Commands\Server\rewrite.php(43): require_once('FCPATH\\index.php')
CRITICAL - 2023-02-08 10:08:43 --> You do not have sufficient permissions to access that page.
in VENDORPATH\myth\auth\src\Filters\RoleFilter.php on line 45.
 1 SYSTEMPATH\Filters\Filters.php(173): Myth\Auth\Filters\RoleFilter->before(Object(CodeIgniter\HTTP\IncomingRequest), [...])
 2 SYSTEMPATH\CodeIgniter.php(431): CodeIgniter\Filters\Filters->run('datakeluarga', 'before')
 3 SYSTEMPATH\CodeIgniter.php(340): CodeIgniter\CodeIgniter->handleRequest(null, Object(Config\Cache), false)
 4 FCPATH\index.php(67): CodeIgniter\CodeIgniter->run()
 5 SYSTEMPATH\Commands\Server\rewrite.php(43): require_once('FCPATH\\index.php')
CRITICAL - 2023-02-08 10:09:05 --> You do not have sufficient permissions to access that page.
in VENDORPATH\myth\auth\src\Filters\RoleFilter.php on line 45.
 1 SYSTEMPATH\Filters\Filters.php(173): Myth\Auth\Filters\RoleFilter->before(Object(CodeIgniter\HTTP\IncomingRequest), [...])
 2 SYSTEMPATH\CodeIgniter.php(431): CodeIgniter\Filters\Filters->run('datakeluarga', 'before')
 3 SYSTEMPATH\CodeIgniter.php(340): CodeIgniter\CodeIgniter->handleRequest(null, Object(Config\Cache), false)
 4 FCPATH\index.php(67): CodeIgniter\CodeIgniter->run()
 5 SYSTEMPATH\Commands\Server\rewrite.php(43): require_once('FCPATH\\index.php')
CRITICAL - 2023-02-08 10:09:06 --> You do not have sufficient permissions to access that page.
in VENDORPATH\myth\auth\src\Filters\RoleFilter.php on line 45.
 1 SYSTEMPATH\Filters\Filters.php(173): Myth\Auth\Filters\RoleFilter->before(Object(CodeIgniter\HTTP\IncomingRequest), [...])
 2 SYSTEMPATH\CodeIgniter.php(431): CodeIgniter\Filters\Filters->run('datakeluarga', 'before')
 3 SYSTEMPATH\CodeIgniter.php(340): CodeIgniter\CodeIgniter->handleRequest(null, Object(Config\Cache), false)
 4 FCPATH\index.php(67): CodeIgniter\CodeIgniter->run()
 5 SYSTEMPATH\Commands\Server\rewrite.php(43): require_once('FCPATH\\index.php')
CRITICAL - 2023-02-08 10:09:07 --> You do not have sufficient permissions to access that page.
in VENDORPATH\myth\auth\src\Filters\RoleFilter.php on line 45.
 1 SYSTEMPATH\Filters\Filters.php(173): Myth\Auth\Filters\RoleFilter->before(Object(CodeIgniter\HTTP\IncomingRequest), [...])
 2 SYSTEMPATH\CodeIgniter.php(431): CodeIgniter\Filters\Filters->run('datakeluarga', 'before')
 3 SYSTEMPATH\CodeIgniter.php(340): CodeIgniter\CodeIgniter->handleRequest(null, Object(Config\Cache), false)
 4 FCPATH\index.php(67): CodeIgniter\CodeIgniter->run()
 5 SYSTEMPATH\Commands\Server\rewrite.php(43): require_once('FCPATH\\index.php')
ERROR - 2023-02-08 11:21:20 --> mysqli_sql_exception: Unknown column 'ibunohp' in 'field list' in C:\xampp\htdocs\ci4\system\Database\MySQLi\Connection.php:292
Stack trace:
#0 C:\xampp\htdocs\ci4\system\Database\MySQLi\Connection.php(292): mysqli->query('SELECT `nik`, `...', 0)
#1 C:\xampp\htdocs\ci4\system\Database\BaseConnection.php(693): CodeIgniter\Database\MySQLi\Connection->execute('SELECT `nik`, `...')
#2 C:\xampp\htdocs\ci4\system\Database\BaseConnection.php(620): CodeIgniter\Database\BaseConnection->simpleQuery('SELECT `nik`, `...')
#3 C:\xampp\htdocs\ci4\system\Database\BaseBuilder.php(1585): CodeIgniter\Database\BaseConnection->query('SELECT `nik`, `...', Array, false)
#4 C:\xampp\htdocs\ci4\app\Models\BumilModel.php(29): CodeIgniter\Database\BaseBuilder->get()
#5 C:\xampp\htdocs\ci4\app\Controllers\Bumil.php(31): App\Models\BumilModel->getAllData()
#6 C:\xampp\htdocs\ci4\system\CodeIgniter.php(898): App\Controllers\Bumil->index()
#7 C:\xampp\htdocs\ci4\system\CodeIgniter.php(457): CodeIgniter\CodeIgniter->runController(Object(App\Controllers\Bumil))
#8 C:\xampp\htdocs\ci4\system\CodeIgniter.php(340): CodeIgniter\CodeIgniter->handleRequest(NULL, Object(Config\Cache), false)
#9 C:\xampp\htdocs\ci4\public\index.php(67): CodeIgniter\CodeIgniter->run()
#10 C:\xampp\htdocs\ci4\system\Commands\Server\rewrite.php(43): require_once('C:\\xampp\\htdocs...')
#11 {main}
CRITICAL - 2023-02-08 11:21:20 --> Unknown column 'ibunohp' in 'field list'
in SYSTEMPATH\Database\MySQLi\Connection.php on line 292.
 1 SYSTEMPATH\Database\MySQLi\Connection.php(292): mysqli->query('SELECT `nik`, `bumilnama`, `bumilgoldar`, `suamigoldar`, `anakke`, `bumilalamat`, `ibunohp`, `ayahnama`, `ayahnohp`
FROM `bumil`
JOIN `keluarga` ON `bumil`.`nokk`=`keluarga`.`nokk`', 0)
 2 SYSTEMPATH\Database\BaseConnection.php(693): CodeIgniter\Database\MySQLi\Connection->execute('SELECT `nik`, `bumilnama`, `bumilgoldar`, `suamigoldar`, `anakke`, `bumilalamat`, `ibunohp`, `ayahnama`, `ayahnohp`
FROM `bumil`
JOIN `keluarga` ON `bumil`.`nokk`=`keluarga`.`nokk`')
 3 SYSTEMPATH\Database\BaseConnection.php(620): CodeIgniter\Database\BaseConnection->simpleQuery('SELECT `nik`, `bumilnama`, `bumilgoldar`, `suamigoldar`, `anakke`, `bumilalamat`, `ibunohp`, `ayahnama`, `ayahnohp`
FROM `bumil`
JOIN `keluarga` ON `bumil`.`nokk`=`keluarga`.`nokk`')
 4 SYSTEMPATH\Database\BaseBuilder.php(1585): CodeIgniter\Database\BaseConnection->query('SELECT `nik`, `bumilnama`, `bumilgoldar`, `suamigoldar`, `anakke`, `bumilalamat`, `ibunohp`, `ayahnama`, `ayahnohp`
FROM `bumil`
JOIN `keluarga` ON `bumil`.`nokk`=`keluarga`.`nokk`', [], false)
 5 APPPATH\Models\BumilModel.php(29): CodeIgniter\Database\BaseBuilder->get()
 6 APPPATH\Controllers\Bumil.php(31): App\Models\BumilModel->getAllData()
 7 SYSTEMPATH\CodeIgniter.php(898): App\Controllers\Bumil->index()
 8 SYSTEMPATH\CodeIgniter.php(457): CodeIgniter\CodeIgniter->runController(Object(App\Controllers\Bumil))
 9 SYSTEMPATH\CodeIgniter.php(340): CodeIgniter\CodeIgniter->handleRequest(null, Object(Config\Cache), false)
10 FCPATH\index.php(67): CodeIgniter\CodeIgniter->run()
11 SYSTEMPATH\Commands\Server\rewrite.php(43): require_once('FCPATH\\index.php')
ERROR - 2023-02-08 11:22:25 --> mysqli_sql_exception: Unknown column 'ibunohp' in 'field list' in C:\xampp\htdocs\ci4\system\Database\MySQLi\Connection.php:292
Stack trace:
#0 C:\xampp\htdocs\ci4\system\Database\MySQLi\Connection.php(292): mysqli->query('SELECT `nik`, `...', 0)
#1 C:\xampp\htdocs\ci4\system\Database\BaseConnection.php(693): CodeIgniter\Database\MySQLi\Connection->execute('SELECT `nik`, `...')
#2 C:\xampp\htdocs\ci4\system\Database\BaseConnection.php(620): CodeIgniter\Database\BaseConnection->simpleQuery('SELECT `nik`, `...')
#3 C:\xampp\htdocs\ci4\system\Database\BaseBuilder.php(1585): CodeIgniter\Database\BaseConnection->query('SELECT `nik`, `...', Array, false)
#4 C:\xampp\htdocs\ci4\app\Models\BumilModel.php(29): CodeIgniter\Database\BaseBuilder->get()
#5 C:\xampp\htdocs\ci4\app\Controllers\Bumil.php(31): App\Models\BumilModel->getAllData()
#6 C:\xampp\htdocs\ci4\system\CodeIgniter.php(898): App\Controllers\Bumil->index()
#7 C:\xampp\htdocs\ci4\system\CodeIgniter.php(457): CodeIgniter\CodeIgniter->runController(Object(App\Controllers\Bumil))
#8 C:\xampp\htdocs\ci4\system\CodeIgniter.php(340): CodeIgniter\CodeIgniter->handleRequest(NULL, Object(Config\Cache), false)
#9 C:\xampp\htdocs\ci4\public\index.php(67): CodeIgniter\CodeIgniter->run()
#10 C:\xampp\htdocs\ci4\system\Commands\Server\rewrite.php(43): require_once('C:\\xampp\\htdocs...')
#11 {main}
CRITICAL - 2023-02-08 11:22:25 --> Unknown column 'ibunohp' in 'field list'
in SYSTEMPATH\Database\MySQLi\Connection.php on line 292.
 1 SYSTEMPATH\Database\MySQLi\Connection.php(292): mysqli->query('SELECT `nik`, `bumilnama`, `bumilgoldar`, `suamigoldar`, `anakke`, `bumilalamat`, `ibunohp`, `ayahnama`, `ayahnohp`
FROM `bumil`
JOIN `keluarga` ON `bumil`.`nokk`=`keluarga`.`nokk`', 0)
 2 SYSTEMPATH\Database\BaseConnection.php(693): CodeIgniter\Database\MySQLi\Connection->execute('SELECT `nik`, `bumilnama`, `bumilgoldar`, `suamigoldar`, `anakke`, `bumilalamat`, `ibunohp`, `ayahnama`, `ayahnohp`
FROM `bumil`
JOIN `keluarga` ON `bumil`.`nokk`=`keluarga`.`nokk`')
 3 SYSTEMPATH\Database\BaseConnection.php(620): CodeIgniter\Database\BaseConnection->simpleQuery('SELECT `nik`, `bumilnama`, `bumilgoldar`, `suamigoldar`, `anakke`, `bumilalamat`, `ibunohp`, `ayahnama`, `ayahnohp`
FROM `bumil`
JOIN `keluarga` ON `bumil`.`nokk`=`keluarga`.`nokk`')
 4 SYSTEMPATH\Database\BaseBuilder.php(1585): CodeIgniter\Database\BaseConnection->query('SELECT `nik`, `bumilnama`, `bumilgoldar`, `suamigoldar`, `anakke`, `bumilalamat`, `ibunohp`, `ayahnama`, `ayahnohp`
FROM `bumil`
JOIN `keluarga` ON `bumil`.`nokk`=`keluarga`.`nokk`', [], false)
 5 APPPATH\Models\BumilModel.php(29): CodeIgniter\Database\BaseBuilder->get()
 6 APPPATH\Controllers\Bumil.php(31): App\Models\BumilModel->getAllData()
 7 SYSTEMPATH\CodeIgniter.php(898): App\Controllers\Bumil->index()
 8 SYSTEMPATH\CodeIgniter.php(457): CodeIgniter\CodeIgniter->runController(Object(App\Controllers\Bumil))
 9 SYSTEMPATH\CodeIgniter.php(340): CodeIgniter\CodeIgniter->handleRequest(null, Object(Config\Cache), false)
10 FCPATH\index.php(67): CodeIgniter\CodeIgniter->run()
11 SYSTEMPATH\Commands\Server\rewrite.php(43): require_once('FCPATH\\index.php')
CRITICAL - 2023-02-08 11:33:26 --> Attempt to read property "fullname" on null
in APPPATH\Views\template\index.php on line 44.
 1 APPPATH\Views\template\index.php(44): CodeIgniter\Debug\Exceptions->errorHandler(2, 'Attempt to read property "fullname" on null', 'APPPATH\\Views\\template\\index.php', 44)
 2 SYSTEMPATH\View\View.php(213): include('APPPATH\\Views\\template\\index.php')
 3 SYSTEMPATH\View\View.php(216): CodeIgniter\View\View->CodeIgniter\View\{closure}()
 4 SYSTEMPATH\View\View.php(229): CodeIgniter\View\View->render('template/index', [], true)
 5 SYSTEMPATH\Common.php(1137): CodeIgniter\View\View->render('admin/index', [], true)
 6 APPPATH\Controllers\Admin.php(19): view('admin/index')
 7 SYSTEMPATH\CodeIgniter.php(898): App\Controllers\Admin->index()
 8 SYSTEMPATH\CodeIgniter.php(457): CodeIgniter\CodeIgniter->runController(Object(App\Controllers\Admin))
 9 SYSTEMPATH\CodeIgniter.php(340): CodeIgniter\CodeIgniter->handleRequest(null, Object(Config\Cache), false)
10 FCPATH\index.php(67): CodeIgniter\CodeIgniter->run()
11 SYSTEMPATH\Commands\Server\rewrite.php(43): require_once('FCPATH\\index.php')
CRITICAL - 2023-02-08 11:37:15 --> You do not have sufficient permissions to access that page.
in VENDORPATH\myth\auth\src\Filters\RoleFilter.php on line 45.
 1 SYSTEMPATH\Filters\Filters.php(173): Myth\Auth\Filters\RoleFilter->before(Object(CodeIgniter\HTTP\IncomingRequest), [...])
 2 SYSTEMPATH\CodeIgniter.php(431): CodeIgniter\Filters\Filters->run('keluargadata', 'before')
 3 SYSTEMPATH\CodeIgniter.php(340): CodeIgniter\CodeIgniter->handleRequest(null, Object(Config\Cache), false)
 4 FCPATH\index.php(67): CodeIgniter\CodeIgniter->run()
 5 SYSTEMPATH\Commands\Server\rewrite.php(43): require_once('FCPATH\\index.php')
CRITICAL - 2023-02-08 11:46:02 --> Invalid file: admin/editkeluarga.php
in SYSTEMPATH\Exceptions\FrameworkException.php on line 33.
 1 SYSTEMPATH\View\View.php(201): CodeIgniter\Exceptions\FrameworkException::forInvalidFile('admin/editkeluarga.php')
 2 SYSTEMPATH\Common.php(1137): CodeIgniter\View\View->render('admin/editkeluarga', [], true)
 3 APPPATH\Controllers\Keluarga.php(205): view('admin/editkeluarga', [...])
 4 SYSTEMPATH\CodeIgniter.php(898): App\Controllers\Keluarga->editkeluarga('350610210411001')
 5 SYSTEMPATH\CodeIgniter.php(457): CodeIgniter\CodeIgniter->runController(Object(App\Controllers\Keluarga))
 6 SYSTEMPATH\CodeIgniter.php(340): CodeIgniter\CodeIgniter->handleRequest(null, Object(Config\Cache), false)
 7 FCPATH\index.php(67): CodeIgniter\CodeIgniter->run()
 8 SYSTEMPATH\Commands\Server\rewrite.php(43): require_once('FCPATH\\index.php')
CRITICAL - 2023-02-08 11:48:19 --> Undefined variable $nokk
in APPPATH\Views\kader\editkeluarga.php on line 44.
 1 APPPATH\Views\kader\editkeluarga.php(44): CodeIgniter\Debug\Exceptions->errorHandler(2, 'Undefined variable $nokk', 'APPPATH\\Views\\kader\\editkeluarga.php', 44)
 2 SYSTEMPATH\View\View.php(213): include('APPPATH\\Views\\kader\\editkeluarga.php')
 3 SYSTEMPATH\View\View.php(216): CodeIgniter\View\View->CodeIgniter\View\{closure}()
 4 SYSTEMPATH\Common.php(1137): CodeIgniter\View\View->render('kader/editkeluarga', [], true)
 5 APPPATH\Controllers\Keluarga.php(205): view('kader/editkeluarga', [...])
 6 SYSTEMPATH\CodeIgniter.php(898): App\Controllers\Keluarga->editkeluarga('350610210411001')
 7 SYSTEMPATH\CodeIgniter.php(457): CodeIgniter\CodeIgniter->runController(Object(App\Controllers\Keluarga))
 8 SYSTEMPATH\CodeIgniter.php(340): CodeIgniter\CodeIgniter->handleRequest(null, Object(Config\Cache), false)
 9 FCPATH\index.php(67): CodeIgniter\CodeIgniter->run()
10 SYSTEMPATH\Commands\Server\rewrite.php(43): require_once('FCPATH\\index.php')
CRITICAL - 2023-02-08 11:50:03 --> Undefined variable $nokk
in APPPATH\Views\kader\editkeluarga.php on line 44.
 1 APPPATH\Views\kader\editkeluarga.php(44): CodeIgniter\Debug\Exceptions->errorHandler(2, 'Undefined variable $nokk', 'APPPATH\\Views\\kader\\editkeluarga.php', 44)
 2 SYSTEMPATH\View\View.php(213): include('APPPATH\\Views\\kader\\editkeluarga.php')
 3 SYSTEMPATH\View\View.php(216): CodeIgniter\View\View->CodeIgniter\View\{closure}()
 4 SYSTEMPATH\Common.php(1137): CodeIgniter\View\View->render('kader/editkeluarga', [], true)
 5 APPPATH\Controllers\Keluarga.php(205): view('kader/editkeluarga', [...])
 6 SYSTEMPATH\CodeIgniter.php(898): App\Controllers\Keluarga->editkeluarga('350610210411001')
 7 SYSTEMPATH\CodeIgniter.php(457): CodeIgniter\CodeIgniter->runController(Object(App\Controllers\Keluarga))
 8 SYSTEMPATH\CodeIgniter.php(340): CodeIgniter\CodeIgniter->handleRequest(null, Object(Config\Cache), false)
 9 FCPATH\index.php(67): CodeIgniter\CodeIgniter->run()
10 SYSTEMPATH\Commands\Server\rewrite.php(43): require_once('FCPATH\\index.php')
CRITICAL - 2023-02-08 11:51:11 --> Undefined variable $nokk
in APPPATH\Views\kader\editkeluarga.php on line 48.
 1 APPPATH\Views\kader\editkeluarga.php(48): CodeIgniter\Debug\Exceptions->errorHandler(2, 'Undefined variable $nokk', 'APPPATH\\Views\\kader\\editkeluarga.php', 48)
 2 SYSTEMPATH\View\View.php(213): include('APPPATH\\Views\\kader\\editkeluarga.php')
 3 SYSTEMPATH\View\View.php(216): CodeIgniter\View\View->CodeIgniter\View\{closure}()
 4 SYSTEMPATH\Common.php(1137): CodeIgniter\View\View->render('kader/editkeluarga', [], true)
 5 APPPATH\Controllers\Keluarga.php(205): view('kader/editkeluarga', [...])
 6 SYSTEMPATH\CodeIgniter.php(898): App\Controllers\Keluarga->editkeluarga('350610210411001')
 7 SYSTEMPATH\CodeIgniter.php(457): CodeIgniter\CodeIgniter->runController(Object(App\Controllers\Keluarga))
 8 SYSTEMPATH\CodeIgniter.php(340): CodeIgniter\CodeIgniter->handleRequest(null, Object(Config\Cache), false)
 9 FCPATH\index.php(67): CodeIgniter\CodeIgniter->run()
10 SYSTEMPATH\Commands\Server\rewrite.php(43): require_once('FCPATH\\index.php')
CRITICAL - 2023-02-08 21:29:02 --> You do not have sufficient permissions to access that page.
in VENDORPATH\myth\auth\src\Filters\RoleFilter.php on line 45.
 1 SYSTEMPATH\Filters\Filters.php(173): Myth\Auth\Filters\RoleFilter->before(Object(CodeIgniter\HTTP\IncomingRequest), [...])
 2 SYSTEMPATH\CodeIgniter.php(431): CodeIgniter\Filters\Filters->run('datakeluarga', 'before')
 3 SYSTEMPATH\CodeIgniter.php(340): CodeIgniter\CodeIgniter->handleRequest(null, Object(Config\Cache), false)
 4 FCPATH\index.php(67): CodeIgniter\CodeIgniter->run()
 5 SYSTEMPATH\Commands\Server\rewrite.php(43): require_once('FCPATH\\index.php')
CRITICAL - 2023-02-08 21:29:12 --> You do not have sufficient permissions to access that page.
in VENDORPATH\myth\auth\src\Filters\RoleFilter.php on line 45.
 1 SYSTEMPATH\Filters\Filters.php(173): Myth\Auth\Filters\RoleFilter->before(Object(CodeIgniter\HTTP\IncomingRequest), [...])
 2 SYSTEMPATH\CodeIgniter.php(431): CodeIgniter\Filters\Filters->run('datakeluarga', 'before')
 3 SYSTEMPATH\CodeIgniter.php(340): CodeIgniter\CodeIgniter->handleRequest(null, Object(Config\Cache), false)
 4 FCPATH\index.php(67): CodeIgniter\CodeIgniter->run()
 5 SYSTEMPATH\Commands\Server\rewrite.php(43): require_once('FCPATH\\index.php')
CRITICAL - 2023-02-08 22:15:27 --> The namespace delimiter is a backslash (\), not a slash (/). Route handler: \App\Controllers\Admin:detailuser/$1
in SYSTEMPATH\Router\Router.php on line 466.
 1 SYSTEMPATH\Router\Router.php(466): CodeIgniter\Router\Exceptions\RouterException::forInvalidControllerName('\\App\\Controllers\\Admin:detailuser/$1')
 2 SYSTEMPATH\Router\Router.php(181): CodeIgniter\Router\Router->checkRoutes('detailuser/1')
 3 SYSTEMPATH\CodeIgniter.php(773): CodeIgniter\Router\Router->handle('detailuser/1')
 4 SYSTEMPATH\CodeIgniter.php(406): CodeIgniter\CodeIgniter->tryToRouteIt(Object(CodeIgniter\Router\RouteCollection))
 5 SYSTEMPATH\CodeIgniter.php(340): CodeIgniter\CodeIgniter->handleRequest(null, Object(Config\Cache), false)
 6 FCPATH\index.php(67): CodeIgniter\CodeIgniter->run()
 7 SYSTEMPATH\Commands\Server\rewrite.php(43): require_once('FCPATH\\index.php')
CRITICAL - 2023-02-08 22:20:20 --> The namespace delimiter is a backslash (\), not a slash (/). Route handler: \App\Controllers\Admin:detailuser/$1
in SYSTEMPATH\Router\Router.php on line 466.
 1 SYSTEMPATH\Router\Router.php(466): CodeIgniter\Router\Exceptions\RouterException::forInvalidControllerName('\\App\\Controllers\\Admin:detailuser/$1')
 2 SYSTEMPATH\Router\Router.php(181): CodeIgniter\Router\Router->checkRoutes('detailuser/1')
 3 SYSTEMPATH\CodeIgniter.php(773): CodeIgniter\Router\Router->handle('detailuser/1')
 4 SYSTEMPATH\CodeIgniter.php(406): CodeIgniter\CodeIgniter->tryToRouteIt(Object(CodeIgniter\Router\RouteCollection))
 5 SYSTEMPATH\CodeIgniter.php(340): CodeIgniter\CodeIgniter->handleRequest(null, Object(Config\Cache), false)
 6 FCPATH\index.php(67): CodeIgniter\CodeIgniter->run()
 7 SYSTEMPATH\Commands\Server\rewrite.php(43): require_once('FCPATH\\index.php')
CRITICAL - 2023-02-08 22:35:43 --> The namespace delimiter is a backslash (\), not a slash (/). Route handler: \App\Controllers\Admin:detailuser/$1
in SYSTEMPATH\Router\Router.php on line 466.
 1 SYSTEMPATH\Router\Router.php(466): CodeIgniter\Router\Exceptions\RouterException::forInvalidControllerName('\\App\\Controllers\\Admin:detailuser/$1')
 2 SYSTEMPATH\Router\Router.php(181): CodeIgniter\Router\Router->checkRoutes('detailuser/1')
 3 SYSTEMPATH\CodeIgniter.php(773): CodeIgniter\Router\Router->handle('detailuser/1')
 4 SYSTEMPATH\CodeIgniter.php(406): CodeIgniter\CodeIgniter->tryToRouteIt(Object(CodeIgniter\Router\RouteCollection))
 5 SYSTEMPATH\CodeIgniter.php(340): CodeIgniter\CodeIgniter->handleRequest(null, Object(Config\Cache), false)
 6 FCPATH\index.php(67): CodeIgniter\CodeIgniter->run()
 7 SYSTEMPATH\Commands\Server\rewrite.php(43): require_once('FCPATH\\index.php')
CRITICAL - 2023-02-08 22:44:45 --> The namespace delimiter is a backslash (\), not a slash (/). Route handler: \App\Controllers\Admin:detailuser/$1
in SYSTEMPATH\Router\Router.php on line 466.
 1 SYSTEMPATH\Router\Router.php(466): CodeIgniter\Router\Exceptions\RouterException::forInvalidControllerName('\\App\\Controllers\\Admin:detailuser/$1')
 2 SYSTEMPATH\Router\Router.php(181): CodeIgniter\Router\Router->checkRoutes('detailuser/1')
 3 SYSTEMPATH\CodeIgniter.php(773): CodeIgniter\Router\Router->handle('detailuser/1')
 4 SYSTEMPATH\CodeIgniter.php(406): CodeIgniter\CodeIgniter->tryToRouteIt(Object(CodeIgniter\Router\RouteCollection))
 5 SYSTEMPATH\CodeIgniter.php(340): CodeIgniter\CodeIgniter->handleRequest(null, Object(Config\Cache), false)
 6 FCPATH\index.php(67): CodeIgniter\CodeIgniter->run()
 7 SYSTEMPATH\Commands\Server\rewrite.php(43): require_once('FCPATH\\index.php')
CRITICAL - 2023-02-08 22:46:13 --> The namespace delimiter is a backslash (\), not a slash (/). Route handler: \App\Controllers\Admin:detailuser/$1
in SYSTEMPATH\Router\Router.php on line 466.
 1 SYSTEMPATH\Router\Router.php(466): CodeIgniter\Router\Exceptions\RouterException::forInvalidControllerName('\\App\\Controllers\\Admin:detailuser/$1')
 2 SYSTEMPATH\Router\Router.php(181): CodeIgniter\Router\Router->checkRoutes('detailuser/1')
 3 SYSTEMPATH\CodeIgniter.php(773): CodeIgniter\Router\Router->handle('detailuser/1')
 4 SYSTEMPATH\CodeIgniter.php(406): CodeIgniter\CodeIgniter->tryToRouteIt(Object(CodeIgniter\Router\RouteCollection))
 5 SYSTEMPATH\CodeIgniter.php(340): CodeIgniter\CodeIgniter->handleRequest(null, Object(Config\Cache), false)
 6 FCPATH\index.php(67): CodeIgniter\CodeIgniter->run()
 7 SYSTEMPATH\Commands\Server\rewrite.php(43): require_once('FCPATH\\index.php')
CRITICAL - 2023-02-08 22:47:15 --> Myth\Auth\Models\GroupModel::getGroupsForUser(): Argument #1 ($userId) must be of type int, null given, called in C:\xampp\htdocs\ci4\app\Controllers\Admin.php on line 115
in VENDORPATH\myth\auth\src\Models\GroupModel.php on line 95.
 1 APPPATH\Controllers\Admin.php(115): Myth\Auth\Models\GroupModel->getGroupsForUser(null)
 2 SYSTEMPATH\CodeIgniter.php(898): App\Controllers\Admin->detailuser('1')
 3 SYSTEMPATH\CodeIgniter.php(457): CodeIgniter\CodeIgniter->runController(Object(App\Controllers\Admin))
 4 SYSTEMPATH\CodeIgniter.php(340): CodeIgniter\CodeIgniter->handleRequest(null, Object(Config\Cache), false)
 5 FCPATH\index.php(67): CodeIgniter\CodeIgniter->run()
 6 SYSTEMPATH\Commands\Server\rewrite.php(43): require_once('FCPATH\\index.php')
CRITICAL - 2023-02-08 22:49:13 --> Myth\Auth\Models\GroupModel::getGroupsForUser(): Argument #1 ($userId) must be of type int, null given, called in C:\xampp\htdocs\ci4\app\Controllers\Admin.php on line 115
in VENDORPATH\myth\auth\src\Models\GroupModel.php on line 95.
 1 APPPATH\Controllers\Admin.php(115): Myth\Auth\Models\GroupModel->getGroupsForUser(null)
 2 SYSTEMPATH\CodeIgniter.php(898): App\Controllers\Admin->detailuser('1')
 3 SYSTEMPATH\CodeIgniter.php(457): CodeIgniter\CodeIgniter->runController(Object(App\Controllers\Admin))
 4 SYSTEMPATH\CodeIgniter.php(340): CodeIgniter\CodeIgniter->handleRequest(null, Object(Config\Cache), false)
 5 FCPATH\index.php(67): CodeIgniter\CodeIgniter->run()
 6 SYSTEMPATH\Commands\Server\rewrite.php(43): require_once('FCPATH\\index.php')
CRITICAL - 2023-02-08 22:51:44 --> Myth\Auth\Models\GroupModel::getGroupsForUser(): Argument #1 ($userId) must be of type int, null given, called in C:\xampp\htdocs\ci4\app\Controllers\Admin.php on line 115
in VENDORPATH\myth\auth\src\Models\GroupModel.php on line 95.
 1 APPPATH\Controllers\Admin.php(115): Myth\Auth\Models\GroupModel->getGroupsForUser(null)
 2 SYSTEMPATH\CodeIgniter.php(898): App\Controllers\Admin->detailuser('1')
 3 SYSTEMPATH\CodeIgniter.php(457): CodeIgniter\CodeIgniter->runController(Object(App\Controllers\Admin))
 4 SYSTEMPATH\CodeIgniter.php(340): CodeIgniter\CodeIgniter->handleRequest(null, Object(Config\Cache), false)
 5 FCPATH\index.php(67): CodeIgniter\CodeIgniter->run()
 6 SYSTEMPATH\Commands\Server\rewrite.php(43): require_once('FCPATH\\index.php')
CRITICAL - 2023-02-08 22:52:51 --> Undefined variable $userId
in APPPATH\Controllers\Admin.php on line 111.
 1 APPPATH\Controllers\Admin.php(111): CodeIgniter\Debug\Exceptions->errorHandler(2, 'Undefined variable $userId', 'APPPATH\\Controllers\\Admin.php', 111)
 2 SYSTEMPATH\CodeIgniter.php(898): App\Controllers\Admin->detailuser('1')
 3 SYSTEMPATH\CodeIgniter.php(457): CodeIgniter\CodeIgniter->runController(Object(App\Controllers\Admin))
 4 SYSTEMPATH\CodeIgniter.php(340): CodeIgniter\CodeIgniter->handleRequest(null, Object(Config\Cache), false)
 5 FCPATH\index.php(67): CodeIgniter\CodeIgniter->run()
 6 SYSTEMPATH\Commands\Server\rewrite.php(43): require_once('FCPATH\\index.php')
CRITICAL - 2023-02-08 22:53:07 --> Myth\Auth\Models\GroupModel::getGroupsForUser(): Argument #1 ($userId) must be of type int, null given, called in C:\xampp\htdocs\ci4\app\Controllers\Admin.php on line 115
in VENDORPATH\myth\auth\src\Models\GroupModel.php on line 95.
 1 APPPATH\Controllers\Admin.php(115): Myth\Auth\Models\GroupModel->getGroupsForUser(null)
 2 SYSTEMPATH\CodeIgniter.php(898): App\Controllers\Admin->detailuser('1')
 3 SYSTEMPATH\CodeIgniter.php(457): CodeIgniter\CodeIgniter->runController(Object(App\Controllers\Admin))
 4 SYSTEMPATH\CodeIgniter.php(340): CodeIgniter\CodeIgniter->handleRequest(null, Object(Config\Cache), false)
 5 FCPATH\index.php(67): CodeIgniter\CodeIgniter->run()
 6 SYSTEMPATH\Commands\Server\rewrite.php(43): require_once('FCPATH\\index.php')
CRITICAL - 2023-02-08 23:04:22 --> Array to string conversion
in APPPATH\Controllers\Admin.php on line 119.
 1 APPPATH\Controllers\Admin.php(119): CodeIgniter\Debug\Exceptions->errorHandler(2, 'Array to string conversion', 'APPPATH\\Controllers\\Admin.php', 119)
 2 SYSTEMPATH\CodeIgniter.php(898): App\Controllers\Admin->detailuser('1')
 3 SYSTEMPATH\CodeIgniter.php(457): CodeIgniter\CodeIgniter->runController(Object(App\Controllers\Admin))
 4 SYSTEMPATH\CodeIgniter.php(340): CodeIgniter\CodeIgniter->handleRequest(null, Object(Config\Cache), false)
 5 FCPATH\index.php(67): CodeIgniter\CodeIgniter->run()
 6 SYSTEMPATH\Commands\Server\rewrite.php(43): require_once('FCPATH\\index.php')
CRITICAL - 2023-02-08 23:05:42 --> Undefined variable $user
in APPPATH\Views\admin\detailuser.php on line 34.
 1 APPPATH\Views\admin\detailuser.php(34): CodeIgniter\Debug\Exceptions->errorHandler(2, 'Undefined variable $user', 'APPPATH\\Views\\admin\\detailuser.php', 34)
 2 SYSTEMPATH\View\View.php(213): include('APPPATH\\Views\\admin\\detailuser.php')
 3 SYSTEMPATH\View\View.php(216): CodeIgniter\View\View->CodeIgniter\View\{closure}()
 4 SYSTEMPATH\Common.php(1137): CodeIgniter\View\View->render('admin/detailuser', [], true)
 5 APPPATH\Controllers\Admin.php(126): view('admin/detailuser', [...])
 6 SYSTEMPATH\CodeIgniter.php(898): App\Controllers\Admin->detailuser('1')
 7 SYSTEMPATH\CodeIgniter.php(457): CodeIgniter\CodeIgniter->runController(Object(App\Controllers\Admin))
 8 SYSTEMPATH\CodeIgniter.php(340): CodeIgniter\CodeIgniter->handleRequest(null, Object(Config\Cache), false)
 9 FCPATH\index.php(67): CodeIgniter\CodeIgniter->run()
10 SYSTEMPATH\Commands\Server\rewrite.php(43): require_once('FCPATH\\index.php')
CRITICAL - 2023-02-08 23:06:12 --> Attempt to read property "usernama" on array
in APPPATH\Views\admin\detailuser.php on line 34.
 1 APPPATH\Views\admin\detailuser.php(34): CodeIgniter\Debug\Exceptions->errorHandler(2, 'Attempt to read property "usernama" on array', 'APPPATH\\Views\\admin\\detailuser.php', 34)
 2 SYSTEMPATH\View\View.php(213): include('APPPATH\\Views\\admin\\detailuser.php')
 3 SYSTEMPATH\View\View.php(216): CodeIgniter\View\View->CodeIgniter\View\{closure}()
 4 SYSTEMPATH\Common.php(1137): CodeIgniter\View\View->render('admin/detailuser', [], true)
 5 APPPATH\Controllers\Admin.php(126): view('admin/detailuser', [...])
 6 SYSTEMPATH\CodeIgniter.php(898): App\Controllers\Admin->detailuser('1')
 7 SYSTEMPATH\CodeIgniter.php(457): CodeIgniter\CodeIgniter->runController(Object(App\Controllers\Admin))
 8 SYSTEMPATH\CodeIgniter.php(340): CodeIgniter\CodeIgniter->handleRequest(null, Object(Config\Cache), false)
 9 FCPATH\index.php(67): CodeIgniter\CodeIgniter->run()
10 SYSTEMPATH\Commands\Server\rewrite.php(43): require_once('FCPATH\\index.php')
CRITICAL - 2023-02-08 23:06:48 --> Attempt to read property "username" on array
in APPPATH\Views\admin\detailuser.php on line 34.
 1 APPPATH\Views\admin\detailuser.php(34): CodeIgniter\Debug\Exceptions->errorHandler(2, 'Attempt to read property "username" on array', 'APPPATH\\Views\\admin\\detailuser.php', 34)
 2 SYSTEMPATH\View\View.php(213): include('APPPATH\\Views\\admin\\detailuser.php')
 3 SYSTEMPATH\View\View.php(216): CodeIgniter\View\View->CodeIgniter\View\{closure}()
 4 SYSTEMPATH\Common.php(1137): CodeIgniter\View\View->render('admin/detailuser', [], true)
 5 APPPATH\Controllers\Admin.php(126): view('admin/detailuser', [...])
 6 SYSTEMPATH\CodeIgniter.php(898): App\Controllers\Admin->detailuser('1')
 7 SYSTEMPATH\CodeIgniter.php(457): CodeIgniter\CodeIgniter->runController(Object(App\Controllers\Admin))
 8 SYSTEMPATH\CodeIgniter.php(340): CodeIgniter\CodeIgniter->handleRequest(null, Object(Config\Cache), false)
 9 FCPATH\index.php(67): CodeIgniter\CodeIgniter->run()
10 SYSTEMPATH\Commands\Server\rewrite.php(43): require_once('FCPATH\\index.php')
CRITICAL - 2023-02-08 23:07:21 --> Undefined array key "username"
in APPPATH\Views\admin\detailuser.php on line 34.
 1 APPPATH\Views\admin\detailuser.php(34): CodeIgniter\Debug\Exceptions->errorHandler(2, 'Undefined array key "username"', 'APPPATH\\Views\\admin\\detailuser.php', 34)
 2 SYSTEMPATH\View\View.php(213): include('APPPATH\\Views\\admin\\detailuser.php')
 3 SYSTEMPATH\View\View.php(216): CodeIgniter\View\View->CodeIgniter\View\{closure}()
 4 SYSTEMPATH\Common.php(1137): CodeIgniter\View\View->render('admin/detailuser', [], true)
 5 APPPATH\Controllers\Admin.php(126): view('admin/detailuser', [...])
 6 SYSTEMPATH\CodeIgniter.php(898): App\Controllers\Admin->detailuser('1')
 7 SYSTEMPATH\CodeIgniter.php(457): CodeIgniter\CodeIgniter->runController(Object(App\Controllers\Admin))
 8 SYSTEMPATH\CodeIgniter.php(340): CodeIgniter\CodeIgniter->handleRequest(null, Object(Config\Cache), false)
 9 FCPATH\index.php(67): CodeIgniter\CodeIgniter->run()
10 SYSTEMPATH\Commands\Server\rewrite.php(43): require_once('FCPATH\\index.php')
CRITICAL - 2023-02-08 23:08:15 --> Undefined array key "username"
in APPPATH\Views\admin\detailuser.php on line 34.
 1 APPPATH\Views\admin\detailuser.php(34): CodeIgniter\Debug\Exceptions->errorHandler(2, 'Undefined array key "username"', 'APPPATH\\Views\\admin\\detailuser.php', 34)
 2 SYSTEMPATH\View\View.php(213): include('APPPATH\\Views\\admin\\detailuser.php')
 3 SYSTEMPATH\View\View.php(216): CodeIgniter\View\View->CodeIgniter\View\{closure}()
 4 SYSTEMPATH\Common.php(1137): CodeIgniter\View\View->render('admin/detailuser', [], true)
 5 APPPATH\Controllers\Admin.php(126): view('admin/detailuser', [...])
 6 SYSTEMPATH\CodeIgniter.php(898): App\Controllers\Admin->detailuser('1')
 7 SYSTEMPATH\CodeIgniter.php(457): CodeIgniter\CodeIgniter->runController(Object(App\Controllers\Admin))
 8 SYSTEMPATH\CodeIgniter.php(340): CodeIgniter\CodeIgniter->handleRequest(null, Object(Config\Cache), false)
 9 FCPATH\index.php(67): CodeIgniter\CodeIgniter->run()
10 SYSTEMPATH\Commands\Server\rewrite.php(43): require_once('FCPATH\\index.php')
CRITICAL - 2023-02-08 23:08:29 --> Attempt to read property "username" on array
in APPPATH\Views\admin\detailuser.php on line 34.
 1 APPPATH\Views\admin\detailuser.php(34): CodeIgniter\Debug\Exceptions->errorHandler(2, 'Attempt to read property "username" on array', 'APPPATH\\Views\\admin\\detailuser.php', 34)
 2 SYSTEMPATH\View\View.php(213): include('APPPATH\\Views\\admin\\detailuser.php')
 3 SYSTEMPATH\View\View.php(216): CodeIgniter\View\View->CodeIgniter\View\{closure}()
 4 SYSTEMPATH\Common.php(1137): CodeIgniter\View\View->render('admin/detailuser', [], true)
 5 APPPATH\Controllers\Admin.php(126): view('admin/detailuser', [...])
 6 SYSTEMPATH\CodeIgniter.php(898): App\Controllers\Admin->detailuser('1')
 7 SYSTEMPATH\CodeIgniter.php(457): CodeIgniter\CodeIgniter->runController(Object(App\Controllers\Admin))
 8 SYSTEMPATH\CodeIgniter.php(340): CodeIgniter\CodeIgniter->handleRequest(null, Object(Config\Cache), false)
 9 FCPATH\index.php(67): CodeIgniter\CodeIgniter->run()
10 SYSTEMPATH\Commands\Server\rewrite.php(43): require_once('FCPATH\\index.php')
CRITICAL - 2023-02-08 23:09:35 --> Attempt to read property "username" on array
in APPPATH\Views\admin\detailuser.php on line 34.
 1 APPPATH\Views\admin\detailuser.php(34): CodeIgniter\Debug\Exceptions->errorHandler(2, 'Attempt to read property "username" on array', 'APPPATH\\Views\\admin\\detailuser.php', 34)
 2 SYSTEMPATH\View\View.php(213): include('APPPATH\\Views\\admin\\detailuser.php')
 3 SYSTEMPATH\View\View.php(216): CodeIgniter\View\View->CodeIgniter\View\{closure}()
 4 SYSTEMPATH\Common.php(1137): CodeIgniter\View\View->render('admin/detailuser', [], true)
 5 APPPATH\Controllers\Admin.php(126): view('admin/detailuser', [...])
 6 SYSTEMPATH\CodeIgniter.php(898): App\Controllers\Admin->detailuser('1')
 7 SYSTEMPATH\CodeIgniter.php(457): CodeIgniter\CodeIgniter->runController(Object(App\Controllers\Admin))
 8 SYSTEMPATH\CodeIgniter.php(340): CodeIgniter\CodeIgniter->handleRequest(null, Object(Config\Cache), false)
 9 FCPATH\index.php(67): CodeIgniter\CodeIgniter->run()
10 SYSTEMPATH\Commands\Server\rewrite.php(43): require_once('FCPATH\\index.php')
CRITICAL - 2023-02-08 23:09:48 --> Undefined variable $1
in APPPATH\Controllers\Admin.php on line 135.
 1 APPPATH\Controllers\Admin.php(135): CodeIgniter\Debug\Exceptions->errorHandler(2, 'Undefined variable $1', 'APPPATH\\Controllers\\Admin.php', 135)
 2 SYSTEMPATH\CodeIgniter.php(898): App\Controllers\Admin->edituser('1')
 3 SYSTEMPATH\CodeIgniter.php(457): CodeIgniter\CodeIgniter->runController(Object(App\Controllers\Admin))
 4 SYSTEMPATH\CodeIgniter.php(340): CodeIgniter\CodeIgniter->handleRequest(null, Object(Config\Cache), false)
 5 FCPATH\index.php(67): CodeIgniter\CodeIgniter->run()
 6 SYSTEMPATH\Commands\Server\rewrite.php(43): require_once('FCPATH\\index.php')
CRITICAL - 2023-02-08 23:11:33 --> Undefined variable $kader
in APPPATH\Views\admin\editkader.php on line 37.
 1 APPPATH\Views\admin\editkader.php(37): CodeIgniter\Debug\Exceptions->errorHandler(2, 'Undefined variable $kader', 'APPPATH\\Views\\admin\\editkader.php', 37)
 2 SYSTEMPATH\View\View.php(213): include('APPPATH\\Views\\admin\\editkader.php')
 3 SYSTEMPATH\View\View.php(216): CodeIgniter\View\View->CodeIgniter\View\{closure}()
 4 SYSTEMPATH\Common.php(1137): CodeIgniter\View\View->render('admin/editkader', [], true)
 5 APPPATH\Controllers\Admin.php(143): view('admin/editkader', [...])
 6 SYSTEMPATH\CodeIgniter.php(898): App\Controllers\Admin->edituser('1')
 7 SYSTEMPATH\CodeIgniter.php(457): CodeIgniter\CodeIgniter->runController(Object(App\Controllers\Admin))
 8 SYSTEMPATH\CodeIgniter.php(340): CodeIgniter\CodeIgniter->handleRequest(null, Object(Config\Cache), false)
 9 FCPATH\index.php(67): CodeIgniter\CodeIgniter->run()
10 SYSTEMPATH\Commands\Server\rewrite.php(43): require_once('FCPATH\\index.php')
CRITICAL - 2023-02-08 23:12:14 --> Undefined variable $user
in APPPATH\Views\admin\edituser.php on line 37.
 1 APPPATH\Views\admin\edituser.php(37): CodeIgniter\Debug\Exceptions->errorHandler(2, 'Undefined variable $user', 'APPPATH\\Views\\admin\\edituser.php', 37)
 2 SYSTEMPATH\View\View.php(213): include('APPPATH\\Views\\admin\\edituser.php')
 3 SYSTEMPATH\View\View.php(216): CodeIgniter\View\View->CodeIgniter\View\{closure}()
 4 SYSTEMPATH\Common.php(1137): CodeIgniter\View\View->render('admin/edituser', [], true)
 5 APPPATH\Controllers\Admin.php(143): view('admin/edituser', [...])
 6 SYSTEMPATH\CodeIgniter.php(898): App\Controllers\Admin->edituser('1')
 7 SYSTEMPATH\CodeIgniter.php(457): CodeIgniter\CodeIgniter->runController(Object(App\Controllers\Admin))
 8 SYSTEMPATH\CodeIgniter.php(340): CodeIgniter\CodeIgniter->handleRequest(null, Object(Config\Cache), false)
 9 FCPATH\index.php(67): CodeIgniter\CodeIgniter->run()
10 SYSTEMPATH\Commands\Server\rewrite.php(43): require_once('FCPATH\\index.php')
CRITICAL - 2023-02-08 23:13:27 --> Undefined array key "id"
in APPPATH\Views\admin\edituser.php on line 37.
 1 APPPATH\Views\admin\edituser.php(37): CodeIgniter\Debug\Exceptions->errorHandler(2, 'Undefined array key "id"', 'APPPATH\\Views\\admin\\edituser.php', 37)
 2 SYSTEMPATH\View\View.php(213): include('APPPATH\\Views\\admin\\edituser.php')
 3 SYSTEMPATH\View\View.php(216): CodeIgniter\View\View->CodeIgniter\View\{closure}()
 4 SYSTEMPATH\Common.php(1137): CodeIgniter\View\View->render('admin/edituser', [], true)
 5 APPPATH\Controllers\Admin.php(143): view('admin/edituser', [...])
 6 SYSTEMPATH\CodeIgniter.php(898): App\Controllers\Admin->edituser('1')
 7 SYSTEMPATH\CodeIgniter.php(457): CodeIgniter\CodeIgniter->runController(Object(App\Controllers\Admin))
 8 SYSTEMPATH\CodeIgniter.php(340): CodeIgniter\CodeIgniter->handleRequest(null, Object(Config\Cache), false)
 9 FCPATH\index.php(67): CodeIgniter\CodeIgniter->run()
10 SYSTEMPATH\Commands\Server\rewrite.php(43): require_once('FCPATH\\index.php')
CRITICAL - 2023-02-08 23:16:30 --> Undefined array key "id"
in APPPATH\Views\admin\edituser.php on line 37.
 1 APPPATH\Views\admin\edituser.php(37): CodeIgniter\Debug\Exceptions->errorHandler(2, 'Undefined array key "id"', 'APPPATH\\Views\\admin\\edituser.php', 37)
 2 SYSTEMPATH\View\View.php(213): include('APPPATH\\Views\\admin\\edituser.php')
 3 SYSTEMPATH\View\View.php(216): CodeIgniter\View\View->CodeIgniter\View\{closure}()
 4 SYSTEMPATH\Common.php(1137): CodeIgniter\View\View->render('admin/edituser', [], true)
 5 APPPATH\Controllers\Admin.php(145): view('admin/edituser', [...])
 6 SYSTEMPATH\CodeIgniter.php(898): App\Controllers\Admin->edituser('1')
 7 SYSTEMPATH\CodeIgniter.php(457): CodeIgniter\CodeIgniter->runController(Object(App\Controllers\Admin))
 8 SYSTEMPATH\CodeIgniter.php(340): CodeIgniter\CodeIgniter->handleRequest(null, Object(Config\Cache), false)
 9 FCPATH\index.php(67): CodeIgniter\CodeIgniter->run()
10 SYSTEMPATH\Commands\Server\rewrite.php(43): require_once('FCPATH\\index.php')
CRITICAL - 2023-02-08 23:17:05 --> Undefined array key "id"
in APPPATH\Views\admin\edituser.php on line 37.
 1 APPPATH\Views\admin\edituser.php(37): CodeIgniter\Debug\Exceptions->errorHandler(2, 'Undefined array key "id"', 'APPPATH\\Views\\admin\\edituser.php', 37)
 2 SYSTEMPATH\View\View.php(213): include('APPPATH\\Views\\admin\\edituser.php')
 3 SYSTEMPATH\View\View.php(216): CodeIgniter\View\View->CodeIgniter\View\{closure}()
 4 SYSTEMPATH\Common.php(1137): CodeIgniter\View\View->render('admin/edituser', [], true)
 5 APPPATH\Controllers\Admin.php(145): view('admin/edituser', [...])
 6 SYSTEMPATH\CodeIgniter.php(898): App\Controllers\Admin->edituser('1')
 7 SYSTEMPATH\CodeIgniter.php(457): CodeIgniter\CodeIgniter->runController(Object(App\Controllers\Admin))
 8 SYSTEMPATH\CodeIgniter.php(340): CodeIgniter\CodeIgniter->handleRequest(null, Object(Config\Cache), false)
 9 FCPATH\index.php(67): CodeIgniter\CodeIgniter->run()
10 SYSTEMPATH\Commands\Server\rewrite.php(43): require_once('FCPATH\\index.php')
CRITICAL - 2023-02-08 23:17:24 --> Attempt to read property "id" on array
in APPPATH\Views\admin\edituser.php on line 37.
 1 APPPATH\Views\admin\edituser.php(37): CodeIgniter\Debug\Exceptions->errorHandler(2, 'Attempt to read property "id" on array', 'APPPATH\\Views\\admin\\edituser.php', 37)
 2 SYSTEMPATH\View\View.php(213): include('APPPATH\\Views\\admin\\edituser.php')
 3 SYSTEMPATH\View\View.php(216): CodeIgniter\View\View->CodeIgniter\View\{closure}()
 4 SYSTEMPATH\Common.php(1137): CodeIgniter\View\View->render('admin/edituser', [], true)
 5 APPPATH\Controllers\Admin.php(145): view('admin/edituser', [...])
 6 SYSTEMPATH\CodeIgniter.php(898): App\Controllers\Admin->edituser('1')
 7 SYSTEMPATH\CodeIgniter.php(457): CodeIgniter\CodeIgniter->runController(Object(App\Controllers\Admin))
 8 SYSTEMPATH\CodeIgniter.php(340): CodeIgniter\CodeIgniter->handleRequest(null, Object(Config\Cache), false)
 9 FCPATH\index.php(67): CodeIgniter\CodeIgniter->run()
10 SYSTEMPATH\Commands\Server\rewrite.php(43): require_once('FCPATH\\index.php')
CRITICAL - 2023-02-08 23:17:47 --> Attempt to read property "id" on array
in APPPATH\Views\admin\edituser.php on line 37.
 1 APPPATH\Views\admin\edituser.php(37): CodeIgniter\Debug\Exceptions->errorHandler(2, 'Attempt to read property "id" on array', 'APPPATH\\Views\\admin\\edituser.php', 37)
 2 SYSTEMPATH\View\View.php(213): include('APPPATH\\Views\\admin\\edituser.php')
 3 SYSTEMPATH\View\View.php(216): CodeIgniter\View\View->CodeIgniter\View\{closure}()
 4 SYSTEMPATH\Common.php(1137): CodeIgniter\View\View->render('admin/edituser', [], true)
 5 APPPATH\Controllers\Admin.php(145): view('admin/edituser', [...])
 6 SYSTEMPATH\CodeIgniter.php(898): App\Controllers\Admin->edituser('1')
 7 SYSTEMPATH\CodeIgniter.php(457): CodeIgniter\CodeIgniter->runController(Object(App\Controllers\Admin))
 8 SYSTEMPATH\CodeIgniter.php(340): CodeIgniter\CodeIgniter->handleRequest(null, Object(Config\Cache), false)
 9 FCPATH\index.php(67): CodeIgniter\CodeIgniter->run()
10 SYSTEMPATH\Commands\Server\rewrite.php(43): require_once('FCPATH\\index.php')
CRITICAL - 2023-02-08 23:18:48 --> Attempt to read property "id" on array
in APPPATH\Views\admin\edituser.php on line 37.
 1 APPPATH\Views\admin\edituser.php(37): CodeIgniter\Debug\Exceptions->errorHandler(2, 'Attempt to read property "id" on array', 'APPPATH\\Views\\admin\\edituser.php', 37)
 2 SYSTEMPATH\View\View.php(213): include('APPPATH\\Views\\admin\\edituser.php')
 3 SYSTEMPATH\View\View.php(216): CodeIgniter\View\View->CodeIgniter\View\{closure}()
 4 SYSTEMPATH\Common.php(1137): CodeIgniter\View\View->render('admin/edituser', [], true)
 5 APPPATH\Controllers\Admin.php(145): view('admin/edituser', [...])
 6 SYSTEMPATH\CodeIgniter.php(898): App\Controllers\Admin->edituser('1')
 7 SYSTEMPATH\CodeIgniter.php(457): CodeIgniter\CodeIgniter->runController(Object(App\Controllers\Admin))
 8 SYSTEMPATH\CodeIgniter.php(340): CodeIgniter\CodeIgniter->handleRequest(null, Object(Config\Cache), false)
 9 FCPATH\index.php(67): CodeIgniter\CodeIgniter->run()
10 SYSTEMPATH\Commands\Server\rewrite.php(43): require_once('FCPATH\\index.php')
CRITICAL - 2023-02-08 23:19:09 --> The namespace delimiter is a backslash (\), not a slash (/). Route handler: \App\Controllers\Admin:hapususer/$1
in SYSTEMPATH\Router\Router.php on line 466.
 1 SYSTEMPATH\Router\Router.php(466): CodeIgniter\Router\Exceptions\RouterException::forInvalidControllerName('\\App\\Controllers\\Admin:hapususer/$1')
 2 SYSTEMPATH\Router\Router.php(181): CodeIgniter\Router\Router->checkRoutes('hapususer/4')
 3 SYSTEMPATH\CodeIgniter.php(773): CodeIgniter\Router\Router->handle('hapususer/4')
 4 SYSTEMPATH\CodeIgniter.php(406): CodeIgniter\CodeIgniter->tryToRouteIt(Object(CodeIgniter\Router\RouteCollection))
 5 SYSTEMPATH\CodeIgniter.php(340): CodeIgniter\CodeIgniter->handleRequest(null, Object(Config\Cache), false)
 6 FCPATH\index.php(67): CodeIgniter\CodeIgniter->run()
 7 SYSTEMPATH\Commands\Server\rewrite.php(43): require_once('FCPATH\\index.php')
CRITICAL - 2023-02-08 23:24:47 --> Attempt to read property "username" on array
in APPPATH\Views\admin\detailuser.php on line 34.
 1 APPPATH\Views\admin\detailuser.php(34): CodeIgniter\Debug\Exceptions->errorHandler(2, 'Attempt to read property "username" on array', 'APPPATH\\Views\\admin\\detailuser.php', 34)
 2 SYSTEMPATH\View\View.php(213): include('APPPATH\\Views\\admin\\detailuser.php')
 3 SYSTEMPATH\View\View.php(216): CodeIgniter\View\View->CodeIgniter\View\{closure}()
 4 SYSTEMPATH\Common.php(1137): CodeIgniter\View\View->render('admin/detailuser', [], true)
 5 APPPATH\Controllers\Admin.php(126): view('admin/detailuser', [...])
 6 SYSTEMPATH\CodeIgniter.php(898): App\Controllers\Admin->detailuser('1')
 7 SYSTEMPATH\CodeIgniter.php(457): CodeIgniter\CodeIgniter->runController(Object(App\Controllers\Admin))
 8 SYSTEMPATH\CodeIgniter.php(340): CodeIgniter\CodeIgniter->handleRequest(null, Object(Config\Cache), false)
 9 FCPATH\index.php(67): CodeIgniter\CodeIgniter->run()
10 SYSTEMPATH\Commands\Server\rewrite.php(43): require_once('FCPATH\\index.php')
CRITICAL - 2023-02-08 23:24:58 --> Attempt to read property "id" on array
in APPPATH\Views\admin\edituser.php on line 37.
 1 APPPATH\Views\admin\edituser.php(37): CodeIgniter\Debug\Exceptions->errorHandler(2, 'Attempt to read property "id" on array', 'APPPATH\\Views\\admin\\edituser.php', 37)
 2 SYSTEMPATH\View\View.php(213): include('APPPATH\\Views\\admin\\edituser.php')
 3 SYSTEMPATH\View\View.php(216): CodeIgniter\View\View->CodeIgniter\View\{closure}()
 4 SYSTEMPATH\Common.php(1137): CodeIgniter\View\View->render('admin/edituser', [], true)
 5 APPPATH\Controllers\Admin.php(143): view('admin/edituser', [...])
 6 SYSTEMPATH\CodeIgniter.php(898): App\Controllers\Admin->edituser('1')
 7 SYSTEMPATH\CodeIgniter.php(457): CodeIgniter\CodeIgniter->runController(Object(App\Controllers\Admin))
 8 SYSTEMPATH\CodeIgniter.php(340): CodeIgniter\CodeIgniter->handleRequest(null, Object(Config\Cache), false)
 9 FCPATH\index.php(67): CodeIgniter\CodeIgniter->run()
10 SYSTEMPATH\Commands\Server\rewrite.php(43): require_once('FCPATH\\index.php')
