CRITICAL - 2023-07-27 00:27:05 --> Attempt to read property "ibunama" on array
in APPPATH\Views\template\topbar.php on line 79.
 1 APPPATH\Views\template\topbar.php(79): CodeIgniter\Debug\Exceptions->errorHandler(2, 'Attempt to read property "ibunama" on array', 'APPPATH\\Views\\template\\topbar.php', 79)
 2 SYSTEMPATH\View\View.php(213): include('APPPATH\\Views\\template\\topbar.php')
 3 SYSTEMPATH\View\View.php(216): CodeIgniter\View\View->CodeIgniter\View\{closure}()
 4 SYSTEMPATH\View\View.php(429): CodeIgniter\View\View->render('template/topbar', null, true)
 5 APPPATH\Views\template\index.php(129): CodeIgniter\View\View->include('template/topbar')
 6 SYSTEMPATH\View\View.php(213): include('APPPATH\\Views\\template\\index.php')
 7 SYSTEMPATH\View\View.php(216): CodeIgniter\View\View->CodeIgniter\View\{closure}()
 8 SYSTEMPATH\View\View.php(229): CodeIgniter\View\View->render('template/index', [], true)
 9 SYSTEMPATH\Common.php(1137): CodeIgniter\View\View->render('kader/kesbumil/datakesbumil', [], true)
10 APPPATH\Controllers\Kesbumil.php(40): view('kader/kesbumil/datakesbumil', [...])
11 SYSTEMPATH\CodeIgniter.php(898): App\Controllers\Kesbumil->index()
12 SYSTEMPATH\CodeIgniter.php(457): CodeIgniter\CodeIgniter->runController(Object(App\Controllers\Kesbumil))
13 SYSTEMPATH\CodeIgniter.php(340): CodeIgniter\CodeIgniter->handleRequest(null, Object(Config\Cache), false)
14 FCPATH\index.php(67): CodeIgniter\CodeIgniter->run()
15 SYSTEMPATH\Commands\Server\rewrite.php(43): require_once('FCPATH\\index.php')
CRITICAL - 2023-07-27 00:27:05 --> Attempt to read property "ibunama" on array
in APPPATH\Views\template\topbar.php on line 79.
 1 APPPATH\Views\template\topbar.php(79): CodeIgniter\Debug\Exceptions->errorHandler(2, 'Attempt to read property "ibunama" on array', 'APPPATH\\Views\\template\\topbar.php', 79)
 2 SYSTEMPATH\View\View.php(213): include('APPPATH\\Views\\template\\topbar.php')
 3 SYSTEMPATH\View\View.php(216): CodeIgniter\View\View->CodeIgniter\View\{closure}()
 4 SYSTEMPATH\View\View.php(429): CodeIgniter\View\View->render('template/topbar', null, true)
 5 APPPATH\Views\template\index.php(129): CodeIgniter\View\View->include('template/topbar')
 6 SYSTEMPATH\View\View.php(213): include('APPPATH\\Views\\template\\index.php')
 7 SYSTEMPATH\View\View.php(216): CodeIgniter\View\View->CodeIgniter\View\{closure}()
 8 SYSTEMPATH\View\View.php(229): CodeIgniter\View\View->render('template/index', [], true)
 9 SYSTEMPATH\Common.php(1137): CodeIgniter\View\View->render('kader/kesbumil/datakesbumil', [], true)
10 APPPATH\Controllers\Kesbumil.php(40): view('kader/kesbumil/datakesbumil', [...])
11 SYSTEMPATH\CodeIgniter.php(898): App\Controllers\Kesbumil->index()
12 SYSTEMPATH\CodeIgniter.php(457): CodeIgniter\CodeIgniter->runController(Object(App\Controllers\Kesbumil))
13 SYSTEMPATH\CodeIgniter.php(340): CodeIgniter\CodeIgniter->handleRequest(null, Object(Config\Cache), false)
14 FCPATH\index.php(67): CodeIgniter\CodeIgniter->run()
15 SYSTEMPATH\Commands\Server\rewrite.php(43): require_once('FCPATH\\index.php')
CRITICAL - 2023-07-27 00:27:06 --> Attempt to read property "ibunama" on array
in APPPATH\Views\template\topbar.php on line 79.
 1 APPPATH\Views\template\topbar.php(79): CodeIgniter\Debug\Exceptions->errorHandler(2, 'Attempt to read property "ibunama" on array', 'APPPATH\\Views\\template\\topbar.php', 79)
 2 SYSTEMPATH\View\View.php(213): include('APPPATH\\Views\\template\\topbar.php')
 3 SYSTEMPATH\View\View.php(216): CodeIgniter\View\View->CodeIgniter\View\{closure}()
 4 SYSTEMPATH\View\View.php(429): CodeIgniter\View\View->render('template/topbar', null, true)
 5 APPPATH\Views\template\index.php(129): CodeIgniter\View\View->include('template/topbar')
 6 SYSTEMPATH\View\View.php(213): include('APPPATH\\Views\\template\\index.php')
 7 SYSTEMPATH\View\View.php(216): CodeIgniter\View\View->CodeIgniter\View\{closure}()
 8 SYSTEMPATH\View\View.php(229): CodeIgniter\View\View->render('template/index', [], true)
 9 SYSTEMPATH\Common.php(1137): CodeIgniter\View\View->render('kader/kesbumil/datakesbumil', [], true)
10 APPPATH\Controllers\Kesbumil.php(40): view('kader/kesbumil/datakesbumil', [...])
11 SYSTEMPATH\CodeIgniter.php(898): App\Controllers\Kesbumil->index()
12 SYSTEMPATH\CodeIgniter.php(457): CodeIgniter\CodeIgniter->runController(Object(App\Controllers\Kesbumil))
13 SYSTEMPATH\CodeIgniter.php(340): CodeIgniter\CodeIgniter->handleRequest(null, Object(Config\Cache), false)
14 FCPATH\index.php(67): CodeIgniter\CodeIgniter->run()
15 SYSTEMPATH\Commands\Server\rewrite.php(43): require_once('FCPATH\\index.php')
CRITICAL - 2023-07-27 00:35:31 --> Attempt to read property "ibunama" on array
in APPPATH\Views\template\topbar.php on line 79.
 1 APPPATH\Views\template\topbar.php(79): CodeIgniter\Debug\Exceptions->errorHandler(2, 'Attempt to read property "ibunama" on array', 'APPPATH\\Views\\template\\topbar.php', 79)
 2 SYSTEMPATH\View\View.php(213): include('APPPATH\\Views\\template\\topbar.php')
 3 SYSTEMPATH\View\View.php(216): CodeIgniter\View\View->CodeIgniter\View\{closure}()
 4 SYSTEMPATH\View\View.php(429): CodeIgniter\View\View->render('template/topbar', null, true)
 5 APPPATH\Views\template\index.php(129): CodeIgniter\View\View->include('template/topbar')
 6 SYSTEMPATH\View\View.php(213): include('APPPATH\\Views\\template\\index.php')
 7 SYSTEMPATH\View\View.php(216): CodeIgniter\View\View->CodeIgniter\View\{closure}()
 8 SYSTEMPATH\View\View.php(229): CodeIgniter\View\View->render('template/index', [], true)
 9 SYSTEMPATH\Common.php(1137): CodeIgniter\View\View->render('kader/timbang/datapenimbanganak', [], true)
10 APPPATH\Controllers\Penimbangan.php(42): view('kader/timbang/datapenimbanganak', [...])
11 SYSTEMPATH\CodeIgniter.php(898): App\Controllers\Penimbangan->index()
12 SYSTEMPATH\CodeIgniter.php(457): CodeIgniter\CodeIgniter->runController(Object(App\Controllers\Penimbangan))
13 SYSTEMPATH\CodeIgniter.php(340): CodeIgniter\CodeIgniter->handleRequest(null, Object(Config\Cache), false)
14 FCPATH\index.php(67): CodeIgniter\CodeIgniter->run()
15 SYSTEMPATH\Commands\Server\rewrite.php(43): require_once('FCPATH\\index.php')
CRITICAL - 2023-07-27 00:45:13 --> Undefined variable $notifications
in APPPATH\Views\template\topbar.php on line 75.
 1 APPPATH\Views\template\topbar.php(75): CodeIgniter\Debug\Exceptions->errorHandler(2, 'Undefined variable $notifications', 'APPPATH\\Views\\template\\topbar.php', 75)
 2 SYSTEMPATH\View\View.php(213): include('APPPATH\\Views\\template\\topbar.php')
 3 SYSTEMPATH\View\View.php(216): CodeIgniter\View\View->CodeIgniter\View\{closure}()
 4 SYSTEMPATH\View\View.php(429): CodeIgniter\View\View->render('template/topbar', null, true)
 5 APPPATH\Views\template\index.php(129): CodeIgniter\View\View->include('template/topbar')
 6 SYSTEMPATH\View\View.php(213): include('APPPATH\\Views\\template\\index.php')
 7 SYSTEMPATH\View\View.php(216): CodeIgniter\View\View->CodeIgniter\View\{closure}()
 8 SYSTEMPATH\View\View.php(229): CodeIgniter\View\View->render('template/index', [], true)
 9 SYSTEMPATH\Common.php(1137): CodeIgniter\View\View->render('kader/timbang/datapenimbanganak', [], true)
10 APPPATH\Controllers\Penimbangan.php(42): view('kader/timbang/datapenimbanganak', [...])
11 SYSTEMPATH\CodeIgniter.php(898): App\Controllers\Penimbangan->index()
12 SYSTEMPATH\CodeIgniter.php(457): CodeIgniter\CodeIgniter->runController(Object(App\Controllers\Penimbangan))
13 SYSTEMPATH\CodeIgniter.php(340): CodeIgniter\CodeIgniter->handleRequest(null, Object(Config\Cache), false)
14 FCPATH\index.php(67): CodeIgniter\CodeIgniter->run()
15 SYSTEMPATH\Commands\Server\rewrite.php(43): require_once('FCPATH\\index.php')
CRITICAL - 2023-07-27 00:45:57 --> count(): Argument #1 ($var) must be of type Countable|array, null given
in APPPATH\Views\template\topbar.php on line 71.
 1 SYSTEMPATH\View\View.php(213): include()
 2 SYSTEMPATH\View\View.php(216): CodeIgniter\View\View->CodeIgniter\View\{closure}()
 3 SYSTEMPATH\View\View.php(429): CodeIgniter\View\View->render('template/topbar', null, true)
 4 APPPATH\Views\template\index.php(129): CodeIgniter\View\View->include('template/topbar')
 5 SYSTEMPATH\View\View.php(213): include('APPPATH\\Views\\template\\index.php')
 6 SYSTEMPATH\View\View.php(216): CodeIgniter\View\View->CodeIgniter\View\{closure}()
 7 SYSTEMPATH\View\View.php(229): CodeIgniter\View\View->render('template/index', [], true)
 8 SYSTEMPATH\Common.php(1137): CodeIgniter\View\View->render('kader/timbang/datapenimbanganak', [], true)
 9 APPPATH\Controllers\Penimbangan.php(42): view('kader/timbang/datapenimbanganak', [...])
10 SYSTEMPATH\CodeIgniter.php(898): App\Controllers\Penimbangan->index()
11 SYSTEMPATH\CodeIgniter.php(457): CodeIgniter\CodeIgniter->runController(Object(App\Controllers\Penimbangan))
12 SYSTEMPATH\CodeIgniter.php(340): CodeIgniter\CodeIgniter->handleRequest(null, Object(Config\Cache), false)
13 FCPATH\index.php(67): CodeIgniter\CodeIgniter->run()
14 SYSTEMPATH\Commands\Server\rewrite.php(43): require_once('FCPATH\\index.php')
CRITICAL - 2023-07-27 00:47:41 --> Undefined variable $bumil
in APPPATH\Views\template\topbar.php on line 75.
 1 APPPATH\Views\template\topbar.php(75): CodeIgniter\Debug\Exceptions->errorHandler(2, 'Undefined variable $bumil', 'APPPATH\\Views\\template\\topbar.php', 75)
 2 SYSTEMPATH\View\View.php(213): include('APPPATH\\Views\\template\\topbar.php')
 3 SYSTEMPATH\View\View.php(216): CodeIgniter\View\View->CodeIgniter\View\{closure}()
 4 SYSTEMPATH\View\View.php(429): CodeIgniter\View\View->render('template/topbar', null, true)
 5 APPPATH\Views\template\index.php(129): CodeIgniter\View\View->include('template/topbar')
 6 SYSTEMPATH\View\View.php(213): include('APPPATH\\Views\\template\\index.php')
 7 SYSTEMPATH\View\View.php(216): CodeIgniter\View\View->CodeIgniter\View\{closure}()
 8 SYSTEMPATH\View\View.php(229): CodeIgniter\View\View->render('template/index', [], true)
 9 SYSTEMPATH\Common.php(1137): CodeIgniter\View\View->render('kader/timbang/datapenimbanganak', [], true)
10 APPPATH\Controllers\Penimbangan.php(42): view('kader/timbang/datapenimbanganak', [...])
11 SYSTEMPATH\CodeIgniter.php(898): App\Controllers\Penimbangan->index()
12 SYSTEMPATH\CodeIgniter.php(457): CodeIgniter\CodeIgniter->runController(Object(App\Controllers\Penimbangan))
13 SYSTEMPATH\CodeIgniter.php(340): CodeIgniter\CodeIgniter->handleRequest(null, Object(Config\Cache), false)
14 FCPATH\index.php(67): CodeIgniter\CodeIgniter->run()
15 SYSTEMPATH\Commands\Server\rewrite.php(43): require_once('FCPATH\\index.php')
CRITICAL - 2023-07-27 00:57:37 --> Undefined variable $bumilData
in APPPATH\Views\template\topbar.php on line 75.
 1 APPPATH\Views\template\topbar.php(75): CodeIgniter\Debug\Exceptions->errorHandler(2, 'Undefined variable $bumilData', 'APPPATH\\Views\\template\\topbar.php', 75)
 2 SYSTEMPATH\View\View.php(213): include('APPPATH\\Views\\template\\topbar.php')
 3 SYSTEMPATH\View\View.php(216): CodeIgniter\View\View->CodeIgniter\View\{closure}()
 4 SYSTEMPATH\View\View.php(429): CodeIgniter\View\View->render('template/topbar', null, true)
 5 APPPATH\Views\template\index.php(129): CodeIgniter\View\View->include('template/topbar')
 6 SYSTEMPATH\View\View.php(213): include('APPPATH\\Views\\template\\index.php')
 7 SYSTEMPATH\View\View.php(216): CodeIgniter\View\View->CodeIgniter\View\{closure}()
 8 SYSTEMPATH\View\View.php(229): CodeIgniter\View\View->render('template/index', [], true)
 9 SYSTEMPATH\Common.php(1137): CodeIgniter\View\View->render('kader/timbang/datapenimbanganak', [], true)
10 APPPATH\Controllers\Penimbangan.php(42): view('kader/timbang/datapenimbanganak', [...])
11 SYSTEMPATH\CodeIgniter.php(898): App\Controllers\Penimbangan->index()
12 SYSTEMPATH\CodeIgniter.php(457): CodeIgniter\CodeIgniter->runController(Object(App\Controllers\Penimbangan))
13 SYSTEMPATH\CodeIgniter.php(340): CodeIgniter\CodeIgniter->handleRequest(null, Object(Config\Cache), false)
14 FCPATH\index.php(67): CodeIgniter\CodeIgniter->run()
15 SYSTEMPATH\Commands\Server\rewrite.php(43): require_once('FCPATH\\index.php')
CRITICAL - 2023-07-27 01:03:16 --> Undefined property: stdClass::$ibunama
in APPPATH\Models\KesbumilModel.php on line 157.
 1 APPPATH\Models\KesbumilModel.php(157): CodeIgniter\Debug\Exceptions->errorHandler(2, 'Undefined property: stdClass::$ibunama', 'APPPATH\\Models\\KesbumilModel.php', 157)
 2 APPPATH\Helpers\usia_helper.php(59): App\Models\KesbumilModel->getBumil9Bulan()
 3 APPPATH\Views\template\topbar.php(7): bumilhpl()
 4 SYSTEMPATH\View\View.php(213): include('APPPATH\\Views\\template\\topbar.php')
 5 SYSTEMPATH\View\View.php(216): CodeIgniter\View\View->CodeIgniter\View\{closure}()
 6 SYSTEMPATH\View\View.php(429): CodeIgniter\View\View->render('template/topbar', null, true)
 7 APPPATH\Views\template\index.php(129): CodeIgniter\View\View->include('template/topbar')
 8 SYSTEMPATH\View\View.php(213): include('APPPATH\\Views\\template\\index.php')
 9 SYSTEMPATH\View\View.php(216): CodeIgniter\View\View->CodeIgniter\View\{closure}()
10 SYSTEMPATH\View\View.php(229): CodeIgniter\View\View->render('template/index', [], true)
11 SYSTEMPATH\Common.php(1137): CodeIgniter\View\View->render('kader/timbang/datapenimbanganak', [], true)
12 APPPATH\Controllers\Penimbangan.php(42): view('kader/timbang/datapenimbanganak', [...])
13 SYSTEMPATH\CodeIgniter.php(898): App\Controllers\Penimbangan->index()
14 SYSTEMPATH\CodeIgniter.php(457): CodeIgniter\CodeIgniter->runController(Object(App\Controllers\Penimbangan))
15 SYSTEMPATH\CodeIgniter.php(340): CodeIgniter\CodeIgniter->handleRequest(null, Object(Config\Cache), false)
16 FCPATH\index.php(67): CodeIgniter\CodeIgniter->run()
17 SYSTEMPATH\Commands\Server\rewrite.php(43): require_once('FCPATH\\index.php')
CRITICAL - 2023-07-27 01:04:36 --> Array to string conversion
in APPPATH\Models\KesbumilModel.php on line 153.
 1 APPPATH\Models\KesbumilModel.php(153): CodeIgniter\Debug\Exceptions->errorHandler(2, 'Array to string conversion', 'APPPATH\\Models\\KesbumilModel.php', 153)
 2 APPPATH\Helpers\usia_helper.php(59): App\Models\KesbumilModel->getBumil9Bulan()
 3 APPPATH\Views\template\topbar.php(7): bumilhpl()
 4 SYSTEMPATH\View\View.php(213): include('APPPATH\\Views\\template\\topbar.php')
 5 SYSTEMPATH\View\View.php(216): CodeIgniter\View\View->CodeIgniter\View\{closure}()
 6 SYSTEMPATH\View\View.php(429): CodeIgniter\View\View->render('template/topbar', null, true)
 7 APPPATH\Views\template\index.php(129): CodeIgniter\View\View->include('template/topbar')
 8 SYSTEMPATH\View\View.php(213): include('APPPATH\\Views\\template\\index.php')
 9 SYSTEMPATH\View\View.php(216): CodeIgniter\View\View->CodeIgniter\View\{closure}()
10 SYSTEMPATH\View\View.php(229): CodeIgniter\View\View->render('template/index', [], true)
11 SYSTEMPATH\Common.php(1137): CodeIgniter\View\View->render('kader/timbang/datapenimbanganak', [], true)
12 APPPATH\Controllers\Penimbangan.php(42): view('kader/timbang/datapenimbanganak', [...])
13 SYSTEMPATH\CodeIgniter.php(898): App\Controllers\Penimbangan->index()
14 SYSTEMPATH\CodeIgniter.php(457): CodeIgniter\CodeIgniter->runController(Object(App\Controllers\Penimbangan))
15 SYSTEMPATH\CodeIgniter.php(340): CodeIgniter\CodeIgniter->handleRequest(null, Object(Config\Cache), false)
16 FCPATH\index.php(67): CodeIgniter\CodeIgniter->run()
17 SYSTEMPATH\Commands\Server\rewrite.php(43): require_once('FCPATH\\index.php')
CRITICAL - 2023-07-27 05:26:21 --> count(): Argument #1 ($var) must be of type Countable|array, null given
in APPPATH\Views\template\topbar.php on line 43.
 1 SYSTEMPATH\View\View.php(213): include()
 2 SYSTEMPATH\View\View.php(216): CodeIgniter\View\View->CodeIgniter\View\{closure}()
 3 SYSTEMPATH\View\View.php(429): CodeIgniter\View\View->render('template/topbar', null, true)
 4 APPPATH\Views\template\index.php(129): CodeIgniter\View\View->include('template/topbar')
 5 SYSTEMPATH\View\View.php(213): include('APPPATH\\Views\\template\\index.php')
 6 SYSTEMPATH\View\View.php(216): CodeIgniter\View\View->CodeIgniter\View\{closure}()
 7 SYSTEMPATH\View\View.php(229): CodeIgniter\View\View->render('template/index', [], true)
 8 SYSTEMPATH\Common.php(1137): CodeIgniter\View\View->render('dashboard', [], true)
 9 APPPATH\Controllers\Admin.php(69): view('dashboard', [...])
10 SYSTEMPATH\CodeIgniter.php(898): App\Controllers\Admin->index()
11 SYSTEMPATH\CodeIgniter.php(457): CodeIgniter\CodeIgniter->runController(Object(App\Controllers\Admin))
12 SYSTEMPATH\CodeIgniter.php(340): CodeIgniter\CodeIgniter->handleRequest(null, Object(Config\Cache), false)
13 FCPATH\index.php(67): CodeIgniter\CodeIgniter->run()
14 SYSTEMPATH\Commands\Server\rewrite.php(43): require_once('FCPATH\\index.php')
CRITICAL - 2023-07-27 05:26:49 --> Undefined variable $dataBumilKesTopBar
in APPPATH\Views\template\topbar.php on line 48.
 1 APPPATH\Views\template\topbar.php(48): CodeIgniter\Debug\Exceptions->errorHandler(2, 'Undefined variable $dataBumilKesTopBar', 'APPPATH\\Views\\template\\topbar.php', 48)
 2 SYSTEMPATH\View\View.php(213): include('APPPATH\\Views\\template\\topbar.php')
 3 SYSTEMPATH\View\View.php(216): CodeIgniter\View\View->CodeIgniter\View\{closure}()
 4 SYSTEMPATH\View\View.php(429): CodeIgniter\View\View->render('template/topbar', null, true)
 5 APPPATH\Views\template\index.php(129): CodeIgniter\View\View->include('template/topbar')
 6 SYSTEMPATH\View\View.php(213): include('APPPATH\\Views\\template\\index.php')
 7 SYSTEMPATH\View\View.php(216): CodeIgniter\View\View->CodeIgniter\View\{closure}()
 8 SYSTEMPATH\View\View.php(229): CodeIgniter\View\View->render('template/index', [], true)
 9 SYSTEMPATH\Common.php(1137): CodeIgniter\View\View->render('dashboard', [], true)
10 APPPATH\Controllers\Admin.php(69): view('dashboard', [...])
11 SYSTEMPATH\CodeIgniter.php(898): App\Controllers\Admin->index()
12 SYSTEMPATH\CodeIgniter.php(457): CodeIgniter\CodeIgniter->runController(Object(App\Controllers\Admin))
13 SYSTEMPATH\CodeIgniter.php(340): CodeIgniter\CodeIgniter->handleRequest(null, Object(Config\Cache), false)
14 FCPATH\index.php(67): CodeIgniter\CodeIgniter->run()
15 SYSTEMPATH\Commands\Server\rewrite.php(43): require_once('FCPATH\\index.php')
CRITICAL - 2023-07-27 05:41:01 --> count(): Argument #1 ($var) must be of type Countable|array, null given
in APPPATH\Views\template\topbar.php on line 71.
 1 SYSTEMPATH\View\View.php(213): include()
 2 SYSTEMPATH\View\View.php(216): CodeIgniter\View\View->CodeIgniter\View\{closure}()
 3 SYSTEMPATH\View\View.php(429): CodeIgniter\View\View->render('template/topbar', null, true)
 4 APPPATH\Views\template\index.php(129): CodeIgniter\View\View->include('template/topbar')
 5 SYSTEMPATH\View\View.php(213): include('APPPATH\\Views\\template\\index.php')
 6 SYSTEMPATH\View\View.php(216): CodeIgniter\View\View->CodeIgniter\View\{closure}()
 7 SYSTEMPATH\View\View.php(229): CodeIgniter\View\View->render('template/index', [], true)
 8 SYSTEMPATH\Common.php(1137): CodeIgniter\View\View->render('dashboard', [], true)
 9 APPPATH\Controllers\Admin.php(69): view('dashboard', [...])
10 SYSTEMPATH\CodeIgniter.php(898): App\Controllers\Admin->index()
11 SYSTEMPATH\CodeIgniter.php(457): CodeIgniter\CodeIgniter->runController(Object(App\Controllers\Admin))
12 SYSTEMPATH\CodeIgniter.php(340): CodeIgniter\CodeIgniter->handleRequest(null, Object(Config\Cache), false)
13 FCPATH\index.php(67): CodeIgniter\CodeIgniter->run()
14 SYSTEMPATH\Commands\Server\rewrite.php(43): require_once('FCPATH\\index.php')
CRITICAL - 2023-07-27 05:42:54 --> Undefined variable $bumilData
in APPPATH\Views\template\topbar.php on line 74.
 1 APPPATH\Views\template\topbar.php(74): CodeIgniter\Debug\Exceptions->errorHandler(2, 'Undefined variable $bumilData', 'APPPATH\\Views\\template\\topbar.php', 74)
 2 SYSTEMPATH\View\View.php(213): include('APPPATH\\Views\\template\\topbar.php')
 3 SYSTEMPATH\View\View.php(216): CodeIgniter\View\View->CodeIgniter\View\{closure}()
 4 SYSTEMPATH\View\View.php(429): CodeIgniter\View\View->render('template/topbar', null, true)
 5 APPPATH\Views\template\index.php(129): CodeIgniter\View\View->include('template/topbar')
 6 SYSTEMPATH\View\View.php(213): include('APPPATH\\Views\\template\\index.php')
 7 SYSTEMPATH\View\View.php(216): CodeIgniter\View\View->CodeIgniter\View\{closure}()
 8 SYSTEMPATH\View\View.php(229): CodeIgniter\View\View->render('template/index', [], true)
 9 SYSTEMPATH\Common.php(1137): CodeIgniter\View\View->render('dashboard', [], true)
10 APPPATH\Controllers\Admin.php(69): view('dashboard', [...])
11 SYSTEMPATH\CodeIgniter.php(898): App\Controllers\Admin->index()
12 SYSTEMPATH\CodeIgniter.php(457): CodeIgniter\CodeIgniter->runController(Object(App\Controllers\Admin))
13 SYSTEMPATH\CodeIgniter.php(340): CodeIgniter\CodeIgniter->handleRequest(null, Object(Config\Cache), false)
14 FCPATH\index.php(67): CodeIgniter\CodeIgniter->run()
15 SYSTEMPATH\Commands\Server\rewrite.php(43): require_once('FCPATH\\index.php')
CRITICAL - 2023-07-27 05:43:05 --> Undefined variable $bumilData
in APPPATH\Views\template\topbar.php on line 74.
 1 APPPATH\Views\template\topbar.php(74): CodeIgniter\Debug\Exceptions->errorHandler(2, 'Undefined variable $bumilData', 'APPPATH\\Views\\template\\topbar.php', 74)
 2 SYSTEMPATH\View\View.php(213): include('APPPATH\\Views\\template\\topbar.php')
 3 SYSTEMPATH\View\View.php(216): CodeIgniter\View\View->CodeIgniter\View\{closure}()
 4 SYSTEMPATH\View\View.php(429): CodeIgniter\View\View->render('template/topbar', null, true)
 5 APPPATH\Views\template\index.php(129): CodeIgniter\View\View->include('template/topbar')
 6 SYSTEMPATH\View\View.php(213): include('APPPATH\\Views\\template\\index.php')
 7 SYSTEMPATH\View\View.php(216): CodeIgniter\View\View->CodeIgniter\View\{closure}()
 8 SYSTEMPATH\View\View.php(229): CodeIgniter\View\View->render('template/index', [], true)
 9 SYSTEMPATH\Common.php(1137): CodeIgniter\View\View->render('dashboard', [], true)
10 APPPATH\Controllers\Admin.php(69): view('dashboard', [...])
11 SYSTEMPATH\CodeIgniter.php(898): App\Controllers\Admin->index()
12 SYSTEMPATH\CodeIgniter.php(457): CodeIgniter\CodeIgniter->runController(Object(App\Controllers\Admin))
13 SYSTEMPATH\CodeIgniter.php(340): CodeIgniter\CodeIgniter->handleRequest(null, Object(Config\Cache), false)
14 FCPATH\index.php(67): CodeIgniter\CodeIgniter->run()
15 SYSTEMPATH\Commands\Server\rewrite.php(43): require_once('FCPATH\\index.php')
CRITICAL - 2023-07-27 05:44:18 --> Undefined variable $bumilData
in APPPATH\Views\template\topbar.php on line 74.
 1 APPPATH\Views\template\topbar.php(74): CodeIgniter\Debug\Exceptions->errorHandler(2, 'Undefined variable $bumilData', 'APPPATH\\Views\\template\\topbar.php', 74)
 2 SYSTEMPATH\View\View.php(213): include('APPPATH\\Views\\template\\topbar.php')
 3 SYSTEMPATH\View\View.php(216): CodeIgniter\View\View->CodeIgniter\View\{closure}()
 4 SYSTEMPATH\View\View.php(429): CodeIgniter\View\View->render('template/topbar', null, true)
 5 APPPATH\Views\template\index.php(129): CodeIgniter\View\View->include('template/topbar')
 6 SYSTEMPATH\View\View.php(213): include('APPPATH\\Views\\template\\index.php')
 7 SYSTEMPATH\View\View.php(216): CodeIgniter\View\View->CodeIgniter\View\{closure}()
 8 SYSTEMPATH\View\View.php(229): CodeIgniter\View\View->render('template/index', [], true)
 9 SYSTEMPATH\Common.php(1137): CodeIgniter\View\View->render('dashboard', [], true)
10 APPPATH\Controllers\Admin.php(69): view('dashboard', [...])
11 SYSTEMPATH\CodeIgniter.php(898): App\Controllers\Admin->index()
12 SYSTEMPATH\CodeIgniter.php(457): CodeIgniter\CodeIgniter->runController(Object(App\Controllers\Admin))
13 SYSTEMPATH\CodeIgniter.php(340): CodeIgniter\CodeIgniter->handleRequest(null, Object(Config\Cache), false)
14 FCPATH\index.php(67): CodeIgniter\CodeIgniter->run()
15 SYSTEMPATH\Commands\Server\rewrite.php(43): require_once('FCPATH\\index.php')
CRITICAL - 2023-07-27 05:46:30 --> Undefined variable $bumilData
in APPPATH\Views\template\topbar.php on line 74.
 1 APPPATH\Views\template\topbar.php(74): CodeIgniter\Debug\Exceptions->errorHandler(2, 'Undefined variable $bumilData', 'APPPATH\\Views\\template\\topbar.php', 74)
 2 SYSTEMPATH\View\View.php(213): include('APPPATH\\Views\\template\\topbar.php')
 3 SYSTEMPATH\View\View.php(216): CodeIgniter\View\View->CodeIgniter\View\{closure}()
 4 SYSTEMPATH\View\View.php(429): CodeIgniter\View\View->render('template/topbar', null, true)
 5 APPPATH\Views\template\index.php(129): CodeIgniter\View\View->include('template/topbar')
 6 SYSTEMPATH\View\View.php(213): include('APPPATH\\Views\\template\\index.php')
 7 SYSTEMPATH\View\View.php(216): CodeIgniter\View\View->CodeIgniter\View\{closure}()
 8 SYSTEMPATH\View\View.php(229): CodeIgniter\View\View->render('template/index', [], true)
 9 SYSTEMPATH\Common.php(1137): CodeIgniter\View\View->render('dashboard', [], true)
10 APPPATH\Controllers\Admin.php(69): view('dashboard', [...])
11 SYSTEMPATH\CodeIgniter.php(898): App\Controllers\Admin->index()
12 SYSTEMPATH\CodeIgniter.php(457): CodeIgniter\CodeIgniter->runController(Object(App\Controllers\Admin))
13 SYSTEMPATH\CodeIgniter.php(340): CodeIgniter\CodeIgniter->handleRequest(null, Object(Config\Cache), false)
14 FCPATH\index.php(67): CodeIgniter\CodeIgniter->run()
15 SYSTEMPATH\Commands\Server\rewrite.php(43): require_once('FCPATH\\index.php')
