ERROR - 2024-04-29 00:17:53 --> mysqli_sql_exception: Unknown column 'anak.idbumil' in 'on clause' in C:\xampp\htdocs\taposyandu\system\Database\MySQLi\Connection.php:292
Stack trace:
#0 C:\xampp\htdocs\taposyandu\system\Database\MySQLi\Connection.php(292): mysqli->query('SELECT `anak`.`...', 0)
#1 C:\xampp\htdocs\taposyandu\system\Database\BaseConnection.php(693): CodeIgniter\Database\MySQLi\Connection->execute('SELECT `anak`.`...')
#2 C:\xampp\htdocs\taposyandu\system\Database\BaseConnection.php(620): CodeIgniter\Database\BaseConnection->simpleQuery('SELECT `anak`.`...')
#3 C:\xampp\htdocs\taposyandu\system\Database\BaseBuilder.php(1585): CodeIgniter\Database\BaseConnection->query('SELECT `anak`.`...', Array, false)
#4 C:\xampp\htdocs\taposyandu\app\Models\ImunisasiModel.php(59): CodeIgniter\Database\BaseBuilder->get()
#5 C:\xampp\htdocs\taposyandu\app\Controllers\Imunisasi.php(38): App\Models\ImunisasiModel->getDataAnak()
#6 C:\xampp\htdocs\taposyandu\system\CodeIgniter.php(898): App\Controllers\Imunisasi->index()
#7 C:\xampp\htdocs\taposyandu\system\CodeIgniter.php(457): CodeIgniter\CodeIgniter->runController(Object(App\Controllers\Imunisasi))
#8 C:\xampp\htdocs\taposyandu\system\CodeIgniter.php(340): CodeIgniter\CodeIgniter->handleRequest(NULL, Object(Config\Cache), false)
#9 C:\xampp\htdocs\taposyandu\public\index.php(67): CodeIgniter\CodeIgniter->run()
#10 C:\xampp\htdocs\taposyandu\system\Commands\Server\rewrite.php(43): require_once('C:\\xampp\\htdocs...')
#11 {main}
CRITICAL - 2024-04-29 00:17:53 --> Unknown column 'anak.idbumil' in 'on clause'
in SYSTEMPATH\Database\MySQLi\Connection.php on line 292.
 1 SYSTEMPATH\Database\MySQLi\Connection.php(292): mysqli->query('SELECT `anak`.`idanak`, `anak`.`anaknama`, `anak`.`tgllhr`, `anak`.`jk`, `bumil`.`idbumil`, `bumil`.`ibunama`
FROM `anak`
LEFT JOIN `bumil` ON `anak`.`idbumil` = `bumil`.`idbumil`
ORDER BY `anak`.`idanak` DESC', 0)
 2 SYSTEMPATH\Database\BaseConnection.php(693): CodeIgniter\Database\MySQLi\Connection->execute('SELECT `anak`.`idanak`, `anak`.`anaknama`, `anak`.`tgllhr`, `anak`.`jk`, `bumil`.`idbumil`, `bumil`.`ibunama`
FROM `anak`
LEFT JOIN `bumil` ON `anak`.`idbumil` = `bumil`.`idbumil`
ORDER BY `anak`.`idanak` DESC')
 3 SYSTEMPATH\Database\BaseConnection.php(620): CodeIgniter\Database\BaseConnection->simpleQuery('SELECT `anak`.`idanak`, `anak`.`anaknama`, `anak`.`tgllhr`, `anak`.`jk`, `bumil`.`idbumil`, `bumil`.`ibunama`
FROM `anak`
LEFT JOIN `bumil` ON `anak`.`idbumil` = `bumil`.`idbumil`
ORDER BY `anak`.`idanak` DESC')
 4 SYSTEMPATH\Database\BaseBuilder.php(1585): CodeIgniter\Database\BaseConnection->query('SELECT `anak`.`idanak`, `anak`.`anaknama`, `anak`.`tgllhr`, `anak`.`jk`, `bumil`.`idbumil`, `bumil`.`ibunama`
FROM `anak`
LEFT JOIN `bumil` ON `anak`.`idbumil` = `bumil`.`idbumil`
ORDER BY `anak`.`idanak` DESC', [], false)
 5 APPPATH\Models\ImunisasiModel.php(59): CodeIgniter\Database\BaseBuilder->get()
 6 APPPATH\Controllers\Imunisasi.php(38): App\Models\ImunisasiModel->getDataAnak()
 7 SYSTEMPATH\CodeIgniter.php(898): App\Controllers\Imunisasi->index()
 8 SYSTEMPATH\CodeIgniter.php(457): CodeIgniter\CodeIgniter->runController(Object(App\Controllers\Imunisasi))
 9 SYSTEMPATH\CodeIgniter.php(340): CodeIgniter\CodeIgniter->handleRequest(null, Object(Config\Cache), false)
10 FCPATH\index.php(67): CodeIgniter\CodeIgniter->run()
11 SYSTEMPATH\Commands\Server\rewrite.php(43): require_once('FCPATH\\index.php')
ERROR - 2024-04-29 00:26:09 --> mysqli_sql_exception: Unknown column 'imunisasi.idortu' in 'on clause' in C:\xampp\htdocs\taposyandu\system\Database\MySQLi\Connection.php:292
Stack trace:
#0 C:\xampp\htdocs\taposyandu\system\Database\MySQLi\Connection.php(292): mysqli->query('SELECT `imunisa...', 0)
#1 C:\xampp\htdocs\taposyandu\system\Database\BaseConnection.php(693): CodeIgniter\Database\MySQLi\Connection->execute('SELECT `imunisa...')
#2 C:\xampp\htdocs\taposyandu\system\Database\BaseConnection.php(620): CodeIgniter\Database\BaseConnection->simpleQuery('SELECT `imunisa...')
#3 C:\xampp\htdocs\taposyandu\system\Database\BaseBuilder.php(1585): CodeIgniter\Database\BaseConnection->query('SELECT `imunisa...', Array, false)
#4 C:\xampp\htdocs\taposyandu\app\Models\ImunisasiModel.php(50): CodeIgniter\Database\BaseBuilder->get()
#5 C:\xampp\htdocs\taposyandu\app\Controllers\Imunisasi.php(30): App\Models\ImunisasiModel->getAllData()
#6 C:\xampp\htdocs\taposyandu\system\CodeIgniter.php(898): App\Controllers\Imunisasi->index()
#7 C:\xampp\htdocs\taposyandu\system\CodeIgniter.php(457): CodeIgniter\CodeIgniter->runController(Object(App\Controllers\Imunisasi))
#8 C:\xampp\htdocs\taposyandu\system\CodeIgniter.php(340): CodeIgniter\CodeIgniter->handleRequest(NULL, Object(Config\Cache), false)
#9 C:\xampp\htdocs\taposyandu\public\index.php(67): CodeIgniter\CodeIgniter->run()
#10 C:\xampp\htdocs\taposyandu\system\Commands\Server\rewrite.php(43): require_once('C:\\xampp\\htdocs...')
#11 {main}
CRITICAL - 2024-04-29 00:26:09 --> Unknown column 'imunisasi.idortu' in 'on clause'
in SYSTEMPATH\Database\MySQLi\Connection.php on line 292.
 1 SYSTEMPATH\Database\MySQLi\Connection.php(292): mysqli->query('SELECT `imunisasi`.*, `anak`.`idanak`, `anak`.`anaknama`, `anak`.`tgllhr`, `anak`.`jk`, `ortu`.`idortu`, `ortu`.`ibunama`
FROM `imunisasi`
LEFT JOIN `anak` ON `imunisasi`.`idanak` = `anak`.`idanak`
LEFT JOIN `ortu` ON `imunisasi`.`idortu` = `ortu`.`idortu`
ORDER BY `imunisasi`.`idimunisasi` DESC', 0)
 2 SYSTEMPATH\Database\BaseConnection.php(693): CodeIgniter\Database\MySQLi\Connection->execute('SELECT `imunisasi`.*, `anak`.`idanak`, `anak`.`anaknama`, `anak`.`tgllhr`, `anak`.`jk`, `ortu`.`idortu`, `ortu`.`ibunama`
FROM `imunisasi`
LEFT JOIN `anak` ON `imunisasi`.`idanak` = `anak`.`idanak`
LEFT JOIN `ortu` ON `imunisasi`.`idortu` = `ortu`.`idortu`
ORDER BY `imunisasi`.`idimunisasi` DESC')
 3 SYSTEMPATH\Database\BaseConnection.php(620): CodeIgniter\Database\BaseConnection->simpleQuery('SELECT `imunisasi`.*, `anak`.`idanak`, `anak`.`anaknama`, `anak`.`tgllhr`, `anak`.`jk`, `ortu`.`idortu`, `ortu`.`ibunama`
FROM `imunisasi`
LEFT JOIN `anak` ON `imunisasi`.`idanak` = `anak`.`idanak`
LEFT JOIN `ortu` ON `imunisasi`.`idortu` = `ortu`.`idortu`
ORDER BY `imunisasi`.`idimunisasi` DESC')
 4 SYSTEMPATH\Database\BaseBuilder.php(1585): CodeIgniter\Database\BaseConnection->query('SELECT `imunisasi`.*, `anak`.`idanak`, `anak`.`anaknama`, `anak`.`tgllhr`, `anak`.`jk`, `ortu`.`idortu`, `ortu`.`ibunama`
FROM `imunisasi`
LEFT JOIN `anak` ON `imunisasi`.`idanak` = `anak`.`idanak`
LEFT JOIN `ortu` ON `imunisasi`.`idortu` = `ortu`.`idortu`
ORDER BY `imunisasi`.`idimunisasi` DESC', [], false)
 5 APPPATH\Models\ImunisasiModel.php(50): CodeIgniter\Database\BaseBuilder->get()
 6 APPPATH\Controllers\Imunisasi.php(30): App\Models\ImunisasiModel->getAllData()
 7 SYSTEMPATH\CodeIgniter.php(898): App\Controllers\Imunisasi->index()
 8 SYSTEMPATH\CodeIgniter.php(457): CodeIgniter\CodeIgniter->runController(Object(App\Controllers\Imunisasi))
 9 SYSTEMPATH\CodeIgniter.php(340): CodeIgniter\CodeIgniter->handleRequest(null, Object(Config\Cache), false)
10 FCPATH\index.php(67): CodeIgniter\CodeIgniter->run()
11 SYSTEMPATH\Commands\Server\rewrite.php(43): require_once('FCPATH\\index.php')
ERROR - 2024-04-29 00:29:18 --> mysqli_sql_exception: Unknown column 'imunisasi.idortu' in 'on clause' in C:\xampp\htdocs\taposyandu\system\Database\MySQLi\Connection.php:292
Stack trace:
#0 C:\xampp\htdocs\taposyandu\system\Database\MySQLi\Connection.php(292): mysqli->query('SELECT `imunisa...', 0)
#1 C:\xampp\htdocs\taposyandu\system\Database\BaseConnection.php(693): CodeIgniter\Database\MySQLi\Connection->execute('SELECT `imunisa...')
#2 C:\xampp\htdocs\taposyandu\system\Database\BaseConnection.php(620): CodeIgniter\Database\BaseConnection->simpleQuery('SELECT `imunisa...')
#3 C:\xampp\htdocs\taposyandu\system\Database\BaseBuilder.php(1585): CodeIgniter\Database\BaseConnection->query('SELECT `imunisa...', Array, false)
#4 C:\xampp\htdocs\taposyandu\app\Models\ImunisasiModel.php(50): CodeIgniter\Database\BaseBuilder->get()
#5 C:\xampp\htdocs\taposyandu\app\Controllers\Imunisasi.php(30): App\Models\ImunisasiModel->getAllData()
#6 C:\xampp\htdocs\taposyandu\system\CodeIgniter.php(898): App\Controllers\Imunisasi->index()
#7 C:\xampp\htdocs\taposyandu\system\CodeIgniter.php(457): CodeIgniter\CodeIgniter->runController(Object(App\Controllers\Imunisasi))
#8 C:\xampp\htdocs\taposyandu\system\CodeIgniter.php(340): CodeIgniter\CodeIgniter->handleRequest(NULL, Object(Config\Cache), false)
#9 C:\xampp\htdocs\taposyandu\public\index.php(67): CodeIgniter\CodeIgniter->run()
#10 C:\xampp\htdocs\taposyandu\system\Commands\Server\rewrite.php(43): require_once('C:\\xampp\\htdocs...')
#11 {main}
CRITICAL - 2024-04-29 00:29:18 --> Unknown column 'imunisasi.idortu' in 'on clause'
in SYSTEMPATH\Database\MySQLi\Connection.php on line 292.
 1 SYSTEMPATH\Database\MySQLi\Connection.php(292): mysqli->query('SELECT `imunisasi`.*, `anak`.`idanak`, `anak`.`anaknama`, `anak`.`tgllhr`, `anak`.`jk`, `ortu`.`idortu`, `ortu`.`ibunama`
FROM `imunisasi`
LEFT JOIN `anak` ON `imunisasi`.`idanak` = `anak`.`idanak`
LEFT JOIN `ortu` ON `imunisasi`.`idortu` = `ortu`.`idortu`
ORDER BY `imunisasi`.`idimunisasi` DESC', 0)
 2 SYSTEMPATH\Database\BaseConnection.php(693): CodeIgniter\Database\MySQLi\Connection->execute('SELECT `imunisasi`.*, `anak`.`idanak`, `anak`.`anaknama`, `anak`.`tgllhr`, `anak`.`jk`, `ortu`.`idortu`, `ortu`.`ibunama`
FROM `imunisasi`
LEFT JOIN `anak` ON `imunisasi`.`idanak` = `anak`.`idanak`
LEFT JOIN `ortu` ON `imunisasi`.`idortu` = `ortu`.`idortu`
ORDER BY `imunisasi`.`idimunisasi` DESC')
 3 SYSTEMPATH\Database\BaseConnection.php(620): CodeIgniter\Database\BaseConnection->simpleQuery('SELECT `imunisasi`.*, `anak`.`idanak`, `anak`.`anaknama`, `anak`.`tgllhr`, `anak`.`jk`, `ortu`.`idortu`, `ortu`.`ibunama`
FROM `imunisasi`
LEFT JOIN `anak` ON `imunisasi`.`idanak` = `anak`.`idanak`
LEFT JOIN `ortu` ON `imunisasi`.`idortu` = `ortu`.`idortu`
ORDER BY `imunisasi`.`idimunisasi` DESC')
 4 SYSTEMPATH\Database\BaseBuilder.php(1585): CodeIgniter\Database\BaseConnection->query('SELECT `imunisasi`.*, `anak`.`idanak`, `anak`.`anaknama`, `anak`.`tgllhr`, `anak`.`jk`, `ortu`.`idortu`, `ortu`.`ibunama`
FROM `imunisasi`
LEFT JOIN `anak` ON `imunisasi`.`idanak` = `anak`.`idanak`
LEFT JOIN `ortu` ON `imunisasi`.`idortu` = `ortu`.`idortu`
ORDER BY `imunisasi`.`idimunisasi` DESC', [], false)
 5 APPPATH\Models\ImunisasiModel.php(50): CodeIgniter\Database\BaseBuilder->get()
 6 APPPATH\Controllers\Imunisasi.php(30): App\Models\ImunisasiModel->getAllData()
 7 SYSTEMPATH\CodeIgniter.php(898): App\Controllers\Imunisasi->index()
 8 SYSTEMPATH\CodeIgniter.php(457): CodeIgniter\CodeIgniter->runController(Object(App\Controllers\Imunisasi))
 9 SYSTEMPATH\CodeIgniter.php(340): CodeIgniter\CodeIgniter->handleRequest(null, Object(Config\Cache), false)
10 FCPATH\index.php(67): CodeIgniter\CodeIgniter->run()
11 SYSTEMPATH\Commands\Server\rewrite.php(43): require_once('FCPATH\\index.php')
CRITICAL - 2024-04-29 00:31:42 --> Undefined property: stdClass::$idbumil
in APPPATH\Views\kader\imun\dataimunanak.php on line 296.
 1 APPPATH\Views\kader\imun\dataimunanak.php(296): CodeIgniter\Debug\Exceptions->errorHandler(2, 'Undefined property: stdClass::$idbumil', 'APPPATH\\Views\\kader\\imun\\dataimunanak.php', 296)
 2 SYSTEMPATH\View\View.php(213): include('APPPATH\\Views\\kader\\imun\\dataimunanak.php')
 3 SYSTEMPATH\View\View.php(216): CodeIgniter\View\View->CodeIgniter\View\{closure}()
 4 SYSTEMPATH\Common.php(1137): CodeIgniter\View\View->render('kader/imun/dataimunanak', [], true)
 5 APPPATH\Controllers\Imunisasi.php(42): view('kader/imun/dataimunanak', [...])
 6 SYSTEMPATH\CodeIgniter.php(898): App\Controllers\Imunisasi->index()
 7 SYSTEMPATH\CodeIgniter.php(457): CodeIgniter\CodeIgniter->runController(Object(App\Controllers\Imunisasi))
 8 SYSTEMPATH\CodeIgniter.php(340): CodeIgniter\CodeIgniter->handleRequest(null, Object(Config\Cache), false)
 9 FCPATH\index.php(67): CodeIgniter\CodeIgniter->run()
10 SYSTEMPATH\Commands\Server\rewrite.php(43): require_once('FCPATH\\index.php')
ERROR - 2024-04-29 00:36:25 --> mysqli_sql_exception: Unknown column 'anak.idbumil' in 'on clause' in C:\xampp\htdocs\taposyandu\system\Database\MySQLi\Connection.php:292
Stack trace:
#0 C:\xampp\htdocs\taposyandu\system\Database\MySQLi\Connection.php(292): mysqli->query('SELECT `anak`.`...', 0)
#1 C:\xampp\htdocs\taposyandu\system\Database\BaseConnection.php(693): CodeIgniter\Database\MySQLi\Connection->execute('SELECT `anak`.`...')
#2 C:\xampp\htdocs\taposyandu\system\Database\BaseConnection.php(620): CodeIgniter\Database\BaseConnection->simpleQuery('SELECT `anak`.`...')
#3 C:\xampp\htdocs\taposyandu\system\Database\BaseBuilder.php(1585): CodeIgniter\Database\BaseConnection->query('SELECT `anak`.`...', Array, false)
#4 C:\xampp\htdocs\taposyandu\app\Models\AbsenanakModel.php(39): CodeIgniter\Database\BaseBuilder->get()
#5 C:\xampp\htdocs\taposyandu\app\Controllers\Absen.php(73): App\Models\AbsenanakModel->getDataAnak()
#6 C:\xampp\htdocs\taposyandu\system\CodeIgniter.php(898): App\Controllers\Absen->absenanak()
#7 C:\xampp\htdocs\taposyandu\system\CodeIgniter.php(457): CodeIgniter\CodeIgniter->runController(Object(App\Controllers\Absen))
#8 C:\xampp\htdocs\taposyandu\system\CodeIgniter.php(340): CodeIgniter\CodeIgniter->handleRequest(NULL, Object(Config\Cache), false)
#9 C:\xampp\htdocs\taposyandu\public\index.php(67): CodeIgniter\CodeIgniter->run()
#10 C:\xampp\htdocs\taposyandu\system\Commands\Server\rewrite.php(43): require_once('C:\\xampp\\htdocs...')
#11 {main}
CRITICAL - 2024-04-29 00:36:25 --> Unknown column 'anak.idbumil' in 'on clause'
in SYSTEMPATH\Database\MySQLi\Connection.php on line 292.
 1 SYSTEMPATH\Database\MySQLi\Connection.php(292): mysqli->query('SELECT `anak`.`idanak`, `anak`.`anaknama`, `bumil`.`idbumil`, `bumil`.`ibunama`
FROM `anak`
LEFT JOIN `bumil` ON `anak`.`idbumil` = `bumil`.`idbumil`
ORDER BY `anak`.`idanak` DESC', 0)
 2 SYSTEMPATH\Database\BaseConnection.php(693): CodeIgniter\Database\MySQLi\Connection->execute('SELECT `anak`.`idanak`, `anak`.`anaknama`, `bumil`.`idbumil`, `bumil`.`ibunama`
FROM `anak`
LEFT JOIN `bumil` ON `anak`.`idbumil` = `bumil`.`idbumil`
ORDER BY `anak`.`idanak` DESC')
 3 SYSTEMPATH\Database\BaseConnection.php(620): CodeIgniter\Database\BaseConnection->simpleQuery('SELECT `anak`.`idanak`, `anak`.`anaknama`, `bumil`.`idbumil`, `bumil`.`ibunama`
FROM `anak`
LEFT JOIN `bumil` ON `anak`.`idbumil` = `bumil`.`idbumil`
ORDER BY `anak`.`idanak` DESC')
 4 SYSTEMPATH\Database\BaseBuilder.php(1585): CodeIgniter\Database\BaseConnection->query('SELECT `anak`.`idanak`, `anak`.`anaknama`, `bumil`.`idbumil`, `bumil`.`ibunama`
FROM `anak`
LEFT JOIN `bumil` ON `anak`.`idbumil` = `bumil`.`idbumil`
ORDER BY `anak`.`idanak` DESC', [], false)
 5 APPPATH\Models\AbsenanakModel.php(39): CodeIgniter\Database\BaseBuilder->get()
 6 APPPATH\Controllers\Absen.php(73): App\Models\AbsenanakModel->getDataAnak()
 7 SYSTEMPATH\CodeIgniter.php(898): App\Controllers\Absen->absenanak()
 8 SYSTEMPATH\CodeIgniter.php(457): CodeIgniter\CodeIgniter->runController(Object(App\Controllers\Absen))
 9 SYSTEMPATH\CodeIgniter.php(340): CodeIgniter\CodeIgniter->handleRequest(null, Object(Config\Cache), false)
10 FCPATH\index.php(67): CodeIgniter\CodeIgniter->run()
11 SYSTEMPATH\Commands\Server\rewrite.php(43): require_once('FCPATH\\index.php')
ERROR - 2024-04-29 00:38:22 --> mysqli_sql_exception: Unknown column 'anak.idbumil' in 'on clause' in C:\xampp\htdocs\taposyandu\system\Database\MySQLi\Connection.php:292
Stack trace:
#0 C:\xampp\htdocs\taposyandu\system\Database\MySQLi\Connection.php(292): mysqli->query('SELECT `anak`.`...', 0)
#1 C:\xampp\htdocs\taposyandu\system\Database\BaseConnection.php(693): CodeIgniter\Database\MySQLi\Connection->execute('SELECT `anak`.`...')
#2 C:\xampp\htdocs\taposyandu\system\Database\BaseConnection.php(620): CodeIgniter\Database\BaseConnection->simpleQuery('SELECT `anak`.`...')
#3 C:\xampp\htdocs\taposyandu\system\Database\BaseBuilder.php(1585): CodeIgniter\Database\BaseConnection->query('SELECT `anak`.`...', Array, false)
#4 C:\xampp\htdocs\taposyandu\app\Models\AbsenanakModel.php(39): CodeIgniter\Database\BaseBuilder->get()
#5 C:\xampp\htdocs\taposyandu\app\Controllers\Absen.php(73): App\Models\AbsenanakModel->getDataAnak()
#6 C:\xampp\htdocs\taposyandu\system\CodeIgniter.php(898): App\Controllers\Absen->absenanak()
#7 C:\xampp\htdocs\taposyandu\system\CodeIgniter.php(457): CodeIgniter\CodeIgniter->runController(Object(App\Controllers\Absen))
#8 C:\xampp\htdocs\taposyandu\system\CodeIgniter.php(340): CodeIgniter\CodeIgniter->handleRequest(NULL, Object(Config\Cache), false)
#9 C:\xampp\htdocs\taposyandu\public\index.php(67): CodeIgniter\CodeIgniter->run()
#10 C:\xampp\htdocs\taposyandu\system\Commands\Server\rewrite.php(43): require_once('C:\\xampp\\htdocs...')
#11 {main}
CRITICAL - 2024-04-29 00:38:22 --> Unknown column 'anak.idbumil' in 'on clause'
in SYSTEMPATH\Database\MySQLi\Connection.php on line 292.
 1 SYSTEMPATH\Database\MySQLi\Connection.php(292): mysqli->query('SELECT `anak`.`idanak`, `anak`.`anaknama`, `bumil`.`idbumil`, `bumil`.`ibunama`
FROM `anak`
LEFT JOIN `bumil` ON `anak`.`idbumil` = `bumil`.`idbumil`
ORDER BY `anak`.`idanak` DESC', 0)
 2 SYSTEMPATH\Database\BaseConnection.php(693): CodeIgniter\Database\MySQLi\Connection->execute('SELECT `anak`.`idanak`, `anak`.`anaknama`, `bumil`.`idbumil`, `bumil`.`ibunama`
FROM `anak`
LEFT JOIN `bumil` ON `anak`.`idbumil` = `bumil`.`idbumil`
ORDER BY `anak`.`idanak` DESC')
 3 SYSTEMPATH\Database\BaseConnection.php(620): CodeIgniter\Database\BaseConnection->simpleQuery('SELECT `anak`.`idanak`, `anak`.`anaknama`, `bumil`.`idbumil`, `bumil`.`ibunama`
FROM `anak`
LEFT JOIN `bumil` ON `anak`.`idbumil` = `bumil`.`idbumil`
ORDER BY `anak`.`idanak` DESC')
 4 SYSTEMPATH\Database\BaseBuilder.php(1585): CodeIgniter\Database\BaseConnection->query('SELECT `anak`.`idanak`, `anak`.`anaknama`, `bumil`.`idbumil`, `bumil`.`ibunama`
FROM `anak`
LEFT JOIN `bumil` ON `anak`.`idbumil` = `bumil`.`idbumil`
ORDER BY `anak`.`idanak` DESC', [], false)
 5 APPPATH\Models\AbsenanakModel.php(39): CodeIgniter\Database\BaseBuilder->get()
 6 APPPATH\Controllers\Absen.php(73): App\Models\AbsenanakModel->getDataAnak()
 7 SYSTEMPATH\CodeIgniter.php(898): App\Controllers\Absen->absenanak()
 8 SYSTEMPATH\CodeIgniter.php(457): CodeIgniter\CodeIgniter->runController(Object(App\Controllers\Absen))
 9 SYSTEMPATH\CodeIgniter.php(340): CodeIgniter\CodeIgniter->handleRequest(null, Object(Config\Cache), false)
10 FCPATH\index.php(67): CodeIgniter\CodeIgniter->run()
11 SYSTEMPATH\Commands\Server\rewrite.php(43): require_once('FCPATH\\index.php')
ERROR - 2024-04-29 00:39:10 --> mysqli_sql_exception: Unknown column 'anak.idbumil' in 'on clause' in C:\xampp\htdocs\taposyandu\system\Database\MySQLi\Connection.php:292
Stack trace:
#0 C:\xampp\htdocs\taposyandu\system\Database\MySQLi\Connection.php(292): mysqli->query('SELECT `anak`.`...', 0)
#1 C:\xampp\htdocs\taposyandu\system\Database\BaseConnection.php(693): CodeIgniter\Database\MySQLi\Connection->execute('SELECT `anak`.`...')
#2 C:\xampp\htdocs\taposyandu\system\Database\BaseConnection.php(620): CodeIgniter\Database\BaseConnection->simpleQuery('SELECT `anak`.`...')
#3 C:\xampp\htdocs\taposyandu\system\Database\BaseBuilder.php(1585): CodeIgniter\Database\BaseConnection->query('SELECT `anak`.`...', Array, false)
#4 C:\xampp\htdocs\taposyandu\app\Models\AbsenanakModel.php(39): CodeIgniter\Database\BaseBuilder->get()
#5 C:\xampp\htdocs\taposyandu\app\Controllers\Absen.php(73): App\Models\AbsenanakModel->getDataAnak()
#6 C:\xampp\htdocs\taposyandu\system\CodeIgniter.php(898): App\Controllers\Absen->absenanak()
#7 C:\xampp\htdocs\taposyandu\system\CodeIgniter.php(457): CodeIgniter\CodeIgniter->runController(Object(App\Controllers\Absen))
#8 C:\xampp\htdocs\taposyandu\system\CodeIgniter.php(340): CodeIgniter\CodeIgniter->handleRequest(NULL, Object(Config\Cache), false)
#9 C:\xampp\htdocs\taposyandu\public\index.php(67): CodeIgniter\CodeIgniter->run()
#10 C:\xampp\htdocs\taposyandu\system\Commands\Server\rewrite.php(43): require_once('C:\\xampp\\htdocs...')
#11 {main}
CRITICAL - 2024-04-29 00:39:10 --> Unknown column 'anak.idbumil' in 'on clause'
in SYSTEMPATH\Database\MySQLi\Connection.php on line 292.
 1 SYSTEMPATH\Database\MySQLi\Connection.php(292): mysqli->query('SELECT `anak`.`idanak`, `anak`.`anaknama`, `bumil`.`idbumil`, `bumil`.`ibunama`
FROM `anak`
LEFT JOIN `bumil` ON `anak`.`idbumil` = `bumil`.`idbumil`
ORDER BY `anak`.`idanak` DESC', 0)
 2 SYSTEMPATH\Database\BaseConnection.php(693): CodeIgniter\Database\MySQLi\Connection->execute('SELECT `anak`.`idanak`, `anak`.`anaknama`, `bumil`.`idbumil`, `bumil`.`ibunama`
FROM `anak`
LEFT JOIN `bumil` ON `anak`.`idbumil` = `bumil`.`idbumil`
ORDER BY `anak`.`idanak` DESC')
 3 SYSTEMPATH\Database\BaseConnection.php(620): CodeIgniter\Database\BaseConnection->simpleQuery('SELECT `anak`.`idanak`, `anak`.`anaknama`, `bumil`.`idbumil`, `bumil`.`ibunama`
FROM `anak`
LEFT JOIN `bumil` ON `anak`.`idbumil` = `bumil`.`idbumil`
ORDER BY `anak`.`idanak` DESC')
 4 SYSTEMPATH\Database\BaseBuilder.php(1585): CodeIgniter\Database\BaseConnection->query('SELECT `anak`.`idanak`, `anak`.`anaknama`, `bumil`.`idbumil`, `bumil`.`ibunama`
FROM `anak`
LEFT JOIN `bumil` ON `anak`.`idbumil` = `bumil`.`idbumil`
ORDER BY `anak`.`idanak` DESC', [], false)
 5 APPPATH\Models\AbsenanakModel.php(39): CodeIgniter\Database\BaseBuilder->get()
 6 APPPATH\Controllers\Absen.php(73): App\Models\AbsenanakModel->getDataAnak()
 7 SYSTEMPATH\CodeIgniter.php(898): App\Controllers\Absen->absenanak()
 8 SYSTEMPATH\CodeIgniter.php(457): CodeIgniter\CodeIgniter->runController(Object(App\Controllers\Absen))
 9 SYSTEMPATH\CodeIgniter.php(340): CodeIgniter\CodeIgniter->handleRequest(null, Object(Config\Cache), false)
10 FCPATH\index.php(67): CodeIgniter\CodeIgniter->run()
11 SYSTEMPATH\Commands\Server\rewrite.php(43): require_once('FCPATH\\index.php')
ERROR - 2024-04-29 00:39:12 --> mysqli_sql_exception: Unknown column 'anak.idbumil' in 'on clause' in C:\xampp\htdocs\taposyandu\system\Database\MySQLi\Connection.php:292
Stack trace:
#0 C:\xampp\htdocs\taposyandu\system\Database\MySQLi\Connection.php(292): mysqli->query('SELECT `anak`.`...', 0)
#1 C:\xampp\htdocs\taposyandu\system\Database\BaseConnection.php(693): CodeIgniter\Database\MySQLi\Connection->execute('SELECT `anak`.`...')
#2 C:\xampp\htdocs\taposyandu\system\Database\BaseConnection.php(620): CodeIgniter\Database\BaseConnection->simpleQuery('SELECT `anak`.`...')
#3 C:\xampp\htdocs\taposyandu\system\Database\BaseBuilder.php(1585): CodeIgniter\Database\BaseConnection->query('SELECT `anak`.`...', Array, false)
#4 C:\xampp\htdocs\taposyandu\app\Models\AbsenanakModel.php(39): CodeIgniter\Database\BaseBuilder->get()
#5 C:\xampp\htdocs\taposyandu\app\Controllers\Absen.php(73): App\Models\AbsenanakModel->getDataAnak()
#6 C:\xampp\htdocs\taposyandu\system\CodeIgniter.php(898): App\Controllers\Absen->absenanak()
#7 C:\xampp\htdocs\taposyandu\system\CodeIgniter.php(457): CodeIgniter\CodeIgniter->runController(Object(App\Controllers\Absen))
#8 C:\xampp\htdocs\taposyandu\system\CodeIgniter.php(340): CodeIgniter\CodeIgniter->handleRequest(NULL, Object(Config\Cache), false)
#9 C:\xampp\htdocs\taposyandu\public\index.php(67): CodeIgniter\CodeIgniter->run()
#10 C:\xampp\htdocs\taposyandu\system\Commands\Server\rewrite.php(43): require_once('C:\\xampp\\htdocs...')
#11 {main}
CRITICAL - 2024-04-29 00:39:12 --> Unknown column 'anak.idbumil' in 'on clause'
in SYSTEMPATH\Database\MySQLi\Connection.php on line 292.
 1 SYSTEMPATH\Database\MySQLi\Connection.php(292): mysqli->query('SELECT `anak`.`idanak`, `anak`.`anaknama`, `bumil`.`idbumil`, `bumil`.`ibunama`
FROM `anak`
LEFT JOIN `bumil` ON `anak`.`idbumil` = `bumil`.`idbumil`
ORDER BY `anak`.`idanak` DESC', 0)
 2 SYSTEMPATH\Database\BaseConnection.php(693): CodeIgniter\Database\MySQLi\Connection->execute('SELECT `anak`.`idanak`, `anak`.`anaknama`, `bumil`.`idbumil`, `bumil`.`ibunama`
FROM `anak`
LEFT JOIN `bumil` ON `anak`.`idbumil` = `bumil`.`idbumil`
ORDER BY `anak`.`idanak` DESC')
 3 SYSTEMPATH\Database\BaseConnection.php(620): CodeIgniter\Database\BaseConnection->simpleQuery('SELECT `anak`.`idanak`, `anak`.`anaknama`, `bumil`.`idbumil`, `bumil`.`ibunama`
FROM `anak`
LEFT JOIN `bumil` ON `anak`.`idbumil` = `bumil`.`idbumil`
ORDER BY `anak`.`idanak` DESC')
 4 SYSTEMPATH\Database\BaseBuilder.php(1585): CodeIgniter\Database\BaseConnection->query('SELECT `anak`.`idanak`, `anak`.`anaknama`, `bumil`.`idbumil`, `bumil`.`ibunama`
FROM `anak`
LEFT JOIN `bumil` ON `anak`.`idbumil` = `bumil`.`idbumil`
ORDER BY `anak`.`idanak` DESC', [], false)
 5 APPPATH\Models\AbsenanakModel.php(39): CodeIgniter\Database\BaseBuilder->get()
 6 APPPATH\Controllers\Absen.php(73): App\Models\AbsenanakModel->getDataAnak()
 7 SYSTEMPATH\CodeIgniter.php(898): App\Controllers\Absen->absenanak()
 8 SYSTEMPATH\CodeIgniter.php(457): CodeIgniter\CodeIgniter->runController(Object(App\Controllers\Absen))
 9 SYSTEMPATH\CodeIgniter.php(340): CodeIgniter\CodeIgniter->handleRequest(null, Object(Config\Cache), false)
10 FCPATH\index.php(67): CodeIgniter\CodeIgniter->run()
11 SYSTEMPATH\Commands\Server\rewrite.php(43): require_once('FCPATH\\index.php')
ERROR - 2024-04-29 00:41:01 --> mysqli_sql_exception: Unknown column 'anak.idbumil' in 'on clause' in C:\xampp\htdocs\taposyandu\system\Database\MySQLi\Connection.php:292
Stack trace:
#0 C:\xampp\htdocs\taposyandu\system\Database\MySQLi\Connection.php(292): mysqli->query('SELECT `anak`.`...', 0)
#1 C:\xampp\htdocs\taposyandu\system\Database\BaseConnection.php(693): CodeIgniter\Database\MySQLi\Connection->execute('SELECT `anak`.`...')
#2 C:\xampp\htdocs\taposyandu\system\Database\BaseConnection.php(620): CodeIgniter\Database\BaseConnection->simpleQuery('SELECT `anak`.`...')
#3 C:\xampp\htdocs\taposyandu\system\Database\BaseBuilder.php(1585): CodeIgniter\Database\BaseConnection->query('SELECT `anak`.`...', Array, false)
#4 C:\xampp\htdocs\taposyandu\app\Models\AbsenanakModel.php(39): CodeIgniter\Database\BaseBuilder->get()
#5 C:\xampp\htdocs\taposyandu\app\Controllers\Absen.php(73): App\Models\AbsenanakModel->getDataAnak()
#6 C:\xampp\htdocs\taposyandu\system\CodeIgniter.php(898): App\Controllers\Absen->absenanak()
#7 C:\xampp\htdocs\taposyandu\system\CodeIgniter.php(457): CodeIgniter\CodeIgniter->runController(Object(App\Controllers\Absen))
#8 C:\xampp\htdocs\taposyandu\system\CodeIgniter.php(340): CodeIgniter\CodeIgniter->handleRequest(NULL, Object(Config\Cache), false)
#9 C:\xampp\htdocs\taposyandu\public\index.php(67): CodeIgniter\CodeIgniter->run()
#10 C:\xampp\htdocs\taposyandu\system\Commands\Server\rewrite.php(43): require_once('C:\\xampp\\htdocs...')
#11 {main}
CRITICAL - 2024-04-29 00:41:01 --> Unknown column 'anak.idbumil' in 'on clause'
in SYSTEMPATH\Database\MySQLi\Connection.php on line 292.
 1 SYSTEMPATH\Database\MySQLi\Connection.php(292): mysqli->query('SELECT `anak`.`idanak`, `anak`.`anaknama`, `bumil`.`idbumil`, `bumil`.`ibunama`
FROM `anak`
LEFT JOIN `bumil` ON `anak`.`idbumil` = `bumil`.`idbumil`
ORDER BY `anak`.`idanak` DESC', 0)
 2 SYSTEMPATH\Database\BaseConnection.php(693): CodeIgniter\Database\MySQLi\Connection->execute('SELECT `anak`.`idanak`, `anak`.`anaknama`, `bumil`.`idbumil`, `bumil`.`ibunama`
FROM `anak`
LEFT JOIN `bumil` ON `anak`.`idbumil` = `bumil`.`idbumil`
ORDER BY `anak`.`idanak` DESC')
 3 SYSTEMPATH\Database\BaseConnection.php(620): CodeIgniter\Database\BaseConnection->simpleQuery('SELECT `anak`.`idanak`, `anak`.`anaknama`, `bumil`.`idbumil`, `bumil`.`ibunama`
FROM `anak`
LEFT JOIN `bumil` ON `anak`.`idbumil` = `bumil`.`idbumil`
ORDER BY `anak`.`idanak` DESC')
 4 SYSTEMPATH\Database\BaseBuilder.php(1585): CodeIgniter\Database\BaseConnection->query('SELECT `anak`.`idanak`, `anak`.`anaknama`, `bumil`.`idbumil`, `bumil`.`ibunama`
FROM `anak`
LEFT JOIN `bumil` ON `anak`.`idbumil` = `bumil`.`idbumil`
ORDER BY `anak`.`idanak` DESC', [], false)
 5 APPPATH\Models\AbsenanakModel.php(39): CodeIgniter\Database\BaseBuilder->get()
 6 APPPATH\Controllers\Absen.php(73): App\Models\AbsenanakModel->getDataAnak()
 7 SYSTEMPATH\CodeIgniter.php(898): App\Controllers\Absen->absenanak()
 8 SYSTEMPATH\CodeIgniter.php(457): CodeIgniter\CodeIgniter->runController(Object(App\Controllers\Absen))
 9 SYSTEMPATH\CodeIgniter.php(340): CodeIgniter\CodeIgniter->handleRequest(null, Object(Config\Cache), false)
10 FCPATH\index.php(67): CodeIgniter\CodeIgniter->run()
11 SYSTEMPATH\Commands\Server\rewrite.php(43): require_once('FCPATH\\index.php')
ERROR - 2024-04-29 00:41:49 --> mysqli_sql_exception: Unknown column 'anak.idbumil' in 'on clause' in C:\xampp\htdocs\taposyandu\system\Database\MySQLi\Connection.php:292
Stack trace:
#0 C:\xampp\htdocs\taposyandu\system\Database\MySQLi\Connection.php(292): mysqli->query('SELECT `anak`.`...', 0)
#1 C:\xampp\htdocs\taposyandu\system\Database\BaseConnection.php(693): CodeIgniter\Database\MySQLi\Connection->execute('SELECT `anak`.`...')
#2 C:\xampp\htdocs\taposyandu\system\Database\BaseConnection.php(620): CodeIgniter\Database\BaseConnection->simpleQuery('SELECT `anak`.`...')
#3 C:\xampp\htdocs\taposyandu\system\Database\BaseBuilder.php(1585): CodeIgniter\Database\BaseConnection->query('SELECT `anak`.`...', Array, false)
#4 C:\xampp\htdocs\taposyandu\app\Models\AbsenanakModel.php(39): CodeIgniter\Database\BaseBuilder->get()
#5 C:\xampp\htdocs\taposyandu\app\Controllers\Absen.php(74): App\Models\AbsenanakModel->getDataAnak()
#6 C:\xampp\htdocs\taposyandu\system\CodeIgniter.php(898): App\Controllers\Absen->absenanak()
#7 C:\xampp\htdocs\taposyandu\system\CodeIgniter.php(457): CodeIgniter\CodeIgniter->runController(Object(App\Controllers\Absen))
#8 C:\xampp\htdocs\taposyandu\system\CodeIgniter.php(340): CodeIgniter\CodeIgniter->handleRequest(NULL, Object(Config\Cache), false)
#9 C:\xampp\htdocs\taposyandu\public\index.php(67): CodeIgniter\CodeIgniter->run()
#10 C:\xampp\htdocs\taposyandu\system\Commands\Server\rewrite.php(43): require_once('C:\\xampp\\htdocs...')
#11 {main}
CRITICAL - 2024-04-29 00:41:49 --> Unknown column 'anak.idbumil' in 'on clause'
in SYSTEMPATH\Database\MySQLi\Connection.php on line 292.
 1 SYSTEMPATH\Database\MySQLi\Connection.php(292): mysqli->query('SELECT `anak`.`idanak`, `anak`.`anaknama`, `bumil`.`idbumil`, `bumil`.`ibunama`
FROM `anak`
LEFT JOIN `bumil` ON `anak`.`idbumil` = `bumil`.`idbumil`
ORDER BY `anak`.`idanak` DESC', 0)
 2 SYSTEMPATH\Database\BaseConnection.php(693): CodeIgniter\Database\MySQLi\Connection->execute('SELECT `anak`.`idanak`, `anak`.`anaknama`, `bumil`.`idbumil`, `bumil`.`ibunama`
FROM `anak`
LEFT JOIN `bumil` ON `anak`.`idbumil` = `bumil`.`idbumil`
ORDER BY `anak`.`idanak` DESC')
 3 SYSTEMPATH\Database\BaseConnection.php(620): CodeIgniter\Database\BaseConnection->simpleQuery('SELECT `anak`.`idanak`, `anak`.`anaknama`, `bumil`.`idbumil`, `bumil`.`ibunama`
FROM `anak`
LEFT JOIN `bumil` ON `anak`.`idbumil` = `bumil`.`idbumil`
ORDER BY `anak`.`idanak` DESC')
 4 SYSTEMPATH\Database\BaseBuilder.php(1585): CodeIgniter\Database\BaseConnection->query('SELECT `anak`.`idanak`, `anak`.`anaknama`, `bumil`.`idbumil`, `bumil`.`ibunama`
FROM `anak`
LEFT JOIN `bumil` ON `anak`.`idbumil` = `bumil`.`idbumil`
ORDER BY `anak`.`idanak` DESC', [], false)
 5 APPPATH\Models\AbsenanakModel.php(39): CodeIgniter\Database\BaseBuilder->get()
 6 APPPATH\Controllers\Absen.php(74): App\Models\AbsenanakModel->getDataAnak()
 7 SYSTEMPATH\CodeIgniter.php(898): App\Controllers\Absen->absenanak()
 8 SYSTEMPATH\CodeIgniter.php(457): CodeIgniter\CodeIgniter->runController(Object(App\Controllers\Absen))
 9 SYSTEMPATH\CodeIgniter.php(340): CodeIgniter\CodeIgniter->handleRequest(null, Object(Config\Cache), false)
10 FCPATH\index.php(67): CodeIgniter\CodeIgniter->run()
11 SYSTEMPATH\Commands\Server\rewrite.php(43): require_once('FCPATH\\index.php')
ERROR - 2024-04-29 00:45:10 --> mysqli_sql_exception: Unknown column 'anak.idbumil' in 'on clause' in C:\xampp\htdocs\taposyandu\system\Database\MySQLi\Connection.php:292
Stack trace:
#0 C:\xampp\htdocs\taposyandu\system\Database\MySQLi\Connection.php(292): mysqli->query('SELECT `anak`.`...', 0)
#1 C:\xampp\htdocs\taposyandu\system\Database\BaseConnection.php(693): CodeIgniter\Database\MySQLi\Connection->execute('SELECT `anak`.`...')
#2 C:\xampp\htdocs\taposyandu\system\Database\BaseConnection.php(620): CodeIgniter\Database\BaseConnection->simpleQuery('SELECT `anak`.`...')
#3 C:\xampp\htdocs\taposyandu\system\Database\BaseBuilder.php(1585): CodeIgniter\Database\BaseConnection->query('SELECT `anak`.`...', Array, false)
#4 C:\xampp\htdocs\taposyandu\app\Models\AbsenanakModel.php(39): CodeIgniter\Database\BaseBuilder->get()
#5 C:\xampp\htdocs\taposyandu\app\Controllers\Absen.php(74): App\Models\AbsenanakModel->getDataAnak()
#6 C:\xampp\htdocs\taposyandu\system\CodeIgniter.php(898): App\Controllers\Absen->absenanak()
#7 C:\xampp\htdocs\taposyandu\system\CodeIgniter.php(457): CodeIgniter\CodeIgniter->runController(Object(App\Controllers\Absen))
#8 C:\xampp\htdocs\taposyandu\system\CodeIgniter.php(340): CodeIgniter\CodeIgniter->handleRequest(NULL, Object(Config\Cache), false)
#9 C:\xampp\htdocs\taposyandu\public\index.php(67): CodeIgniter\CodeIgniter->run()
#10 C:\xampp\htdocs\taposyandu\system\Commands\Server\rewrite.php(43): require_once('C:\\xampp\\htdocs...')
#11 {main}
CRITICAL - 2024-04-29 00:45:10 --> Unknown column 'anak.idbumil' in 'on clause'
in SYSTEMPATH\Database\MySQLi\Connection.php on line 292.
 1 SYSTEMPATH\Database\MySQLi\Connection.php(292): mysqli->query('SELECT `anak`.`idanak`, `anak`.`anaknama`, `bumil`.`idbumil`, `bumil`.`ibunama`
FROM `anak`
LEFT JOIN `bumil` ON `anak`.`idbumil` = `bumil`.`idbumil`
ORDER BY `anak`.`idanak` DESC', 0)
 2 SYSTEMPATH\Database\BaseConnection.php(693): CodeIgniter\Database\MySQLi\Connection->execute('SELECT `anak`.`idanak`, `anak`.`anaknama`, `bumil`.`idbumil`, `bumil`.`ibunama`
FROM `anak`
LEFT JOIN `bumil` ON `anak`.`idbumil` = `bumil`.`idbumil`
ORDER BY `anak`.`idanak` DESC')
 3 SYSTEMPATH\Database\BaseConnection.php(620): CodeIgniter\Database\BaseConnection->simpleQuery('SELECT `anak`.`idanak`, `anak`.`anaknama`, `bumil`.`idbumil`, `bumil`.`ibunama`
FROM `anak`
LEFT JOIN `bumil` ON `anak`.`idbumil` = `bumil`.`idbumil`
ORDER BY `anak`.`idanak` DESC')
 4 SYSTEMPATH\Database\BaseBuilder.php(1585): CodeIgniter\Database\BaseConnection->query('SELECT `anak`.`idanak`, `anak`.`anaknama`, `bumil`.`idbumil`, `bumil`.`ibunama`
FROM `anak`
LEFT JOIN `bumil` ON `anak`.`idbumil` = `bumil`.`idbumil`
ORDER BY `anak`.`idanak` DESC', [], false)
 5 APPPATH\Models\AbsenanakModel.php(39): CodeIgniter\Database\BaseBuilder->get()
 6 APPPATH\Controllers\Absen.php(74): App\Models\AbsenanakModel->getDataAnak()
 7 SYSTEMPATH\CodeIgniter.php(898): App\Controllers\Absen->absenanak()
 8 SYSTEMPATH\CodeIgniter.php(457): CodeIgniter\CodeIgniter->runController(Object(App\Controllers\Absen))
 9 SYSTEMPATH\CodeIgniter.php(340): CodeIgniter\CodeIgniter->handleRequest(null, Object(Config\Cache), false)
10 FCPATH\index.php(67): CodeIgniter\CodeIgniter->run()
11 SYSTEMPATH\Commands\Server\rewrite.php(43): require_once('FCPATH\\index.php')
