ERROR - 2023-06-25 04:14:15 --> mysqli_sql_exception: Unknown column 'tanggal' in 'where clause' in C:\xampp\htdocs\ta_posyandu\system\Database\MySQLi\Connection.php:292
Stack trace:
#0 C:\xampp\htdocs\ta_posyandu\system\Database\MySQLi\Connection.php(292): mysqli->query('SELECT `laporan...', 0)
#1 C:\xampp\htdocs\ta_posyandu\system\Database\BaseConnection.php(693): CodeIgniter\Database\MySQLi\Connection->execute('SELECT `laporan...')
#2 C:\xampp\htdocs\ta_posyandu\system\Database\BaseConnection.php(620): CodeIgniter\Database\BaseConnection->simpleQuery('SELECT `laporan...')
#3 C:\xampp\htdocs\ta_posyandu\system\Database\BaseBuilder.php(1585): CodeIgniter\Database\BaseConnection->query('SELECT `laporan...', Array, false)
#4 C:\xampp\htdocs\ta_posyandu\system\Model.php(222): CodeIgniter\Database\BaseBuilder->get()
#5 C:\xampp\htdocs\ta_posyandu\system\BaseModel.php(584): CodeIgniter\Model->doFindAll(0, 0)
#6 C:\xampp\htdocs\ta_posyandu\app\Models\LaporankomdatModel.php(38): CodeIgniter\BaseModel->findAll()
#7 C:\xampp\htdocs\ta_posyandu\app\Controllers\Laporankomdat.php(43): App\Models\LaporankomdatModel->filterByTanggal('2023-03-22', '2023-06-25')
#8 C:\xampp\htdocs\ta_posyandu\system\CodeIgniter.php(898): App\Controllers\Laporankomdat->filter()
#9 C:\xampp\htdocs\ta_posyandu\system\CodeIgniter.php(457): CodeIgniter\CodeIgniter->runController(Object(App\Controllers\Laporankomdat))
#10 C:\xampp\htdocs\ta_posyandu\system\CodeIgniter.php(340): CodeIgniter\CodeIgniter->handleRequest(NULL, Object(Config\Cache), false)
#11 C:\xampp\htdocs\ta_posyandu\public\index.php(67): CodeIgniter\CodeIgniter->run()
#12 C:\xampp\htdocs\ta_posyandu\system\Commands\Server\rewrite.php(43): require_once('C:\\xampp\\htdocs...')
#13 {main}
CRITICAL - 2023-06-25 04:14:15 --> Unknown column 'tanggal' in 'where clause'
in SYSTEMPATH\Database\MySQLi\Connection.php on line 292.
 1 SYSTEMPATH\Database\MySQLi\Connection.php(292): mysqli->query('SELECT `laporan`.*
FROM `laporan`
WHERE `tanggal` >= \'2023-03-22\'
AND `tanggal` <= \'2023-06-25\'', 0)
 2 SYSTEMPATH\Database\BaseConnection.php(693): CodeIgniter\Database\MySQLi\Connection->execute('SELECT `laporan`.*
FROM `laporan`
WHERE `tanggal` >= \'2023-03-22\'
AND `tanggal` <= \'2023-06-25\'')
 3 SYSTEMPATH\Database\BaseConnection.php(620): CodeIgniter\Database\BaseConnection->simpleQuery('SELECT `laporan`.*
FROM `laporan`
WHERE `tanggal` >= \'2023-03-22\'
AND `tanggal` <= \'2023-06-25\'')
 4 SYSTEMPATH\Database\BaseBuilder.php(1585): CodeIgniter\Database\BaseConnection->query('SELECT `laporan`.*
FROM `laporan`
WHERE `tanggal` >= :tanggal:
AND `tanggal` <= :tanggal.1:', [...], false)
 5 SYSTEMPATH\Model.php(222): CodeIgniter\Database\BaseBuilder->get()
 6 SYSTEMPATH\BaseModel.php(584): CodeIgniter\Model->doFindAll(0, 0)
 7 APPPATH\Models\LaporankomdatModel.php(38): CodeIgniter\BaseModel->findAll()
 8 APPPATH\Controllers\Laporankomdat.php(43): App\Models\LaporankomdatModel->filterByTanggal('2023-03-22', '2023-06-25')
 9 SYSTEMPATH\CodeIgniter.php(898): App\Controllers\Laporankomdat->filter()
10 SYSTEMPATH\CodeIgniter.php(457): CodeIgniter\CodeIgniter->runController(Object(App\Controllers\Laporankomdat))
11 SYSTEMPATH\CodeIgniter.php(340): CodeIgniter\CodeIgniter->handleRequest(null, Object(Config\Cache), false)
12 FCPATH\index.php(67): CodeIgniter\CodeIgniter->run()
13 SYSTEMPATH\Commands\Server\rewrite.php(43): require_once('FCPATH\\index.php')
CRITICAL - 2023-06-25 04:14:57 --> Call to a member function orderBy() on array
in APPPATH\Models\LaporankomdatModel.php on line 39.
 1 APPPATH\Controllers\Laporankomdat.php(43): App\Models\LaporankomdatModel->filterByTanggal('2023-03-22', '2023-06-25')
 2 SYSTEMPATH\CodeIgniter.php(898): App\Controllers\Laporankomdat->filter()
 3 SYSTEMPATH\CodeIgniter.php(457): CodeIgniter\CodeIgniter->runController(Object(App\Controllers\Laporankomdat))
 4 SYSTEMPATH\CodeIgniter.php(340): CodeIgniter\CodeIgniter->handleRequest(null, Object(Config\Cache), false)
 5 FCPATH\index.php(67): CodeIgniter\CodeIgniter->run()
 6 SYSTEMPATH\Commands\Server\rewrite.php(43): require_once('FCPATH\\index.php')
CRITICAL - 2023-06-25 04:15:13 --> Attempt to read property "kia1" on array
in APPPATH\Views\laporan\pdfkomdatall.php on line 100.
 1 APPPATH\Views\laporan\pdfkomdatall.php(100): CodeIgniter\Debug\Exceptions->errorHandler(2, 'Attempt to read property "kia1" on array', 'APPPATH\\Views\\laporan\\pdfkomdatall.php', 100)
 2 SYSTEMPATH\View\View.php(213): include('APPPATH\\Views\\laporan\\pdfkomdatall.php')
 3 SYSTEMPATH\View\View.php(216): CodeIgniter\View\View->CodeIgniter\View\{closure}()
 4 SYSTEMPATH\Common.php(1137): CodeIgniter\View\View->render('laporan/pdfkomdatall', [], true)
 5 APPPATH\Controllers\Laporankomdat.php(59): view('laporan/pdfkomdatall', [...])
 6 SYSTEMPATH\CodeIgniter.php(898): App\Controllers\Laporankomdat->filter()
 7 SYSTEMPATH\CodeIgniter.php(457): CodeIgniter\CodeIgniter->runController(Object(App\Controllers\Laporankomdat))
 8 SYSTEMPATH\CodeIgniter.php(340): CodeIgniter\CodeIgniter->handleRequest(null, Object(Config\Cache), false)
 9 FCPATH\index.php(67): CodeIgniter\CodeIgniter->run()
10 SYSTEMPATH\Commands\Server\rewrite.php(43): require_once('FCPATH\\index.php')
CRITICAL - 2023-06-25 04:34:59 --> Undefined variable $laporankomdat
in APPPATH\Views\laporan\pdfkomdatall.php on line 97.
 1 APPPATH\Views\laporan\pdfkomdatall.php(97): CodeIgniter\Debug\Exceptions->errorHandler(2, 'Undefined variable $laporankomdat', 'APPPATH\\Views\\laporan\\pdfkomdatall.php', 97)
 2 SYSTEMPATH\View\View.php(213): include('APPPATH\\Views\\laporan\\pdfkomdatall.php')
 3 SYSTEMPATH\View\View.php(216): CodeIgniter\View\View->CodeIgniter\View\{closure}()
 4 SYSTEMPATH\Common.php(1137): CodeIgniter\View\View->render('laporan/pdfkomdatall', [], true)
 5 APPPATH\Controllers\Laporankomdat.php(65): view('laporan/pdfkomdatall', [...])
 6 SYSTEMPATH\CodeIgniter.php(898): App\Controllers\Laporankomdat->filter()
 7 SYSTEMPATH\CodeIgniter.php(457): CodeIgniter\CodeIgniter->runController(Object(App\Controllers\Laporankomdat))
 8 SYSTEMPATH\CodeIgniter.php(340): CodeIgniter\CodeIgniter->handleRequest(null, Object(Config\Cache), false)
 9 FCPATH\index.php(67): CodeIgniter\CodeIgniter->run()
10 SYSTEMPATH\Commands\Server\rewrite.php(43): require_once('FCPATH\\index.php')
CRITICAL - 2023-06-25 06:42:55 --> Maximum execution time of 60 seconds exceeded
in VENDORPATH\dompdf\dompdf\src\Helpers.php on line 915.
 1 [internal function]: CodeIgniter\Debug\Exceptions->shutdownHandler()
CRITICAL - 2023-06-25 08:42:09 --> Object of class Myth\Auth\Models\UserModel could not be converted to string
in APPPATH\Views\dashboard.php on line 13.
 1 SYSTEMPATH\View\View.php(213): include()
 2 SYSTEMPATH\View\View.php(216): CodeIgniter\View\View->CodeIgniter\View\{closure}()
 3 SYSTEMPATH\Common.php(1137): CodeIgniter\View\View->render('dashboard', [], true)
 4 APPPATH\Controllers\Admin.php(62): view('dashboard', [...])
 5 SYSTEMPATH\CodeIgniter.php(898): App\Controllers\Admin->index()
 6 SYSTEMPATH\CodeIgniter.php(457): CodeIgniter\CodeIgniter->runController(Object(App\Controllers\Admin))
 7 SYSTEMPATH\CodeIgniter.php(340): CodeIgniter\CodeIgniter->handleRequest(null, Object(Config\Cache), false)
 8 FCPATH\index.php(67): CodeIgniter\CodeIgniter->run()
 9 SYSTEMPATH\Commands\Server\rewrite.php(43): require_once('FCPATH\\index.php')
