ERROR - 2023-07-05 00:07:52 --> mysqli_sql_exception: Unknown column 'name' in 'field list' in C:\xampp\htdocs\posyandu_ta\system\Database\MySQLi\Connection.php:292
Stack trace:
#0 C:\xampp\htdocs\posyandu_ta\system\Database\MySQLi\Connection.php(292): mysqli->query('SELECT `users`....', 0)
#1 C:\xampp\htdocs\posyandu_ta\system\Database\BaseConnection.php(693): CodeIgniter\Database\MySQLi\Connection->execute('SELECT `users`....')
#2 C:\xampp\htdocs\posyandu_ta\system\Database\BaseConnection.php(620): CodeIgniter\Database\BaseConnection->simpleQuery('SELECT `users`....')
#3 C:\xampp\htdocs\posyandu_ta\system\Database\BaseBuilder.php(1585): CodeIgniter\Database\BaseConnection->query('SELECT `users`....', Array, false)
#4 C:\xampp\htdocs\posyandu_ta\app\Controllers\Admin.php(87): CodeIgniter\Database\BaseBuilder->get()
#5 C:\xampp\htdocs\posyandu_ta\system\CodeIgniter.php(898): App\Controllers\Admin->datauser()
#6 C:\xampp\htdocs\posyandu_ta\system\CodeIgniter.php(457): CodeIgniter\CodeIgniter->runController(Object(App\Controllers\Admin))
#7 C:\xampp\htdocs\posyandu_ta\system\CodeIgniter.php(340): CodeIgniter\CodeIgniter->handleRequest(NULL, Object(Config\Cache), false)
#8 C:\xampp\htdocs\posyandu_ta\public\index.php(67): CodeIgniter\CodeIgniter->run()
#9 C:\xampp\htdocs\posyandu_ta\system\Commands\Server\rewrite.php(43): require_once('C:\\xampp\\htdocs...')
#10 {main}
CRITICAL - 2023-07-05 00:07:52 --> Unknown column 'name' in 'field list'
in SYSTEMPATH\Database\MySQLi\Connection.php on line 292.
 1 SYSTEMPATH\Database\MySQLi\Connection.php(292): mysqli->query('SELECT `users`.`id`, `username`, `email`, `name`, `role`
FROM `users`
WHERE `users`.`name` IN (\'admin\',\'kader\')', 0)
 2 SYSTEMPATH\Database\BaseConnection.php(693): CodeIgniter\Database\MySQLi\Connection->execute('SELECT `users`.`id`, `username`, `email`, `name`, `role`
FROM `users`
WHERE `users`.`name` IN (\'admin\',\'kader\')')
 3 SYSTEMPATH\Database\BaseConnection.php(620): CodeIgniter\Database\BaseConnection->simpleQuery('SELECT `users`.`id`, `username`, `email`, `name`, `role`
FROM `users`
WHERE `users`.`name` IN (\'admin\',\'kader\')')
 4 SYSTEMPATH\Database\BaseBuilder.php(1585): CodeIgniter\Database\BaseConnection->query('SELECT `users`.`id`, `username`, `email`, `name`, `role`
FROM `users`
WHERE `users`.`name` IN :users.name:', [...], false)
 5 APPPATH\Controllers\Admin.php(87): CodeIgniter\Database\BaseBuilder->get()
 6 SYSTEMPATH\CodeIgniter.php(898): App\Controllers\Admin->datauser()
 7 SYSTEMPATH\CodeIgniter.php(457): CodeIgniter\CodeIgniter->runController(Object(App\Controllers\Admin))
 8 SYSTEMPATH\CodeIgniter.php(340): CodeIgniter\CodeIgniter->handleRequest(null, Object(Config\Cache), false)
 9 FCPATH\index.php(67): CodeIgniter\CodeIgniter->run()
10 SYSTEMPATH\Commands\Server\rewrite.php(43): require_once('FCPATH\\index.php')
CRITICAL - 2023-07-05 00:09:10 --> Undefined property: stdClass::$name
in APPPATH\Views\admin\datauser.php on line 67.
 1 APPPATH\Views\admin\datauser.php(67): CodeIgniter\Debug\Exceptions->errorHandler(2, 'Undefined property: stdClass::$name', 'APPPATH\\Views\\admin\\datauser.php', 67)
 2 SYSTEMPATH\View\View.php(213): include('APPPATH\\Views\\admin\\datauser.php')
 3 SYSTEMPATH\View\View.php(216): CodeIgniter\View\View->CodeIgniter\View\{closure}()
 4 SYSTEMPATH\Common.php(1137): CodeIgniter\View\View->render('admin/datauser', [], true)
 5 APPPATH\Controllers\Admin.php(97): view('admin/datauser', [...])
 6 SYSTEMPATH\CodeIgniter.php(898): App\Controllers\Admin->datauser()
 7 SYSTEMPATH\CodeIgniter.php(457): CodeIgniter\CodeIgniter->runController(Object(App\Controllers\Admin))
 8 SYSTEMPATH\CodeIgniter.php(340): CodeIgniter\CodeIgniter->handleRequest(null, Object(Config\Cache), false)
 9 FCPATH\index.php(67): CodeIgniter\CodeIgniter->run()
10 SYSTEMPATH\Commands\Server\rewrite.php(43): require_once('FCPATH\\index.php')
CRITICAL - 2023-07-05 00:12:50 --> Undefined property: stdClass::$role
in APPPATH\Views\admin\detailuser.php on line 47.
 1 APPPATH\Views\admin\detailuser.php(47): CodeIgniter\Debug\Exceptions->errorHandler(2, 'Undefined property: stdClass::$role', 'APPPATH\\Views\\admin\\detailuser.php', 47)
 2 SYSTEMPATH\View\View.php(213): include('APPPATH\\Views\\admin\\detailuser.php')
 3 SYSTEMPATH\View\View.php(216): CodeIgniter\View\View->CodeIgniter\View\{closure}()
 4 SYSTEMPATH\Common.php(1137): CodeIgniter\View\View->render('admin/detailuser', [], true)
 5 APPPATH\Controllers\Admin.php(200): view('admin/detailuser', [...])
 6 SYSTEMPATH\CodeIgniter.php(898): App\Controllers\Admin->detailuser('2')
 7 SYSTEMPATH\CodeIgniter.php(457): CodeIgniter\CodeIgniter->runController(Object(App\Controllers\Admin))
 8 SYSTEMPATH\CodeIgniter.php(340): CodeIgniter\CodeIgniter->handleRequest(null, Object(Config\Cache), false)
 9 FCPATH\index.php(67): CodeIgniter\CodeIgniter->run()
10 SYSTEMPATH\Commands\Server\rewrite.php(43): require_once('FCPATH\\index.php')
CRITICAL - 2023-07-05 00:13:48 --> Undefined property: stdClass::$role
in APPPATH\Views\admin\detailuser.php on line 47.
 1 APPPATH\Views\admin\detailuser.php(47): CodeIgniter\Debug\Exceptions->errorHandler(2, 'Undefined property: stdClass::$role', 'APPPATH\\Views\\admin\\detailuser.php', 47)
 2 SYSTEMPATH\View\View.php(213): include('APPPATH\\Views\\admin\\detailuser.php')
 3 SYSTEMPATH\View\View.php(216): CodeIgniter\View\View->CodeIgniter\View\{closure}()
 4 SYSTEMPATH\Common.php(1137): CodeIgniter\View\View->render('admin/detailuser', [], true)
 5 APPPATH\Controllers\Admin.php(199): view('admin/detailuser', [...])
 6 SYSTEMPATH\CodeIgniter.php(898): App\Controllers\Admin->detailuser('2')
 7 SYSTEMPATH\CodeIgniter.php(457): CodeIgniter\CodeIgniter->runController(Object(App\Controllers\Admin))
 8 SYSTEMPATH\CodeIgniter.php(340): CodeIgniter\CodeIgniter->handleRequest(null, Object(Config\Cache), false)
 9 FCPATH\index.php(67): CodeIgniter\CodeIgniter->run()
10 SYSTEMPATH\Commands\Server\rewrite.php(43): require_once('FCPATH\\index.php')
CRITICAL - 2023-07-05 00:14:28 --> Undefined property: stdClass::$fullname
in APPPATH\Views\admin\detailuser.php on line 38.
 1 APPPATH\Views\admin\detailuser.php(38): CodeIgniter\Debug\Exceptions->errorHandler(2, 'Undefined property: stdClass::$fullname', 'APPPATH\\Views\\admin\\detailuser.php', 38)
 2 SYSTEMPATH\View\View.php(213): include('APPPATH\\Views\\admin\\detailuser.php')
 3 SYSTEMPATH\View\View.php(216): CodeIgniter\View\View->CodeIgniter\View\{closure}()
 4 SYSTEMPATH\Common.php(1137): CodeIgniter\View\View->render('admin/detailuser', [], true)
 5 APPPATH\Controllers\Admin.php(198): view('admin/detailuser', [...])
 6 SYSTEMPATH\CodeIgniter.php(898): App\Controllers\Admin->detailuser('2')
 7 SYSTEMPATH\CodeIgniter.php(457): CodeIgniter\CodeIgniter->runController(Object(App\Controllers\Admin))
 8 SYSTEMPATH\CodeIgniter.php(340): CodeIgniter\CodeIgniter->handleRequest(null, Object(Config\Cache), false)
 9 FCPATH\index.php(67): CodeIgniter\CodeIgniter->run()
10 SYSTEMPATH\Commands\Server\rewrite.php(43): require_once('FCPATH\\index.php')
CRITICAL - 2023-07-05 00:14:57 --> Undefined property: stdClass::$usernohp
in APPPATH\Views\admin\detailuser.php on line 45.
 1 APPPATH\Views\admin\detailuser.php(45): CodeIgniter\Debug\Exceptions->errorHandler(2, 'Undefined property: stdClass::$usernohp', 'APPPATH\\Views\\admin\\detailuser.php', 45)
 2 SYSTEMPATH\View\View.php(213): include('APPPATH\\Views\\admin\\detailuser.php')
 3 SYSTEMPATH\View\View.php(216): CodeIgniter\View\View->CodeIgniter\View\{closure}()
 4 SYSTEMPATH\Common.php(1137): CodeIgniter\View\View->render('admin/detailuser', [], true)
 5 APPPATH\Controllers\Admin.php(198): view('admin/detailuser', [...])
 6 SYSTEMPATH\CodeIgniter.php(898): App\Controllers\Admin->detailuser('2')
 7 SYSTEMPATH\CodeIgniter.php(457): CodeIgniter\CodeIgniter->runController(Object(App\Controllers\Admin))
 8 SYSTEMPATH\CodeIgniter.php(340): CodeIgniter\CodeIgniter->handleRequest(null, Object(Config\Cache), false)
 9 FCPATH\index.php(67): CodeIgniter\CodeIgniter->run()
10 SYSTEMPATH\Commands\Server\rewrite.php(43): require_once('FCPATH\\index.php')
ERROR - 2023-07-05 00:15:53 --> mysqli_sql_exception: You have an error in your SQL syntax; check the manual that corresponds to your MariaDB server version for the right syntax to use near 'IN ('admin','kader')' at line 3 in C:\xampp\htdocs\posyandu_ta\system\Database\MySQLi\Connection.php:292
Stack trace:
#0 C:\xampp\htdocs\posyandu_ta\system\Database\MySQLi\Connection.php(292): mysqli->query('SELECT `users`....', 0)
#1 C:\xampp\htdocs\posyandu_ta\system\Database\BaseConnection.php(693): CodeIgniter\Database\MySQLi\Connection->execute('SELECT `users`....')
#2 C:\xampp\htdocs\posyandu_ta\system\Database\BaseConnection.php(620): CodeIgniter\Database\BaseConnection->simpleQuery('SELECT `users`....')
#3 C:\xampp\htdocs\posyandu_ta\system\Database\BaseBuilder.php(1585): CodeIgniter\Database\BaseConnection->query('SELECT `users`....', Array, false)
#4 C:\xampp\htdocs\posyandu_ta\app\Controllers\Admin.php(87): CodeIgniter\Database\BaseBuilder->get()
#5 C:\xampp\htdocs\posyandu_ta\system\CodeIgniter.php(898): App\Controllers\Admin->datauser()
#6 C:\xampp\htdocs\posyandu_ta\system\CodeIgniter.php(457): CodeIgniter\CodeIgniter->runController(Object(App\Controllers\Admin))
#7 C:\xampp\htdocs\posyandu_ta\system\CodeIgniter.php(340): CodeIgniter\CodeIgniter->handleRequest(NULL, Object(Config\Cache), false)
#8 C:\xampp\htdocs\posyandu_ta\public\index.php(67): CodeIgniter\CodeIgniter->run()
#9 C:\xampp\htdocs\posyandu_ta\system\Commands\Server\rewrite.php(43): require_once('C:\\xampp\\htdocs...')
#10 {main}
CRITICAL - 2023-07-05 00:15:53 --> You have an error in your SQL syntax; check the manual that corresponds to your MariaDB server version for the right syntax to use near 'IN ('admin','kader')' at line 3
in SYSTEMPATH\Database\MySQLi\Connection.php on line 292.
 1 SYSTEMPATH\Database\MySQLi\Connection.php(292): mysqli->query('SELECT `users`.`id`, `username`, `email`, `role`
FROM `users`
WHERE `users`. IN (\'admin\',\'kader\')', 0)
 2 SYSTEMPATH\Database\BaseConnection.php(693): CodeIgniter\Database\MySQLi\Connection->execute('SELECT `users`.`id`, `username`, `email`, `role`
FROM `users`
WHERE `users`. IN (\'admin\',\'kader\')')
 3 SYSTEMPATH\Database\BaseConnection.php(620): CodeIgniter\Database\BaseConnection->simpleQuery('SELECT `users`.`id`, `username`, `email`, `role`
FROM `users`
WHERE `users`. IN (\'admin\',\'kader\')')
 4 SYSTEMPATH\Database\BaseBuilder.php(1585): CodeIgniter\Database\BaseConnection->query('SELECT `users`.`id`, `username`, `email`, `role`
FROM `users`
WHERE `users`. IN :users.:', [...], false)
 5 APPPATH\Controllers\Admin.php(87): CodeIgniter\Database\BaseBuilder->get()
 6 SYSTEMPATH\CodeIgniter.php(898): App\Controllers\Admin->datauser()
 7 SYSTEMPATH\CodeIgniter.php(457): CodeIgniter\CodeIgniter->runController(Object(App\Controllers\Admin))
 8 SYSTEMPATH\CodeIgniter.php(340): CodeIgniter\CodeIgniter->handleRequest(null, Object(Config\Cache), false)
 9 FCPATH\index.php(67): CodeIgniter\CodeIgniter->run()
10 SYSTEMPATH\Commands\Server\rewrite.php(43): require_once('FCPATH\\index.php')
ERROR - 2023-07-05 00:24:16 --> mysqli_sql_exception: You have an error in your SQL syntax; check the manual that corresponds to your MariaDB server version for the right syntax to use near 'IN ('admin','kader')' at line 3 in C:\xampp\htdocs\posyandu_ta\system\Database\MySQLi\Connection.php:292
Stack trace:
#0 C:\xampp\htdocs\posyandu_ta\system\Database\MySQLi\Connection.php(292): mysqli->query('SELECT `users`....', 0)
#1 C:\xampp\htdocs\posyandu_ta\system\Database\BaseConnection.php(693): CodeIgniter\Database\MySQLi\Connection->execute('SELECT `users`....')
#2 C:\xampp\htdocs\posyandu_ta\system\Database\BaseConnection.php(620): CodeIgniter\Database\BaseConnection->simpleQuery('SELECT `users`....')
#3 C:\xampp\htdocs\posyandu_ta\system\Database\BaseBuilder.php(1585): CodeIgniter\Database\BaseConnection->query('SELECT `users`....', Array, false)
#4 C:\xampp\htdocs\posyandu_ta\app\Controllers\Admin.php(87): CodeIgniter\Database\BaseBuilder->get()
#5 C:\xampp\htdocs\posyandu_ta\system\CodeIgniter.php(898): App\Controllers\Admin->datauser()
#6 C:\xampp\htdocs\posyandu_ta\system\CodeIgniter.php(457): CodeIgniter\CodeIgniter->runController(Object(App\Controllers\Admin))
#7 C:\xampp\htdocs\posyandu_ta\system\CodeIgniter.php(340): CodeIgniter\CodeIgniter->handleRequest(NULL, Object(Config\Cache), false)
#8 C:\xampp\htdocs\posyandu_ta\public\index.php(67): CodeIgniter\CodeIgniter->run()
#9 C:\xampp\htdocs\posyandu_ta\system\Commands\Server\rewrite.php(43): require_once('C:\\xampp\\htdocs...')
#10 {main}
CRITICAL - 2023-07-05 00:24:16 --> You have an error in your SQL syntax; check the manual that corresponds to your MariaDB server version for the right syntax to use near 'IN ('admin','kader')' at line 3
in SYSTEMPATH\Database\MySQLi\Connection.php on line 292.
 1 SYSTEMPATH\Database\MySQLi\Connection.php(292): mysqli->query('SELECT `users`.`id`, `username`, `email`, `fullname`, `role`
FROM `users`
WHERE `users`. IN (\'admin\',\'kader\')', 0)
 2 SYSTEMPATH\Database\BaseConnection.php(693): CodeIgniter\Database\MySQLi\Connection->execute('SELECT `users`.`id`, `username`, `email`, `fullname`, `role`
FROM `users`
WHERE `users`. IN (\'admin\',\'kader\')')
 3 SYSTEMPATH\Database\BaseConnection.php(620): CodeIgniter\Database\BaseConnection->simpleQuery('SELECT `users`.`id`, `username`, `email`, `fullname`, `role`
FROM `users`
WHERE `users`. IN (\'admin\',\'kader\')')
 4 SYSTEMPATH\Database\BaseBuilder.php(1585): CodeIgniter\Database\BaseConnection->query('SELECT `users`.`id`, `username`, `email`, `fullname`, `role`
FROM `users`
WHERE `users`. IN :users.:', [...], false)
 5 APPPATH\Controllers\Admin.php(87): CodeIgniter\Database\BaseBuilder->get()
 6 SYSTEMPATH\CodeIgniter.php(898): App\Controllers\Admin->datauser()
 7 SYSTEMPATH\CodeIgniter.php(457): CodeIgniter\CodeIgniter->runController(Object(App\Controllers\Admin))
 8 SYSTEMPATH\CodeIgniter.php(340): CodeIgniter\CodeIgniter->handleRequest(null, Object(Config\Cache), false)
 9 FCPATH\index.php(67): CodeIgniter\CodeIgniter->run()
10 SYSTEMPATH\Commands\Server\rewrite.php(43): require_once('FCPATH\\index.php')
CRITICAL - 2023-07-05 00:37:01 --> Maximum execution time of 60 seconds exceeded
in VENDORPATH\kint-php\kint\src\Parser\FsPathPlugin.php on line 60.
 1 [internal function]: CodeIgniter\Debug\Exceptions->shutdownHandler()
CRITICAL - 2023-07-05 01:29:42 --> Undefined variable $kes
in APPPATH\Views\masyarakat\riwayatimunisasi.php on line 64.
 1 APPPATH\Views\masyarakat\riwayatimunisasi.php(64): CodeIgniter\Debug\Exceptions->errorHandler(2, 'Undefined variable $kes', 'APPPATH\\Views\\masyarakat\\riwayatimunisasi.php', 64)
 2 SYSTEMPATH\View\View.php(213): include('APPPATH\\Views\\masyarakat\\riwayatimunisasi.php')
 3 SYSTEMPATH\View\View.php(216): CodeIgniter\View\View->CodeIgniter\View\{closure}()
 4 SYSTEMPATH\Common.php(1137): CodeIgniter\View\View->render('masyarakat/riwayatimunisasi', [], true)
 5 APPPATH\Controllers\Masyarakat.php(133): view('masyarakat/riwayatimunisasi', [...])
 6 SYSTEMPATH\CodeIgniter.php(898): App\Controllers\Masyarakat->riwayatimunisasi()
 7 SYSTEMPATH\CodeIgniter.php(457): CodeIgniter\CodeIgniter->runController(Object(App\Controllers\Masyarakat))
 8 SYSTEMPATH\CodeIgniter.php(340): CodeIgniter\CodeIgniter->handleRequest(null, Object(Config\Cache), false)
 9 FCPATH\index.php(67): CodeIgniter\CodeIgniter->run()
10 SYSTEMPATH\Commands\Server\rewrite.php(43): require_once('FCPATH\\index.php')
CRITICAL - 2023-07-05 01:30:09 --> Undefined property: stdClass::$tgltkb
in APPPATH\Views\masyarakat\riwayatkb.php on line 59.
 1 APPPATH\Views\masyarakat\riwayatkb.php(59): CodeIgniter\Debug\Exceptions->errorHandler(2, 'Undefined property: stdClass::$tgltkb', 'APPPATH\\Views\\masyarakat\\riwayatkb.php', 59)
 2 SYSTEMPATH\View\View.php(213): include('APPPATH\\Views\\masyarakat\\riwayatkb.php')
 3 SYSTEMPATH\View\View.php(216): CodeIgniter\View\View->CodeIgniter\View\{closure}()
 4 SYSTEMPATH\Common.php(1137): CodeIgniter\View\View->render('masyarakat/riwayatkb', [], true)
 5 APPPATH\Controllers\Masyarakat.php(87): view('masyarakat/riwayatkb', [...])
 6 SYSTEMPATH\CodeIgniter.php(898): App\Controllers\Masyarakat->riwayatkb()
 7 SYSTEMPATH\CodeIgniter.php(457): CodeIgniter\CodeIgniter->runController(Object(App\Controllers\Masyarakat))
 8 SYSTEMPATH\CodeIgniter.php(340): CodeIgniter\CodeIgniter->handleRequest(null, Object(Config\Cache), false)
 9 FCPATH\index.php(67): CodeIgniter\CodeIgniter->run()
10 SYSTEMPATH\Commands\Server\rewrite.php(43): require_once('FCPATH\\index.php')
CRITICAL - 2023-07-05 03:06:16 --> Undefined array key "ibunama"
in APPPATH\Views\kader\anak\editanak.php on line 170.
 1 APPPATH\Views\kader\anak\editanak.php(170): CodeIgniter\Debug\Exceptions->errorHandler(2, 'Undefined array key "ibunama"', 'APPPATH\\Views\\kader\\anak\\editanak.php', 170)
 2 SYSTEMPATH\View\View.php(213): include('APPPATH\\Views\\kader\\anak\\editanak.php')
 3 SYSTEMPATH\View\View.php(216): CodeIgniter\View\View->CodeIgniter\View\{closure}()
 4 SYSTEMPATH\Common.php(1137): CodeIgniter\View\View->render('kader/anak/editanak', [], true)
 5 APPPATH\Controllers\Anak.php(187): view('kader/anak/editanak', [...])
 6 SYSTEMPATH\CodeIgniter.php(898): App\Controllers\Anak->editanak('2')
 7 SYSTEMPATH\CodeIgniter.php(457): CodeIgniter\CodeIgniter->runController(Object(App\Controllers\Anak))
 8 SYSTEMPATH\CodeIgniter.php(340): CodeIgniter\CodeIgniter->handleRequest(null, Object(Config\Cache), false)
 9 FCPATH\index.php(67): CodeIgniter\CodeIgniter->run()
10 SYSTEMPATH\Commands\Server\rewrite.php(43): require_once('FCPATH\\index.php')
CRITICAL - 2023-07-05 03:08:13 --> Undefined variable $ayahData
in APPPATH\Views\kader\anak\editanak.php on line 185.
 1 APPPATH\Views\kader\anak\editanak.php(185): CodeIgniter\Debug\Exceptions->errorHandler(2, 'Undefined variable $ayahData', 'APPPATH\\Views\\kader\\anak\\editanak.php', 185)
 2 SYSTEMPATH\View\View.php(213): include('APPPATH\\Views\\kader\\anak\\editanak.php')
 3 SYSTEMPATH\View\View.php(216): CodeIgniter\View\View->CodeIgniter\View\{closure}()
 4 SYSTEMPATH\Common.php(1137): CodeIgniter\View\View->render('kader/anak/editanak', [], true)
 5 APPPATH\Controllers\Anak.php(187): view('kader/anak/editanak', [...])
 6 SYSTEMPATH\CodeIgniter.php(898): App\Controllers\Anak->editanak('2')
 7 SYSTEMPATH\CodeIgniter.php(457): CodeIgniter\CodeIgniter->runController(Object(App\Controllers\Anak))
 8 SYSTEMPATH\CodeIgniter.php(340): CodeIgniter\CodeIgniter->handleRequest(null, Object(Config\Cache), false)
 9 FCPATH\index.php(67): CodeIgniter\CodeIgniter->run()
10 SYSTEMPATH\Commands\Server\rewrite.php(43): require_once('FCPATH\\index.php')
CRITICAL - 2023-07-05 06:46:12 --> Undefined property: stdClass::$tgltkb
in APPPATH\Views\masyarakat\riwayatkb.php on line 59.
 1 APPPATH\Views\masyarakat\riwayatkb.php(59): CodeIgniter\Debug\Exceptions->errorHandler(2, 'Undefined property: stdClass::$tgltkb', 'APPPATH\\Views\\masyarakat\\riwayatkb.php', 59)
 2 SYSTEMPATH\View\View.php(213): include('APPPATH\\Views\\masyarakat\\riwayatkb.php')
 3 SYSTEMPATH\View\View.php(216): CodeIgniter\View\View->CodeIgniter\View\{closure}()
 4 SYSTEMPATH\Common.php(1137): CodeIgniter\View\View->render('masyarakat/riwayatkb', [], true)
 5 APPPATH\Controllers\Masyarakat.php(87): view('masyarakat/riwayatkb', [...])
 6 SYSTEMPATH\CodeIgniter.php(898): App\Controllers\Masyarakat->riwayatkb()
 7 SYSTEMPATH\CodeIgniter.php(457): CodeIgniter\CodeIgniter->runController(Object(App\Controllers\Masyarakat))
 8 SYSTEMPATH\CodeIgniter.php(340): CodeIgniter\CodeIgniter->handleRequest(null, Object(Config\Cache), false)
 9 FCPATH\index.php(67): CodeIgniter\CodeIgniter->run()
10 SYSTEMPATH\Commands\Server\rewrite.php(43): require_once('FCPATH\\index.php')
CRITICAL - 2023-07-05 06:48:08 --> Undefined variable $kes
in APPPATH\Views\masyarakat\riwayatkb.php on line 64.
 1 APPPATH\Views\masyarakat\riwayatkb.php(64): CodeIgniter\Debug\Exceptions->errorHandler(2, 'Undefined variable $kes', 'APPPATH\\Views\\masyarakat\\riwayatkb.php', 64)
 2 SYSTEMPATH\View\View.php(213): include('APPPATH\\Views\\masyarakat\\riwayatkb.php')
 3 SYSTEMPATH\View\View.php(216): CodeIgniter\View\View->CodeIgniter\View\{closure}()
 4 SYSTEMPATH\Common.php(1137): CodeIgniter\View\View->render('masyarakat/riwayatkb', [], true)
 5 APPPATH\Controllers\Masyarakat.php(87): view('masyarakat/riwayatkb', [...])
 6 SYSTEMPATH\CodeIgniter.php(898): App\Controllers\Masyarakat->riwayatkb()
 7 SYSTEMPATH\CodeIgniter.php(457): CodeIgniter\CodeIgniter->runController(Object(App\Controllers\Masyarakat))
 8 SYSTEMPATH\CodeIgniter.php(340): CodeIgniter\CodeIgniter->handleRequest(null, Object(Config\Cache), false)
 9 FCPATH\index.php(67): CodeIgniter\CodeIgniter->run()
10 SYSTEMPATH\Commands\Server\rewrite.php(43): require_once('FCPATH\\index.php')
ERROR - 2023-07-05 21:00:45 --> mysqli_sql_exception: Cannot delete or update a parent row: a foreign key constraint fails (`posyanduta`.`anak`, CONSTRAINT `anak_bumil` FOREIGN KEY (`idbumil`) REFERENCES `bumil` (`idbumil`)) in C:\xampp\htdocs\posyandu_ta\system\Database\MySQLi\Connection.php:292
Stack trace:
#0 C:\xampp\htdocs\posyandu_ta\system\Database\MySQLi\Connection.php(292): mysqli->query('DELETE FROM `bu...', 0)
#1 C:\xampp\htdocs\posyandu_ta\system\Database\BaseConnection.php(693): CodeIgniter\Database\MySQLi\Connection->execute('DELETE FROM `bu...')
#2 C:\xampp\htdocs\posyandu_ta\system\Database\BaseConnection.php(620): CodeIgniter\Database\BaseConnection->simpleQuery('DELETE FROM `bu...')
#3 C:\xampp\htdocs\posyandu_ta\system\Database\BaseBuilder.php(2390): CodeIgniter\Database\BaseConnection->query('DELETE FROM `bu...', Array, false)
#4 C:\xampp\htdocs\posyandu_ta\system\Model.php(400): CodeIgniter\Database\BaseBuilder->delete()
#5 C:\xampp\htdocs\posyandu_ta\system\BaseModel.php(963): CodeIgniter\Model->doDelete(Array, false)
#6 C:\xampp\htdocs\posyandu_ta\app\Controllers\Bumil.php(448): CodeIgniter\BaseModel->delete(Array)
#7 C:\xampp\htdocs\posyandu_ta\system\CodeIgniter.php(898): App\Controllers\Bumil->hapusbumil('2')
#8 C:\xampp\htdocs\posyandu_ta\system\CodeIgniter.php(457): CodeIgniter\CodeIgniter->runController(Object(App\Controllers\Bumil))
#9 C:\xampp\htdocs\posyandu_ta\system\CodeIgniter.php(340): CodeIgniter\CodeIgniter->handleRequest(NULL, Object(Config\Cache), false)
#10 C:\xampp\htdocs\posyandu_ta\public\index.php(67): CodeIgniter\CodeIgniter->run()
#11 C:\xampp\htdocs\posyandu_ta\system\Commands\Server\rewrite.php(43): require_once('C:\\xampp\\htdocs...')
#12 {main}
CRITICAL - 2023-07-05 21:00:45 --> Cannot delete or update a parent row: a foreign key constraint fails (`posyanduta`.`anak`, CONSTRAINT `anak_bumil` FOREIGN KEY (`idbumil`) REFERENCES `bumil` (`idbumil`))
in SYSTEMPATH\Database\MySQLi\Connection.php on line 292.
 1 SYSTEMPATH\Database\MySQLi\Connection.php(292): mysqli->query('DELETE FROM `bumil`
WHERE `idbumil` IN (\'2\')', 0)
 2 SYSTEMPATH\Database\BaseConnection.php(693): CodeIgniter\Database\MySQLi\Connection->execute('DELETE FROM `bumil`
WHERE `idbumil` IN (\'2\')')
 3 SYSTEMPATH\Database\BaseConnection.php(620): CodeIgniter\Database\BaseConnection->simpleQuery('DELETE FROM `bumil`
WHERE `idbumil` IN (\'2\')')
 4 SYSTEMPATH\Database\BaseBuilder.php(2390): CodeIgniter\Database\BaseConnection->query('DELETE FROM `bumil`
WHERE `idbumil` IN :idbumil:', [...], false)
 5 SYSTEMPATH\Model.php(400): CodeIgniter\Database\BaseBuilder->delete()
 6 SYSTEMPATH\BaseModel.php(963): CodeIgniter\Model->doDelete([...], false)
 7 APPPATH\Controllers\Bumil.php(448): CodeIgniter\BaseModel->delete([...])
 8 SYSTEMPATH\CodeIgniter.php(898): App\Controllers\Bumil->hapusbumil('2')
 9 SYSTEMPATH\CodeIgniter.php(457): CodeIgniter\CodeIgniter->runController(Object(App\Controllers\Bumil))
10 SYSTEMPATH\CodeIgniter.php(340): CodeIgniter\CodeIgniter->handleRequest(null, Object(Config\Cache), false)
11 FCPATH\index.php(67): CodeIgniter\CodeIgniter->run()
12 SYSTEMPATH\Commands\Server\rewrite.php(43): require_once('FCPATH\\index.php')
ERROR - 2023-07-05 11:32:57 --> Error connecting to the database: mysqli_sql_exception: No connection could be made because the target machine actively refused it in C:\xampp\htdocs\posyandu_ta\system\Database\MySQLi\Connection.php:171
Stack trace:
#0 C:\xampp\htdocs\posyandu_ta\system\Database\MySQLi\Connection.php(171): mysqli->real_connect('localhost', 'root', '', 'posyanduta', 3306, '', 0)
#1 C:\xampp\htdocs\posyandu_ta\system\Database\BaseConnection.php(382): CodeIgniter\Database\MySQLi\Connection->connect(false)
#2 C:\xampp\htdocs\posyandu_ta\system\Database\BaseConnection.php(588): CodeIgniter\Database\BaseConnection->initialize()
#3 C:\xampp\htdocs\posyandu_ta\system\Database\BaseBuilder.php(1585): CodeIgniter\Database\BaseConnection->query('SELECT `laporan...', Array, false)
#4 C:\xampp\htdocs\posyandu_ta\app\Models\LaporankomdatModel.php(29): CodeIgniter\Database\BaseBuilder->get()
#5 C:\xampp\htdocs\posyandu_ta\app\Controllers\Laporankomdat.php(32): App\Models\LaporankomdatModel->getAllData()
#6 C:\xampp\htdocs\posyandu_ta\system\CodeIgniter.php(898): App\Controllers\Laporankomdat->index()
#7 C:\xampp\htdocs\posyandu_ta\system\CodeIgniter.php(457): CodeIgniter\CodeIgniter->runController(Object(App\Controllers\Laporankomdat))
#8 C:\xampp\htdocs\posyandu_ta\system\CodeIgniter.php(340): CodeIgniter\CodeIgniter->handleRequest(NULL, Object(Config\Cache), false)
#9 C:\xampp\htdocs\posyandu_ta\public\index.php(67): CodeIgniter\CodeIgniter->run()
#10 C:\xampp\htdocs\posyandu_ta\system\Commands\Server\rewrite.php(43): require_once('C:\\xampp\\htdocs...')
#11 {main}

Next CodeIgniter\Database\Exceptions\DatabaseException: No connection could be made because the target machine actively refused it in C:\xampp\htdocs\posyandu_ta\system\Database\MySQLi\Connection.php:215
Stack trace:
#0 C:\xampp\htdocs\posyandu_ta\system\Database\BaseConnection.php(382): CodeIgniter\Database\MySQLi\Connection->connect(false)
#1 C:\xampp\htdocs\posyandu_ta\system\Database\BaseConnection.php(588): CodeIgniter\Database\BaseConnection->initialize()
#2 C:\xampp\htdocs\posyandu_ta\system\Database\BaseBuilder.php(1585): CodeIgniter\Database\BaseConnection->query('SELECT `laporan...', Array, false)
#3 C:\xampp\htdocs\posyandu_ta\app\Models\LaporankomdatModel.php(29): CodeIgniter\Database\BaseBuilder->get()
#4 C:\xampp\htdocs\posyandu_ta\app\Controllers\Laporankomdat.php(32): App\Models\LaporankomdatModel->getAllData()
#5 C:\xampp\htdocs\posyandu_ta\system\CodeIgniter.php(898): App\Controllers\Laporankomdat->index()
#6 C:\xampp\htdocs\posyandu_ta\system\CodeIgniter.php(457): CodeIgniter\CodeIgniter->runController(Object(App\Controllers\Laporankomdat))
#7 C:\xampp\htdocs\posyandu_ta\system\CodeIgniter.php(340): CodeIgniter\CodeIgniter->handleRequest(NULL, Object(Config\Cache), false)
#8 C:\xampp\htdocs\posyandu_ta\public\index.php(67): CodeIgniter\CodeIgniter->run()
#9 C:\xampp\htdocs\posyandu_ta\system\Commands\Server\rewrite.php(43): require_once('C:\\xampp\\htdocs...')
#10 {main}
CRITICAL - 2023-07-05 11:32:57 --> Unable to connect to the database.
Main connection [MySQLi]: No connection could be made because the target machine actively refused it
in SYSTEMPATH\Database\BaseConnection.php on line 418.
 1 SYSTEMPATH\Database\BaseConnection.php(588): CodeIgniter\Database\BaseConnection->initialize()
 2 SYSTEMPATH\Database\BaseBuilder.php(1585): CodeIgniter\Database\BaseConnection->query('SELECT `laporan`.*
FROM `laporan`
ORDER BY `laporan`.`idlaporan` DESC', [], false)
 3 APPPATH\Models\LaporankomdatModel.php(29): CodeIgniter\Database\BaseBuilder->get()
 4 APPPATH\Controllers\Laporankomdat.php(32): App\Models\LaporankomdatModel->getAllData()
 5 SYSTEMPATH\CodeIgniter.php(898): App\Controllers\Laporankomdat->index()
 6 SYSTEMPATH\CodeIgniter.php(457): CodeIgniter\CodeIgniter->runController(Object(App\Controllers\Laporankomdat))
 7 SYSTEMPATH\CodeIgniter.php(340): CodeIgniter\CodeIgniter->handleRequest(null, Object(Config\Cache), false)
 8 FCPATH\index.php(67): CodeIgniter\CodeIgniter->run()
 9 SYSTEMPATH\Commands\Server\rewrite.php(43): require_once('FCPATH\\index.php')
CRITICAL - 2023-07-05 13:02:22 --> Maximum execution time of 60 seconds exceeded
in VENDORPATH\kint-php\kint\src\Parser\FsPathPlugin.php on line 60.
 1 [internal function]: CodeIgniter\Debug\Exceptions->shutdownHandler()
