CRITICAL - 2023-06-27 00:45:36 --> Attempt to read property "fullname" on null
in APPPATH\Views\template\index.php on line 57.
 1 APPPATH\Views\template\index.php(57): CodeIgniter\Debug\Exceptions->errorHandler(2, 'Attempt to read property "fullname" on null', 'APPPATH\\Views\\template\\index.php', 57)
 2 SYSTEMPATH\View\View.php(213): include('APPPATH\\Views\\template\\index.php')
 3 SYSTEMPATH\View\View.php(216): CodeIgniter\View\View->CodeIgniter\View\{closure}()
 4 SYSTEMPATH\View\View.php(229): CodeIgniter\View\View->render('template/index', [], true)
 5 SYSTEMPATH\Common.php(1137): CodeIgniter\View\View->render('dashboard', [], true)
 6 APPPATH\Controllers\Admin.php(61): view('dashboard', [...])
 7 SYSTEMPATH\CodeIgniter.php(898): App\Controllers\Admin->index()
 8 SYSTEMPATH\CodeIgniter.php(457): CodeIgniter\CodeIgniter->runController(Object(App\Controllers\Admin))
 9 SYSTEMPATH\CodeIgniter.php(340): CodeIgniter\CodeIgniter->handleRequest(null, Object(Config\Cache), false)
10 FCPATH\index.php(67): CodeIgniter\CodeIgniter->run()
11 SYSTEMPATH\Commands\Server\rewrite.php(43): require_once('FCPATH\\index.php')
CRITICAL - 2023-06-27 00:45:39 --> Attempt to read property "fullname" on null
in APPPATH\Views\template\index.php on line 57.
 1 APPPATH\Views\template\index.php(57): CodeIgniter\Debug\Exceptions->errorHandler(2, 'Attempt to read property "fullname" on null', 'APPPATH\\Views\\template\\index.php', 57)
 2 SYSTEMPATH\View\View.php(213): include('APPPATH\\Views\\template\\index.php')
 3 SYSTEMPATH\View\View.php(216): CodeIgniter\View\View->CodeIgniter\View\{closure}()
 4 SYSTEMPATH\View\View.php(229): CodeIgniter\View\View->render('template/index', [], true)
 5 SYSTEMPATH\Common.php(1137): CodeIgniter\View\View->render('dashboard', [], true)
 6 APPPATH\Controllers\Admin.php(61): view('dashboard', [...])
 7 SYSTEMPATH\CodeIgniter.php(898): App\Controllers\Admin->index()
 8 SYSTEMPATH\CodeIgniter.php(457): CodeIgniter\CodeIgniter->runController(Object(App\Controllers\Admin))
 9 SYSTEMPATH\CodeIgniter.php(340): CodeIgniter\CodeIgniter->handleRequest(null, Object(Config\Cache), false)
10 FCPATH\index.php(67): CodeIgniter\CodeIgniter->run()
11 SYSTEMPATH\Commands\Server\rewrite.php(43): require_once('FCPATH\\index.php')
CRITICAL - 2023-06-27 05:42:18 --> Undefined variable $ayahnama
in APPPATH\Views\kader\anak\editanak.php on line 178.
 1 APPPATH\Views\kader\anak\editanak.php(178): CodeIgniter\Debug\Exceptions->errorHandler(2, 'Undefined variable $ayahnama', 'APPPATH\\Views\\kader\\anak\\editanak.php', 178)
 2 SYSTEMPATH\View\View.php(213): include('APPPATH\\Views\\kader\\anak\\editanak.php')
 3 SYSTEMPATH\View\View.php(216): CodeIgniter\View\View->CodeIgniter\View\{closure}()
 4 SYSTEMPATH\Common.php(1137): CodeIgniter\View\View->render('kader/anak/editanak', [], true)
 5 APPPATH\Controllers\Anak.php(194): view('kader/anak/editanak', [...])
 6 SYSTEMPATH\CodeIgniter.php(898): App\Controllers\Anak->editanak('6')
 7 SYSTEMPATH\CodeIgniter.php(457): CodeIgniter\CodeIgniter->runController(Object(App\Controllers\Anak))
 8 SYSTEMPATH\CodeIgniter.php(340): CodeIgniter\CodeIgniter->handleRequest(null, Object(Config\Cache), false)
 9 FCPATH\index.php(67): CodeIgniter\CodeIgniter->run()
10 SYSTEMPATH\Commands\Server\rewrite.php(43): require_once('FCPATH\\index.php')
CRITICAL - 2023-06-27 05:43:06 --> Undefined variable $ayahnama
in APPPATH\Views\kader\anak\editanak.php on line 178.
 1 APPPATH\Views\kader\anak\editanak.php(178): CodeIgniter\Debug\Exceptions->errorHandler(2, 'Undefined variable $ayahnama', 'APPPATH\\Views\\kader\\anak\\editanak.php', 178)
 2 SYSTEMPATH\View\View.php(213): include('APPPATH\\Views\\kader\\anak\\editanak.php')
 3 SYSTEMPATH\View\View.php(216): CodeIgniter\View\View->CodeIgniter\View\{closure}()
 4 SYSTEMPATH\Common.php(1137): CodeIgniter\View\View->render('kader/anak/editanak', [], true)
 5 APPPATH\Controllers\Anak.php(194): view('kader/anak/editanak', [...])
 6 SYSTEMPATH\CodeIgniter.php(898): App\Controllers\Anak->editanak('6')
 7 SYSTEMPATH\CodeIgniter.php(457): CodeIgniter\CodeIgniter->runController(Object(App\Controllers\Anak))
 8 SYSTEMPATH\CodeIgniter.php(340): CodeIgniter\CodeIgniter->handleRequest(null, Object(Config\Cache), false)
 9 FCPATH\index.php(67): CodeIgniter\CodeIgniter->run()
10 SYSTEMPATH\Commands\Server\rewrite.php(43): require_once('FCPATH\\index.php')
CRITICAL - 2023-06-27 05:44:22 --> Undefined variable $ayahnama
in APPPATH\Views\kader\anak\editanak.php on line 178.
 1 APPPATH\Views\kader\anak\editanak.php(178): CodeIgniter\Debug\Exceptions->errorHandler(2, 'Undefined variable $ayahnama', 'APPPATH\\Views\\kader\\anak\\editanak.php', 178)
 2 SYSTEMPATH\View\View.php(213): include('APPPATH\\Views\\kader\\anak\\editanak.php')
 3 SYSTEMPATH\View\View.php(216): CodeIgniter\View\View->CodeIgniter\View\{closure}()
 4 SYSTEMPATH\Common.php(1137): CodeIgniter\View\View->render('kader/anak/editanak', [], true)
 5 APPPATH\Controllers\Anak.php(194): view('kader/anak/editanak', [...])
 6 SYSTEMPATH\CodeIgniter.php(898): App\Controllers\Anak->editanak('6')
 7 SYSTEMPATH\CodeIgniter.php(457): CodeIgniter\CodeIgniter->runController(Object(App\Controllers\Anak))
 8 SYSTEMPATH\CodeIgniter.php(340): CodeIgniter\CodeIgniter->handleRequest(null, Object(Config\Cache), false)
 9 FCPATH\index.php(67): CodeIgniter\CodeIgniter->run()
10 SYSTEMPATH\Commands\Server\rewrite.php(43): require_once('FCPATH\\index.php')
CRITICAL - 2023-06-27 06:11:03 --> Undefined variable $ayah
in APPPATH\Views\kader\anak\editanak.php on line 178.
 1 APPPATH\Views\kader\anak\editanak.php(178): CodeIgniter\Debug\Exceptions->errorHandler(2, 'Undefined variable $ayah', 'APPPATH\\Views\\kader\\anak\\editanak.php', 178)
 2 SYSTEMPATH\View\View.php(213): include('APPPATH\\Views\\kader\\anak\\editanak.php')
 3 SYSTEMPATH\View\View.php(216): CodeIgniter\View\View->CodeIgniter\View\{closure}()
 4 SYSTEMPATH\Common.php(1137): CodeIgniter\View\View->render('kader/anak/editanak', [], true)
 5 APPPATH\Controllers\Anak.php(197): view('kader/anak/editanak', [...])
 6 SYSTEMPATH\CodeIgniter.php(898): App\Controllers\Anak->editanak('6')
 7 SYSTEMPATH\CodeIgniter.php(457): CodeIgniter\CodeIgniter->runController(Object(App\Controllers\Anak))
 8 SYSTEMPATH\CodeIgniter.php(340): CodeIgniter\CodeIgniter->handleRequest(null, Object(Config\Cache), false)
 9 FCPATH\index.php(67): CodeIgniter\CodeIgniter->run()
10 SYSTEMPATH\Commands\Server\rewrite.php(43): require_once('FCPATH\\index.php')
CRITICAL - 2023-06-27 06:11:10 --> Undefined variable $ayah
in APPPATH\Views\kader\anak\editanak.php on line 178.
 1 APPPATH\Views\kader\anak\editanak.php(178): CodeIgniter\Debug\Exceptions->errorHandler(2, 'Undefined variable $ayah', 'APPPATH\\Views\\kader\\anak\\editanak.php', 178)
 2 SYSTEMPATH\View\View.php(213): include('APPPATH\\Views\\kader\\anak\\editanak.php')
 3 SYSTEMPATH\View\View.php(216): CodeIgniter\View\View->CodeIgniter\View\{closure}()
 4 SYSTEMPATH\Common.php(1137): CodeIgniter\View\View->render('kader/anak/editanak', [], true)
 5 APPPATH\Controllers\Anak.php(197): view('kader/anak/editanak', [...])
 6 SYSTEMPATH\CodeIgniter.php(898): App\Controllers\Anak->editanak('6')
 7 SYSTEMPATH\CodeIgniter.php(457): CodeIgniter\CodeIgniter->runController(Object(App\Controllers\Anak))
 8 SYSTEMPATH\CodeIgniter.php(340): CodeIgniter\CodeIgniter->handleRequest(null, Object(Config\Cache), false)
 9 FCPATH\index.php(67): CodeIgniter\CodeIgniter->run()
10 SYSTEMPATH\Commands\Server\rewrite.php(43): require_once('FCPATH\\index.php')
CRITICAL - 2023-06-27 06:11:26 --> Undefined variable $ayah
in APPPATH\Views\kader\anak\editanak.php on line 178.
 1 APPPATH\Views\kader\anak\editanak.php(178): CodeIgniter\Debug\Exceptions->errorHandler(2, 'Undefined variable $ayah', 'APPPATH\\Views\\kader\\anak\\editanak.php', 178)
 2 SYSTEMPATH\View\View.php(213): include('APPPATH\\Views\\kader\\anak\\editanak.php')
 3 SYSTEMPATH\View\View.php(216): CodeIgniter\View\View->CodeIgniter\View\{closure}()
 4 SYSTEMPATH\Common.php(1137): CodeIgniter\View\View->render('kader/anak/editanak', [], true)
 5 APPPATH\Controllers\Anak.php(197): view('kader/anak/editanak', [...])
 6 SYSTEMPATH\CodeIgniter.php(898): App\Controllers\Anak->editanak('6')
 7 SYSTEMPATH\CodeIgniter.php(457): CodeIgniter\CodeIgniter->runController(Object(App\Controllers\Anak))
 8 SYSTEMPATH\CodeIgniter.php(340): CodeIgniter\CodeIgniter->handleRequest(null, Object(Config\Cache), false)
 9 FCPATH\index.php(67): CodeIgniter\CodeIgniter->run()
10 SYSTEMPATH\Commands\Server\rewrite.php(43): require_once('FCPATH\\index.php')
CRITICAL - 2023-06-27 06:15:28 --> Undefined variable $ayahnama
in APPPATH\Views\kader\anak\editanak.php on line 178.
 1 APPPATH\Views\kader\anak\editanak.php(178): CodeIgniter\Debug\Exceptions->errorHandler(2, 'Undefined variable $ayahnama', 'APPPATH\\Views\\kader\\anak\\editanak.php', 178)
 2 SYSTEMPATH\View\View.php(213): include('APPPATH\\Views\\kader\\anak\\editanak.php')
 3 SYSTEMPATH\View\View.php(216): CodeIgniter\View\View->CodeIgniter\View\{closure}()
 4 SYSTEMPATH\Common.php(1137): CodeIgniter\View\View->render('kader/anak/editanak', [], true)
 5 APPPATH\Controllers\Anak.php(197): view('kader/anak/editanak', [...])
 6 SYSTEMPATH\CodeIgniter.php(898): App\Controllers\Anak->editanak('6')
 7 SYSTEMPATH\CodeIgniter.php(457): CodeIgniter\CodeIgniter->runController(Object(App\Controllers\Anak))
 8 SYSTEMPATH\CodeIgniter.php(340): CodeIgniter\CodeIgniter->handleRequest(null, Object(Config\Cache), false)
 9 FCPATH\index.php(67): CodeIgniter\CodeIgniter->run()
10 SYSTEMPATH\Commands\Server\rewrite.php(43): require_once('FCPATH\\index.php')
CRITICAL - 2023-06-27 06:36:42 --> Undefined array key "ibunama"
in APPPATH\Views\kader\anak\editanak.php on line 170.
 1 APPPATH\Views\kader\anak\editanak.php(170): CodeIgniter\Debug\Exceptions->errorHandler(2, 'Undefined array key "ibunama"', 'APPPATH\\Views\\kader\\anak\\editanak.php', 170)
 2 SYSTEMPATH\View\View.php(213): include('APPPATH\\Views\\kader\\anak\\editanak.php')
 3 SYSTEMPATH\View\View.php(216): CodeIgniter\View\View->CodeIgniter\View\{closure}()
 4 SYSTEMPATH\Common.php(1137): CodeIgniter\View\View->render('kader/anak/editanak', [], true)
 5 APPPATH\Controllers\Anak.php(217): view('kader/anak/editanak', [...])
 6 SYSTEMPATH\CodeIgniter.php(898): App\Controllers\Anak->editanak('6')
 7 SYSTEMPATH\CodeIgniter.php(457): CodeIgniter\CodeIgniter->runController(Object(App\Controllers\Anak))
 8 SYSTEMPATH\CodeIgniter.php(340): CodeIgniter\CodeIgniter->handleRequest(null, Object(Config\Cache), false)
 9 FCPATH\index.php(67): CodeIgniter\CodeIgniter->run()
10 SYSTEMPATH\Commands\Server\rewrite.php(43): require_once('FCPATH\\index.php')
CRITICAL - 2023-06-27 06:36:42 --> Undefined array key "ibunama"
in APPPATH\Views\kader\anak\editanak.php on line 170.
 1 APPPATH\Views\kader\anak\editanak.php(170): CodeIgniter\Debug\Exceptions->errorHandler(2, 'Undefined array key "ibunama"', 'APPPATH\\Views\\kader\\anak\\editanak.php', 170)
 2 SYSTEMPATH\View\View.php(213): include('APPPATH\\Views\\kader\\anak\\editanak.php')
 3 SYSTEMPATH\View\View.php(216): CodeIgniter\View\View->CodeIgniter\View\{closure}()
 4 SYSTEMPATH\Common.php(1137): CodeIgniter\View\View->render('kader/anak/editanak', [], true)
 5 APPPATH\Controllers\Anak.php(217): view('kader/anak/editanak', [...])
 6 SYSTEMPATH\CodeIgniter.php(898): App\Controllers\Anak->editanak('6')
 7 SYSTEMPATH\CodeIgniter.php(457): CodeIgniter\CodeIgniter->runController(Object(App\Controllers\Anak))
 8 SYSTEMPATH\CodeIgniter.php(340): CodeIgniter\CodeIgniter->handleRequest(null, Object(Config\Cache), false)
 9 FCPATH\index.php(67): CodeIgniter\CodeIgniter->run()
10 SYSTEMPATH\Commands\Server\rewrite.php(43): require_once('FCPATH\\index.php')
CRITICAL - 2023-06-27 06:38:25 --> Undefined array key "ibunama"
in APPPATH\Views\kader\anak\editanak.php on line 170.
 1 APPPATH\Views\kader\anak\editanak.php(170): CodeIgniter\Debug\Exceptions->errorHandler(2, 'Undefined array key "ibunama"', 'APPPATH\\Views\\kader\\anak\\editanak.php', 170)
 2 SYSTEMPATH\View\View.php(213): include('APPPATH\\Views\\kader\\anak\\editanak.php')
 3 SYSTEMPATH\View\View.php(216): CodeIgniter\View\View->CodeIgniter\View\{closure}()
 4 SYSTEMPATH\Common.php(1137): CodeIgniter\View\View->render('kader/anak/editanak', [], true)
 5 APPPATH\Controllers\Anak.php(216): view('kader/anak/editanak', [...])
 6 SYSTEMPATH\CodeIgniter.php(898): App\Controllers\Anak->editanak('6')
 7 SYSTEMPATH\CodeIgniter.php(457): CodeIgniter\CodeIgniter->runController(Object(App\Controllers\Anak))
 8 SYSTEMPATH\CodeIgniter.php(340): CodeIgniter\CodeIgniter->handleRequest(null, Object(Config\Cache), false)
 9 FCPATH\index.php(67): CodeIgniter\CodeIgniter->run()
10 SYSTEMPATH\Commands\Server\rewrite.php(43): require_once('FCPATH\\index.php')
CRITICAL - 2023-06-27 06:39:11 --> Trying to access array offset on value of type null
in APPPATH\Controllers\Anak.php on line 202.
 1 APPPATH\Controllers\Anak.php(202): CodeIgniter\Debug\Exceptions->errorHandler(2, 'Trying to access array offset on value of type null', 'APPPATH\\Controllers\\Anak.php', 202)
 2 SYSTEMPATH\CodeIgniter.php(898): App\Controllers\Anak->editanak('6')
 3 SYSTEMPATH\CodeIgniter.php(457): CodeIgniter\CodeIgniter->runController(Object(App\Controllers\Anak))
 4 SYSTEMPATH\CodeIgniter.php(340): CodeIgniter\CodeIgniter->handleRequest(null, Object(Config\Cache), false)
 5 FCPATH\index.php(67): CodeIgniter\CodeIgniter->run()
 6 SYSTEMPATH\Commands\Server\rewrite.php(43): require_once('FCPATH\\index.php')
CRITICAL - 2023-06-27 06:39:44 --> Undefined array key "ibunama"
in APPPATH\Controllers\Anak.php on line 200.
 1 APPPATH\Controllers\Anak.php(200): CodeIgniter\Debug\Exceptions->errorHandler(2, 'Undefined array key "ibunama"', 'APPPATH\\Controllers\\Anak.php', 200)
 2 SYSTEMPATH\CodeIgniter.php(898): App\Controllers\Anak->editanak('6')
 3 SYSTEMPATH\CodeIgniter.php(457): CodeIgniter\CodeIgniter->runController(Object(App\Controllers\Anak))
 4 SYSTEMPATH\CodeIgniter.php(340): CodeIgniter\CodeIgniter->handleRequest(null, Object(Config\Cache), false)
 5 FCPATH\index.php(67): CodeIgniter\CodeIgniter->run()
 6 SYSTEMPATH\Commands\Server\rewrite.php(43): require_once('FCPATH\\index.php')
CRITICAL - 2023-06-27 06:40:47 --> Undefined array key "ibunama"
in APPPATH\Controllers\Anak.php on line 200.
 1 APPPATH\Controllers\Anak.php(200): CodeIgniter\Debug\Exceptions->errorHandler(2, 'Undefined array key "ibunama"', 'APPPATH\\Controllers\\Anak.php', 200)
 2 SYSTEMPATH\CodeIgniter.php(898): App\Controllers\Anak->editanak('6')
 3 SYSTEMPATH\CodeIgniter.php(457): CodeIgniter\CodeIgniter->runController(Object(App\Controllers\Anak))
 4 SYSTEMPATH\CodeIgniter.php(340): CodeIgniter\CodeIgniter->handleRequest(null, Object(Config\Cache), false)
 5 FCPATH\index.php(67): CodeIgniter\CodeIgniter->run()
 6 SYSTEMPATH\Commands\Server\rewrite.php(43): require_once('FCPATH\\index.php')
CRITICAL - 2023-06-27 06:49:55 --> Call to undefined method App\Models\AnakModel::getAnak
in SYSTEMPATH\Model.php on line 773.
 1 APPPATH\Controllers\Anak.php(210): CodeIgniter\Model->__call('getAnak', [...])
 2 SYSTEMPATH\CodeIgniter.php(898): App\Controllers\Anak->editanak('6')
 3 SYSTEMPATH\CodeIgniter.php(457): CodeIgniter\CodeIgniter->runController(Object(App\Controllers\Anak))
 4 SYSTEMPATH\CodeIgniter.php(340): CodeIgniter\CodeIgniter->handleRequest(null, Object(Config\Cache), false)
 5 FCPATH\index.php(67): CodeIgniter\CodeIgniter->run()
 6 SYSTEMPATH\Commands\Server\rewrite.php(43): require_once('FCPATH\\index.php')
CRITICAL - 2023-06-27 06:50:17 --> Undefined variable $validation
in APPPATH\Views\kader\anak\editanak.php on line 43.
 1 APPPATH\Views\kader\anak\editanak.php(43): CodeIgniter\Debug\Exceptions->errorHandler(2, 'Undefined variable $validation', 'APPPATH\\Views\\kader\\anak\\editanak.php', 43)
 2 SYSTEMPATH\View\View.php(213): include('APPPATH\\Views\\kader\\anak\\editanak.php')
 3 SYSTEMPATH\View\View.php(216): CodeIgniter\View\View->CodeIgniter\View\{closure}()
 4 SYSTEMPATH\Common.php(1137): CodeIgniter\View\View->render('kader/anak/editanak', [], true)
 5 APPPATH\Controllers\Anak.php(221): view('kader/anak/editanak', [...])
 6 SYSTEMPATH\CodeIgniter.php(898): App\Controllers\Anak->editanak('6')
 7 SYSTEMPATH\CodeIgniter.php(457): CodeIgniter\CodeIgniter->runController(Object(App\Controllers\Anak))
 8 SYSTEMPATH\CodeIgniter.php(340): CodeIgniter\CodeIgniter->handleRequest(null, Object(Config\Cache), false)
 9 FCPATH\index.php(67): CodeIgniter\CodeIgniter->run()
10 SYSTEMPATH\Commands\Server\rewrite.php(43): require_once('FCPATH\\index.php')
CRITICAL - 2023-06-27 06:51:12 --> Undefined variable $anak
in APPPATH\Views\kader\anak\editanak.php on line 37.
 1 APPPATH\Views\kader\anak\editanak.php(37): CodeIgniter\Debug\Exceptions->errorHandler(2, 'Undefined variable $anak', 'APPPATH\\Views\\kader\\anak\\editanak.php', 37)
 2 SYSTEMPATH\View\View.php(213): include('APPPATH\\Views\\kader\\anak\\editanak.php')
 3 SYSTEMPATH\View\View.php(216): CodeIgniter\View\View->CodeIgniter\View\{closure}()
 4 SYSTEMPATH\Common.php(1137): CodeIgniter\View\View->render('kader/anak/editanak', [], true)
 5 APPPATH\Controllers\Anak.php(224): view('kader/anak/editanak', [...])
 6 SYSTEMPATH\CodeIgniter.php(898): App\Controllers\Anak->editanak('6')
 7 SYSTEMPATH\CodeIgniter.php(457): CodeIgniter\CodeIgniter->runController(Object(App\Controllers\Anak))
 8 SYSTEMPATH\CodeIgniter.php(340): CodeIgniter\CodeIgniter->handleRequest(null, Object(Config\Cache), false)
 9 FCPATH\index.php(67): CodeIgniter\CodeIgniter->run()
10 SYSTEMPATH\Commands\Server\rewrite.php(43): require_once('FCPATH\\index.php')
CRITICAL - 2023-06-27 06:51:54 --> Undefined variable $bumil
in APPPATH\Views\kader\anak\editanak.php on line 149.
 1 APPPATH\Views\kader\anak\editanak.php(149): CodeIgniter\Debug\Exceptions->errorHandler(2, 'Undefined variable $bumil', 'APPPATH\\Views\\kader\\anak\\editanak.php', 149)
 2 SYSTEMPATH\View\View.php(213): include('APPPATH\\Views\\kader\\anak\\editanak.php')
 3 SYSTEMPATH\View\View.php(216): CodeIgniter\View\View->CodeIgniter\View\{closure}()
 4 SYSTEMPATH\Common.php(1137): CodeIgniter\View\View->render('kader/anak/editanak', [], true)
 5 APPPATH\Controllers\Anak.php(224): view('kader/anak/editanak', [...])
 6 SYSTEMPATH\CodeIgniter.php(898): App\Controllers\Anak->editanak('6')
 7 SYSTEMPATH\CodeIgniter.php(457): CodeIgniter\CodeIgniter->runController(Object(App\Controllers\Anak))
 8 SYSTEMPATH\CodeIgniter.php(340): CodeIgniter\CodeIgniter->handleRequest(null, Object(Config\Cache), false)
 9 FCPATH\index.php(67): CodeIgniter\CodeIgniter->run()
10 SYSTEMPATH\Commands\Server\rewrite.php(43): require_once('FCPATH\\index.php')
CRITICAL - 2023-06-27 06:52:31 --> Undefined array key "ibunama"
in APPPATH\Views\kader\anak\editanak.php on line 170.
 1 APPPATH\Views\kader\anak\editanak.php(170): CodeIgniter\Debug\Exceptions->errorHandler(2, 'Undefined array key "ibunama"', 'APPPATH\\Views\\kader\\anak\\editanak.php', 170)
 2 SYSTEMPATH\View\View.php(213): include('APPPATH\\Views\\kader\\anak\\editanak.php')
 3 SYSTEMPATH\View\View.php(216): CodeIgniter\View\View->CodeIgniter\View\{closure}()
 4 SYSTEMPATH\Common.php(1137): CodeIgniter\View\View->render('kader/anak/editanak', [], true)
 5 APPPATH\Controllers\Anak.php(224): view('kader/anak/editanak', [...])
 6 SYSTEMPATH\CodeIgniter.php(898): App\Controllers\Anak->editanak('6')
 7 SYSTEMPATH\CodeIgniter.php(457): CodeIgniter\CodeIgniter->runController(Object(App\Controllers\Anak))
 8 SYSTEMPATH\CodeIgniter.php(340): CodeIgniter\CodeIgniter->handleRequest(null, Object(Config\Cache), false)
 9 FCPATH\index.php(67): CodeIgniter\CodeIgniter->run()
10 SYSTEMPATH\Commands\Server\rewrite.php(43): require_once('FCPATH\\index.php')
CRITICAL - 2023-06-27 06:55:15 --> Undefined array key "idanak"
in APPPATH\Views\kader\anak\editanak.php on line 37.
 1 APPPATH\Views\kader\anak\editanak.php(37): CodeIgniter\Debug\Exceptions->errorHandler(2, 'Undefined array key "idanak"', 'APPPATH\\Views\\kader\\anak\\editanak.php', 37)
 2 SYSTEMPATH\View\View.php(213): include('APPPATH\\Views\\kader\\anak\\editanak.php')
 3 SYSTEMPATH\View\View.php(216): CodeIgniter\View\View->CodeIgniter\View\{closure}()
 4 SYSTEMPATH\Common.php(1137): CodeIgniter\View\View->render('kader/anak/editanak', [], true)
 5 APPPATH\Controllers\Anak.php(227): view('kader/anak/editanak', [...])
 6 SYSTEMPATH\CodeIgniter.php(898): App\Controllers\Anak->editanak('6')
 7 SYSTEMPATH\CodeIgniter.php(457): CodeIgniter\CodeIgniter->runController(Object(App\Controllers\Anak))
 8 SYSTEMPATH\CodeIgniter.php(340): CodeIgniter\CodeIgniter->handleRequest(null, Object(Config\Cache), false)
 9 FCPATH\index.php(67): CodeIgniter\CodeIgniter->run()
10 SYSTEMPATH\Commands\Server\rewrite.php(43): require_once('FCPATH\\index.php')
