CRITICAL - 2023-07-26 07:14:43 --> Call to undefined method App\Models\ImunisasiModel::getAllImunisasi
in SYSTEMPATH\Model.php on line 773.
 1 APPPATH\Controllers\Masyarakat.php(121): CodeIgniter\Model->__call('getAllImunisasi', [])
 2 SYSTEMPATH\CodeIgniter.php(898): App\Controllers\Masyarakat->riwayatimunisasi()
 3 SYSTEMPATH\CodeIgniter.php(457): CodeIgniter\CodeIgniter->runController(Object(App\Controllers\Masyarakat))
 4 SYSTEMPATH\CodeIgniter.php(340): CodeIgniter\CodeIgniter->handleRequest(null, Object(Config\Cache), false)
 5 FCPATH\index.php(67): CodeIgniter\CodeIgniter->run()
 6 SYSTEMPATH\Commands\Server\rewrite.php(43): require_once('FCPATH\\index.php')
CRITICAL - 2023-07-26 07:52:09 --> Call to undefined method App\Models\ImunisasiModel::getAllImunisasi
in SYSTEMPATH\Model.php on line 773.
 1 APPPATH\Controllers\Masyarakat.php(120): CodeIgniter\Model->__call('getAllImunisasi', [])
 2 SYSTEMPATH\CodeIgniter.php(898): App\Controllers\Masyarakat->riwayatimunisasi()
 3 SYSTEMPATH\CodeIgniter.php(457): CodeIgniter\CodeIgniter->runController(Object(App\Controllers\Masyarakat))
 4 SYSTEMPATH\CodeIgniter.php(340): CodeIgniter\CodeIgniter->handleRequest(null, Object(Config\Cache), false)
 5 FCPATH\index.php(67): CodeIgniter\CodeIgniter->run()
 6 SYSTEMPATH\Commands\Server\rewrite.php(43): require_once('FCPATH\\index.php')
CRITICAL - 2023-07-26 08:05:12 --> Call to undefined method App\Models\ImunisasiModel::getAllImunisasi
in SYSTEMPATH\Model.php on line 773.
 1 APPPATH\Controllers\Masyarakat.php(120): CodeIgniter\Model->__call('getAllImunisasi', [])
 2 SYSTEMPATH\CodeIgniter.php(898): App\Controllers\Masyarakat->riwayatimunisasi()
 3 SYSTEMPATH\CodeIgniter.php(457): CodeIgniter\CodeIgniter->runController(Object(App\Controllers\Masyarakat))
 4 SYSTEMPATH\CodeIgniter.php(340): CodeIgniter\CodeIgniter->handleRequest(null, Object(Config\Cache), false)
 5 FCPATH\index.php(67): CodeIgniter\CodeIgniter->run()
 6 SYSTEMPATH\Commands\Server\rewrite.php(43): require_once('FCPATH\\index.php')
CRITICAL - 2023-07-26 23:40:52 --> Call to undefined method App\Models\KesbumilModel::dataAll
in SYSTEMPATH\Model.php on line 773.
 1 APPPATH\Helpers\usia_helper.php(24): CodeIgniter\Model->__call('dataAll', [])
 2 APPPATH\Views\template\topbar.php(3): dataBumilTopBar()
 3 SYSTEMPATH\View\View.php(213): include('APPPATH\\Views\\template\\topbar.php')
 4 SYSTEMPATH\View\View.php(216): CodeIgniter\View\View->CodeIgniter\View\{closure}()
 5 SYSTEMPATH\View\View.php(429): CodeIgniter\View\View->render('template/topbar', null, true)
 6 APPPATH\Views\template\index.php(129): CodeIgniter\View\View->include('template/topbar')
 7 SYSTEMPATH\View\View.php(213): include('APPPATH\\Views\\template\\index.php')
 8 SYSTEMPATH\View\View.php(216): CodeIgniter\View\View->CodeIgniter\View\{closure}()
 9 SYSTEMPATH\View\View.php(229): CodeIgniter\View\View->render('template/index', [], true)
10 SYSTEMPATH\Common.php(1137): CodeIgniter\View\View->render('kader/imun/dataimunanak', [], true)
11 APPPATH\Controllers\Imunisasi.php(42): view('kader/imun/dataimunanak', [...])
12 SYSTEMPATH\CodeIgniter.php(898): App\Controllers\Imunisasi->index()
13 SYSTEMPATH\CodeIgniter.php(457): CodeIgniter\CodeIgniter->runController(Object(App\Controllers\Imunisasi))
14 SYSTEMPATH\CodeIgniter.php(340): CodeIgniter\CodeIgniter->handleRequest(null, Object(Config\Cache), false)
15 FCPATH\index.php(67): CodeIgniter\CodeIgniter->run()
16 SYSTEMPATH\Commands\Server\rewrite.php(43): require_once('FCPATH\\index.php')
CRITICAL - 2023-07-26 23:50:56 --> count(): Argument #1 ($var) must be of type Countable|array, null given
in APPPATH\Views\template\topbar.php on line 40.
 1 SYSTEMPATH\View\View.php(213): include()
 2 SYSTEMPATH\View\View.php(216): CodeIgniter\View\View->CodeIgniter\View\{closure}()
 3 SYSTEMPATH\View\View.php(429): CodeIgniter\View\View->render('template/topbar', null, true)
 4 APPPATH\Views\template\index.php(129): CodeIgniter\View\View->include('template/topbar')
 5 SYSTEMPATH\View\View.php(213): include('APPPATH\\Views\\template\\index.php')
 6 SYSTEMPATH\View\View.php(216): CodeIgniter\View\View->CodeIgniter\View\{closure}()
 7 SYSTEMPATH\View\View.php(229): CodeIgniter\View\View->render('template/index', [], true)
 8 SYSTEMPATH\Common.php(1137): CodeIgniter\View\View->render('kader/imun/dataimunanak', [], true)
 9 APPPATH\Controllers\Imunisasi.php(42): view('kader/imun/dataimunanak', [...])
10 SYSTEMPATH\CodeIgniter.php(898): App\Controllers\Imunisasi->index()
11 SYSTEMPATH\CodeIgniter.php(457): CodeIgniter\CodeIgniter->runController(Object(App\Controllers\Imunisasi))
12 SYSTEMPATH\CodeIgniter.php(340): CodeIgniter\CodeIgniter->handleRequest(null, Object(Config\Cache), false)
13 FCPATH\index.php(67): CodeIgniter\CodeIgniter->run()
14 SYSTEMPATH\Commands\Server\rewrite.php(43): require_once('FCPATH\\index.php')
CRITICAL - 2023-07-26 23:51:26 --> count(): Argument #1 ($var) must be of type Countable|array, null given
in APPPATH\Views\template\topbar.php on line 40.
 1 SYSTEMPATH\View\View.php(213): include()
 2 SYSTEMPATH\View\View.php(216): CodeIgniter\View\View->CodeIgniter\View\{closure}()
 3 SYSTEMPATH\View\View.php(429): CodeIgniter\View\View->render('template/topbar', null, true)
 4 APPPATH\Views\template\index.php(129): CodeIgniter\View\View->include('template/topbar')
 5 SYSTEMPATH\View\View.php(213): include('APPPATH\\Views\\template\\index.php')
 6 SYSTEMPATH\View\View.php(216): CodeIgniter\View\View->CodeIgniter\View\{closure}()
 7 SYSTEMPATH\View\View.php(229): CodeIgniter\View\View->render('template/index', [], true)
 8 SYSTEMPATH\Common.php(1137): CodeIgniter\View\View->render('kader/imun/dataimunanak', [], true)
 9 APPPATH\Controllers\Imunisasi.php(42): view('kader/imun/dataimunanak', [...])
10 SYSTEMPATH\CodeIgniter.php(898): App\Controllers\Imunisasi->index()
11 SYSTEMPATH\CodeIgniter.php(457): CodeIgniter\CodeIgniter->runController(Object(App\Controllers\Imunisasi))
12 SYSTEMPATH\CodeIgniter.php(340): CodeIgniter\CodeIgniter->handleRequest(null, Object(Config\Cache), false)
13 FCPATH\index.php(67): CodeIgniter\CodeIgniter->run()
14 SYSTEMPATH\Commands\Server\rewrite.php(43): require_once('FCPATH\\index.php')
CRITICAL - 2023-07-26 23:51:40 --> Undefined property: stdClass::$anaknama
in APPPATH\Views\template\topbar.php on line 50.
 1 APPPATH\Views\template\topbar.php(50): CodeIgniter\Debug\Exceptions->errorHandler(2, 'Undefined property: stdClass::$anaknama', 'APPPATH\\Views\\template\\topbar.php', 50)
 2 SYSTEMPATH\View\View.php(213): include('APPPATH\\Views\\template\\topbar.php')
 3 SYSTEMPATH\View\View.php(216): CodeIgniter\View\View->CodeIgniter\View\{closure}()
 4 SYSTEMPATH\View\View.php(429): CodeIgniter\View\View->render('template/topbar', null, true)
 5 APPPATH\Views\template\index.php(129): CodeIgniter\View\View->include('template/topbar')
 6 SYSTEMPATH\View\View.php(213): include('APPPATH\\Views\\template\\index.php')
 7 SYSTEMPATH\View\View.php(216): CodeIgniter\View\View->CodeIgniter\View\{closure}()
 8 SYSTEMPATH\View\View.php(229): CodeIgniter\View\View->render('template/index', [], true)
 9 SYSTEMPATH\Common.php(1137): CodeIgniter\View\View->render('kader/imun/dataimunanak', [], true)
10 APPPATH\Controllers\Imunisasi.php(42): view('kader/imun/dataimunanak', [...])
11 SYSTEMPATH\CodeIgniter.php(898): App\Controllers\Imunisasi->index()
12 SYSTEMPATH\CodeIgniter.php(457): CodeIgniter\CodeIgniter->runController(Object(App\Controllers\Imunisasi))
13 SYSTEMPATH\CodeIgniter.php(340): CodeIgniter\CodeIgniter->handleRequest(null, Object(Config\Cache), false)
14 FCPATH\index.php(67): CodeIgniter\CodeIgniter->run()
15 SYSTEMPATH\Commands\Server\rewrite.php(43): require_once('FCPATH\\index.php')
CRITICAL - 2023-07-26 23:57:58 --> Undefined property: stdClass::$anaknama
in APPPATH\Views\template\topbar.php on line 53.
 1 APPPATH\Views\template\topbar.php(53): CodeIgniter\Debug\Exceptions->errorHandler(2, 'Undefined property: stdClass::$anaknama', 'APPPATH\\Views\\template\\topbar.php', 53)
 2 SYSTEMPATH\View\View.php(213): include('APPPATH\\Views\\template\\topbar.php')
 3 SYSTEMPATH\View\View.php(216): CodeIgniter\View\View->CodeIgniter\View\{closure}()
 4 SYSTEMPATH\View\View.php(429): CodeIgniter\View\View->render('template/topbar', null, true)
 5 APPPATH\Views\template\index.php(129): CodeIgniter\View\View->include('template/topbar')
 6 SYSTEMPATH\View\View.php(213): include('APPPATH\\Views\\template\\index.php')
 7 SYSTEMPATH\View\View.php(216): CodeIgniter\View\View->CodeIgniter\View\{closure}()
 8 SYSTEMPATH\View\View.php(229): CodeIgniter\View\View->render('template/index', [], true)
 9 SYSTEMPATH\Common.php(1137): CodeIgniter\View\View->render('kader/imun/dataimunanak', [], true)
10 APPPATH\Controllers\Imunisasi.php(42): view('kader/imun/dataimunanak', [...])
11 SYSTEMPATH\CodeIgniter.php(898): App\Controllers\Imunisasi->index()
12 SYSTEMPATH\CodeIgniter.php(457): CodeIgniter\CodeIgniter->runController(Object(App\Controllers\Imunisasi))
13 SYSTEMPATH\CodeIgniter.php(340): CodeIgniter\CodeIgniter->handleRequest(null, Object(Config\Cache), false)
14 FCPATH\index.php(67): CodeIgniter\CodeIgniter->run()
15 SYSTEMPATH\Commands\Server\rewrite.php(43): require_once('FCPATH\\index.php')
