ERROR - 2023-02-13 07:03:02 --> mysqli_sql_exception: Unknown column 'kegiatan' in 'field list' in C:\xampp\htdocs\taposyandu\system\Database\MySQLi\Connection.php:292
Stack trace:
#0 C:\xampp\htdocs\taposyandu\system\Database\MySQLi\Connection.php(292): mysqli->query('SELECT `idkegia...', 0)
#1 C:\xampp\htdocs\taposyandu\system\Database\BaseConnection.php(693): CodeIgniter\Database\MySQLi\Connection->execute('SELECT `idkegia...')
#2 C:\xampp\htdocs\taposyandu\system\Database\BaseConnection.php(620): CodeIgniter\Database\BaseConnection->simpleQuery('SELECT `idkegia...')
#3 C:\xampp\htdocs\taposyandu\system\Database\BaseBuilder.php(1585): CodeIgniter\Database\BaseConnection->query('SELECT `idkegia...', Array, false)
#4 C:\xampp\htdocs\taposyandu\app\Models\KegiatanModel.php(34): CodeIgniter\Database\BaseBuilder->get()
#5 C:\xampp\htdocs\taposyandu\app\Controllers\Kegiatan.php(31): App\Models\KegiatanModel->getAllData()
#6 C:\xampp\htdocs\taposyandu\system\CodeIgniter.php(898): App\Controllers\Kegiatan->index()
#7 C:\xampp\htdocs\taposyandu\system\CodeIgniter.php(457): CodeIgniter\CodeIgniter->runController(Object(App\Controllers\Kegiatan))
#8 C:\xampp\htdocs\taposyandu\system\CodeIgniter.php(340): CodeIgniter\CodeIgniter->handleRequest(NULL, Object(Config\Cache), false)
#9 C:\xampp\htdocs\taposyandu\public\index.php(67): CodeIgniter\CodeIgniter->run()
#10 C:\xampp\htdocs\taposyandu\system\Commands\Server\rewrite.php(43): require_once('C:\\xampp\\htdocs...')
#11 {main}
CRITICAL - 2023-02-13 07:03:02 --> Unknown column 'kegiatan' in 'field list'
in SYSTEMPATH\Database\MySQLi\Connection.php on line 292.
 1 SYSTEMPATH\Database\MySQLi\Connection.php(292): mysqli->query('SELECT `idkegiatan`, `kegiatan`, `kategori`, `tgl`, `waktu`, `alamat`
FROM `kegiatan`
JOIN `posyandu` ON `kegiatan`.`idposyandu`=`posyandu`.`idposyandu`', 0)
 2 SYSTEMPATH\Database\BaseConnection.php(693): CodeIgniter\Database\MySQLi\Connection->execute('SELECT `idkegiatan`, `kegiatan`, `kategori`, `tgl`, `waktu`, `alamat`
FROM `kegiatan`
JOIN `posyandu` ON `kegiatan`.`idposyandu`=`posyandu`.`idposyandu`')
 3 SYSTEMPATH\Database\BaseConnection.php(620): CodeIgniter\Database\BaseConnection->simpleQuery('SELECT `idkegiatan`, `kegiatan`, `kategori`, `tgl`, `waktu`, `alamat`
FROM `kegiatan`
JOIN `posyandu` ON `kegiatan`.`idposyandu`=`posyandu`.`idposyandu`')
 4 SYSTEMPATH\Database\BaseBuilder.php(1585): CodeIgniter\Database\BaseConnection->query('SELECT `idkegiatan`, `kegiatan`, `kategori`, `tgl`, `waktu`, `alamat`
FROM `kegiatan`
JOIN `posyandu` ON `kegiatan`.`idposyandu`=`posyandu`.`idposyandu`', [], false)
 5 APPPATH\Models\KegiatanModel.php(34): CodeIgniter\Database\BaseBuilder->get()
 6 APPPATH\Controllers\Kegiatan.php(31): App\Models\KegiatanModel->getAllData()
 7 SYSTEMPATH\CodeIgniter.php(898): App\Controllers\Kegiatan->index()
 8 SYSTEMPATH\CodeIgniter.php(457): CodeIgniter\CodeIgniter->runController(Object(App\Controllers\Kegiatan))
 9 SYSTEMPATH\CodeIgniter.php(340): CodeIgniter\CodeIgniter->handleRequest(null, Object(Config\Cache), false)
10 FCPATH\index.php(67): CodeIgniter\CodeIgniter->run()
11 SYSTEMPATH\Commands\Server\rewrite.php(43): require_once('FCPATH\\index.php')
ERROR - 2023-02-13 07:05:07 --> mysqli_sql_exception: Unknown column 'kegiatan' in 'field list' in C:\xampp\htdocs\taposyandu\system\Database\MySQLi\Connection.php:292
Stack trace:
#0 C:\xampp\htdocs\taposyandu\system\Database\MySQLi\Connection.php(292): mysqli->query('SELECT `idkegia...', 0)
#1 C:\xampp\htdocs\taposyandu\system\Database\BaseConnection.php(693): CodeIgniter\Database\MySQLi\Connection->execute('SELECT `idkegia...')
#2 C:\xampp\htdocs\taposyandu\system\Database\BaseConnection.php(620): CodeIgniter\Database\BaseConnection->simpleQuery('SELECT `idkegia...')
#3 C:\xampp\htdocs\taposyandu\system\Database\BaseBuilder.php(1585): CodeIgniter\Database\BaseConnection->query('SELECT `idkegia...', Array, false)
#4 C:\xampp\htdocs\taposyandu\app\Models\KegiatanModel.php(34): CodeIgniter\Database\BaseBuilder->get()
#5 C:\xampp\htdocs\taposyandu\app\Controllers\Kegiatan.php(31): App\Models\KegiatanModel->getAllData()
#6 C:\xampp\htdocs\taposyandu\system\CodeIgniter.php(898): App\Controllers\Kegiatan->index()
#7 C:\xampp\htdocs\taposyandu\system\CodeIgniter.php(457): CodeIgniter\CodeIgniter->runController(Object(App\Controllers\Kegiatan))
#8 C:\xampp\htdocs\taposyandu\system\CodeIgniter.php(340): CodeIgniter\CodeIgniter->handleRequest(NULL, Object(Config\Cache), false)
#9 C:\xampp\htdocs\taposyandu\public\index.php(67): CodeIgniter\CodeIgniter->run()
#10 C:\xampp\htdocs\taposyandu\system\Commands\Server\rewrite.php(43): require_once('C:\\xampp\\htdocs...')
#11 {main}
CRITICAL - 2023-02-13 07:05:07 --> Unknown column 'kegiatan' in 'field list'
in SYSTEMPATH\Database\MySQLi\Connection.php on line 292.
 1 SYSTEMPATH\Database\MySQLi\Connection.php(292): mysqli->query('SELECT `idkegiatan`, `kegiatan`, `kategori`, `tgl`, `waktu`, `alamat`
FROM `kegiatan`
JOIN `posyandu` ON `kegiatan`.`idposyandu`=`posyandu`.`idposyandu`', 0)
 2 SYSTEMPATH\Database\BaseConnection.php(693): CodeIgniter\Database\MySQLi\Connection->execute('SELECT `idkegiatan`, `kegiatan`, `kategori`, `tgl`, `waktu`, `alamat`
FROM `kegiatan`
JOIN `posyandu` ON `kegiatan`.`idposyandu`=`posyandu`.`idposyandu`')
 3 SYSTEMPATH\Database\BaseConnection.php(620): CodeIgniter\Database\BaseConnection->simpleQuery('SELECT `idkegiatan`, `kegiatan`, `kategori`, `tgl`, `waktu`, `alamat`
FROM `kegiatan`
JOIN `posyandu` ON `kegiatan`.`idposyandu`=`posyandu`.`idposyandu`')
 4 SYSTEMPATH\Database\BaseBuilder.php(1585): CodeIgniter\Database\BaseConnection->query('SELECT `idkegiatan`, `kegiatan`, `kategori`, `tgl`, `waktu`, `alamat`
FROM `kegiatan`
JOIN `posyandu` ON `kegiatan`.`idposyandu`=`posyandu`.`idposyandu`', [], false)
 5 APPPATH\Models\KegiatanModel.php(34): CodeIgniter\Database\BaseBuilder->get()
 6 APPPATH\Controllers\Kegiatan.php(31): App\Models\KegiatanModel->getAllData()
 7 SYSTEMPATH\CodeIgniter.php(898): App\Controllers\Kegiatan->index()
 8 SYSTEMPATH\CodeIgniter.php(457): CodeIgniter\CodeIgniter->runController(Object(App\Controllers\Kegiatan))
 9 SYSTEMPATH\CodeIgniter.php(340): CodeIgniter\CodeIgniter->handleRequest(null, Object(Config\Cache), false)
10 FCPATH\index.php(67): CodeIgniter\CodeIgniter->run()
11 SYSTEMPATH\Commands\Server\rewrite.php(43): require_once('FCPATH\\index.php')
ERROR - 2023-02-13 07:07:19 --> mysqli_sql_exception: Unknown column 'kegiatan' in 'field list' in C:\xampp\htdocs\taposyandu\system\Database\MySQLi\Connection.php:292
Stack trace:
#0 C:\xampp\htdocs\taposyandu\system\Database\MySQLi\Connection.php(292): mysqli->query('SELECT `idkegia...', 0)
#1 C:\xampp\htdocs\taposyandu\system\Database\BaseConnection.php(693): CodeIgniter\Database\MySQLi\Connection->execute('SELECT `idkegia...')
#2 C:\xampp\htdocs\taposyandu\system\Database\BaseConnection.php(620): CodeIgniter\Database\BaseConnection->simpleQuery('SELECT `idkegia...')
#3 C:\xampp\htdocs\taposyandu\system\Database\BaseBuilder.php(1585): CodeIgniter\Database\BaseConnection->query('SELECT `idkegia...', Array, false)
#4 C:\xampp\htdocs\taposyandu\app\Models\KegiatanModel.php(34): CodeIgniter\Database\BaseBuilder->get()
#5 C:\xampp\htdocs\taposyandu\app\Controllers\Kegiatan.php(31): App\Models\KegiatanModel->getAllData()
#6 C:\xampp\htdocs\taposyandu\system\CodeIgniter.php(898): App\Controllers\Kegiatan->index()
#7 C:\xampp\htdocs\taposyandu\system\CodeIgniter.php(457): CodeIgniter\CodeIgniter->runController(Object(App\Controllers\Kegiatan))
#8 C:\xampp\htdocs\taposyandu\system\CodeIgniter.php(340): CodeIgniter\CodeIgniter->handleRequest(NULL, Object(Config\Cache), false)
#9 C:\xampp\htdocs\taposyandu\public\index.php(67): CodeIgniter\CodeIgniter->run()
#10 C:\xampp\htdocs\taposyandu\system\Commands\Server\rewrite.php(43): require_once('C:\\xampp\\htdocs...')
#11 {main}
CRITICAL - 2023-02-13 07:07:19 --> Unknown column 'kegiatan' in 'field list'
in SYSTEMPATH\Database\MySQLi\Connection.php on line 292.
 1 SYSTEMPATH\Database\MySQLi\Connection.php(292): mysqli->query('SELECT `idkegiatan`, `kegiatan`, `kategori`, `tgl`, `waktu`, `alamat`
FROM `kegiatan`
JOIN `posyandu` ON `kegiatan`.`idposyandu`=`posyandu`.`idposyandu`', 0)
 2 SYSTEMPATH\Database\BaseConnection.php(693): CodeIgniter\Database\MySQLi\Connection->execute('SELECT `idkegiatan`, `kegiatan`, `kategori`, `tgl`, `waktu`, `alamat`
FROM `kegiatan`
JOIN `posyandu` ON `kegiatan`.`idposyandu`=`posyandu`.`idposyandu`')
 3 SYSTEMPATH\Database\BaseConnection.php(620): CodeIgniter\Database\BaseConnection->simpleQuery('SELECT `idkegiatan`, `kegiatan`, `kategori`, `tgl`, `waktu`, `alamat`
FROM `kegiatan`
JOIN `posyandu` ON `kegiatan`.`idposyandu`=`posyandu`.`idposyandu`')
 4 SYSTEMPATH\Database\BaseBuilder.php(1585): CodeIgniter\Database\BaseConnection->query('SELECT `idkegiatan`, `kegiatan`, `kategori`, `tgl`, `waktu`, `alamat`
FROM `kegiatan`
JOIN `posyandu` ON `kegiatan`.`idposyandu`=`posyandu`.`idposyandu`', [], false)
 5 APPPATH\Models\KegiatanModel.php(34): CodeIgniter\Database\BaseBuilder->get()
 6 APPPATH\Controllers\Kegiatan.php(31): App\Models\KegiatanModel->getAllData()
 7 SYSTEMPATH\CodeIgniter.php(898): App\Controllers\Kegiatan->index()
 8 SYSTEMPATH\CodeIgniter.php(457): CodeIgniter\CodeIgniter->runController(Object(App\Controllers\Kegiatan))
 9 SYSTEMPATH\CodeIgniter.php(340): CodeIgniter\CodeIgniter->handleRequest(null, Object(Config\Cache), false)
10 FCPATH\index.php(67): CodeIgniter\CodeIgniter->run()
11 SYSTEMPATH\Commands\Server\rewrite.php(43): require_once('FCPATH\\index.php')
ERROR - 2023-02-13 07:08:04 --> mysqli_sql_exception: Unknown column 'kegiatan' in 'field list' in C:\xampp\htdocs\taposyandu\system\Database\MySQLi\Connection.php:292
Stack trace:
#0 C:\xampp\htdocs\taposyandu\system\Database\MySQLi\Connection.php(292): mysqli->query('SELECT `idkegia...', 0)
#1 C:\xampp\htdocs\taposyandu\system\Database\BaseConnection.php(693): CodeIgniter\Database\MySQLi\Connection->execute('SELECT `idkegia...')
#2 C:\xampp\htdocs\taposyandu\system\Database\BaseConnection.php(620): CodeIgniter\Database\BaseConnection->simpleQuery('SELECT `idkegia...')
#3 C:\xampp\htdocs\taposyandu\system\Database\BaseBuilder.php(1585): CodeIgniter\Database\BaseConnection->query('SELECT `idkegia...', Array, false)
#4 C:\xampp\htdocs\taposyandu\app\Models\KegiatanModel.php(36): CodeIgniter\Database\BaseBuilder->get()
#5 C:\xampp\htdocs\taposyandu\app\Controllers\Kegiatan.php(31): App\Models\KegiatanModel->getAllData()
#6 C:\xampp\htdocs\taposyandu\system\CodeIgniter.php(898): App\Controllers\Kegiatan->index()
#7 C:\xampp\htdocs\taposyandu\system\CodeIgniter.php(457): CodeIgniter\CodeIgniter->runController(Object(App\Controllers\Kegiatan))
#8 C:\xampp\htdocs\taposyandu\system\CodeIgniter.php(340): CodeIgniter\CodeIgniter->handleRequest(NULL, Object(Config\Cache), false)
#9 C:\xampp\htdocs\taposyandu\public\index.php(67): CodeIgniter\CodeIgniter->run()
#10 C:\xampp\htdocs\taposyandu\system\Commands\Server\rewrite.php(43): require_once('C:\\xampp\\htdocs...')
#11 {main}
CRITICAL - 2023-02-13 07:08:04 --> Unknown column 'kegiatan' in 'field list'
in SYSTEMPATH\Database\MySQLi\Connection.php on line 292.
 1 SYSTEMPATH\Database\MySQLi\Connection.php(292): mysqli->query('SELECT `idkegiatan`, `kegiatan`, `kategori`, `tgl`, `waktu`, `alamat`
FROM `kegiatan`
JOIN `posyandu` ON `kegiatan`.`idposyandu`=`posyandu`.`idposyandu`', 0)
 2 SYSTEMPATH\Database\BaseConnection.php(693): CodeIgniter\Database\MySQLi\Connection->execute('SELECT `idkegiatan`, `kegiatan`, `kategori`, `tgl`, `waktu`, `alamat`
FROM `kegiatan`
JOIN `posyandu` ON `kegiatan`.`idposyandu`=`posyandu`.`idposyandu`')
 3 SYSTEMPATH\Database\BaseConnection.php(620): CodeIgniter\Database\BaseConnection->simpleQuery('SELECT `idkegiatan`, `kegiatan`, `kategori`, `tgl`, `waktu`, `alamat`
FROM `kegiatan`
JOIN `posyandu` ON `kegiatan`.`idposyandu`=`posyandu`.`idposyandu`')
 4 SYSTEMPATH\Database\BaseBuilder.php(1585): CodeIgniter\Database\BaseConnection->query('SELECT `idkegiatan`, `kegiatan`, `kategori`, `tgl`, `waktu`, `alamat`
FROM `kegiatan`
JOIN `posyandu` ON `kegiatan`.`idposyandu`=`posyandu`.`idposyandu`', [], false)
 5 APPPATH\Models\KegiatanModel.php(36): CodeIgniter\Database\BaseBuilder->get()
 6 APPPATH\Controllers\Kegiatan.php(31): App\Models\KegiatanModel->getAllData()
 7 SYSTEMPATH\CodeIgniter.php(898): App\Controllers\Kegiatan->index()
 8 SYSTEMPATH\CodeIgniter.php(457): CodeIgniter\CodeIgniter->runController(Object(App\Controllers\Kegiatan))
 9 SYSTEMPATH\CodeIgniter.php(340): CodeIgniter\CodeIgniter->handleRequest(null, Object(Config\Cache), false)
10 FCPATH\index.php(67): CodeIgniter\CodeIgniter->run()
11 SYSTEMPATH\Commands\Server\rewrite.php(43): require_once('FCPATH\\index.php')
ERROR - 2023-02-13 07:11:13 --> mysqli_sql_exception: Unknown column 'kegiatan' in 'field list' in C:\xampp\htdocs\taposyandu\system\Database\MySQLi\Connection.php:292
Stack trace:
#0 C:\xampp\htdocs\taposyandu\system\Database\MySQLi\Connection.php(292): mysqli->query('SELECT `idkegia...', 0)
#1 C:\xampp\htdocs\taposyandu\system\Database\BaseConnection.php(693): CodeIgniter\Database\MySQLi\Connection->execute('SELECT `idkegia...')
#2 C:\xampp\htdocs\taposyandu\system\Database\BaseConnection.php(620): CodeIgniter\Database\BaseConnection->simpleQuery('SELECT `idkegia...')
#3 C:\xampp\htdocs\taposyandu\system\Database\BaseBuilder.php(1585): CodeIgniter\Database\BaseConnection->query('SELECT `idkegia...', Array, false)
#4 C:\xampp\htdocs\taposyandu\app\Models\KegiatanModel.php(37): CodeIgniter\Database\BaseBuilder->get()
#5 C:\xampp\htdocs\taposyandu\app\Controllers\Kegiatan.php(31): App\Models\KegiatanModel->getAllData()
#6 C:\xampp\htdocs\taposyandu\system\CodeIgniter.php(898): App\Controllers\Kegiatan->index()
#7 C:\xampp\htdocs\taposyandu\system\CodeIgniter.php(457): CodeIgniter\CodeIgniter->runController(Object(App\Controllers\Kegiatan))
#8 C:\xampp\htdocs\taposyandu\system\CodeIgniter.php(340): CodeIgniter\CodeIgniter->handleRequest(NULL, Object(Config\Cache), false)
#9 C:\xampp\htdocs\taposyandu\public\index.php(67): CodeIgniter\CodeIgniter->run()
#10 C:\xampp\htdocs\taposyandu\system\Commands\Server\rewrite.php(43): require_once('C:\\xampp\\htdocs...')
#11 {main}
CRITICAL - 2023-02-13 07:11:13 --> Unknown column 'kegiatan' in 'field list'
in SYSTEMPATH\Database\MySQLi\Connection.php on line 292.
 1 SYSTEMPATH\Database\MySQLi\Connection.php(292): mysqli->query('SELECT `idkegiatan`, `kegiatan`, `kategori`, `tgl`, `waktu`, `alamat`
FROM `kegiatan`
JOIN `posyandu` ON `kegiatan`.`idposyandu`=`posyandu`.`idposyandu`', 0)
 2 SYSTEMPATH\Database\BaseConnection.php(693): CodeIgniter\Database\MySQLi\Connection->execute('SELECT `idkegiatan`, `kegiatan`, `kategori`, `tgl`, `waktu`, `alamat`
FROM `kegiatan`
JOIN `posyandu` ON `kegiatan`.`idposyandu`=`posyandu`.`idposyandu`')
 3 SYSTEMPATH\Database\BaseConnection.php(620): CodeIgniter\Database\BaseConnection->simpleQuery('SELECT `idkegiatan`, `kegiatan`, `kategori`, `tgl`, `waktu`, `alamat`
FROM `kegiatan`
JOIN `posyandu` ON `kegiatan`.`idposyandu`=`posyandu`.`idposyandu`')
 4 SYSTEMPATH\Database\BaseBuilder.php(1585): CodeIgniter\Database\BaseConnection->query('SELECT `idkegiatan`, `kegiatan`, `kategori`, `tgl`, `waktu`, `alamat`
FROM `kegiatan`
JOIN `posyandu` ON `kegiatan`.`idposyandu`=`posyandu`.`idposyandu`', [], false)
 5 APPPATH\Models\KegiatanModel.php(37): CodeIgniter\Database\BaseBuilder->get()
 6 APPPATH\Controllers\Kegiatan.php(31): App\Models\KegiatanModel->getAllData()
 7 SYSTEMPATH\CodeIgniter.php(898): App\Controllers\Kegiatan->index()
 8 SYSTEMPATH\CodeIgniter.php(457): CodeIgniter\CodeIgniter->runController(Object(App\Controllers\Kegiatan))
 9 SYSTEMPATH\CodeIgniter.php(340): CodeIgniter\CodeIgniter->handleRequest(null, Object(Config\Cache), false)
10 FCPATH\index.php(67): CodeIgniter\CodeIgniter->run()
11 SYSTEMPATH\Commands\Server\rewrite.php(43): require_once('FCPATH\\index.php')
CRITICAL - 2023-02-13 07:16:17 --> Undefined array key "kategori"
in APPPATH\Views\admin\datakegiatan.php on line 73.
 1 APPPATH\Views\admin\datakegiatan.php(73): CodeIgniter\Debug\Exceptions->errorHandler(2, 'Undefined array key "kategori"', 'APPPATH\\Views\\admin\\datakegiatan.php', 73)
 2 SYSTEMPATH\View\View.php(213): include('APPPATH\\Views\\admin\\datakegiatan.php')
 3 SYSTEMPATH\View\View.php(216): CodeIgniter\View\View->CodeIgniter\View\{closure}()
 4 SYSTEMPATH\Common.php(1137): CodeIgniter\View\View->render('admin/datakegiatan', [], true)
 5 APPPATH\Controllers\Kegiatan.php(34): view('admin/datakegiatan', [...])
 6 SYSTEMPATH\CodeIgniter.php(898): App\Controllers\Kegiatan->index()
 7 SYSTEMPATH\CodeIgniter.php(457): CodeIgniter\CodeIgniter->runController(Object(App\Controllers\Kegiatan))
 8 SYSTEMPATH\CodeIgniter.php(340): CodeIgniter\CodeIgniter->handleRequest(null, Object(Config\Cache), false)
 9 FCPATH\index.php(67): CodeIgniter\CodeIgniter->run()
10 SYSTEMPATH\Commands\Server\rewrite.php(43): require_once('FCPATH\\index.php')
CRITICAL - 2023-02-13 07:19:32 --> Cannot use object of type stdClass as array
in APPPATH\Views\admin\datakegiatan.php on line 72.
 1 SYSTEMPATH\View\View.php(213): include()
 2 SYSTEMPATH\View\View.php(216): CodeIgniter\View\View->CodeIgniter\View\{closure}()
 3 SYSTEMPATH\Common.php(1137): CodeIgniter\View\View->render('admin/datakegiatan', [], true)
 4 APPPATH\Controllers\Kegiatan.php(34): view('admin/datakegiatan', [...])
 5 SYSTEMPATH\CodeIgniter.php(898): App\Controllers\Kegiatan->index()
 6 SYSTEMPATH\CodeIgniter.php(457): CodeIgniter\CodeIgniter->runController(Object(App\Controllers\Kegiatan))
 7 SYSTEMPATH\CodeIgniter.php(340): CodeIgniter\CodeIgniter->handleRequest(null, Object(Config\Cache), false)
 8 FCPATH\index.php(67): CodeIgniter\CodeIgniter->run()
 9 SYSTEMPATH\Commands\Server\rewrite.php(43): require_once('FCPATH\\index.php')
CRITICAL - 2023-02-13 07:19:58 --> Cannot use object of type stdClass as array
in APPPATH\Views\admin\datakegiatan.php on line 72.
 1 SYSTEMPATH\View\View.php(213): include()
 2 SYSTEMPATH\View\View.php(216): CodeIgniter\View\View->CodeIgniter\View\{closure}()
 3 SYSTEMPATH\Common.php(1137): CodeIgniter\View\View->render('admin/datakegiatan', [], true)
 4 APPPATH\Controllers\Kegiatan.php(34): view('admin/datakegiatan', [...])
 5 SYSTEMPATH\CodeIgniter.php(898): App\Controllers\Kegiatan->index()
 6 SYSTEMPATH\CodeIgniter.php(457): CodeIgniter\CodeIgniter->runController(Object(App\Controllers\Kegiatan))
 7 SYSTEMPATH\CodeIgniter.php(340): CodeIgniter\CodeIgniter->handleRequest(null, Object(Config\Cache), false)
 8 FCPATH\index.php(67): CodeIgniter\CodeIgniter->run()
 9 SYSTEMPATH\Commands\Server\rewrite.php(43): require_once('FCPATH\\index.php')
CRITICAL - 2023-02-13 07:25:38 --> Attempt to read property "kegiatan" on array
in APPPATH\Views\admin\detailkegiatan.php on line 34.
 1 APPPATH\Views\admin\detailkegiatan.php(34): CodeIgniter\Debug\Exceptions->errorHandler(2, 'Attempt to read property "kegiatan" on array', 'APPPATH\\Views\\admin\\detailkegiatan.php', 34)
 2 SYSTEMPATH\View\View.php(213): include('APPPATH\\Views\\admin\\detailkegiatan.php')
 3 SYSTEMPATH\View\View.php(216): CodeIgniter\View\View->CodeIgniter\View\{closure}()
 4 SYSTEMPATH\Common.php(1137): CodeIgniter\View\View->render('admin/detailkegiatan', [], true)
 5 APPPATH\Controllers\Kegiatan.php(132): view('admin/detailkegiatan', [...])
 6 SYSTEMPATH\CodeIgniter.php(898): App\Controllers\Kegiatan->detailkegiatan('1')
 7 SYSTEMPATH\CodeIgniter.php(457): CodeIgniter\CodeIgniter->runController(Object(App\Controllers\Kegiatan))
 8 SYSTEMPATH\CodeIgniter.php(340): CodeIgniter\CodeIgniter->handleRequest(null, Object(Config\Cache), false)
 9 FCPATH\index.php(67): CodeIgniter\CodeIgniter->run()
10 SYSTEMPATH\Commands\Server\rewrite.php(43): require_once('FCPATH\\index.php')
CRITICAL - 2023-02-13 07:26:41 --> Attempt to read property "kegiatan" on array
in APPPATH\Views\admin\detailkegiatan.php on line 34.
 1 APPPATH\Views\admin\detailkegiatan.php(34): CodeIgniter\Debug\Exceptions->errorHandler(2, 'Attempt to read property "kegiatan" on array', 'APPPATH\\Views\\admin\\detailkegiatan.php', 34)
 2 SYSTEMPATH\View\View.php(213): include('APPPATH\\Views\\admin\\detailkegiatan.php')
 3 SYSTEMPATH\View\View.php(216): CodeIgniter\View\View->CodeIgniter\View\{closure}()
 4 SYSTEMPATH\Common.php(1137): CodeIgniter\View\View->render('admin/detailkegiatan', [], true)
 5 APPPATH\Controllers\Kegiatan.php(132): view('admin/detailkegiatan', [...])
 6 SYSTEMPATH\CodeIgniter.php(898): App\Controllers\Kegiatan->detailkegiatan('1')
 7 SYSTEMPATH\CodeIgniter.php(457): CodeIgniter\CodeIgniter->runController(Object(App\Controllers\Kegiatan))
 8 SYSTEMPATH\CodeIgniter.php(340): CodeIgniter\CodeIgniter->handleRequest(null, Object(Config\Cache), false)
 9 FCPATH\index.php(67): CodeIgniter\CodeIgniter->run()
10 SYSTEMPATH\Commands\Server\rewrite.php(43): require_once('FCPATH\\index.php')
CRITICAL - 2023-02-13 07:28:51 --> Undefined array key "kategori"
in APPPATH\Views\admin\detailkegiatan.php on line 37.
 1 APPPATH\Views\admin\detailkegiatan.php(37): CodeIgniter\Debug\Exceptions->errorHandler(2, 'Undefined array key "kategori"', 'APPPATH\\Views\\admin\\detailkegiatan.php', 37)
 2 SYSTEMPATH\View\View.php(213): include('APPPATH\\Views\\admin\\detailkegiatan.php')
 3 SYSTEMPATH\View\View.php(216): CodeIgniter\View\View->CodeIgniter\View\{closure}()
 4 SYSTEMPATH\Common.php(1137): CodeIgniter\View\View->render('admin/detailkegiatan', [], true)
 5 APPPATH\Controllers\Kegiatan.php(132): view('admin/detailkegiatan', [...])
 6 SYSTEMPATH\CodeIgniter.php(898): App\Controllers\Kegiatan->detailkegiatan('1')
 7 SYSTEMPATH\CodeIgniter.php(457): CodeIgniter\CodeIgniter->runController(Object(App\Controllers\Kegiatan))
 8 SYSTEMPATH\CodeIgniter.php(340): CodeIgniter\CodeIgniter->handleRequest(null, Object(Config\Cache), false)
 9 FCPATH\index.php(67): CodeIgniter\CodeIgniter->run()
10 SYSTEMPATH\Commands\Server\rewrite.php(43): require_once('FCPATH\\index.php')
CRITICAL - 2023-02-13 07:29:08 --> Undefined array key "kegiatan"
in APPPATH\Views\admin\detailkegiatan.php on line 34.
 1 APPPATH\Views\admin\detailkegiatan.php(34): CodeIgniter\Debug\Exceptions->errorHandler(2, 'Undefined array key "kegiatan"', 'APPPATH\\Views\\admin\\detailkegiatan.php', 34)
 2 SYSTEMPATH\View\View.php(213): include('APPPATH\\Views\\admin\\detailkegiatan.php')
 3 SYSTEMPATH\View\View.php(216): CodeIgniter\View\View->CodeIgniter\View\{closure}()
 4 SYSTEMPATH\Common.php(1137): CodeIgniter\View\View->render('admin/detailkegiatan', [], true)
 5 APPPATH\Controllers\Kegiatan.php(132): view('admin/detailkegiatan', [...])
 6 SYSTEMPATH\CodeIgniter.php(898): App\Controllers\Kegiatan->detailkegiatan('1')
 7 SYSTEMPATH\CodeIgniter.php(457): CodeIgniter\CodeIgniter->runController(Object(App\Controllers\Kegiatan))
 8 SYSTEMPATH\CodeIgniter.php(340): CodeIgniter\CodeIgniter->handleRequest(null, Object(Config\Cache), false)
 9 FCPATH\index.php(67): CodeIgniter\CodeIgniter->run()
10 SYSTEMPATH\Commands\Server\rewrite.php(43): require_once('FCPATH\\index.php')
CRITICAL - 2023-02-13 07:36:53 --> Undefined array key "kegiatan"
in APPPATH\Views\admin\detailkegiatan.php on line 34.
 1 APPPATH\Views\admin\detailkegiatan.php(34): CodeIgniter\Debug\Exceptions->errorHandler(2, 'Undefined array key "kegiatan"', 'APPPATH\\Views\\admin\\detailkegiatan.php', 34)
 2 SYSTEMPATH\View\View.php(213): include('APPPATH\\Views\\admin\\detailkegiatan.php')
 3 SYSTEMPATH\View\View.php(216): CodeIgniter\View\View->CodeIgniter\View\{closure}()
 4 SYSTEMPATH\Common.php(1137): CodeIgniter\View\View->render('admin/detailkegiatan', [], true)
 5 APPPATH\Controllers\Kegiatan.php(132): view('admin/detailkegiatan', [...])
 6 SYSTEMPATH\CodeIgniter.php(898): App\Controllers\Kegiatan->detailkegiatan('1')
 7 SYSTEMPATH\CodeIgniter.php(457): CodeIgniter\CodeIgniter->runController(Object(App\Controllers\Kegiatan))
 8 SYSTEMPATH\CodeIgniter.php(340): CodeIgniter\CodeIgniter->handleRequest(null, Object(Config\Cache), false)
 9 FCPATH\index.php(67): CodeIgniter\CodeIgniter->run()
10 SYSTEMPATH\Commands\Server\rewrite.php(43): require_once('FCPATH\\index.php')
CRITICAL - 2023-02-13 09:17:25 --> Undefined array key "kegiatan"
in APPPATH\Views\admin\detailkegiatan.php on line 34.
 1 APPPATH\Views\admin\detailkegiatan.php(34): CodeIgniter\Debug\Exceptions->errorHandler(2, 'Undefined array key "kegiatan"', 'APPPATH\\Views\\admin\\detailkegiatan.php', 34)
 2 SYSTEMPATH\View\View.php(213): include('APPPATH\\Views\\admin\\detailkegiatan.php')
 3 SYSTEMPATH\View\View.php(216): CodeIgniter\View\View->CodeIgniter\View\{closure}()
 4 SYSTEMPATH\Common.php(1137): CodeIgniter\View\View->render('admin/detailkegiatan', [], true)
 5 APPPATH\Controllers\Kegiatan.php(132): view('admin/detailkegiatan', [...])
 6 SYSTEMPATH\CodeIgniter.php(898): App\Controllers\Kegiatan->detailkegiatan('1')
 7 SYSTEMPATH\CodeIgniter.php(457): CodeIgniter\CodeIgniter->runController(Object(App\Controllers\Kegiatan))
 8 SYSTEMPATH\CodeIgniter.php(340): CodeIgniter\CodeIgniter->handleRequest(null, Object(Config\Cache), false)
 9 FCPATH\index.php(67): CodeIgniter\CodeIgniter->run()
10 SYSTEMPATH\Commands\Server\rewrite.php(43): require_once('FCPATH\\index.php')
CRITICAL - 2023-02-13 09:17:47 --> Invalid file: admin/editkegiatan.php
in SYSTEMPATH\Exceptions\FrameworkException.php on line 33.
 1 SYSTEMPATH\View\View.php(201): CodeIgniter\Exceptions\FrameworkException::forInvalidFile('admin/editkegiatan.php')
 2 SYSTEMPATH\Common.php(1137): CodeIgniter\View\View->render('admin/editkegiatan', [], true)
 3 APPPATH\Controllers\Kegiatan.php(144): view('admin/editkegiatan', [...])
 4 SYSTEMPATH\CodeIgniter.php(898): App\Controllers\Kegiatan->editkegiatan('1')
 5 SYSTEMPATH\CodeIgniter.php(457): CodeIgniter\CodeIgniter->runController(Object(App\Controllers\Kegiatan))
 6 SYSTEMPATH\CodeIgniter.php(340): CodeIgniter\CodeIgniter->handleRequest(null, Object(Config\Cache), false)
 7 FCPATH\index.php(67): CodeIgniter\CodeIgniter->run()
 8 SYSTEMPATH\Commands\Server\rewrite.php(43): require_once('FCPATH\\index.php')
CRITICAL - 2023-02-13 09:19:35 --> Invalid file: admin/editkegiatan.php
in SYSTEMPATH\Exceptions\FrameworkException.php on line 33.
 1 SYSTEMPATH\View\View.php(201): CodeIgniter\Exceptions\FrameworkException::forInvalidFile('admin/editkegiatan.php')
 2 SYSTEMPATH\Common.php(1137): CodeIgniter\View\View->render('admin/editkegiatan', [], true)
 3 APPPATH\Controllers\Kegiatan.php(144): view('admin/editkegiatan', [...])
 4 SYSTEMPATH\CodeIgniter.php(898): App\Controllers\Kegiatan->editkegiatan('1')
 5 SYSTEMPATH\CodeIgniter.php(457): CodeIgniter\CodeIgniter->runController(Object(App\Controllers\Kegiatan))
 6 SYSTEMPATH\CodeIgniter.php(340): CodeIgniter\CodeIgniter->handleRequest(null, Object(Config\Cache), false)
 7 FCPATH\index.php(67): CodeIgniter\CodeIgniter->run()
 8 SYSTEMPATH\Commands\Server\rewrite.php(43): require_once('FCPATH\\index.php')
CRITICAL - 2023-02-13 09:20:25 --> Attempt to read property "idkegiatan" on array
in APPPATH\Views\admin\editkegiatan.php on line 37.
 1 APPPATH\Views\admin\editkegiatan.php(37): CodeIgniter\Debug\Exceptions->errorHandler(2, 'Attempt to read property "idkegiatan" on array', 'APPPATH\\Views\\admin\\editkegiatan.php', 37)
 2 SYSTEMPATH\View\View.php(213): include('APPPATH\\Views\\admin\\editkegiatan.php')
 3 SYSTEMPATH\View\View.php(216): CodeIgniter\View\View->CodeIgniter\View\{closure}()
 4 SYSTEMPATH\Common.php(1137): CodeIgniter\View\View->render('admin/editkegiatan', [], true)
 5 APPPATH\Controllers\Kegiatan.php(144): view('admin/editkegiatan', [...])
 6 SYSTEMPATH\CodeIgniter.php(898): App\Controllers\Kegiatan->editkegiatan('1')
 7 SYSTEMPATH\CodeIgniter.php(457): CodeIgniter\CodeIgniter->runController(Object(App\Controllers\Kegiatan))
 8 SYSTEMPATH\CodeIgniter.php(340): CodeIgniter\CodeIgniter->handleRequest(null, Object(Config\Cache), false)
 9 FCPATH\index.php(67): CodeIgniter\CodeIgniter->run()
10 SYSTEMPATH\Commands\Server\rewrite.php(43): require_once('FCPATH\\index.php')
CRITICAL - 2023-02-13 09:21:12 --> Undefined array key "idkegiatan"
in APPPATH\Views\admin\editkegiatan.php on line 37.
 1 APPPATH\Views\admin\editkegiatan.php(37): CodeIgniter\Debug\Exceptions->errorHandler(2, 'Undefined array key "idkegiatan"', 'APPPATH\\Views\\admin\\editkegiatan.php', 37)
 2 SYSTEMPATH\View\View.php(213): include('APPPATH\\Views\\admin\\editkegiatan.php')
 3 SYSTEMPATH\View\View.php(216): CodeIgniter\View\View->CodeIgniter\View\{closure}()
 4 SYSTEMPATH\Common.php(1137): CodeIgniter\View\View->render('admin/editkegiatan', [], true)
 5 APPPATH\Controllers\Kegiatan.php(144): view('admin/editkegiatan', [...])
 6 SYSTEMPATH\CodeIgniter.php(898): App\Controllers\Kegiatan->editkegiatan('1')
 7 SYSTEMPATH\CodeIgniter.php(457): CodeIgniter\CodeIgniter->runController(Object(App\Controllers\Kegiatan))
 8 SYSTEMPATH\CodeIgniter.php(340): CodeIgniter\CodeIgniter->handleRequest(null, Object(Config\Cache), false)
 9 FCPATH\index.php(67): CodeIgniter\CodeIgniter->run()
10 SYSTEMPATH\Commands\Server\rewrite.php(43): require_once('FCPATH\\index.php')
CRITICAL - 2023-02-13 09:23:08 --> Undefined array key "idposyandu"
in APPPATH\Views\admin\editkegiatan.php on line 37.
 1 APPPATH\Views\admin\editkegiatan.php(37): CodeIgniter\Debug\Exceptions->errorHandler(2, 'Undefined array key "idposyandu"', 'APPPATH\\Views\\admin\\editkegiatan.php', 37)
 2 SYSTEMPATH\View\View.php(213): include('APPPATH\\Views\\admin\\editkegiatan.php')
 3 SYSTEMPATH\View\View.php(216): CodeIgniter\View\View->CodeIgniter\View\{closure}()
 4 SYSTEMPATH\Common.php(1137): CodeIgniter\View\View->render('admin/editkegiatan', [], true)
 5 APPPATH\Controllers\Kegiatan.php(144): view('admin/editkegiatan', [...])
 6 SYSTEMPATH\CodeIgniter.php(898): App\Controllers\Kegiatan->editkegiatan('1')
 7 SYSTEMPATH\CodeIgniter.php(457): CodeIgniter\CodeIgniter->runController(Object(App\Controllers\Kegiatan))
 8 SYSTEMPATH\CodeIgniter.php(340): CodeIgniter\CodeIgniter->handleRequest(null, Object(Config\Cache), false)
 9 FCPATH\index.php(67): CodeIgniter\CodeIgniter->run()
10 SYSTEMPATH\Commands\Server\rewrite.php(43): require_once('FCPATH\\index.php')
CRITICAL - 2023-02-13 09:24:38 --> Undefined array key "idkegiatan"
in APPPATH\Views\admin\editkegiatan.php on line 37.
 1 APPPATH\Views\admin\editkegiatan.php(37): CodeIgniter\Debug\Exceptions->errorHandler(2, 'Undefined array key "idkegiatan"', 'APPPATH\\Views\\admin\\editkegiatan.php', 37)
 2 SYSTEMPATH\View\View.php(213): include('APPPATH\\Views\\admin\\editkegiatan.php')
 3 SYSTEMPATH\View\View.php(216): CodeIgniter\View\View->CodeIgniter\View\{closure}()
 4 SYSTEMPATH\Common.php(1137): CodeIgniter\View\View->render('admin/editkegiatan', [], true)
 5 APPPATH\Controllers\Kegiatan.php(145): view('admin/editkegiatan', [...])
 6 SYSTEMPATH\CodeIgniter.php(898): App\Controllers\Kegiatan->editkegiatan('1')
 7 SYSTEMPATH\CodeIgniter.php(457): CodeIgniter\CodeIgniter->runController(Object(App\Controllers\Kegiatan))
 8 SYSTEMPATH\CodeIgniter.php(340): CodeIgniter\CodeIgniter->handleRequest(null, Object(Config\Cache), false)
 9 FCPATH\index.php(67): CodeIgniter\CodeIgniter->run()
10 SYSTEMPATH\Commands\Server\rewrite.php(43): require_once('FCPATH\\index.php')
CRITICAL - 2023-02-13 09:24:41 --> Undefined array key "idkegiatan"
in APPPATH\Views\admin\editkegiatan.php on line 37.
 1 APPPATH\Views\admin\editkegiatan.php(37): CodeIgniter\Debug\Exceptions->errorHandler(2, 'Undefined array key "idkegiatan"', 'APPPATH\\Views\\admin\\editkegiatan.php', 37)
 2 SYSTEMPATH\View\View.php(213): include('APPPATH\\Views\\admin\\editkegiatan.php')
 3 SYSTEMPATH\View\View.php(216): CodeIgniter\View\View->CodeIgniter\View\{closure}()
 4 SYSTEMPATH\Common.php(1137): CodeIgniter\View\View->render('admin/editkegiatan', [], true)
 5 APPPATH\Controllers\Kegiatan.php(145): view('admin/editkegiatan', [...])
 6 SYSTEMPATH\CodeIgniter.php(898): App\Controllers\Kegiatan->editkegiatan('1')
 7 SYSTEMPATH\CodeIgniter.php(457): CodeIgniter\CodeIgniter->runController(Object(App\Controllers\Kegiatan))
 8 SYSTEMPATH\CodeIgniter.php(340): CodeIgniter\CodeIgniter->handleRequest(null, Object(Config\Cache), false)
 9 FCPATH\index.php(67): CodeIgniter\CodeIgniter->run()
10 SYSTEMPATH\Commands\Server\rewrite.php(43): require_once('FCPATH\\index.php')
CRITICAL - 2023-02-13 09:25:27 --> Undefined array key "idkegiatan"
in APPPATH\Views\admin\editkegiatan.php on line 37.
 1 APPPATH\Views\admin\editkegiatan.php(37): CodeIgniter\Debug\Exceptions->errorHandler(2, 'Undefined array key "idkegiatan"', 'APPPATH\\Views\\admin\\editkegiatan.php', 37)
 2 SYSTEMPATH\View\View.php(213): include('APPPATH\\Views\\admin\\editkegiatan.php')
 3 SYSTEMPATH\View\View.php(216): CodeIgniter\View\View->CodeIgniter\View\{closure}()
 4 SYSTEMPATH\Common.php(1137): CodeIgniter\View\View->render('admin/editkegiatan', [], true)
 5 APPPATH\Controllers\Kegiatan.php(145): view('admin/editkegiatan', [...])
 6 SYSTEMPATH\CodeIgniter.php(898): App\Controllers\Kegiatan->editkegiatan('1')
 7 SYSTEMPATH\CodeIgniter.php(457): CodeIgniter\CodeIgniter->runController(Object(App\Controllers\Kegiatan))
 8 SYSTEMPATH\CodeIgniter.php(340): CodeIgniter\CodeIgniter->handleRequest(null, Object(Config\Cache), false)
 9 FCPATH\index.php(67): CodeIgniter\CodeIgniter->run()
10 SYSTEMPATH\Commands\Server\rewrite.php(43): require_once('FCPATH\\index.php')
CRITICAL - 2023-02-13 09:25:39 --> Cannot access offset of type string on string
in APPPATH\Views\admin\editkegiatan.php on line 58.
 1 SYSTEMPATH\View\View.php(213): include()
 2 SYSTEMPATH\View\View.php(216): CodeIgniter\View\View->CodeIgniter\View\{closure}()
 3 SYSTEMPATH\Common.php(1137): CodeIgniter\View\View->render('admin/editkegiatan', [], true)
 4 APPPATH\Controllers\Kegiatan.php(145): view('admin/editkegiatan', [...])
 5 SYSTEMPATH\CodeIgniter.php(898): App\Controllers\Kegiatan->editkegiatan('1')
 6 SYSTEMPATH\CodeIgniter.php(457): CodeIgniter\CodeIgniter->runController(Object(App\Controllers\Kegiatan))
 7 SYSTEMPATH\CodeIgniter.php(340): CodeIgniter\CodeIgniter->handleRequest(null, Object(Config\Cache), false)
 8 FCPATH\index.php(67): CodeIgniter\CodeIgniter->run()
 9 SYSTEMPATH\Commands\Server\rewrite.php(43): require_once('FCPATH\\index.php')
CRITICAL - 2023-02-13 09:26:51 --> Cannot access offset of type string on string
in APPPATH\Views\admin\editkegiatan.php on line 58.
 1 SYSTEMPATH\View\View.php(213): include()
 2 SYSTEMPATH\View\View.php(216): CodeIgniter\View\View->CodeIgniter\View\{closure}()
 3 SYSTEMPATH\Common.php(1137): CodeIgniter\View\View->render('admin/editkegiatan', [], true)
 4 APPPATH\Controllers\Kegiatan.php(145): view('admin/editkegiatan', [...])
 5 SYSTEMPATH\CodeIgniter.php(898): App\Controllers\Kegiatan->editkegiatan('1')
 6 SYSTEMPATH\CodeIgniter.php(457): CodeIgniter\CodeIgniter->runController(Object(App\Controllers\Kegiatan))
 7 SYSTEMPATH\CodeIgniter.php(340): CodeIgniter\CodeIgniter->handleRequest(null, Object(Config\Cache), false)
 8 FCPATH\index.php(67): CodeIgniter\CodeIgniter->run()
 9 SYSTEMPATH\Commands\Server\rewrite.php(43): require_once('FCPATH\\index.php')
CRITICAL - 2023-02-13 09:27:09 --> Cannot access offset of type string on string
in APPPATH\Views\admin\editkegiatan.php on line 58.
 1 SYSTEMPATH\View\View.php(213): include()
 2 SYSTEMPATH\View\View.php(216): CodeIgniter\View\View->CodeIgniter\View\{closure}()
 3 SYSTEMPATH\Common.php(1137): CodeIgniter\View\View->render('admin/editkegiatan', [], true)
 4 APPPATH\Controllers\Kegiatan.php(145): view('admin/editkegiatan', [...])
 5 SYSTEMPATH\CodeIgniter.php(898): App\Controllers\Kegiatan->editkegiatan('1')
 6 SYSTEMPATH\CodeIgniter.php(457): CodeIgniter\CodeIgniter->runController(Object(App\Controllers\Kegiatan))
 7 SYSTEMPATH\CodeIgniter.php(340): CodeIgniter\CodeIgniter->handleRequest(null, Object(Config\Cache), false)
 8 FCPATH\index.php(67): CodeIgniter\CodeIgniter->run()
 9 SYSTEMPATH\Commands\Server\rewrite.php(43): require_once('FCPATH\\index.php')
CRITICAL - 2023-02-13 09:28:31 --> Attempt to read property "idkegiatan" on string
in APPPATH\Views\admin\editkegiatan.php on line 58.
 1 APPPATH\Views\admin\editkegiatan.php(58): CodeIgniter\Debug\Exceptions->errorHandler(2, 'Attempt to read property "idkegiatan" on string', 'APPPATH\\Views\\admin\\editkegiatan.php', 58)
 2 SYSTEMPATH\View\View.php(213): include('APPPATH\\Views\\admin\\editkegiatan.php')
 3 SYSTEMPATH\View\View.php(216): CodeIgniter\View\View->CodeIgniter\View\{closure}()
 4 SYSTEMPATH\Common.php(1137): CodeIgniter\View\View->render('admin/editkegiatan', [], true)
 5 APPPATH\Controllers\Kegiatan.php(145): view('admin/editkegiatan', [...])
 6 SYSTEMPATH\CodeIgniter.php(898): App\Controllers\Kegiatan->editkegiatan('1')
 7 SYSTEMPATH\CodeIgniter.php(457): CodeIgniter\CodeIgniter->runController(Object(App\Controllers\Kegiatan))
 8 SYSTEMPATH\CodeIgniter.php(340): CodeIgniter\CodeIgniter->handleRequest(null, Object(Config\Cache), false)
 9 FCPATH\index.php(67): CodeIgniter\CodeIgniter->run()
10 SYSTEMPATH\Commands\Server\rewrite.php(43): require_once('FCPATH\\index.php')
CRITICAL - 2023-02-13 09:29:39 --> Cannot access offset of type string on string
in APPPATH\Views\admin\editkegiatan.php on line 58.
 1 SYSTEMPATH\View\View.php(213): include()
 2 SYSTEMPATH\View\View.php(216): CodeIgniter\View\View->CodeIgniter\View\{closure}()
 3 SYSTEMPATH\Common.php(1137): CodeIgniter\View\View->render('admin/editkegiatan', [], true)
 4 APPPATH\Controllers\Kegiatan.php(145): view('admin/editkegiatan', [...])
 5 SYSTEMPATH\CodeIgniter.php(898): App\Controllers\Kegiatan->editkegiatan('1')
 6 SYSTEMPATH\CodeIgniter.php(457): CodeIgniter\CodeIgniter->runController(Object(App\Controllers\Kegiatan))
 7 SYSTEMPATH\CodeIgniter.php(340): CodeIgniter\CodeIgniter->handleRequest(null, Object(Config\Cache), false)
 8 FCPATH\index.php(67): CodeIgniter\CodeIgniter->run()
 9 SYSTEMPATH\Commands\Server\rewrite.php(43): require_once('FCPATH\\index.php')
CRITICAL - 2023-02-13 09:32:23 --> Undefined variable $kegiatan
in APPPATH\Views\admin\tambahkegiatan.php on line 56.
 1 APPPATH\Views\admin\tambahkegiatan.php(56): CodeIgniter\Debug\Exceptions->errorHandler(2, 'Undefined variable $kegiatan', 'APPPATH\\Views\\admin\\tambahkegiatan.php', 56)
 2 SYSTEMPATH\View\View.php(213): include('APPPATH\\Views\\admin\\tambahkegiatan.php')
 3 SYSTEMPATH\View\View.php(216): CodeIgniter\View\View->CodeIgniter\View\{closure}()
 4 SYSTEMPATH\Common.php(1137): CodeIgniter\View\View->render('admin/tambahkegiatan', [], true)
 5 APPPATH\Controllers\Kegiatan.php(44): view('admin/tambahkegiatan', [...])
 6 SYSTEMPATH\CodeIgniter.php(898): App\Controllers\Kegiatan->tambahkegiatan()
 7 SYSTEMPATH\CodeIgniter.php(457): CodeIgniter\CodeIgniter->runController(Object(App\Controllers\Kegiatan))
 8 SYSTEMPATH\CodeIgniter.php(340): CodeIgniter\CodeIgniter->handleRequest(null, Object(Config\Cache), false)
 9 FCPATH\index.php(67): CodeIgniter\CodeIgniter->run()
10 SYSTEMPATH\Commands\Server\rewrite.php(43): require_once('FCPATH\\index.php')
CRITICAL - 2023-02-13 09:33:38 --> Cannot use object of type stdClass as array
in APPPATH\Views\admin\tambahkegiatan.php on line 57.
 1 SYSTEMPATH\View\View.php(213): include()
 2 SYSTEMPATH\View\View.php(216): CodeIgniter\View\View->CodeIgniter\View\{closure}()
 3 SYSTEMPATH\Common.php(1137): CodeIgniter\View\View->render('admin/tambahkegiatan', [], true)
 4 APPPATH\Controllers\Kegiatan.php(45): view('admin/tambahkegiatan', [...])
 5 SYSTEMPATH\CodeIgniter.php(898): App\Controllers\Kegiatan->tambahkegiatan()
 6 SYSTEMPATH\CodeIgniter.php(457): CodeIgniter\CodeIgniter->runController(Object(App\Controllers\Kegiatan))
 7 SYSTEMPATH\CodeIgniter.php(340): CodeIgniter\CodeIgniter->handleRequest(null, Object(Config\Cache), false)
 8 FCPATH\index.php(67): CodeIgniter\CodeIgniter->run()
 9 SYSTEMPATH\Commands\Server\rewrite.php(43): require_once('FCPATH\\index.php')
CRITICAL - 2023-02-13 09:47:19 --> Undefined array key "kegiatan"
in APPPATH\Views\admin\detailkegiatan.php on line 34.
 1 APPPATH\Views\admin\detailkegiatan.php(34): CodeIgniter\Debug\Exceptions->errorHandler(2, 'Undefined array key "kegiatan"', 'APPPATH\\Views\\admin\\detailkegiatan.php', 34)
 2 SYSTEMPATH\View\View.php(213): include('APPPATH\\Views\\admin\\detailkegiatan.php')
 3 SYSTEMPATH\View\View.php(216): CodeIgniter\View\View->CodeIgniter\View\{closure}()
 4 SYSTEMPATH\Common.php(1137): CodeIgniter\View\View->render('admin/detailkegiatan', [], true)
 5 APPPATH\Controllers\Kegiatan.php(133): view('admin/detailkegiatan', [...])
 6 SYSTEMPATH\CodeIgniter.php(898): App\Controllers\Kegiatan->detailkegiatan('1')
 7 SYSTEMPATH\CodeIgniter.php(457): CodeIgniter\CodeIgniter->runController(Object(App\Controllers\Kegiatan))
 8 SYSTEMPATH\CodeIgniter.php(340): CodeIgniter\CodeIgniter->handleRequest(null, Object(Config\Cache), false)
 9 FCPATH\index.php(67): CodeIgniter\CodeIgniter->run()
10 SYSTEMPATH\Commands\Server\rewrite.php(43): require_once('FCPATH\\index.php')
CRITICAL - 2023-02-13 09:48:44 --> Attempt to read property "waktu" on array
in APPPATH\Views\admin\detailkegiatan.php on line 45.
 1 APPPATH\Views\admin\detailkegiatan.php(45): CodeIgniter\Debug\Exceptions->errorHandler(2, 'Attempt to read property "waktu" on array', 'APPPATH\\Views\\admin\\detailkegiatan.php', 45)
 2 SYSTEMPATH\View\View.php(213): include('APPPATH\\Views\\admin\\detailkegiatan.php')
 3 SYSTEMPATH\View\View.php(216): CodeIgniter\View\View->CodeIgniter\View\{closure}()
 4 SYSTEMPATH\Common.php(1137): CodeIgniter\View\View->render('admin/detailkegiatan', [], true)
 5 APPPATH\Controllers\Kegiatan.php(133): view('admin/detailkegiatan', [...])
 6 SYSTEMPATH\CodeIgniter.php(898): App\Controllers\Kegiatan->detailkegiatan('1')
 7 SYSTEMPATH\CodeIgniter.php(457): CodeIgniter\CodeIgniter->runController(Object(App\Controllers\Kegiatan))
 8 SYSTEMPATH\CodeIgniter.php(340): CodeIgniter\CodeIgniter->handleRequest(null, Object(Config\Cache), false)
 9 FCPATH\index.php(67): CodeIgniter\CodeIgniter->run()
10 SYSTEMPATH\Commands\Server\rewrite.php(43): require_once('FCPATH\\index.php')
CRITICAL - 2023-02-13 10:01:59 --> Attempt to read property "fullname" on null
in APPPATH\Views\template\index.php on line 44.
 1 APPPATH\Views\template\index.php(44): CodeIgniter\Debug\Exceptions->errorHandler(2, 'Attempt to read property "fullname" on null', 'APPPATH\\Views\\template\\index.php', 44)
 2 SYSTEMPATH\View\View.php(213): include('APPPATH\\Views\\template\\index.php')
 3 SYSTEMPATH\View\View.php(216): CodeIgniter\View\View->CodeIgniter\View\{closure}()
 4 SYSTEMPATH\View\View.php(229): CodeIgniter\View\View->render('template/index', [], true)
 5 SYSTEMPATH\Common.php(1137): CodeIgniter\View\View->render('admin/index', [], true)
 6 APPPATH\Controllers\Admin.php(17): view('admin/index')
 7 SYSTEMPATH\CodeIgniter.php(898): App\Controllers\Admin->index()
 8 SYSTEMPATH\CodeIgniter.php(457): CodeIgniter\CodeIgniter->runController(Object(App\Controllers\Admin))
 9 SYSTEMPATH\CodeIgniter.php(340): CodeIgniter\CodeIgniter->handleRequest(null, Object(Config\Cache), false)
10 FCPATH\index.php(67): CodeIgniter\CodeIgniter->run()
11 SYSTEMPATH\Commands\Server\rewrite.php(43): require_once('FCPATH\\index.php')
CRITICAL - 2023-02-13 10:02:14 --> Attempt to read property "fullname" on null
in APPPATH\Views\template\index.php on line 44.
 1 APPPATH\Views\template\index.php(44): CodeIgniter\Debug\Exceptions->errorHandler(2, 'Attempt to read property "fullname" on null', 'APPPATH\\Views\\template\\index.php', 44)
 2 SYSTEMPATH\View\View.php(213): include('APPPATH\\Views\\template\\index.php')
 3 SYSTEMPATH\View\View.php(216): CodeIgniter\View\View->CodeIgniter\View\{closure}()
 4 SYSTEMPATH\View\View.php(229): CodeIgniter\View\View->render('template/index', [], true)
 5 SYSTEMPATH\Common.php(1137): CodeIgniter\View\View->render('admin/index', [], true)
 6 APPPATH\Controllers\Admin.php(17): view('admin/index')
 7 SYSTEMPATH\CodeIgniter.php(898): App\Controllers\Admin->index()
 8 SYSTEMPATH\CodeIgniter.php(457): CodeIgniter\CodeIgniter->runController(Object(App\Controllers\Admin))
 9 SYSTEMPATH\CodeIgniter.php(340): CodeIgniter\CodeIgniter->handleRequest(null, Object(Config\Cache), false)
10 FCPATH\index.php(67): CodeIgniter\CodeIgniter->run()
11 SYSTEMPATH\Commands\Server\rewrite.php(43): require_once('FCPATH\\index.php')
CRITICAL - 2023-02-13 10:04:22 --> Undefined variable $nokk
in APPPATH\Views\kader\editkeluarga.php on line 44.
 1 APPPATH\Views\kader\editkeluarga.php(44): CodeIgniter\Debug\Exceptions->errorHandler(2, 'Undefined variable $nokk', 'APPPATH\\Views\\kader\\editkeluarga.php', 44)
 2 SYSTEMPATH\View\View.php(213): include('APPPATH\\Views\\kader\\editkeluarga.php')
 3 SYSTEMPATH\View\View.php(216): CodeIgniter\View\View->CodeIgniter\View\{closure}()
 4 SYSTEMPATH\Common.php(1137): CodeIgniter\View\View->render('kader/editkeluarga', [], true)
 5 APPPATH\Controllers\Keluarga.php(203): view('kader/editkeluarga', [...])
 6 SYSTEMPATH\CodeIgniter.php(898): App\Controllers\Keluarga->editkeluarga('350610210411001')
 7 SYSTEMPATH\CodeIgniter.php(457): CodeIgniter\CodeIgniter->runController(Object(App\Controllers\Keluarga))
 8 SYSTEMPATH\CodeIgniter.php(340): CodeIgniter\CodeIgniter->handleRequest(null, Object(Config\Cache), false)
 9 FCPATH\index.php(67): CodeIgniter\CodeIgniter->run()
10 SYSTEMPATH\Commands\Server\rewrite.php(43): require_once('FCPATH\\index.php')
ERROR - 2023-02-13 10:05:41 --> mysqli_sql_exception: Unknown column 'suamigoldar' in 'field list' in C:\xampp\htdocs\taposyandu\system\Database\MySQLi\Connection.php:292
Stack trace:
#0 C:\xampp\htdocs\taposyandu\system\Database\MySQLi\Connection.php(292): mysqli->query('SELECT `nik`, `...', 0)
#1 C:\xampp\htdocs\taposyandu\system\Database\BaseConnection.php(693): CodeIgniter\Database\MySQLi\Connection->execute('SELECT `nik`, `...')
#2 C:\xampp\htdocs\taposyandu\system\Database\BaseConnection.php(620): CodeIgniter\Database\BaseConnection->simpleQuery('SELECT `nik`, `...')
#3 C:\xampp\htdocs\taposyandu\system\Database\BaseBuilder.php(1585): CodeIgniter\Database\BaseConnection->query('SELECT `nik`, `...', Array, false)
#4 C:\xampp\htdocs\taposyandu\app\Models\BumilModel.php(29): CodeIgniter\Database\BaseBuilder->get()
#5 C:\xampp\htdocs\taposyandu\app\Controllers\Bumil.php(31): App\Models\BumilModel->getAllData()
#6 C:\xampp\htdocs\taposyandu\system\CodeIgniter.php(898): App\Controllers\Bumil->index()
#7 C:\xampp\htdocs\taposyandu\system\CodeIgniter.php(457): CodeIgniter\CodeIgniter->runController(Object(App\Controllers\Bumil))
#8 C:\xampp\htdocs\taposyandu\system\CodeIgniter.php(340): CodeIgniter\CodeIgniter->handleRequest(NULL, Object(Config\Cache), false)
#9 C:\xampp\htdocs\taposyandu\public\index.php(67): CodeIgniter\CodeIgniter->run()
#10 C:\xampp\htdocs\taposyandu\system\Commands\Server\rewrite.php(43): require_once('C:\\xampp\\htdocs...')
#11 {main}
CRITICAL - 2023-02-13 10:05:41 --> Unknown column 'suamigoldar' in 'field list'
in SYSTEMPATH\Database\MySQLi\Connection.php on line 292.
 1 SYSTEMPATH\Database\MySQLi\Connection.php(292): mysqli->query('SELECT `nik`, `bumilnama`, `bumilgoldar`, `suamigoldar`, `anakke`, `bumilalamat`, `bumilnohp`, `suaminohp`, `ayahnama`
FROM `bumil`
JOIN `keluarga` ON `bumil`.`nokk`=`keluarga`.`nokk`', 0)
 2 SYSTEMPATH\Database\BaseConnection.php(693): CodeIgniter\Database\MySQLi\Connection->execute('SELECT `nik`, `bumilnama`, `bumilgoldar`, `suamigoldar`, `anakke`, `bumilalamat`, `bumilnohp`, `suaminohp`, `ayahnama`
FROM `bumil`
JOIN `keluarga` ON `bumil`.`nokk`=`keluarga`.`nokk`')
 3 SYSTEMPATH\Database\BaseConnection.php(620): CodeIgniter\Database\BaseConnection->simpleQuery('SELECT `nik`, `bumilnama`, `bumilgoldar`, `suamigoldar`, `anakke`, `bumilalamat`, `bumilnohp`, `suaminohp`, `ayahnama`
FROM `bumil`
JOIN `keluarga` ON `bumil`.`nokk`=`keluarga`.`nokk`')
 4 SYSTEMPATH\Database\BaseBuilder.php(1585): CodeIgniter\Database\BaseConnection->query('SELECT `nik`, `bumilnama`, `bumilgoldar`, `suamigoldar`, `anakke`, `bumilalamat`, `bumilnohp`, `suaminohp`, `ayahnama`
FROM `bumil`
JOIN `keluarga` ON `bumil`.`nokk`=`keluarga`.`nokk`', [], false)
 5 APPPATH\Models\BumilModel.php(29): CodeIgniter\Database\BaseBuilder->get()
 6 APPPATH\Controllers\Bumil.php(31): App\Models\BumilModel->getAllData()
 7 SYSTEMPATH\CodeIgniter.php(898): App\Controllers\Bumil->index()
 8 SYSTEMPATH\CodeIgniter.php(457): CodeIgniter\CodeIgniter->runController(Object(App\Controllers\Bumil))
 9 SYSTEMPATH\CodeIgniter.php(340): CodeIgniter\CodeIgniter->handleRequest(null, Object(Config\Cache), false)
10 FCPATH\index.php(67): CodeIgniter\CodeIgniter->run()
11 SYSTEMPATH\Commands\Server\rewrite.php(43): require_once('FCPATH\\index.php')
CRITICAL - 2023-02-13 11:06:44 --> Call to undefined method App\Models\AnakModel::getAllData
in SYSTEMPATH\Model.php on line 773.
 1 APPPATH\Controllers\Anak.php(31): CodeIgniter\Model->__call('getAllData', [])
 2 SYSTEMPATH\CodeIgniter.php(898): App\Controllers\Anak->index()
 3 SYSTEMPATH\CodeIgniter.php(457): CodeIgniter\CodeIgniter->runController(Object(App\Controllers\Anak))
 4 SYSTEMPATH\CodeIgniter.php(340): CodeIgniter\CodeIgniter->handleRequest(null, Object(Config\Cache), false)
 5 FCPATH\index.php(67): CodeIgniter\CodeIgniter->run()
 6 SYSTEMPATH\Commands\Server\rewrite.php(43): require_once('FCPATH\\index.php')
CRITICAL - 2023-02-13 11:07:33 --> Attempt to read property "nik" on array
in APPPATH\Views\kader\dataanak.php on line 78.
 1 APPPATH\Views\kader\dataanak.php(78): CodeIgniter\Debug\Exceptions->errorHandler(2, 'Attempt to read property "nik" on array', 'APPPATH\\Views\\kader\\dataanak.php', 78)
 2 SYSTEMPATH\View\View.php(213): include('APPPATH\\Views\\kader\\dataanak.php')
 3 SYSTEMPATH\View\View.php(216): CodeIgniter\View\View->CodeIgniter\View\{closure}()
 4 SYSTEMPATH\Common.php(1137): CodeIgniter\View\View->render('kader/dataanak', [], true)
 5 APPPATH\Controllers\Anak.php(34): view('kader/dataanak', [...])
 6 SYSTEMPATH\CodeIgniter.php(898): App\Controllers\Anak->index()
 7 SYSTEMPATH\CodeIgniter.php(457): CodeIgniter\CodeIgniter->runController(Object(App\Controllers\Anak))
 8 SYSTEMPATH\CodeIgniter.php(340): CodeIgniter\CodeIgniter->handleRequest(null, Object(Config\Cache), false)
 9 FCPATH\index.php(67): CodeIgniter\CodeIgniter->run()
10 SYSTEMPATH\Commands\Server\rewrite.php(43): require_once('FCPATH\\index.php')
CRITICAL - 2023-02-13 11:12:41 --> Undefined array key "jeniskelahiaran"
in APPPATH\Views\kader\detailanak.php on line 53.
 1 APPPATH\Views\kader\detailanak.php(53): CodeIgniter\Debug\Exceptions->errorHandler(2, 'Undefined array key "jeniskelahiaran"', 'APPPATH\\Views\\kader\\detailanak.php', 53)
 2 SYSTEMPATH\View\View.php(213): include('APPPATH\\Views\\kader\\detailanak.php')
 3 SYSTEMPATH\View\View.php(216): CodeIgniter\View\View->CodeIgniter\View\{closure}()
 4 SYSTEMPATH\Common.php(1137): CodeIgniter\View\View->render('kader/detailanak', [], true)
 5 APPPATH\Controllers\Anak.php(162): view('kader/detailanak', [...])
 6 SYSTEMPATH\CodeIgniter.php(898): App\Controllers\Anak->detailanak('1')
 7 SYSTEMPATH\CodeIgniter.php(457): CodeIgniter\CodeIgniter->runController(Object(App\Controllers\Anak))
 8 SYSTEMPATH\CodeIgniter.php(340): CodeIgniter\CodeIgniter->handleRequest(null, Object(Config\Cache), false)
 9 FCPATH\index.php(67): CodeIgniter\CodeIgniter->run()
10 SYSTEMPATH\Commands\Server\rewrite.php(43): require_once('FCPATH\\index.php')
CRITICAL - 2023-02-13 11:17:11 --> Undefined variable $nik
in APPPATH\Views\kader\editanak.php on line 44.
 1 APPPATH\Views\kader\editanak.php(44): CodeIgniter\Debug\Exceptions->errorHandler(2, 'Undefined variable $nik', 'APPPATH\\Views\\kader\\editanak.php', 44)
 2 SYSTEMPATH\View\View.php(213): include('APPPATH\\Views\\kader\\editanak.php')
 3 SYSTEMPATH\View\View.php(216): CodeIgniter\View\View->CodeIgniter\View\{closure}()
 4 SYSTEMPATH\Common.php(1137): CodeIgniter\View\View->render('kader/editanak', [], true)
 5 APPPATH\Controllers\Anak.php(173): view('kader/editanak', [...])
 6 SYSTEMPATH\CodeIgniter.php(898): App\Controllers\Anak->editanak('1')
 7 SYSTEMPATH\CodeIgniter.php(457): CodeIgniter\CodeIgniter->runController(Object(App\Controllers\Anak))
 8 SYSTEMPATH\CodeIgniter.php(340): CodeIgniter\CodeIgniter->handleRequest(null, Object(Config\Cache), false)
 9 FCPATH\index.php(67): CodeIgniter\CodeIgniter->run()
10 SYSTEMPATH\Commands\Server\rewrite.php(43): require_once('FCPATH\\index.php')
CRITICAL - 2023-02-13 11:19:13 --> Undefined variable $nik
in APPPATH\Views\kader\editanak.php on line 44.
 1 APPPATH\Views\kader\editanak.php(44): CodeIgniter\Debug\Exceptions->errorHandler(2, 'Undefined variable $nik', 'APPPATH\\Views\\kader\\editanak.php', 44)
 2 SYSTEMPATH\View\View.php(213): include('APPPATH\\Views\\kader\\editanak.php')
 3 SYSTEMPATH\View\View.php(216): CodeIgniter\View\View->CodeIgniter\View\{closure}()
 4 SYSTEMPATH\Common.php(1137): CodeIgniter\View\View->render('kader/editanak', [], true)
 5 APPPATH\Controllers\Anak.php(173): view('kader/editanak', [...])
 6 SYSTEMPATH\CodeIgniter.php(898): App\Controllers\Anak->editanak('1')
 7 SYSTEMPATH\CodeIgniter.php(457): CodeIgniter\CodeIgniter->runController(Object(App\Controllers\Anak))
 8 SYSTEMPATH\CodeIgniter.php(340): CodeIgniter\CodeIgniter->handleRequest(null, Object(Config\Cache), false)
 9 FCPATH\index.php(67): CodeIgniter\CodeIgniter->run()
10 SYSTEMPATH\Commands\Server\rewrite.php(43): require_once('FCPATH\\index.php')
CRITICAL - 2023-02-13 11:19:48 --> Undefined variable $nik
in APPPATH\Views\kader\editanak.php on line 44.
 1 APPPATH\Views\kader\editanak.php(44): CodeIgniter\Debug\Exceptions->errorHandler(2, 'Undefined variable $nik', 'APPPATH\\Views\\kader\\editanak.php', 44)
 2 SYSTEMPATH\View\View.php(213): include('APPPATH\\Views\\kader\\editanak.php')
 3 SYSTEMPATH\View\View.php(216): CodeIgniter\View\View->CodeIgniter\View\{closure}()
 4 SYSTEMPATH\Common.php(1137): CodeIgniter\View\View->render('kader/editanak', [], true)
 5 APPPATH\Controllers\Anak.php(173): view('kader/editanak', [...])
 6 SYSTEMPATH\CodeIgniter.php(898): App\Controllers\Anak->editanak('1')
 7 SYSTEMPATH\CodeIgniter.php(457): CodeIgniter\CodeIgniter->runController(Object(App\Controllers\Anak))
 8 SYSTEMPATH\CodeIgniter.php(340): CodeIgniter\CodeIgniter->handleRequest(null, Object(Config\Cache), false)
 9 FCPATH\index.php(67): CodeIgniter\CodeIgniter->run()
10 SYSTEMPATH\Commands\Server\rewrite.php(43): require_once('FCPATH\\index.php')
CRITICAL - 2023-02-13 11:21:36 --> Undefined variable $nik
in APPPATH\Views\kader\editanak.php on line 44.
 1 APPPATH\Views\kader\editanak.php(44): CodeIgniter\Debug\Exceptions->errorHandler(2, 'Undefined variable $nik', 'APPPATH\\Views\\kader\\editanak.php', 44)
 2 SYSTEMPATH\View\View.php(213): include('APPPATH\\Views\\kader\\editanak.php')
 3 SYSTEMPATH\View\View.php(216): CodeIgniter\View\View->CodeIgniter\View\{closure}()
 4 SYSTEMPATH\Common.php(1137): CodeIgniter\View\View->render('kader/editanak', [], true)
 5 APPPATH\Controllers\Anak.php(173): view('kader/editanak', [...])
 6 SYSTEMPATH\CodeIgniter.php(898): App\Controllers\Anak->editanak('1')
 7 SYSTEMPATH\CodeIgniter.php(457): CodeIgniter\CodeIgniter->runController(Object(App\Controllers\Anak))
 8 SYSTEMPATH\CodeIgniter.php(340): CodeIgniter\CodeIgniter->handleRequest(null, Object(Config\Cache), false)
 9 FCPATH\index.php(67): CodeIgniter\CodeIgniter->run()
10 SYSTEMPATH\Commands\Server\rewrite.php(43): require_once('FCPATH\\index.php')
ERROR - 2023-02-13 11:24:26 --> mysqli_sql_exception: Unknown column 'suamigoldar' in 'field list' in C:\xampp\htdocs\taposyandu\system\Database\MySQLi\Connection.php:292
Stack trace:
#0 C:\xampp\htdocs\taposyandu\system\Database\MySQLi\Connection.php(292): mysqli->query('SELECT `nik`, `...', 0)
#1 C:\xampp\htdocs\taposyandu\system\Database\BaseConnection.php(693): CodeIgniter\Database\MySQLi\Connection->execute('SELECT `nik`, `...')
#2 C:\xampp\htdocs\taposyandu\system\Database\BaseConnection.php(620): CodeIgniter\Database\BaseConnection->simpleQuery('SELECT `nik`, `...')
#3 C:\xampp\htdocs\taposyandu\system\Database\BaseBuilder.php(1585): CodeIgniter\Database\BaseConnection->query('SELECT `nik`, `...', Array, false)
#4 C:\xampp\htdocs\taposyandu\app\Models\BumilModel.php(29): CodeIgniter\Database\BaseBuilder->get()
#5 C:\xampp\htdocs\taposyandu\app\Controllers\Bumil.php(31): App\Models\BumilModel->getAllData()
#6 C:\xampp\htdocs\taposyandu\system\CodeIgniter.php(898): App\Controllers\Bumil->index()
#7 C:\xampp\htdocs\taposyandu\system\CodeIgniter.php(457): CodeIgniter\CodeIgniter->runController(Object(App\Controllers\Bumil))
#8 C:\xampp\htdocs\taposyandu\system\CodeIgniter.php(340): CodeIgniter\CodeIgniter->handleRequest(NULL, Object(Config\Cache), false)
#9 C:\xampp\htdocs\taposyandu\public\index.php(67): CodeIgniter\CodeIgniter->run()
#10 C:\xampp\htdocs\taposyandu\system\Commands\Server\rewrite.php(43): require_once('C:\\xampp\\htdocs...')
#11 {main}
CRITICAL - 2023-02-13 11:24:26 --> Unknown column 'suamigoldar' in 'field list'
in SYSTEMPATH\Database\MySQLi\Connection.php on line 292.
 1 SYSTEMPATH\Database\MySQLi\Connection.php(292): mysqli->query('SELECT `nik`, `bumilnama`, `bumilgoldar`, `suamigoldar`, `anakke`, `bumilalamat`, `bumilnohp`, `suaminohp`, `ayahnama`
FROM `bumil`
JOIN `keluarga` ON `bumil`.`nokk`=`keluarga`.`nokk`', 0)
 2 SYSTEMPATH\Database\BaseConnection.php(693): CodeIgniter\Database\MySQLi\Connection->execute('SELECT `nik`, `bumilnama`, `bumilgoldar`, `suamigoldar`, `anakke`, `bumilalamat`, `bumilnohp`, `suaminohp`, `ayahnama`
FROM `bumil`
JOIN `keluarga` ON `bumil`.`nokk`=`keluarga`.`nokk`')
 3 SYSTEMPATH\Database\BaseConnection.php(620): CodeIgniter\Database\BaseConnection->simpleQuery('SELECT `nik`, `bumilnama`, `bumilgoldar`, `suamigoldar`, `anakke`, `bumilalamat`, `bumilnohp`, `suaminohp`, `ayahnama`
FROM `bumil`
JOIN `keluarga` ON `bumil`.`nokk`=`keluarga`.`nokk`')
 4 SYSTEMPATH\Database\BaseBuilder.php(1585): CodeIgniter\Database\BaseConnection->query('SELECT `nik`, `bumilnama`, `bumilgoldar`, `suamigoldar`, `anakke`, `bumilalamat`, `bumilnohp`, `suaminohp`, `ayahnama`
FROM `bumil`
JOIN `keluarga` ON `bumil`.`nokk`=`keluarga`.`nokk`', [], false)
 5 APPPATH\Models\BumilModel.php(29): CodeIgniter\Database\BaseBuilder->get()
 6 APPPATH\Controllers\Bumil.php(31): App\Models\BumilModel->getAllData()
 7 SYSTEMPATH\CodeIgniter.php(898): App\Controllers\Bumil->index()
 8 SYSTEMPATH\CodeIgniter.php(457): CodeIgniter\CodeIgniter->runController(Object(App\Controllers\Bumil))
 9 SYSTEMPATH\CodeIgniter.php(340): CodeIgniter\CodeIgniter->handleRequest(null, Object(Config\Cache), false)
10 FCPATH\index.php(67): CodeIgniter\CodeIgniter->run()
11 SYSTEMPATH\Commands\Server\rewrite.php(43): require_once('FCPATH\\index.php')
