CRITICAL - 2023-02-05 09:31:18 --> unlink(admin/production/images/foto/): Is a directory
in APPPATH\Controllers\Bidan.php on line 207.
 1 [internal function]: CodeIgniter\Debug\Exceptions->errorHandler(2, 'unlink(admin/production/images/foto/): Is a directory', 'APPPATH\\Controllers\\Bidan.php', 207)
 2 APPPATH\Controllers\Bidan.php(207): unlink('FCPATH\\admin\\production\\images\\foto')
 3 SYSTEMPATH\CodeIgniter.php(898): App\Controllers\Bidan->hapusbidan('2')
 4 SYSTEMPATH\CodeIgniter.php(457): CodeIgniter\CodeIgniter->runController(Object(App\Controllers\Bidan))
 5 SYSTEMPATH\CodeIgniter.php(340): CodeIgniter\CodeIgniter->handleRequest(null, Object(Config\Cache), false)
 6 FCPATH\index.php(67): CodeIgniter\CodeIgniter->run()
 7 SYSTEMPATH\Commands\Server\rewrite.php(43): require_once('FCPATH\\index.php')
CRITICAL - 2023-02-05 10:47:08 --> foreach() argument must be of type array|object, null given
in APPPATH\Views\admin\editbidan.php on line 7.
 1 APPPATH\Views\admin\editbidan.php(7): CodeIgniter\Debug\Exceptions->errorHandler(2, 'foreach() argument must be of type array|object, null given', 'APPPATH\\Views\\admin\\editbidan.php', 7)
 2 SYSTEMPATH\View\View.php(213): include('APPPATH\\Views\\admin\\editbidan.php')
 3 SYSTEMPATH\View\View.php(216): CodeIgniter\View\View->CodeIgniter\View\{closure}()
 4 SYSTEMPATH\Common.php(1137): CodeIgniter\View\View->render('admin/editbidan', [], true)
 5 APPPATH\Controllers\Bidan.php(200): view('admin/editbidan', [...])
 6 SYSTEMPATH\CodeIgniter.php(898): App\Controllers\Bidan->editbidan('1')
 7 SYSTEMPATH\CodeIgniter.php(457): CodeIgniter\CodeIgniter->runController(Object(App\Controllers\Bidan))
 8 SYSTEMPATH\CodeIgniter.php(340): CodeIgniter\CodeIgniter->handleRequest(null, Object(Config\Cache), false)
 9 FCPATH\index.php(67): CodeIgniter\CodeIgniter->run()
10 SYSTEMPATH\Commands\Server\rewrite.php(43): require_once('FCPATH\\index.php')
CRITICAL - 2023-02-05 10:50:40 --> syntax error, unexpected end of file
in APPPATH\Views\admin\editbidan.php on line 75.
 1 SYSTEMPATH\View\View.php(216): CodeIgniter\View\View->CodeIgniter\View\{closure}()
 2 SYSTEMPATH\Common.php(1137): CodeIgniter\View\View->render('admin/editbidan', [], true)
 3 APPPATH\Controllers\Bidan.php(200): view('admin/editbidan', [...])
 4 SYSTEMPATH\CodeIgniter.php(898): App\Controllers\Bidan->editbidan('1')
 5 SYSTEMPATH\CodeIgniter.php(457): CodeIgniter\CodeIgniter->runController(Object(App\Controllers\Bidan))
 6 SYSTEMPATH\CodeIgniter.php(340): CodeIgniter\CodeIgniter->handleRequest(null, Object(Config\Cache), false)
 7 FCPATH\index.php(67): CodeIgniter\CodeIgniter->run()
 8 SYSTEMPATH\Commands\Server\rewrite.php(43): require_once('FCPATH\\index.php')
CRITICAL - 2023-02-05 10:51:23 --> foreach() argument must be of type array|object, null given
in APPPATH\Views\admin\editbidan.php on line 7.
 1 APPPATH\Views\admin\editbidan.php(7): CodeIgniter\Debug\Exceptions->errorHandler(2, 'foreach() argument must be of type array|object, null given', 'APPPATH\\Views\\admin\\editbidan.php', 7)
 2 SYSTEMPATH\View\View.php(213): include('APPPATH\\Views\\admin\\editbidan.php')
 3 SYSTEMPATH\View\View.php(216): CodeIgniter\View\View->CodeIgniter\View\{closure}()
 4 SYSTEMPATH\Common.php(1137): CodeIgniter\View\View->render('admin/editbidan', [], true)
 5 APPPATH\Controllers\Bidan.php(200): view('admin/editbidan', [...])
 6 SYSTEMPATH\CodeIgniter.php(898): App\Controllers\Bidan->editbidan('1')
 7 SYSTEMPATH\CodeIgniter.php(457): CodeIgniter\CodeIgniter->runController(Object(App\Controllers\Bidan))
 8 SYSTEMPATH\CodeIgniter.php(340): CodeIgniter\CodeIgniter->handleRequest(null, Object(Config\Cache), false)
 9 FCPATH\index.php(67): CodeIgniter\CodeIgniter->run()
10 SYSTEMPATH\Commands\Server\rewrite.php(43): require_once('FCPATH\\index.php')
CRITICAL - 2023-02-05 10:51:45 --> Unmatched '}'
in APPPATH\Views\admin\editbidan.php on line 70.
 1 SYSTEMPATH\View\View.php(216): CodeIgniter\View\View->CodeIgniter\View\{closure}()
 2 SYSTEMPATH\Common.php(1137): CodeIgniter\View\View->render('admin/editbidan', [], true)
 3 APPPATH\Controllers\Bidan.php(200): view('admin/editbidan', [...])
 4 SYSTEMPATH\CodeIgniter.php(898): App\Controllers\Bidan->editbidan('1')
 5 SYSTEMPATH\CodeIgniter.php(457): CodeIgniter\CodeIgniter->runController(Object(App\Controllers\Bidan))
 6 SYSTEMPATH\CodeIgniter.php(340): CodeIgniter\CodeIgniter->handleRequest(null, Object(Config\Cache), false)
 7 FCPATH\index.php(67): CodeIgniter\CodeIgniter->run()
 8 SYSTEMPATH\Commands\Server\rewrite.php(43): require_once('FCPATH\\index.php')
CRITICAL - 2023-02-05 10:52:52 --> foreach() argument must be of type array|object, null given
in APPPATH\Views\admin\editbidan.php on line 7.
 1 APPPATH\Views\admin\editbidan.php(7): CodeIgniter\Debug\Exceptions->errorHandler(2, 'foreach() argument must be of type array|object, null given', 'APPPATH\\Views\\admin\\editbidan.php', 7)
 2 SYSTEMPATH\View\View.php(213): include('APPPATH\\Views\\admin\\editbidan.php')
 3 SYSTEMPATH\View\View.php(216): CodeIgniter\View\View->CodeIgniter\View\{closure}()
 4 SYSTEMPATH\Common.php(1137): CodeIgniter\View\View->render('admin/editbidan', [], true)
 5 APPPATH\Controllers\Bidan.php(200): view('admin/editbidan', [...])
 6 SYSTEMPATH\CodeIgniter.php(898): App\Controllers\Bidan->editbidan('1')
 7 SYSTEMPATH\CodeIgniter.php(457): CodeIgniter\CodeIgniter->runController(Object(App\Controllers\Bidan))
 8 SYSTEMPATH\CodeIgniter.php(340): CodeIgniter\CodeIgniter->handleRequest(null, Object(Config\Cache), false)
 9 FCPATH\index.php(67): CodeIgniter\CodeIgniter->run()
10 SYSTEMPATH\Commands\Server\rewrite.php(43): require_once('FCPATH\\index.php')
CRITICAL - 2023-02-05 10:54:30 --> foreach() argument must be of type array|object, null given
in APPPATH\Views\admin\editbidan.php on line 7.
 1 APPPATH\Views\admin\editbidan.php(7): CodeIgniter\Debug\Exceptions->errorHandler(2, 'foreach() argument must be of type array|object, null given', 'APPPATH\\Views\\admin\\editbidan.php', 7)
 2 SYSTEMPATH\View\View.php(213): include('APPPATH\\Views\\admin\\editbidan.php')
 3 SYSTEMPATH\View\View.php(216): CodeIgniter\View\View->CodeIgniter\View\{closure}()
 4 SYSTEMPATH\Common.php(1137): CodeIgniter\View\View->render('admin/editbidan', [], true)
 5 APPPATH\Controllers\Bidan.php(200): view('admin/editbidan', [...])
 6 SYSTEMPATH\CodeIgniter.php(898): App\Controllers\Bidan->editbidan('1')
 7 SYSTEMPATH\CodeIgniter.php(457): CodeIgniter\CodeIgniter->runController(Object(App\Controllers\Bidan))
 8 SYSTEMPATH\CodeIgniter.php(340): CodeIgniter\CodeIgniter->handleRequest(null, Object(Config\Cache), false)
 9 FCPATH\index.php(67): CodeIgniter\CodeIgniter->run()
10 SYSTEMPATH\Commands\Server\rewrite.php(43): require_once('FCPATH\\index.php')
CRITICAL - 2023-02-05 10:54:58 --> Undefined variable $bi
in APPPATH\Views\admin\editbidan.php on line 6.
 1 APPPATH\Views\admin\editbidan.php(6): CodeIgniter\Debug\Exceptions->errorHandler(2, 'Undefined variable $bi', 'APPPATH\\Views\\admin\\editbidan.php', 6)
 2 SYSTEMPATH\View\View.php(213): include('APPPATH\\Views\\admin\\editbidan.php')
 3 SYSTEMPATH\View\View.php(216): CodeIgniter\View\View->CodeIgniter\View\{closure}()
 4 SYSTEMPATH\Common.php(1137): CodeIgniter\View\View->render('admin/editbidan', [], true)
 5 APPPATH\Controllers\Bidan.php(200): view('admin/editbidan', [...])
 6 SYSTEMPATH\CodeIgniter.php(898): App\Controllers\Bidan->editbidan('1')
 7 SYSTEMPATH\CodeIgniter.php(457): CodeIgniter\CodeIgniter->runController(Object(App\Controllers\Bidan))
 8 SYSTEMPATH\CodeIgniter.php(340): CodeIgniter\CodeIgniter->handleRequest(null, Object(Config\Cache), false)
 9 FCPATH\index.php(67): CodeIgniter\CodeIgniter->run()
10 SYSTEMPATH\Commands\Server\rewrite.php(43): require_once('FCPATH\\index.php')
CRITICAL - 2023-02-05 10:55:31 --> foreach() argument must be of type array|object, null given
in APPPATH\Views\admin\editbidan.php on line 8.
 1 APPPATH\Views\admin\editbidan.php(8): CodeIgniter\Debug\Exceptions->errorHandler(2, 'foreach() argument must be of type array|object, null given', 'APPPATH\\Views\\admin\\editbidan.php', 8)
 2 SYSTEMPATH\View\View.php(213): include('APPPATH\\Views\\admin\\editbidan.php')
 3 SYSTEMPATH\View\View.php(216): CodeIgniter\View\View->CodeIgniter\View\{closure}()
 4 SYSTEMPATH\Common.php(1137): CodeIgniter\View\View->render('admin/editbidan', [], true)
 5 APPPATH\Controllers\Bidan.php(200): view('admin/editbidan', [...])
 6 SYSTEMPATH\CodeIgniter.php(898): App\Controllers\Bidan->editbidan('1')
 7 SYSTEMPATH\CodeIgniter.php(457): CodeIgniter\CodeIgniter->runController(Object(App\Controllers\Bidan))
 8 SYSTEMPATH\CodeIgniter.php(340): CodeIgniter\CodeIgniter->handleRequest(null, Object(Config\Cache), false)
 9 FCPATH\index.php(67): CodeIgniter\CodeIgniter->run()
10 SYSTEMPATH\Commands\Server\rewrite.php(43): require_once('FCPATH\\index.php')
CRITICAL - 2023-02-05 10:56:30 --> syntax error, unexpected end of file
in APPPATH\Views\admin\editbidan.php on line 69.
 1 SYSTEMPATH\View\View.php(216): CodeIgniter\View\View->CodeIgniter\View\{closure}()
 2 SYSTEMPATH\Common.php(1137): CodeIgniter\View\View->render('admin/editbidan', [], true)
 3 APPPATH\Controllers\Bidan.php(200): view('admin/editbidan', [...])
 4 SYSTEMPATH\CodeIgniter.php(898): App\Controllers\Bidan->editbidan('1')
 5 SYSTEMPATH\CodeIgniter.php(457): CodeIgniter\CodeIgniter->runController(Object(App\Controllers\Bidan))
 6 SYSTEMPATH\CodeIgniter.php(340): CodeIgniter\CodeIgniter->handleRequest(null, Object(Config\Cache), false)
 7 FCPATH\index.php(67): CodeIgniter\CodeIgniter->run()
 8 SYSTEMPATH\Commands\Server\rewrite.php(43): require_once('FCPATH\\index.php')
CRITICAL - 2023-02-05 10:57:00 --> foreach() argument must be of type array|object, null given
in APPPATH\Views\admin\editbidan.php on line 5.
 1 APPPATH\Views\admin\editbidan.php(5): CodeIgniter\Debug\Exceptions->errorHandler(2, 'foreach() argument must be of type array|object, null given', 'APPPATH\\Views\\admin\\editbidan.php', 5)
 2 SYSTEMPATH\View\View.php(213): include('APPPATH\\Views\\admin\\editbidan.php')
 3 SYSTEMPATH\View\View.php(216): CodeIgniter\View\View->CodeIgniter\View\{closure}()
 4 SYSTEMPATH\Common.php(1137): CodeIgniter\View\View->render('admin/editbidan', [], true)
 5 APPPATH\Controllers\Bidan.php(200): view('admin/editbidan', [...])
 6 SYSTEMPATH\CodeIgniter.php(898): App\Controllers\Bidan->editbidan('1')
 7 SYSTEMPATH\CodeIgniter.php(457): CodeIgniter\CodeIgniter->runController(Object(App\Controllers\Bidan))
 8 SYSTEMPATH\CodeIgniter.php(340): CodeIgniter\CodeIgniter->handleRequest(null, Object(Config\Cache), false)
 9 FCPATH\index.php(67): CodeIgniter\CodeIgniter->run()
10 SYSTEMPATH\Commands\Server\rewrite.php(43): require_once('FCPATH\\index.php')
CRITICAL - 2023-02-05 11:02:44 --> Undefined variable $bi
in APPPATH\Views\admin\editbidan.php on line 6.
 1 APPPATH\Views\admin\editbidan.php(6): CodeIgniter\Debug\Exceptions->errorHandler(2, 'Undefined variable $bi', 'APPPATH\\Views\\admin\\editbidan.php', 6)
 2 SYSTEMPATH\View\View.php(213): include('APPPATH\\Views\\admin\\editbidan.php')
 3 SYSTEMPATH\View\View.php(216): CodeIgniter\View\View->CodeIgniter\View\{closure}()
 4 SYSTEMPATH\Common.php(1137): CodeIgniter\View\View->render('admin/editbidan', [], true)
 5 APPPATH\Controllers\Bidan.php(200): view('admin/editbidan', [...])
 6 SYSTEMPATH\CodeIgniter.php(898): App\Controllers\Bidan->editbidan('1')
 7 SYSTEMPATH\CodeIgniter.php(457): CodeIgniter\CodeIgniter->runController(Object(App\Controllers\Bidan))
 8 SYSTEMPATH\CodeIgniter.php(340): CodeIgniter\CodeIgniter->handleRequest(null, Object(Config\Cache), false)
 9 FCPATH\index.php(67): CodeIgniter\CodeIgniter->run()
10 SYSTEMPATH\Commands\Server\rewrite.php(43): require_once('FCPATH\\index.php')
CRITICAL - 2023-02-05 11:03:04 --> Trying to access array offset on value of type null
in APPPATH\Views\admin\editbidan.php on line 6.
 1 APPPATH\Views\admin\editbidan.php(6): CodeIgniter\Debug\Exceptions->errorHandler(2, 'Trying to access array offset on value of type null', 'APPPATH\\Views\\admin\\editbidan.php', 6)
 2 SYSTEMPATH\View\View.php(213): include('APPPATH\\Views\\admin\\editbidan.php')
 3 SYSTEMPATH\View\View.php(216): CodeIgniter\View\View->CodeIgniter\View\{closure}()
 4 SYSTEMPATH\Common.php(1137): CodeIgniter\View\View->render('admin/editbidan', [], true)
 5 APPPATH\Controllers\Bidan.php(200): view('admin/editbidan', [...])
 6 SYSTEMPATH\CodeIgniter.php(898): App\Controllers\Bidan->editbidan('1')
 7 SYSTEMPATH\CodeIgniter.php(457): CodeIgniter\CodeIgniter->runController(Object(App\Controllers\Bidan))
 8 SYSTEMPATH\CodeIgniter.php(340): CodeIgniter\CodeIgniter->handleRequest(null, Object(Config\Cache), false)
 9 FCPATH\index.php(67): CodeIgniter\CodeIgniter->run()
10 SYSTEMPATH\Commands\Server\rewrite.php(43): require_once('FCPATH\\index.php')
CRITICAL - 2023-02-05 11:03:33 --> Trying to access array offset on value of type null
in APPPATH\Views\admin\editbidan.php on line 15.
 1 APPPATH\Views\admin\editbidan.php(15): CodeIgniter\Debug\Exceptions->errorHandler(2, 'Trying to access array offset on value of type null', 'APPPATH\\Views\\admin\\editbidan.php', 15)
 2 SYSTEMPATH\View\View.php(213): include('APPPATH\\Views\\admin\\editbidan.php')
 3 SYSTEMPATH\View\View.php(216): CodeIgniter\View\View->CodeIgniter\View\{closure}()
 4 SYSTEMPATH\Common.php(1137): CodeIgniter\View\View->render('admin/editbidan', [], true)
 5 APPPATH\Controllers\Bidan.php(200): view('admin/editbidan', [...])
 6 SYSTEMPATH\CodeIgniter.php(898): App\Controllers\Bidan->editbidan('1')
 7 SYSTEMPATH\CodeIgniter.php(457): CodeIgniter\CodeIgniter->runController(Object(App\Controllers\Bidan))
 8 SYSTEMPATH\CodeIgniter.php(340): CodeIgniter\CodeIgniter->handleRequest(null, Object(Config\Cache), false)
 9 FCPATH\index.php(67): CodeIgniter\CodeIgniter->run()
10 SYSTEMPATH\Commands\Server\rewrite.php(43): require_once('FCPATH\\index.php')
CRITICAL - 2023-02-05 11:04:08 --> Trying to access array offset on value of type null
in APPPATH\Views\admin\editbidan.php on line 15.
 1 APPPATH\Views\admin\editbidan.php(15): CodeIgniter\Debug\Exceptions->errorHandler(2, 'Trying to access array offset on value of type null', 'APPPATH\\Views\\admin\\editbidan.php', 15)
 2 SYSTEMPATH\View\View.php(213): include('APPPATH\\Views\\admin\\editbidan.php')
 3 SYSTEMPATH\View\View.php(216): CodeIgniter\View\View->CodeIgniter\View\{closure}()
 4 SYSTEMPATH\Common.php(1137): CodeIgniter\View\View->render('admin/editbidan', [], true)
 5 APPPATH\Controllers\Bidan.php(200): view('admin/editbidan', [...])
 6 SYSTEMPATH\CodeIgniter.php(898): App\Controllers\Bidan->editbidan('1')
 7 SYSTEMPATH\CodeIgniter.php(457): CodeIgniter\CodeIgniter->runController(Object(App\Controllers\Bidan))
 8 SYSTEMPATH\CodeIgniter.php(340): CodeIgniter\CodeIgniter->handleRequest(null, Object(Config\Cache), false)
 9 FCPATH\index.php(67): CodeIgniter\CodeIgniter->run()
10 SYSTEMPATH\Commands\Server\rewrite.php(43): require_once('FCPATH\\index.php')
CRITICAL - 2023-02-05 11:05:23 --> Attempt to read property "idbidan" on null
in APPPATH\Views\admin\editbidan.php on line 15.
 1 APPPATH\Views\admin\editbidan.php(15): CodeIgniter\Debug\Exceptions->errorHandler(2, 'Attempt to read property "idbidan" on null', 'APPPATH\\Views\\admin\\editbidan.php', 15)
 2 SYSTEMPATH\View\View.php(213): include('APPPATH\\Views\\admin\\editbidan.php')
 3 SYSTEMPATH\View\View.php(216): CodeIgniter\View\View->CodeIgniter\View\{closure}()
 4 SYSTEMPATH\Common.php(1137): CodeIgniter\View\View->render('admin/editbidan', [], true)
 5 APPPATH\Controllers\Bidan.php(200): view('admin/editbidan', [...])
 6 SYSTEMPATH\CodeIgniter.php(898): App\Controllers\Bidan->editbidan('1')
 7 SYSTEMPATH\CodeIgniter.php(457): CodeIgniter\CodeIgniter->runController(Object(App\Controllers\Bidan))
 8 SYSTEMPATH\CodeIgniter.php(340): CodeIgniter\CodeIgniter->handleRequest(null, Object(Config\Cache), false)
 9 FCPATH\index.php(67): CodeIgniter\CodeIgniter->run()
10 SYSTEMPATH\Commands\Server\rewrite.php(43): require_once('FCPATH\\index.php')
CRITICAL - 2023-02-05 11:06:07 --> Attempt to read property "idbidan" on null
in APPPATH\Views\admin\editbidan.php on line 15.
 1 APPPATH\Views\admin\editbidan.php(15): CodeIgniter\Debug\Exceptions->errorHandler(2, 'Attempt to read property "idbidan" on null', 'APPPATH\\Views\\admin\\editbidan.php', 15)
 2 SYSTEMPATH\View\View.php(213): include('APPPATH\\Views\\admin\\editbidan.php')
 3 SYSTEMPATH\View\View.php(216): CodeIgniter\View\View->CodeIgniter\View\{closure}()
 4 SYSTEMPATH\Common.php(1137): CodeIgniter\View\View->render('admin/editbidan', [], true)
 5 APPPATH\Controllers\Bidan.php(200): view('admin/editbidan', [...])
 6 SYSTEMPATH\CodeIgniter.php(898): App\Controllers\Bidan->editbidan('1')
 7 SYSTEMPATH\CodeIgniter.php(457): CodeIgniter\CodeIgniter->runController(Object(App\Controllers\Bidan))
 8 SYSTEMPATH\CodeIgniter.php(340): CodeIgniter\CodeIgniter->handleRequest(null, Object(Config\Cache), false)
 9 FCPATH\index.php(67): CodeIgniter\CodeIgniter->run()
10 SYSTEMPATH\Commands\Server\rewrite.php(43): require_once('FCPATH\\index.php')
CRITICAL - 2023-02-05 21:47:36 --> Trying to access array offset on value of type null
in APPPATH\Views\admin\editbidan.php on line 37.
 1 APPPATH\Views\admin\editbidan.php(37): CodeIgniter\Debug\Exceptions->errorHandler(2, 'Trying to access array offset on value of type null', 'APPPATH\\Views\\admin\\editbidan.php', 37)
 2 SYSTEMPATH\View\View.php(213): include('APPPATH\\Views\\admin\\editbidan.php')
 3 SYSTEMPATH\View\View.php(216): CodeIgniter\View\View->CodeIgniter\View\{closure}()
 4 SYSTEMPATH\Common.php(1137): CodeIgniter\View\View->render('admin/editbidan', [], true)
 5 APPPATH\Controllers\Bidan.php(200): view('admin/editbidan', [...])
 6 SYSTEMPATH\CodeIgniter.php(898): App\Controllers\Bidan->editbidan('1')
 7 SYSTEMPATH\CodeIgniter.php(457): CodeIgniter\CodeIgniter->runController(Object(App\Controllers\Bidan))
 8 SYSTEMPATH\CodeIgniter.php(340): CodeIgniter\CodeIgniter->handleRequest(null, Object(Config\Cache), false)
 9 FCPATH\index.php(67): CodeIgniter\CodeIgniter->run()
10 SYSTEMPATH\Commands\Server\rewrite.php(43): require_once('FCPATH\\index.php')
CRITICAL - 2023-02-05 21:53:20 --> Trying to access array offset on value of type null
in APPPATH\Views\admin\editbidan.php on line 37.
 1 APPPATH\Views\admin\editbidan.php(37): CodeIgniter\Debug\Exceptions->errorHandler(2, 'Trying to access array offset on value of type null', 'APPPATH\\Views\\admin\\editbidan.php', 37)
 2 SYSTEMPATH\View\View.php(213): include('APPPATH\\Views\\admin\\editbidan.php')
 3 SYSTEMPATH\View\View.php(216): CodeIgniter\View\View->CodeIgniter\View\{closure}()
 4 SYSTEMPATH\Common.php(1137): CodeIgniter\View\View->render('admin/editbidan', [], true)
 5 APPPATH\Controllers\Bidan.php(200): view('admin/editbidan', [...])
 6 SYSTEMPATH\CodeIgniter.php(898): App\Controllers\Bidan->editbidan('1')
 7 SYSTEMPATH\CodeIgniter.php(457): CodeIgniter\CodeIgniter->runController(Object(App\Controllers\Bidan))
 8 SYSTEMPATH\CodeIgniter.php(340): CodeIgniter\CodeIgniter->handleRequest(null, Object(Config\Cache), false)
 9 FCPATH\index.php(67): CodeIgniter\CodeIgniter->run()
10 SYSTEMPATH\Commands\Server\rewrite.php(43): require_once('FCPATH\\index.php')
CRITICAL - 2023-02-05 21:53:54 --> Trying to access array offset on value of type null
in APPPATH\Views\admin\editbidan.php on line 37.
 1 APPPATH\Views\admin\editbidan.php(37): CodeIgniter\Debug\Exceptions->errorHandler(2, 'Trying to access array offset on value of type null', 'APPPATH\\Views\\admin\\editbidan.php', 37)
 2 SYSTEMPATH\View\View.php(213): include('APPPATH\\Views\\admin\\editbidan.php')
 3 SYSTEMPATH\View\View.php(216): CodeIgniter\View\View->CodeIgniter\View\{closure}()
 4 SYSTEMPATH\Common.php(1137): CodeIgniter\View\View->render('admin/editbidan', [], true)
 5 APPPATH\Controllers\Bidan.php(200): view('admin/editbidan', [...])
 6 SYSTEMPATH\CodeIgniter.php(898): App\Controllers\Bidan->editbidan('1')
 7 SYSTEMPATH\CodeIgniter.php(457): CodeIgniter\CodeIgniter->runController(Object(App\Controllers\Bidan))
 8 SYSTEMPATH\CodeIgniter.php(340): CodeIgniter\CodeIgniter->handleRequest(null, Object(Config\Cache), false)
 9 FCPATH\index.php(67): CodeIgniter\CodeIgniter->run()
10 SYSTEMPATH\Commands\Server\rewrite.php(43): require_once('FCPATH\\index.php')
CRITICAL - 2023-02-05 21:55:06 --> Attempt to read property "idbidan" on null
in APPPATH\Views\admin\editbidan.php on line 37.
 1 APPPATH\Views\admin\editbidan.php(37): CodeIgniter\Debug\Exceptions->errorHandler(2, 'Attempt to read property "idbidan" on null', 'APPPATH\\Views\\admin\\editbidan.php', 37)
 2 SYSTEMPATH\View\View.php(213): include('APPPATH\\Views\\admin\\editbidan.php')
 3 SYSTEMPATH\View\View.php(216): CodeIgniter\View\View->CodeIgniter\View\{closure}()
 4 SYSTEMPATH\Common.php(1137): CodeIgniter\View\View->render('admin/editbidan', [], true)
 5 APPPATH\Controllers\Bidan.php(200): view('admin/editbidan', [...])
 6 SYSTEMPATH\CodeIgniter.php(898): App\Controllers\Bidan->editbidan('1')
 7 SYSTEMPATH\CodeIgniter.php(457): CodeIgniter\CodeIgniter->runController(Object(App\Controllers\Bidan))
 8 SYSTEMPATH\CodeIgniter.php(340): CodeIgniter\CodeIgniter->handleRequest(null, Object(Config\Cache), false)
 9 FCPATH\index.php(67): CodeIgniter\CodeIgniter->run()
10 SYSTEMPATH\Commands\Server\rewrite.php(43): require_once('FCPATH\\index.php')
CRITICAL - 2023-02-05 21:55:43 --> Attempt to read property "idbidan" on null
in APPPATH\Views\admin\editbidan.php on line 37.
 1 APPPATH\Views\admin\editbidan.php(37): CodeIgniter\Debug\Exceptions->errorHandler(2, 'Attempt to read property "idbidan" on null', 'APPPATH\\Views\\admin\\editbidan.php', 37)
 2 SYSTEMPATH\View\View.php(213): include('APPPATH\\Views\\admin\\editbidan.php')
 3 SYSTEMPATH\View\View.php(216): CodeIgniter\View\View->CodeIgniter\View\{closure}()
 4 SYSTEMPATH\Common.php(1137): CodeIgniter\View\View->render('admin/editbidan', [], true)
 5 APPPATH\Controllers\Bidan.php(200): view('admin/editbidan', [...])
 6 SYSTEMPATH\CodeIgniter.php(898): App\Controllers\Bidan->editbidan('1')
 7 SYSTEMPATH\CodeIgniter.php(457): CodeIgniter\CodeIgniter->runController(Object(App\Controllers\Bidan))
 8 SYSTEMPATH\CodeIgniter.php(340): CodeIgniter\CodeIgniter->handleRequest(null, Object(Config\Cache), false)
 9 FCPATH\index.php(67): CodeIgniter\CodeIgniter->run()
10 SYSTEMPATH\Commands\Server\rewrite.php(43): require_once('FCPATH\\index.php')
CRITICAL - 2023-02-05 21:55:59 --> Trying to access array offset on value of type null
in APPPATH\Views\admin\editbidan.php on line 37.
 1 APPPATH\Views\admin\editbidan.php(37): CodeIgniter\Debug\Exceptions->errorHandler(2, 'Trying to access array offset on value of type null', 'APPPATH\\Views\\admin\\editbidan.php', 37)
 2 SYSTEMPATH\View\View.php(213): include('APPPATH\\Views\\admin\\editbidan.php')
 3 SYSTEMPATH\View\View.php(216): CodeIgniter\View\View->CodeIgniter\View\{closure}()
 4 SYSTEMPATH\Common.php(1137): CodeIgniter\View\View->render('admin/editbidan', [], true)
 5 APPPATH\Controllers\Bidan.php(200): view('admin/editbidan', [...])
 6 SYSTEMPATH\CodeIgniter.php(898): App\Controllers\Bidan->editbidan('1')
 7 SYSTEMPATH\CodeIgniter.php(457): CodeIgniter\CodeIgniter->runController(Object(App\Controllers\Bidan))
 8 SYSTEMPATH\CodeIgniter.php(340): CodeIgniter\CodeIgniter->handleRequest(null, Object(Config\Cache), false)
 9 FCPATH\index.php(67): CodeIgniter\CodeIgniter->run()
10 SYSTEMPATH\Commands\Server\rewrite.php(43): require_once('FCPATH\\index.php')
CRITICAL - 2023-02-05 22:00:23 --> Attempt to read property "bidannama" on null
in APPPATH\Views\admin\editbidan.php on line 43.
 1 APPPATH\Views\admin\editbidan.php(43): CodeIgniter\Debug\Exceptions->errorHandler(2, 'Attempt to read property "bidannama" on null', 'APPPATH\\Views\\admin\\editbidan.php', 43)
 2 SYSTEMPATH\View\View.php(213): include('APPPATH\\Views\\admin\\editbidan.php')
 3 SYSTEMPATH\View\View.php(216): CodeIgniter\View\View->CodeIgniter\View\{closure}()
 4 SYSTEMPATH\Common.php(1137): CodeIgniter\View\View->render('admin/editbidan', [], true)
 5 APPPATH\Controllers\Bidan.php(200): view('admin/editbidan', [...])
 6 SYSTEMPATH\CodeIgniter.php(898): App\Controllers\Bidan->editbidan('1')
 7 SYSTEMPATH\CodeIgniter.php(457): CodeIgniter\CodeIgniter->runController(Object(App\Controllers\Bidan))
 8 SYSTEMPATH\CodeIgniter.php(340): CodeIgniter\CodeIgniter->handleRequest(null, Object(Config\Cache), false)
 9 FCPATH\index.php(67): CodeIgniter\CodeIgniter->run()
10 SYSTEMPATH\Commands\Server\rewrite.php(43): require_once('FCPATH\\index.php')
CRITICAL - 2023-02-05 22:01:28 --> Trying to access array offset on value of type null
in APPPATH\Views\admin\editbidan.php on line 37.
 1 APPPATH\Views\admin\editbidan.php(37): CodeIgniter\Debug\Exceptions->errorHandler(2, 'Trying to access array offset on value of type null', 'APPPATH\\Views\\admin\\editbidan.php', 37)
 2 SYSTEMPATH\View\View.php(213): include('APPPATH\\Views\\admin\\editbidan.php')
 3 SYSTEMPATH\View\View.php(216): CodeIgniter\View\View->CodeIgniter\View\{closure}()
 4 SYSTEMPATH\Common.php(1137): CodeIgniter\View\View->render('admin/editbidan', [], true)
 5 APPPATH\Controllers\Bidan.php(200): view('admin/editbidan', [...])
 6 SYSTEMPATH\CodeIgniter.php(898): App\Controllers\Bidan->editbidan('1')
 7 SYSTEMPATH\CodeIgniter.php(457): CodeIgniter\CodeIgniter->runController(Object(App\Controllers\Bidan))
 8 SYSTEMPATH\CodeIgniter.php(340): CodeIgniter\CodeIgniter->handleRequest(null, Object(Config\Cache), false)
 9 FCPATH\index.php(67): CodeIgniter\CodeIgniter->run()
10 SYSTEMPATH\Commands\Server\rewrite.php(43): require_once('FCPATH\\index.php')
CRITICAL - 2023-02-05 22:01:47 --> Attempt to read property "idbidan" on null
in APPPATH\Views\admin\editbidan.php on line 37.
 1 APPPATH\Views\admin\editbidan.php(37): CodeIgniter\Debug\Exceptions->errorHandler(2, 'Attempt to read property "idbidan" on null', 'APPPATH\\Views\\admin\\editbidan.php', 37)
 2 SYSTEMPATH\View\View.php(213): include('APPPATH\\Views\\admin\\editbidan.php')
 3 SYSTEMPATH\View\View.php(216): CodeIgniter\View\View->CodeIgniter\View\{closure}()
 4 SYSTEMPATH\Common.php(1137): CodeIgniter\View\View->render('admin/editbidan', [], true)
 5 APPPATH\Controllers\Bidan.php(200): view('admin/editbidan', [...])
 6 SYSTEMPATH\CodeIgniter.php(898): App\Controllers\Bidan->editbidan('1')
 7 SYSTEMPATH\CodeIgniter.php(457): CodeIgniter\CodeIgniter->runController(Object(App\Controllers\Bidan))
 8 SYSTEMPATH\CodeIgniter.php(340): CodeIgniter\CodeIgniter->handleRequest(null, Object(Config\Cache), false)
 9 FCPATH\index.php(67): CodeIgniter\CodeIgniter->run()
10 SYSTEMPATH\Commands\Server\rewrite.php(43): require_once('FCPATH\\index.php')
CRITICAL - 2023-02-05 22:06:23 --> Trying to access array offset on value of type null
in APPPATH\Views\admin\editbidan.php on line 37.
 1 APPPATH\Views\admin\editbidan.php(37): CodeIgniter\Debug\Exceptions->errorHandler(2, 'Trying to access array offset on value of type null', 'APPPATH\\Views\\admin\\editbidan.php', 37)
 2 SYSTEMPATH\View\View.php(213): include('APPPATH\\Views\\admin\\editbidan.php')
 3 SYSTEMPATH\View\View.php(216): CodeIgniter\View\View->CodeIgniter\View\{closure}()
 4 SYSTEMPATH\Common.php(1137): CodeIgniter\View\View->render('admin/editbidan', [], true)
 5 APPPATH\Controllers\Bidan.php(200): view('admin/editbidan', [...])
 6 SYSTEMPATH\CodeIgniter.php(898): App\Controllers\Bidan->editbidan('1')
 7 SYSTEMPATH\CodeIgniter.php(457): CodeIgniter\CodeIgniter->runController(Object(App\Controllers\Bidan))
 8 SYSTEMPATH\CodeIgniter.php(340): CodeIgniter\CodeIgniter->handleRequest(null, Object(Config\Cache), false)
 9 FCPATH\index.php(67): CodeIgniter\CodeIgniter->run()
10 SYSTEMPATH\Commands\Server\rewrite.php(43): require_once('FCPATH\\index.php')
CRITICAL - 2023-02-05 22:13:03 --> Trying to access array offset on value of type null
in APPPATH\Views\admin\editbidan.php on line 37.
 1 APPPATH\Views\admin\editbidan.php(37): CodeIgniter\Debug\Exceptions->errorHandler(2, 'Trying to access array offset on value of type null', 'APPPATH\\Views\\admin\\editbidan.php', 37)
 2 SYSTEMPATH\View\View.php(213): include('APPPATH\\Views\\admin\\editbidan.php')
 3 SYSTEMPATH\View\View.php(216): CodeIgniter\View\View->CodeIgniter\View\{closure}()
 4 SYSTEMPATH\Common.php(1137): CodeIgniter\View\View->render('admin/editbidan', [], true)
 5 APPPATH\Controllers\Bidan.php(200): view('admin/editbidan', [...])
 6 SYSTEMPATH\CodeIgniter.php(898): App\Controllers\Bidan->editbidan('1')
 7 SYSTEMPATH\CodeIgniter.php(457): CodeIgniter\CodeIgniter->runController(Object(App\Controllers\Bidan))
 8 SYSTEMPATH\CodeIgniter.php(340): CodeIgniter\CodeIgniter->handleRequest(null, Object(Config\Cache), false)
 9 FCPATH\index.php(67): CodeIgniter\CodeIgniter->run()
10 SYSTEMPATH\Commands\Server\rewrite.php(43): require_once('FCPATH\\index.php')
CRITICAL - 2023-02-05 22:13:52 --> Undefined array key "idbidan"
in APPPATH\Views\admin\editbidan.php on line 37.
 1 APPPATH\Views\admin\editbidan.php(37): CodeIgniter\Debug\Exceptions->errorHandler(2, 'Undefined array key "idbidan"', 'APPPATH\\Views\\admin\\editbidan.php', 37)
 2 SYSTEMPATH\View\View.php(213): include('APPPATH\\Views\\admin\\editbidan.php')
 3 SYSTEMPATH\View\View.php(216): CodeIgniter\View\View->CodeIgniter\View\{closure}()
 4 SYSTEMPATH\Common.php(1137): CodeIgniter\View\View->render('admin/editbidan', [], true)
 5 APPPATH\Controllers\Bidan.php(200): view('admin/editbidan', [...])
 6 SYSTEMPATH\CodeIgniter.php(898): App\Controllers\Bidan->editbidan('1')
 7 SYSTEMPATH\CodeIgniter.php(457): CodeIgniter\CodeIgniter->runController(Object(App\Controllers\Bidan))
 8 SYSTEMPATH\CodeIgniter.php(340): CodeIgniter\CodeIgniter->handleRequest(null, Object(Config\Cache), false)
 9 FCPATH\index.php(67): CodeIgniter\CodeIgniter->run()
10 SYSTEMPATH\Commands\Server\rewrite.php(43): require_once('FCPATH\\index.php')
CRITICAL - 2023-02-05 22:14:17 --> Undefined array key "idbidan"
in APPPATH\Views\admin\editbidan.php on line 37.
 1 APPPATH\Views\admin\editbidan.php(37): CodeIgniter\Debug\Exceptions->errorHandler(2, 'Undefined array key "idbidan"', 'APPPATH\\Views\\admin\\editbidan.php', 37)
 2 SYSTEMPATH\View\View.php(213): include('APPPATH\\Views\\admin\\editbidan.php')
 3 SYSTEMPATH\View\View.php(216): CodeIgniter\View\View->CodeIgniter\View\{closure}()
 4 SYSTEMPATH\Common.php(1137): CodeIgniter\View\View->render('admin/editbidan', [], true)
 5 APPPATH\Controllers\Bidan.php(200): view('admin/editbidan', [...])
 6 SYSTEMPATH\CodeIgniter.php(898): App\Controllers\Bidan->editbidan('1')
 7 SYSTEMPATH\CodeIgniter.php(457): CodeIgniter\CodeIgniter->runController(Object(App\Controllers\Bidan))
 8 SYSTEMPATH\CodeIgniter.php(340): CodeIgniter\CodeIgniter->handleRequest(null, Object(Config\Cache), false)
 9 FCPATH\index.php(67): CodeIgniter\CodeIgniter->run()
10 SYSTEMPATH\Commands\Server\rewrite.php(43): require_once('FCPATH\\index.php')
CRITICAL - 2023-02-05 22:15:16 --> Undefined array key "idbidan"
in APPPATH\Views\admin\editbidan.php on line 37.
 1 APPPATH\Views\admin\editbidan.php(37): CodeIgniter\Debug\Exceptions->errorHandler(2, 'Undefined array key "idbidan"', 'APPPATH\\Views\\admin\\editbidan.php', 37)
 2 SYSTEMPATH\View\View.php(213): include('APPPATH\\Views\\admin\\editbidan.php')
 3 SYSTEMPATH\View\View.php(216): CodeIgniter\View\View->CodeIgniter\View\{closure}()
 4 SYSTEMPATH\Common.php(1137): CodeIgniter\View\View->render('admin/editbidan', [], true)
 5 APPPATH\Controllers\Bidan.php(200): view('admin/editbidan', [...])
 6 SYSTEMPATH\CodeIgniter.php(898): App\Controllers\Bidan->editbidan('1')
 7 SYSTEMPATH\CodeIgniter.php(457): CodeIgniter\CodeIgniter->runController(Object(App\Controllers\Bidan))
 8 SYSTEMPATH\CodeIgniter.php(340): CodeIgniter\CodeIgniter->handleRequest(null, Object(Config\Cache), false)
 9 FCPATH\index.php(67): CodeIgniter\CodeIgniter->run()
10 SYSTEMPATH\Commands\Server\rewrite.php(43): require_once('FCPATH\\index.php')
CRITICAL - 2023-02-05 22:15:39 --> Undefined array key "idbidan"
in APPPATH\Views\admin\editbidan.php on line 37.
 1 APPPATH\Views\admin\editbidan.php(37): CodeIgniter\Debug\Exceptions->errorHandler(2, 'Undefined array key "idbidan"', 'APPPATH\\Views\\admin\\editbidan.php', 37)
 2 SYSTEMPATH\View\View.php(213): include('APPPATH\\Views\\admin\\editbidan.php')
 3 SYSTEMPATH\View\View.php(216): CodeIgniter\View\View->CodeIgniter\View\{closure}()
 4 SYSTEMPATH\Common.php(1137): CodeIgniter\View\View->render('admin/editbidan', [], true)
 5 APPPATH\Controllers\Bidan.php(200): view('admin/editbidan', [...])
 6 SYSTEMPATH\CodeIgniter.php(898): App\Controllers\Bidan->editbidan('1')
 7 SYSTEMPATH\CodeIgniter.php(457): CodeIgniter\CodeIgniter->runController(Object(App\Controllers\Bidan))
 8 SYSTEMPATH\CodeIgniter.php(340): CodeIgniter\CodeIgniter->handleRequest(null, Object(Config\Cache), false)
 9 FCPATH\index.php(67): CodeIgniter\CodeIgniter->run()
10 SYSTEMPATH\Commands\Server\rewrite.php(43): require_once('FCPATH\\index.php')
CRITICAL - 2023-02-05 22:16:35 --> Attempt to read property "idbidan" on array
in APPPATH\Views\admin\editbidan.php on line 37.
 1 APPPATH\Views\admin\editbidan.php(37): CodeIgniter\Debug\Exceptions->errorHandler(2, 'Attempt to read property "idbidan" on array', 'APPPATH\\Views\\admin\\editbidan.php', 37)
 2 SYSTEMPATH\View\View.php(213): include('APPPATH\\Views\\admin\\editbidan.php')
 3 SYSTEMPATH\View\View.php(216): CodeIgniter\View\View->CodeIgniter\View\{closure}()
 4 SYSTEMPATH\Common.php(1137): CodeIgniter\View\View->render('admin/editbidan', [], true)
 5 APPPATH\Controllers\Bidan.php(200): view('admin/editbidan', [...])
 6 SYSTEMPATH\CodeIgniter.php(898): App\Controllers\Bidan->editbidan('1')
 7 SYSTEMPATH\CodeIgniter.php(457): CodeIgniter\CodeIgniter->runController(Object(App\Controllers\Bidan))
 8 SYSTEMPATH\CodeIgniter.php(340): CodeIgniter\CodeIgniter->handleRequest(null, Object(Config\Cache), false)
 9 FCPATH\index.php(67): CodeIgniter\CodeIgniter->run()
10 SYSTEMPATH\Commands\Server\rewrite.php(43): require_once('FCPATH\\index.php')
CRITICAL - 2023-02-05 22:18:06 --> Undefined array key "idbidan"
in APPPATH\Views\admin\editbidan.php on line 37.
 1 APPPATH\Views\admin\editbidan.php(37): CodeIgniter\Debug\Exceptions->errorHandler(2, 'Undefined array key "idbidan"', 'APPPATH\\Views\\admin\\editbidan.php', 37)
 2 SYSTEMPATH\View\View.php(213): include('APPPATH\\Views\\admin\\editbidan.php')
 3 SYSTEMPATH\View\View.php(216): CodeIgniter\View\View->CodeIgniter\View\{closure}()
 4 SYSTEMPATH\Common.php(1137): CodeIgniter\View\View->render('admin/editbidan', [], true)
 5 APPPATH\Controllers\Bidan.php(200): view('admin/editbidan', [...])
 6 SYSTEMPATH\CodeIgniter.php(898): App\Controllers\Bidan->editbidan('1')
 7 SYSTEMPATH\CodeIgniter.php(457): CodeIgniter\CodeIgniter->runController(Object(App\Controllers\Bidan))
 8 SYSTEMPATH\CodeIgniter.php(340): CodeIgniter\CodeIgniter->handleRequest(null, Object(Config\Cache), false)
 9 FCPATH\index.php(67): CodeIgniter\CodeIgniter->run()
10 SYSTEMPATH\Commands\Server\rewrite.php(43): require_once('FCPATH\\index.php')
CRITICAL - 2023-02-05 22:18:20 --> Attempt to read property "bidannama" on array
in APPPATH\Views\admin\editbidan.php on line 43.
 1 APPPATH\Views\admin\editbidan.php(43): CodeIgniter\Debug\Exceptions->errorHandler(2, 'Attempt to read property "bidannama" on array', 'APPPATH\\Views\\admin\\editbidan.php', 43)
 2 SYSTEMPATH\View\View.php(213): include('APPPATH\\Views\\admin\\editbidan.php')
 3 SYSTEMPATH\View\View.php(216): CodeIgniter\View\View->CodeIgniter\View\{closure}()
 4 SYSTEMPATH\Common.php(1137): CodeIgniter\View\View->render('admin/editbidan', [], true)
 5 APPPATH\Controllers\Bidan.php(200): view('admin/editbidan', [...])
 6 SYSTEMPATH\CodeIgniter.php(898): App\Controllers\Bidan->editbidan('1')
 7 SYSTEMPATH\CodeIgniter.php(457): CodeIgniter\CodeIgniter->runController(Object(App\Controllers\Bidan))
 8 SYSTEMPATH\CodeIgniter.php(340): CodeIgniter\CodeIgniter->handleRequest(null, Object(Config\Cache), false)
 9 FCPATH\index.php(67): CodeIgniter\CodeIgniter->run()
10 SYSTEMPATH\Commands\Server\rewrite.php(43): require_once('FCPATH\\index.php')
CRITICAL - 2023-02-05 23:26:04 --> Undefined array key "id"
in APPPATH\Views\admin\editbidan.php on line 37.
 1 APPPATH\Views\admin\editbidan.php(37): CodeIgniter\Debug\Exceptions->errorHandler(2, 'Undefined array key "id"', 'APPPATH\\Views\\admin\\editbidan.php', 37)
 2 SYSTEMPATH\View\View.php(213): include('APPPATH\\Views\\admin\\editbidan.php')
 3 SYSTEMPATH\View\View.php(216): CodeIgniter\View\View->CodeIgniter\View\{closure}()
 4 SYSTEMPATH\Common.php(1137): CodeIgniter\View\View->render('admin/editbidan', [], true)
 5 APPPATH\Controllers\Bidan.php(200): view('admin/editbidan', [...])
 6 SYSTEMPATH\CodeIgniter.php(898): App\Controllers\Bidan->editbidan('1')
 7 SYSTEMPATH\CodeIgniter.php(457): CodeIgniter\CodeIgniter->runController(Object(App\Controllers\Bidan))
 8 SYSTEMPATH\CodeIgniter.php(340): CodeIgniter\CodeIgniter->handleRequest(null, Object(Config\Cache), false)
 9 FCPATH\index.php(67): CodeIgniter\CodeIgniter->run()
10 SYSTEMPATH\Commands\Server\rewrite.php(43): require_once('FCPATH\\index.php')
