CRITICAL - 2023-03-21 11:24:07 --> Undefined property: stdClass::$ketuapos
in APPPATH\Views\admin\dataposyandu.php on line 80.
 1 APPPATH\Views\admin\dataposyandu.php(80): CodeIgniter\Debug\Exceptions->errorHandler(2, 'Undefined property: stdClass::$ketuapos', 'APPPATH\\Views\\admin\\dataposyandu.php', 80)
 2 SYSTEMPATH\View\View.php(213): include('APPPATH\\Views\\admin\\dataposyandu.php')
 3 SYSTEMPATH\View\View.php(216): CodeIgniter\View\View->CodeIgniter\View\{closure}()
 4 SYSTEMPATH\Common.php(1137): CodeIgniter\View\View->render('admin/dataposyandu', [], true)
 5 APPPATH\Controllers\Posyandu.php(37): view('admin/dataposyandu', [...])
 6 SYSTEMPATH\CodeIgniter.php(898): App\Controllers\Posyandu->index()
 7 SYSTEMPATH\CodeIgniter.php(457): CodeIgniter\CodeIgniter->runController(Object(App\Controllers\Posyandu))
 8 SYSTEMPATH\CodeIgniter.php(340): CodeIgniter\CodeIgniter->handleRequest(null, Object(Config\Cache), false)
 9 FCPATH\index.php(67): CodeIgniter\CodeIgniter->run()
10 SYSTEMPATH\Commands\Server\rewrite.php(43): require_once('FCPATH\\index.php')
ERROR - 2023-03-21 11:47:49 --> mysqli_sql_exception: Unknown column 'agenda.idbidan' in 'on clause' in C:\xampp\htdocs\taposyandu\system\Database\MySQLi\Connection.php:292
Stack trace:
#0 C:\xampp\htdocs\taposyandu\system\Database\MySQLi\Connection.php(292): mysqli->query('SELECT `agenda`...', 0)
#1 C:\xampp\htdocs\taposyandu\system\Database\BaseConnection.php(693): CodeIgniter\Database\MySQLi\Connection->execute('SELECT `agenda`...')
#2 C:\xampp\htdocs\taposyandu\system\Database\BaseConnection.php(620): CodeIgniter\Database\BaseConnection->simpleQuery('SELECT `agenda`...')
#3 C:\xampp\htdocs\taposyandu\system\Database\BaseBuilder.php(1585): CodeIgniter\Database\BaseConnection->query('SELECT `agenda`...', Array, false)
#4 C:\xampp\htdocs\taposyandu\app\Models\PosyanduModel.php(56): CodeIgniter\Database\BaseBuilder->get()
#5 C:\xampp\htdocs\taposyandu\app\Controllers\Posyandu.php(129): App\Models\PosyanduModel->getIdAgenda('2')
#6 C:\xampp\htdocs\taposyandu\system\CodeIgniter.php(898): App\Controllers\Posyandu->detailposyandu('2')
#7 C:\xampp\htdocs\taposyandu\system\CodeIgniter.php(457): CodeIgniter\CodeIgniter->runController(Object(App\Controllers\Posyandu))
#8 C:\xampp\htdocs\taposyandu\system\CodeIgniter.php(340): CodeIgniter\CodeIgniter->handleRequest(NULL, Object(Config\Cache), false)
#9 C:\xampp\htdocs\taposyandu\public\index.php(67): CodeIgniter\CodeIgniter->run()
#10 C:\xampp\htdocs\taposyandu\system\Commands\Server\rewrite.php(43): require_once('C:\\xampp\\htdocs...')
#11 {main}
CRITICAL - 2023-03-21 11:47:49 --> Unknown column 'agenda.idbidan' in 'on clause'
in SYSTEMPATH\Database\MySQLi\Connection.php on line 292.
 1 SYSTEMPATH\Database\MySQLi\Connection.php(292): mysqli->query('SELECT `agenda`.`tgl`, `agenda`.`waktu`, `agenda`.`tempat`, `posyandu`.*, `bidan`.`bidannama`, `kader`.`kadernama`
FROM `agenda`
LEFT JOIN `posyandu` ON `posyandu`.`idposyandu` = `agenda`.`idposyandu`
LEFT JOIN `bidan` ON `bidan`.`idbidan` = `agenda`.`idbidan`
LEFT JOIN `kader` ON `kader`.`idkader` = `agenda`.`idkader`
WHERE `agenda`.`idagenda` = \'2\'
ORDER BY `agenda`.`idagenda` DESC', 0)
 2 SYSTEMPATH\Database\BaseConnection.php(693): CodeIgniter\Database\MySQLi\Connection->execute('SELECT `agenda`.`tgl`, `agenda`.`waktu`, `agenda`.`tempat`, `posyandu`.*, `bidan`.`bidannama`, `kader`.`kadernama`
FROM `agenda`
LEFT JOIN `posyandu` ON `posyandu`.`idposyandu` = `agenda`.`idposyandu`
LEFT JOIN `bidan` ON `bidan`.`idbidan` = `agenda`.`idbidan`
LEFT JOIN `kader` ON `kader`.`idkader` = `agenda`.`idkader`
WHERE `agenda`.`idagenda` = \'2\'
ORDER BY `agenda`.`idagenda` DESC')
 3 SYSTEMPATH\Database\BaseConnection.php(620): CodeIgniter\Database\BaseConnection->simpleQuery('SELECT `agenda`.`tgl`, `agenda`.`waktu`, `agenda`.`tempat`, `posyandu`.*, `bidan`.`bidannama`, `kader`.`kadernama`
FROM `agenda`
LEFT JOIN `posyandu` ON `posyandu`.`idposyandu` = `agenda`.`idposyandu`
LEFT JOIN `bidan` ON `bidan`.`idbidan` = `agenda`.`idbidan`
LEFT JOIN `kader` ON `kader`.`idkader` = `agenda`.`idkader`
WHERE `agenda`.`idagenda` = \'2\'
ORDER BY `agenda`.`idagenda` DESC')
 4 SYSTEMPATH\Database\BaseBuilder.php(1585): CodeIgniter\Database\BaseConnection->query('SELECT `agenda`.`tgl`, `agenda`.`waktu`, `agenda`.`tempat`, `posyandu`.*, `bidan`.`bidannama`, `kader`.`kadernama`
FROM `agenda`
LEFT JOIN `posyandu` ON `posyandu`.`idposyandu` = `agenda`.`idposyandu`
LEFT JOIN `bidan` ON `bidan`.`idbidan` = `agenda`.`idbidan`
LEFT JOIN `kader` ON `kader`.`idkader` = `agenda`.`idkader`
WHERE `agenda`.`idagenda` = :agenda.idagenda:
ORDER BY `agenda`.`idagenda` DESC', [...], false)
 5 APPPATH\Models\PosyanduModel.php(56): CodeIgniter\Database\BaseBuilder->get()
 6 APPPATH\Controllers\Posyandu.php(129): App\Models\PosyanduModel->getIdAgenda('2')
 7 SYSTEMPATH\CodeIgniter.php(898): App\Controllers\Posyandu->detailposyandu('2')
 8 SYSTEMPATH\CodeIgniter.php(457): CodeIgniter\CodeIgniter->runController(Object(App\Controllers\Posyandu))
 9 SYSTEMPATH\CodeIgniter.php(340): CodeIgniter\CodeIgniter->handleRequest(null, Object(Config\Cache), false)
10 FCPATH\index.php(67): CodeIgniter\CodeIgniter->run()
11 SYSTEMPATH\Commands\Server\rewrite.php(43): require_once('FCPATH\\index.php')
ERROR - 2023-03-21 11:50:00 --> mysqli_sql_exception: Unknown column 'agenda.idbidan' in 'on clause' in C:\xampp\htdocs\taposyandu\system\Database\MySQLi\Connection.php:292
Stack trace:
#0 C:\xampp\htdocs\taposyandu\system\Database\MySQLi\Connection.php(292): mysqli->query('SELECT `agenda`...', 0)
#1 C:\xampp\htdocs\taposyandu\system\Database\BaseConnection.php(693): CodeIgniter\Database\MySQLi\Connection->execute('SELECT `agenda`...')
#2 C:\xampp\htdocs\taposyandu\system\Database\BaseConnection.php(620): CodeIgniter\Database\BaseConnection->simpleQuery('SELECT `agenda`...')
#3 C:\xampp\htdocs\taposyandu\system\Database\BaseBuilder.php(1585): CodeIgniter\Database\BaseConnection->query('SELECT `agenda`...', Array, false)
#4 C:\xampp\htdocs\taposyandu\app\Models\PosyanduModel.php(56): CodeIgniter\Database\BaseBuilder->get()
#5 C:\xampp\htdocs\taposyandu\app\Controllers\Posyandu.php(129): App\Models\PosyanduModel->getIdAgenda('2')
#6 C:\xampp\htdocs\taposyandu\system\CodeIgniter.php(898): App\Controllers\Posyandu->detailposyandu('2')
#7 C:\xampp\htdocs\taposyandu\system\CodeIgniter.php(457): CodeIgniter\CodeIgniter->runController(Object(App\Controllers\Posyandu))
#8 C:\xampp\htdocs\taposyandu\system\CodeIgniter.php(340): CodeIgniter\CodeIgniter->handleRequest(NULL, Object(Config\Cache), false)
#9 C:\xampp\htdocs\taposyandu\public\index.php(67): CodeIgniter\CodeIgniter->run()
#10 C:\xampp\htdocs\taposyandu\system\Commands\Server\rewrite.php(43): require_once('C:\\xampp\\htdocs...')
#11 {main}
CRITICAL - 2023-03-21 11:50:00 --> Unknown column 'agenda.idbidan' in 'on clause'
in SYSTEMPATH\Database\MySQLi\Connection.php on line 292.
 1 SYSTEMPATH\Database\MySQLi\Connection.php(292): mysqli->query('SELECT `agenda`.`idagenda`, `agenda`.`tgl`, `agenda`.`waktu`, `agenda`.`tempat`, `posyandu`.*, `bidan`.`bidannama`, `kader`.`kadernama`
FROM `agenda`
LEFT JOIN `posyandu` ON `posyandu`.`idposyandu` = `agenda`.`idposyandu`
LEFT JOIN `bidan` ON `bidan`.`idbidan` = `agenda`.`idbidan`
LEFT JOIN `kader` ON `kader`.`idkader` = `agenda`.`idkader`
WHERE `agenda`.`idagenda` = \'2\'
ORDER BY `agenda`.`idagenda` DESC', 0)
 2 SYSTEMPATH\Database\BaseConnection.php(693): CodeIgniter\Database\MySQLi\Connection->execute('SELECT `agenda`.`idagenda`, `agenda`.`tgl`, `agenda`.`waktu`, `agenda`.`tempat`, `posyandu`.*, `bidan`.`bidannama`, `kader`.`kadernama`
FROM `agenda`
LEFT JOIN `posyandu` ON `posyandu`.`idposyandu` = `agenda`.`idposyandu`
LEFT JOIN `bidan` ON `bidan`.`idbidan` = `agenda`.`idbidan`
LEFT JOIN `kader` ON `kader`.`idkader` = `agenda`.`idkader`
WHERE `agenda`.`idagenda` = \'2\'
ORDER BY `agenda`.`idagenda` DESC')
 3 SYSTEMPATH\Database\BaseConnection.php(620): CodeIgniter\Database\BaseConnection->simpleQuery('SELECT `agenda`.`idagenda`, `agenda`.`tgl`, `agenda`.`waktu`, `agenda`.`tempat`, `posyandu`.*, `bidan`.`bidannama`, `kader`.`kadernama`
FROM `agenda`
LEFT JOIN `posyandu` ON `posyandu`.`idposyandu` = `agenda`.`idposyandu`
LEFT JOIN `bidan` ON `bidan`.`idbidan` = `agenda`.`idbidan`
LEFT JOIN `kader` ON `kader`.`idkader` = `agenda`.`idkader`
WHERE `agenda`.`idagenda` = \'2\'
ORDER BY `agenda`.`idagenda` DESC')
 4 SYSTEMPATH\Database\BaseBuilder.php(1585): CodeIgniter\Database\BaseConnection->query('SELECT `agenda`.`idagenda`, `agenda`.`tgl`, `agenda`.`waktu`, `agenda`.`tempat`, `posyandu`.*, `bidan`.`bidannama`, `kader`.`kadernama`
FROM `agenda`
LEFT JOIN `posyandu` ON `posyandu`.`idposyandu` = `agenda`.`idposyandu`
LEFT JOIN `bidan` ON `bidan`.`idbidan` = `agenda`.`idbidan`
LEFT JOIN `kader` ON `kader`.`idkader` = `agenda`.`idkader`
WHERE `agenda`.`idagenda` = :agenda.idagenda:
ORDER BY `agenda`.`idagenda` DESC', [...], false)
 5 APPPATH\Models\PosyanduModel.php(56): CodeIgniter\Database\BaseBuilder->get()
 6 APPPATH\Controllers\Posyandu.php(129): App\Models\PosyanduModel->getIdAgenda('2')
 7 SYSTEMPATH\CodeIgniter.php(898): App\Controllers\Posyandu->detailposyandu('2')
 8 SYSTEMPATH\CodeIgniter.php(457): CodeIgniter\CodeIgniter->runController(Object(App\Controllers\Posyandu))
 9 SYSTEMPATH\CodeIgniter.php(340): CodeIgniter\CodeIgniter->handleRequest(null, Object(Config\Cache), false)
10 FCPATH\index.php(67): CodeIgniter\CodeIgniter->run()
11 SYSTEMPATH\Commands\Server\rewrite.php(43): require_once('FCPATH\\index.php')
ERROR - 2023-03-21 11:53:12 --> mysqli_sql_exception: Unknown column 'agenda.idbidan' in 'on clause' in C:\xampp\htdocs\taposyandu\system\Database\MySQLi\Connection.php:292
Stack trace:
#0 C:\xampp\htdocs\taposyandu\system\Database\MySQLi\Connection.php(292): mysqli->query('SELECT `agenda`...', 0)
#1 C:\xampp\htdocs\taposyandu\system\Database\BaseConnection.php(693): CodeIgniter\Database\MySQLi\Connection->execute('SELECT `agenda`...')
#2 C:\xampp\htdocs\taposyandu\system\Database\BaseConnection.php(620): CodeIgniter\Database\BaseConnection->simpleQuery('SELECT `agenda`...')
#3 C:\xampp\htdocs\taposyandu\system\Database\BaseBuilder.php(1585): CodeIgniter\Database\BaseConnection->query('SELECT `agenda`...', Array, false)
#4 C:\xampp\htdocs\taposyandu\app\Models\PosyanduModel.php(56): CodeIgniter\Database\BaseBuilder->get()
#5 C:\xampp\htdocs\taposyandu\app\Controllers\Posyandu.php(129): App\Models\PosyanduModel->getIdAgenda('2')
#6 C:\xampp\htdocs\taposyandu\system\CodeIgniter.php(898): App\Controllers\Posyandu->detailposyandu('2')
#7 C:\xampp\htdocs\taposyandu\system\CodeIgniter.php(457): CodeIgniter\CodeIgniter->runController(Object(App\Controllers\Posyandu))
#8 C:\xampp\htdocs\taposyandu\system\CodeIgniter.php(340): CodeIgniter\CodeIgniter->handleRequest(NULL, Object(Config\Cache), false)
#9 C:\xampp\htdocs\taposyandu\public\index.php(67): CodeIgniter\CodeIgniter->run()
#10 C:\xampp\htdocs\taposyandu\system\Commands\Server\rewrite.php(43): require_once('C:\\xampp\\htdocs...')
#11 {main}
CRITICAL - 2023-03-21 11:53:12 --> Unknown column 'agenda.idbidan' in 'on clause'
in SYSTEMPATH\Database\MySQLi\Connection.php on line 292.
 1 SYSTEMPATH\Database\MySQLi\Connection.php(292): mysqli->query('SELECT `agenda`.`idagenda`, `agenda`.`tgl`, `agenda`.`waktu`, `agenda`.`tempat`, `posyandu`.*, `bidan`.`bidannama`, `kader`.`kadernama`
FROM `agenda`
LEFT JOIN `posyandu` ON `posyandu`.`idposyandu` = `agenda`.`idposyandu`
LEFT JOIN `bidan` ON `bidan`.`idbidan` = `agenda`.`idbidan`
LEFT JOIN `kader` ON `kader`.`idkader` = `agenda`.`idkader`
WHERE `agenda`.`idagenda` = \'2\'
ORDER BY `agenda`.`idagenda` DESC', 0)
 2 SYSTEMPATH\Database\BaseConnection.php(693): CodeIgniter\Database\MySQLi\Connection->execute('SELECT `agenda`.`idagenda`, `agenda`.`tgl`, `agenda`.`waktu`, `agenda`.`tempat`, `posyandu`.*, `bidan`.`bidannama`, `kader`.`kadernama`
FROM `agenda`
LEFT JOIN `posyandu` ON `posyandu`.`idposyandu` = `agenda`.`idposyandu`
LEFT JOIN `bidan` ON `bidan`.`idbidan` = `agenda`.`idbidan`
LEFT JOIN `kader` ON `kader`.`idkader` = `agenda`.`idkader`
WHERE `agenda`.`idagenda` = \'2\'
ORDER BY `agenda`.`idagenda` DESC')
 3 SYSTEMPATH\Database\BaseConnection.php(620): CodeIgniter\Database\BaseConnection->simpleQuery('SELECT `agenda`.`idagenda`, `agenda`.`tgl`, `agenda`.`waktu`, `agenda`.`tempat`, `posyandu`.*, `bidan`.`bidannama`, `kader`.`kadernama`
FROM `agenda`
LEFT JOIN `posyandu` ON `posyandu`.`idposyandu` = `agenda`.`idposyandu`
LEFT JOIN `bidan` ON `bidan`.`idbidan` = `agenda`.`idbidan`
LEFT JOIN `kader` ON `kader`.`idkader` = `agenda`.`idkader`
WHERE `agenda`.`idagenda` = \'2\'
ORDER BY `agenda`.`idagenda` DESC')
 4 SYSTEMPATH\Database\BaseBuilder.php(1585): CodeIgniter\Database\BaseConnection->query('SELECT `agenda`.`idagenda`, `agenda`.`tgl`, `agenda`.`waktu`, `agenda`.`tempat`, `posyandu`.*, `bidan`.`bidannama`, `kader`.`kadernama`
FROM `agenda`
LEFT JOIN `posyandu` ON `posyandu`.`idposyandu` = `agenda`.`idposyandu`
LEFT JOIN `bidan` ON `bidan`.`idbidan` = `agenda`.`idbidan`
LEFT JOIN `kader` ON `kader`.`idkader` = `agenda`.`idkader`
WHERE `agenda`.`idagenda` = :agenda.idagenda:
ORDER BY `agenda`.`idagenda` DESC', [...], false)
 5 APPPATH\Models\PosyanduModel.php(56): CodeIgniter\Database\BaseBuilder->get()
 6 APPPATH\Controllers\Posyandu.php(129): App\Models\PosyanduModel->getIdAgenda('2')
 7 SYSTEMPATH\CodeIgniter.php(898): App\Controllers\Posyandu->detailposyandu('2')
 8 SYSTEMPATH\CodeIgniter.php(457): CodeIgniter\CodeIgniter->runController(Object(App\Controllers\Posyandu))
 9 SYSTEMPATH\CodeIgniter.php(340): CodeIgniter\CodeIgniter->handleRequest(null, Object(Config\Cache), false)
10 FCPATH\index.php(67): CodeIgniter\CodeIgniter->run()
11 SYSTEMPATH\Commands\Server\rewrite.php(43): require_once('FCPATH\\index.php')
ERROR - 2023-03-21 11:55:47 --> mysqli_sql_exception: Unknown column 'bidan.idposyandu' in 'on clause' in C:\xampp\htdocs\taposyandu\system\Database\MySQLi\Connection.php:292
Stack trace:
#0 C:\xampp\htdocs\taposyandu\system\Database\MySQLi\Connection.php(292): mysqli->query('SELECT `bidan`....', 0)
#1 C:\xampp\htdocs\taposyandu\system\Database\BaseConnection.php(693): CodeIgniter\Database\MySQLi\Connection->execute('SELECT `bidan`....')
#2 C:\xampp\htdocs\taposyandu\system\Database\BaseConnection.php(620): CodeIgniter\Database\BaseConnection->simpleQuery('SELECT `bidan`....')
#3 C:\xampp\htdocs\taposyandu\system\Database\BaseBuilder.php(1585): CodeIgniter\Database\BaseConnection->query('SELECT `bidan`....', Array, false)
#4 C:\xampp\htdocs\taposyandu\app\Models\PosyanduModel.php(80): CodeIgniter\Database\BaseBuilder->get()
#5 C:\xampp\htdocs\taposyandu\app\Controllers\Posyandu.php(130): App\Models\PosyanduModel->getIdBidan('2')
#6 C:\xampp\htdocs\taposyandu\system\CodeIgniter.php(898): App\Controllers\Posyandu->detailposyandu('2')
#7 C:\xampp\htdocs\taposyandu\system\CodeIgniter.php(457): CodeIgniter\CodeIgniter->runController(Object(App\Controllers\Posyandu))
#8 C:\xampp\htdocs\taposyandu\system\CodeIgniter.php(340): CodeIgniter\CodeIgniter->handleRequest(NULL, Object(Config\Cache), false)
#9 C:\xampp\htdocs\taposyandu\public\index.php(67): CodeIgniter\CodeIgniter->run()
#10 C:\xampp\htdocs\taposyandu\system\Commands\Server\rewrite.php(43): require_once('C:\\xampp\\htdocs...')
#11 {main}
CRITICAL - 2023-03-21 11:55:47 --> Unknown column 'bidan.idposyandu' in 'on clause'
in SYSTEMPATH\Database\MySQLi\Connection.php on line 292.
 1 SYSTEMPATH\Database\MySQLi\Connection.php(292): mysqli->query('SELECT `bidan`.`idbidan`, `agenda`.`tgl`, `agenda`.`waktu`, `agenda`.`tempat`, `posyandu`.*, `bidan`.`bidannama`, `kader`.`kadernama`
FROM `bidan`
LEFT JOIN `posyandu` ON `posyandu`.`idposyandu` = `bidan`.`idposyandu`
LEFT JOIN `agenda` ON `agenda`.`idagenda` = `posyandu`.`idagenda`
LEFT JOIN `kader` ON `kader`.`idkader` = `posyandu`.`idkader`
WHERE `bidan`.`idbidan` = \'2\'
ORDER BY `bidan`.`idbidan` DESC', 0)
 2 SYSTEMPATH\Database\BaseConnection.php(693): CodeIgniter\Database\MySQLi\Connection->execute('SELECT `bidan`.`idbidan`, `agenda`.`tgl`, `agenda`.`waktu`, `agenda`.`tempat`, `posyandu`.*, `bidan`.`bidannama`, `kader`.`kadernama`
FROM `bidan`
LEFT JOIN `posyandu` ON `posyandu`.`idposyandu` = `bidan`.`idposyandu`
LEFT JOIN `agenda` ON `agenda`.`idagenda` = `posyandu`.`idagenda`
LEFT JOIN `kader` ON `kader`.`idkader` = `posyandu`.`idkader`
WHERE `bidan`.`idbidan` = \'2\'
ORDER BY `bidan`.`idbidan` DESC')
 3 SYSTEMPATH\Database\BaseConnection.php(620): CodeIgniter\Database\BaseConnection->simpleQuery('SELECT `bidan`.`idbidan`, `agenda`.`tgl`, `agenda`.`waktu`, `agenda`.`tempat`, `posyandu`.*, `bidan`.`bidannama`, `kader`.`kadernama`
FROM `bidan`
LEFT JOIN `posyandu` ON `posyandu`.`idposyandu` = `bidan`.`idposyandu`
LEFT JOIN `agenda` ON `agenda`.`idagenda` = `posyandu`.`idagenda`
LEFT JOIN `kader` ON `kader`.`idkader` = `posyandu`.`idkader`
WHERE `bidan`.`idbidan` = \'2\'
ORDER BY `bidan`.`idbidan` DESC')
 4 SYSTEMPATH\Database\BaseBuilder.php(1585): CodeIgniter\Database\BaseConnection->query('SELECT `bidan`.`idbidan`, `agenda`.`tgl`, `agenda`.`waktu`, `agenda`.`tempat`, `posyandu`.*, `bidan`.`bidannama`, `kader`.`kadernama`
FROM `bidan`
LEFT JOIN `posyandu` ON `posyandu`.`idposyandu` = `bidan`.`idposyandu`
LEFT JOIN `agenda` ON `agenda`.`idagenda` = `posyandu`.`idagenda`
LEFT JOIN `kader` ON `kader`.`idkader` = `posyandu`.`idkader`
WHERE `bidan`.`idbidan` = :bidan.idbidan:
ORDER BY `bidan`.`idbidan` DESC', [...], false)
 5 APPPATH\Models\PosyanduModel.php(80): CodeIgniter\Database\BaseBuilder->get()
 6 APPPATH\Controllers\Posyandu.php(130): App\Models\PosyanduModel->getIdBidan('2')
 7 SYSTEMPATH\CodeIgniter.php(898): App\Controllers\Posyandu->detailposyandu('2')
 8 SYSTEMPATH\CodeIgniter.php(457): CodeIgniter\CodeIgniter->runController(Object(App\Controllers\Posyandu))
 9 SYSTEMPATH\CodeIgniter.php(340): CodeIgniter\CodeIgniter->handleRequest(null, Object(Config\Cache), false)
10 FCPATH\index.php(67): CodeIgniter\CodeIgniter->run()
11 SYSTEMPATH\Commands\Server\rewrite.php(43): require_once('FCPATH\\index.php')
CRITICAL - 2023-03-21 11:58:14 --> Undefined array key "posnohp"
in APPPATH\Views\admin\editposyandu.php on line 101.
 1 APPPATH\Views\admin\editposyandu.php(101): CodeIgniter\Debug\Exceptions->errorHandler(2, 'Undefined array key "posnohp"', 'APPPATH\\Views\\admin\\editposyandu.php', 101)
 2 SYSTEMPATH\View\View.php(213): include('APPPATH\\Views\\admin\\editposyandu.php')
 3 SYSTEMPATH\View\View.php(216): CodeIgniter\View\View->CodeIgniter\View\{closure}()
 4 SYSTEMPATH\Common.php(1137): CodeIgniter\View\View->render('admin/editposyandu', [], true)
 5 APPPATH\Controllers\Posyandu.php(154): view('admin/editposyandu', [...])
 6 SYSTEMPATH\CodeIgniter.php(898): App\Controllers\Posyandu->editposyandu('2')
 7 SYSTEMPATH\CodeIgniter.php(457): CodeIgniter\CodeIgniter->runController(Object(App\Controllers\Posyandu))
 8 SYSTEMPATH\CodeIgniter.php(340): CodeIgniter\CodeIgniter->handleRequest(null, Object(Config\Cache), false)
 9 FCPATH\index.php(67): CodeIgniter\CodeIgniter->run()
10 SYSTEMPATH\Commands\Server\rewrite.php(43): require_once('FCPATH\\index.php')
CRITICAL - 2023-03-21 11:58:39 --> Undefined array key "posnohp"
in APPPATH\Views\admin\editposyandu.php on line 101.
 1 APPPATH\Views\admin\editposyandu.php(101): CodeIgniter\Debug\Exceptions->errorHandler(2, 'Undefined array key "posnohp"', 'APPPATH\\Views\\admin\\editposyandu.php', 101)
 2 SYSTEMPATH\View\View.php(213): include('APPPATH\\Views\\admin\\editposyandu.php')
 3 SYSTEMPATH\View\View.php(216): CodeIgniter\View\View->CodeIgniter\View\{closure}()
 4 SYSTEMPATH\Common.php(1137): CodeIgniter\View\View->render('admin/editposyandu', [], true)
 5 APPPATH\Controllers\Posyandu.php(154): view('admin/editposyandu', [...])
 6 SYSTEMPATH\CodeIgniter.php(898): App\Controllers\Posyandu->editposyandu('2')
 7 SYSTEMPATH\CodeIgniter.php(457): CodeIgniter\CodeIgniter->runController(Object(App\Controllers\Posyandu))
 8 SYSTEMPATH\CodeIgniter.php(340): CodeIgniter\CodeIgniter->handleRequest(null, Object(Config\Cache), false)
 9 FCPATH\index.php(67): CodeIgniter\CodeIgniter->run()
10 SYSTEMPATH\Commands\Server\rewrite.php(43): require_once('FCPATH\\index.php')
CRITICAL - 2023-03-21 12:26:11 --> Undefined variable $waktu
in APPPATH\Views\admin\editposyandu.php on line 82.
 1 APPPATH\Views\admin\editposyandu.php(82): CodeIgniter\Debug\Exceptions->errorHandler(2, 'Undefined variable $waktu', 'APPPATH\\Views\\admin\\editposyandu.php', 82)
 2 SYSTEMPATH\View\View.php(213): include('APPPATH\\Views\\admin\\editposyandu.php')
 3 SYSTEMPATH\View\View.php(216): CodeIgniter\View\View->CodeIgniter\View\{closure}()
 4 SYSTEMPATH\Common.php(1137): CodeIgniter\View\View->render('admin/editposyandu', [], true)
 5 APPPATH\Controllers\Posyandu.php(156): view('admin/editposyandu', [...])
 6 SYSTEMPATH\CodeIgniter.php(898): App\Controllers\Posyandu->editposyandu('2')
 7 SYSTEMPATH\CodeIgniter.php(457): CodeIgniter\CodeIgniter->runController(Object(App\Controllers\Posyandu))
 8 SYSTEMPATH\CodeIgniter.php(340): CodeIgniter\CodeIgniter->handleRequest(null, Object(Config\Cache), false)
 9 FCPATH\index.php(67): CodeIgniter\CodeIgniter->run()
10 SYSTEMPATH\Commands\Server\rewrite.php(43): require_once('FCPATH\\index.php')
ERROR - 2023-03-21 12:32:07 --> mysqli_sql_exception: Column 'idagenda' cannot be null in C:\xampp\htdocs\taposyandu\system\Database\MySQLi\Connection.php:292
Stack trace:
#0 C:\xampp\htdocs\taposyandu\system\Database\MySQLi\Connection.php(292): mysqli->query('INSERT INTO `po...', 0)
#1 C:\xampp\htdocs\taposyandu\system\Database\BaseConnection.php(693): CodeIgniter\Database\MySQLi\Connection->execute('INSERT INTO `po...')
#2 C:\xampp\htdocs\taposyandu\system\Database\BaseConnection.php(620): CodeIgniter\Database\BaseConnection->simpleQuery('INSERT INTO `po...')
#3 C:\xampp\htdocs\taposyandu\system\Database\BaseBuilder.php(1916): CodeIgniter\Database\BaseConnection->query('INSERT INTO `po...', Array, false)
#4 C:\xampp\htdocs\taposyandu\system\Model.php(278): CodeIgniter\Database\BaseBuilder->insert()
#5 C:\xampp\htdocs\taposyandu\system\BaseModel.php(738): CodeIgniter\Model->doInsert(Array)
#6 C:\xampp\htdocs\taposyandu\system\Model.php(666): CodeIgniter\BaseModel->insert(Array, true)
#7 C:\xampp\htdocs\taposyandu\app\Controllers\Posyandu.php(120): CodeIgniter\Model->insert(Array)
#8 C:\xampp\htdocs\taposyandu\system\CodeIgniter.php(898): App\Controllers\Posyandu->save()
#9 C:\xampp\htdocs\taposyandu\system\CodeIgniter.php(457): CodeIgniter\CodeIgniter->runController(Object(App\Controllers\Posyandu))
#10 C:\xampp\htdocs\taposyandu\system\CodeIgniter.php(340): CodeIgniter\CodeIgniter->handleRequest(NULL, Object(Config\Cache), false)
#11 C:\xampp\htdocs\taposyandu\public\index.php(67): CodeIgniter\CodeIgniter->run()
#12 C:\xampp\htdocs\taposyandu\system\Commands\Server\rewrite.php(43): require_once('C:\\xampp\\htdocs...')
#13 {main}
ERROR - 2023-03-21 12:32:34 --> mysqli_sql_exception: Column 'idagenda' cannot be null in C:\xampp\htdocs\taposyandu\system\Database\MySQLi\Connection.php:292
Stack trace:
#0 C:\xampp\htdocs\taposyandu\system\Database\MySQLi\Connection.php(292): mysqli->query('INSERT INTO `po...', 0)
#1 C:\xampp\htdocs\taposyandu\system\Database\BaseConnection.php(693): CodeIgniter\Database\MySQLi\Connection->execute('INSERT INTO `po...')
#2 C:\xampp\htdocs\taposyandu\system\Database\BaseConnection.php(620): CodeIgniter\Database\BaseConnection->simpleQuery('INSERT INTO `po...')
#3 C:\xampp\htdocs\taposyandu\system\Database\BaseBuilder.php(1916): CodeIgniter\Database\BaseConnection->query('INSERT INTO `po...', Array, false)
#4 C:\xampp\htdocs\taposyandu\system\Model.php(278): CodeIgniter\Database\BaseBuilder->insert()
#5 C:\xampp\htdocs\taposyandu\system\BaseModel.php(738): CodeIgniter\Model->doInsert(Array)
#6 C:\xampp\htdocs\taposyandu\system\Model.php(666): CodeIgniter\BaseModel->insert(Array, true)
#7 C:\xampp\htdocs\taposyandu\app\Controllers\Posyandu.php(120): CodeIgniter\Model->insert(Array)
#8 C:\xampp\htdocs\taposyandu\system\CodeIgniter.php(898): App\Controllers\Posyandu->save()
#9 C:\xampp\htdocs\taposyandu\system\CodeIgniter.php(457): CodeIgniter\CodeIgniter->runController(Object(App\Controllers\Posyandu))
#10 C:\xampp\htdocs\taposyandu\system\CodeIgniter.php(340): CodeIgniter\CodeIgniter->handleRequest(NULL, Object(Config\Cache), false)
#11 C:\xampp\htdocs\taposyandu\public\index.php(67): CodeIgniter\CodeIgniter->run()
#12 C:\xampp\htdocs\taposyandu\system\Commands\Server\rewrite.php(43): require_once('C:\\xampp\\htdocs...')
#13 {main}
ERROR - 2023-03-21 12:51:42 --> mysqli_sql_exception: Column 'idagenda' cannot be null in C:\xampp\htdocs\taposyandu\system\Database\MySQLi\Connection.php:292
Stack trace:
#0 C:\xampp\htdocs\taposyandu\system\Database\MySQLi\Connection.php(292): mysqli->query('INSERT INTO `po...', 0)
#1 C:\xampp\htdocs\taposyandu\system\Database\BaseConnection.php(693): CodeIgniter\Database\MySQLi\Connection->execute('INSERT INTO `po...')
#2 C:\xampp\htdocs\taposyandu\system\Database\BaseConnection.php(620): CodeIgniter\Database\BaseConnection->simpleQuery('INSERT INTO `po...')
#3 C:\xampp\htdocs\taposyandu\system\Database\BaseBuilder.php(1916): CodeIgniter\Database\BaseConnection->query('INSERT INTO `po...', Array, false)
#4 C:\xampp\htdocs\taposyandu\system\Model.php(278): CodeIgniter\Database\BaseBuilder->insert()
#5 C:\xampp\htdocs\taposyandu\system\BaseModel.php(738): CodeIgniter\Model->doInsert(Array)
#6 C:\xampp\htdocs\taposyandu\system\Model.php(666): CodeIgniter\BaseModel->insert(Array, true)
#7 C:\xampp\htdocs\taposyandu\app\Controllers\Posyandu.php(120): CodeIgniter\Model->insert(Array)
#8 C:\xampp\htdocs\taposyandu\system\CodeIgniter.php(898): App\Controllers\Posyandu->save()
#9 C:\xampp\htdocs\taposyandu\system\CodeIgniter.php(457): CodeIgniter\CodeIgniter->runController(Object(App\Controllers\Posyandu))
#10 C:\xampp\htdocs\taposyandu\system\CodeIgniter.php(340): CodeIgniter\CodeIgniter->handleRequest(NULL, Object(Config\Cache), false)
#11 C:\xampp\htdocs\taposyandu\public\index.php(67): CodeIgniter\CodeIgniter->run()
#12 C:\xampp\htdocs\taposyandu\system\Commands\Server\rewrite.php(43): require_once('C:\\xampp\\htdocs...')
#13 {main}
ERROR - 2023-03-21 13:03:39 --> mysqli_sql_exception: Unknown column 'posyandu.id_agenda' in 'on clause' in C:\xampp\htdocs\taposyandu\system\Database\MySQLi\Connection.php:292
Stack trace:
#0 C:\xampp\htdocs\taposyandu\system\Database\MySQLi\Connection.php(292): mysqli->query('SELECT `posyand...', 0)
#1 C:\xampp\htdocs\taposyandu\system\Database\BaseConnection.php(693): CodeIgniter\Database\MySQLi\Connection->execute('SELECT `posyand...')
#2 C:\xampp\htdocs\taposyandu\system\Database\BaseConnection.php(620): CodeIgniter\Database\BaseConnection->simpleQuery('SELECT `posyand...')
#3 C:\xampp\htdocs\taposyandu\system\Database\BaseBuilder.php(1585): CodeIgniter\Database\BaseConnection->query('SELECT `posyand...', Array, false)
#4 C:\xampp\htdocs\taposyandu\app\Models\PosyanduModel.php(44): CodeIgniter\Database\BaseBuilder->get()
#5 C:\xampp\htdocs\taposyandu\app\Controllers\Posyandu.php(49): App\Models\PosyanduModel->getAllData()
#6 C:\xampp\htdocs\taposyandu\system\CodeIgniter.php(898): App\Controllers\Posyandu->tambahposyandu()
#7 C:\xampp\htdocs\taposyandu\system\CodeIgniter.php(457): CodeIgniter\CodeIgniter->runController(Object(App\Controllers\Posyandu))
#8 C:\xampp\htdocs\taposyandu\system\CodeIgniter.php(340): CodeIgniter\CodeIgniter->handleRequest(NULL, Object(Config\Cache), false)
#9 C:\xampp\htdocs\taposyandu\public\index.php(67): CodeIgniter\CodeIgniter->run()
#10 C:\xampp\htdocs\taposyandu\system\Commands\Server\rewrite.php(43): require_once('C:\\xampp\\htdocs...')
#11 {main}
CRITICAL - 2023-03-21 13:03:39 --> Unknown column 'posyandu.id_agenda' in 'on clause'
in SYSTEMPATH\Database\MySQLi\Connection.php on line 292.
 1 SYSTEMPATH\Database\MySQLi\Connection.php(292): mysqli->query('SELECT `posyandu`.*, `agenda`.`idagenda` as `id_agenda`, `agenda`.`tgl`, `bidan`.`idbidan` as `id_bidan`, `bidan`.`bidannama`, `kader`.`idkader` as `id_kader`, `kader`.`kadernama`
FROM `posyandu`
LEFT JOIN `agenda` ON `agenda`.`idagenda` = `posyandu`.`id_agenda`
LEFT JOIN `bidan` ON `bidan`.`idbidan` = `posyandu`.`id_bidan`
LEFT JOIN `kader` ON `kader`.`idkader` = `posyandu`.`id_kader`
ORDER BY `posyandu`.`idposyandu` DESC', 0)
 2 SYSTEMPATH\Database\BaseConnection.php(693): CodeIgniter\Database\MySQLi\Connection->execute('SELECT `posyandu`.*, `agenda`.`idagenda` as `id_agenda`, `agenda`.`tgl`, `bidan`.`idbidan` as `id_bidan`, `bidan`.`bidannama`, `kader`.`idkader` as `id_kader`, `kader`.`kadernama`
FROM `posyandu`
LEFT JOIN `agenda` ON `agenda`.`idagenda` = `posyandu`.`id_agenda`
LEFT JOIN `bidan` ON `bidan`.`idbidan` = `posyandu`.`id_bidan`
LEFT JOIN `kader` ON `kader`.`idkader` = `posyandu`.`id_kader`
ORDER BY `posyandu`.`idposyandu` DESC')
 3 SYSTEMPATH\Database\BaseConnection.php(620): CodeIgniter\Database\BaseConnection->simpleQuery('SELECT `posyandu`.*, `agenda`.`idagenda` as `id_agenda`, `agenda`.`tgl`, `bidan`.`idbidan` as `id_bidan`, `bidan`.`bidannama`, `kader`.`idkader` as `id_kader`, `kader`.`kadernama`
FROM `posyandu`
LEFT JOIN `agenda` ON `agenda`.`idagenda` = `posyandu`.`id_agenda`
LEFT JOIN `bidan` ON `bidan`.`idbidan` = `posyandu`.`id_bidan`
LEFT JOIN `kader` ON `kader`.`idkader` = `posyandu`.`id_kader`
ORDER BY `posyandu`.`idposyandu` DESC')
 4 SYSTEMPATH\Database\BaseBuilder.php(1585): CodeIgniter\Database\BaseConnection->query('SELECT `posyandu`.*, `agenda`.`idagenda` as `id_agenda`, `agenda`.`tgl`, `bidan`.`idbidan` as `id_bidan`, `bidan`.`bidannama`, `kader`.`idkader` as `id_kader`, `kader`.`kadernama`
FROM `posyandu`
LEFT JOIN `agenda` ON `agenda`.`idagenda` = `posyandu`.`id_agenda`
LEFT JOIN `bidan` ON `bidan`.`idbidan` = `posyandu`.`id_bidan`
LEFT JOIN `kader` ON `kader`.`idkader` = `posyandu`.`id_kader`
ORDER BY `posyandu`.`idposyandu` DESC', [], false)
 5 APPPATH\Models\PosyanduModel.php(44): CodeIgniter\Database\BaseBuilder->get()
 6 APPPATH\Controllers\Posyandu.php(49): App\Models\PosyanduModel->getAllData()
 7 SYSTEMPATH\CodeIgniter.php(898): App\Controllers\Posyandu->tambahposyandu()
 8 SYSTEMPATH\CodeIgniter.php(457): CodeIgniter\CodeIgniter->runController(Object(App\Controllers\Posyandu))
 9 SYSTEMPATH\CodeIgniter.php(340): CodeIgniter\CodeIgniter->handleRequest(null, Object(Config\Cache), false)
10 FCPATH\index.php(67): CodeIgniter\CodeIgniter->run()
11 SYSTEMPATH\Commands\Server\rewrite.php(43): require_once('FCPATH\\index.php')
ERROR - 2023-03-21 13:10:36 --> mysqli_sql_exception: Unknown column 'posyandu.id_agenda' in 'on clause' in C:\xampp\htdocs\taposyandu\system\Database\MySQLi\Connection.php:292
Stack trace:
#0 C:\xampp\htdocs\taposyandu\system\Database\MySQLi\Connection.php(292): mysqli->query('SELECT `posyand...', 0)
#1 C:\xampp\htdocs\taposyandu\system\Database\BaseConnection.php(693): CodeIgniter\Database\MySQLi\Connection->execute('SELECT `posyand...')
#2 C:\xampp\htdocs\taposyandu\system\Database\BaseConnection.php(620): CodeIgniter\Database\BaseConnection->simpleQuery('SELECT `posyand...')
#3 C:\xampp\htdocs\taposyandu\system\Database\BaseBuilder.php(1585): CodeIgniter\Database\BaseConnection->query('SELECT `posyand...', Array, false)
#4 C:\xampp\htdocs\taposyandu\app\Models\PosyanduModel.php(44): CodeIgniter\Database\BaseBuilder->get()
#5 C:\xampp\htdocs\taposyandu\app\Controllers\Posyandu.php(49): App\Models\PosyanduModel->getAllData()
#6 C:\xampp\htdocs\taposyandu\system\CodeIgniter.php(898): App\Controllers\Posyandu->tambahposyandu()
#7 C:\xampp\htdocs\taposyandu\system\CodeIgniter.php(457): CodeIgniter\CodeIgniter->runController(Object(App\Controllers\Posyandu))
#8 C:\xampp\htdocs\taposyandu\system\CodeIgniter.php(340): CodeIgniter\CodeIgniter->handleRequest(NULL, Object(Config\Cache), false)
#9 C:\xampp\htdocs\taposyandu\public\index.php(67): CodeIgniter\CodeIgniter->run()
#10 C:\xampp\htdocs\taposyandu\system\Commands\Server\rewrite.php(43): require_once('C:\\xampp\\htdocs...')
#11 {main}
CRITICAL - 2023-03-21 13:10:36 --> Unknown column 'posyandu.id_agenda' in 'on clause'
in SYSTEMPATH\Database\MySQLi\Connection.php on line 292.
 1 SYSTEMPATH\Database\MySQLi\Connection.php(292): mysqli->query('SELECT `posyandu`.*, `agenda`.`idagenda` as `id_agenda`, `agenda`.`tgl`, `bidan`.`idbidan` as `id_bidan`, `bidan`.`bidannama`, `kader`.`idkader` as `id_kader`, `kader`.`kadernama`
FROM `posyandu`
LEFT JOIN `agenda` ON `agenda`.`idagenda` = `posyandu`.`id_agenda`
LEFT JOIN `bidan` ON `bidan`.`idbidan` = `posyandu`.`id_bidan`
LEFT JOIN `kader` ON `kader`.`idkader` = `posyandu`.`id_kader`
ORDER BY `posyandu`.`idposyandu` DESC', 0)
 2 SYSTEMPATH\Database\BaseConnection.php(693): CodeIgniter\Database\MySQLi\Connection->execute('SELECT `posyandu`.*, `agenda`.`idagenda` as `id_agenda`, `agenda`.`tgl`, `bidan`.`idbidan` as `id_bidan`, `bidan`.`bidannama`, `kader`.`idkader` as `id_kader`, `kader`.`kadernama`
FROM `posyandu`
LEFT JOIN `agenda` ON `agenda`.`idagenda` = `posyandu`.`id_agenda`
LEFT JOIN `bidan` ON `bidan`.`idbidan` = `posyandu`.`id_bidan`
LEFT JOIN `kader` ON `kader`.`idkader` = `posyandu`.`id_kader`
ORDER BY `posyandu`.`idposyandu` DESC')
 3 SYSTEMPATH\Database\BaseConnection.php(620): CodeIgniter\Database\BaseConnection->simpleQuery('SELECT `posyandu`.*, `agenda`.`idagenda` as `id_agenda`, `agenda`.`tgl`, `bidan`.`idbidan` as `id_bidan`, `bidan`.`bidannama`, `kader`.`idkader` as `id_kader`, `kader`.`kadernama`
FROM `posyandu`
LEFT JOIN `agenda` ON `agenda`.`idagenda` = `posyandu`.`id_agenda`
LEFT JOIN `bidan` ON `bidan`.`idbidan` = `posyandu`.`id_bidan`
LEFT JOIN `kader` ON `kader`.`idkader` = `posyandu`.`id_kader`
ORDER BY `posyandu`.`idposyandu` DESC')
 4 SYSTEMPATH\Database\BaseBuilder.php(1585): CodeIgniter\Database\BaseConnection->query('SELECT `posyandu`.*, `agenda`.`idagenda` as `id_agenda`, `agenda`.`tgl`, `bidan`.`idbidan` as `id_bidan`, `bidan`.`bidannama`, `kader`.`idkader` as `id_kader`, `kader`.`kadernama`
FROM `posyandu`
LEFT JOIN `agenda` ON `agenda`.`idagenda` = `posyandu`.`id_agenda`
LEFT JOIN `bidan` ON `bidan`.`idbidan` = `posyandu`.`id_bidan`
LEFT JOIN `kader` ON `kader`.`idkader` = `posyandu`.`id_kader`
ORDER BY `posyandu`.`idposyandu` DESC', [], false)
 5 APPPATH\Models\PosyanduModel.php(44): CodeIgniter\Database\BaseBuilder->get()
 6 APPPATH\Controllers\Posyandu.php(49): App\Models\PosyanduModel->getAllData()
 7 SYSTEMPATH\CodeIgniter.php(898): App\Controllers\Posyandu->tambahposyandu()
 8 SYSTEMPATH\CodeIgniter.php(457): CodeIgniter\CodeIgniter->runController(Object(App\Controllers\Posyandu))
 9 SYSTEMPATH\CodeIgniter.php(340): CodeIgniter\CodeIgniter->handleRequest(null, Object(Config\Cache), false)
10 FCPATH\index.php(67): CodeIgniter\CodeIgniter->run()
11 SYSTEMPATH\Commands\Server\rewrite.php(43): require_once('FCPATH\\index.php')
ERROR - 2023-03-21 13:11:41 --> mysqli_sql_exception: Unknown column 'posyandu.id_agenda' in 'on clause' in C:\xampp\htdocs\taposyandu\system\Database\MySQLi\Connection.php:292
Stack trace:
#0 C:\xampp\htdocs\taposyandu\system\Database\MySQLi\Connection.php(292): mysqli->query('SELECT `posyand...', 0)
#1 C:\xampp\htdocs\taposyandu\system\Database\BaseConnection.php(693): CodeIgniter\Database\MySQLi\Connection->execute('SELECT `posyand...')
#2 C:\xampp\htdocs\taposyandu\system\Database\BaseConnection.php(620): CodeIgniter\Database\BaseConnection->simpleQuery('SELECT `posyand...')
#3 C:\xampp\htdocs\taposyandu\system\Database\BaseBuilder.php(1585): CodeIgniter\Database\BaseConnection->query('SELECT `posyand...', Array, false)
#4 C:\xampp\htdocs\taposyandu\app\Models\PosyanduModel.php(44): CodeIgniter\Database\BaseBuilder->get()
#5 C:\xampp\htdocs\taposyandu\app\Controllers\Posyandu.php(49): App\Models\PosyanduModel->getAllData()
#6 C:\xampp\htdocs\taposyandu\system\CodeIgniter.php(898): App\Controllers\Posyandu->tambahposyandu()
#7 C:\xampp\htdocs\taposyandu\system\CodeIgniter.php(457): CodeIgniter\CodeIgniter->runController(Object(App\Controllers\Posyandu))
#8 C:\xampp\htdocs\taposyandu\system\CodeIgniter.php(340): CodeIgniter\CodeIgniter->handleRequest(NULL, Object(Config\Cache), false)
#9 C:\xampp\htdocs\taposyandu\public\index.php(67): CodeIgniter\CodeIgniter->run()
#10 C:\xampp\htdocs\taposyandu\system\Commands\Server\rewrite.php(43): require_once('C:\\xampp\\htdocs...')
#11 {main}
CRITICAL - 2023-03-21 13:11:41 --> Unknown column 'posyandu.id_agenda' in 'on clause'
in SYSTEMPATH\Database\MySQLi\Connection.php on line 292.
 1 SYSTEMPATH\Database\MySQLi\Connection.php(292): mysqli->query('SELECT `posyandu`.*, `agenda`.`idagenda` as `id_agenda`, `agenda`.`tgl`, `bidan`.`idbidan` as `id_bidan`, `bidan`.`bidannama`, `kader`.`idkader` as `id_kader`, `kader`.`kadernama`
FROM `posyandu`
LEFT JOIN `agenda` ON `agenda`.`idagenda` = `posyandu`.`id_agenda`
LEFT JOIN `bidan` ON `bidan`.`idbidan` = `posyandu`.`id_bidan`
LEFT JOIN `kader` ON `kader`.`idkader` = `posyandu`.`id_kader`
ORDER BY `posyandu`.`idposyandu` DESC', 0)
 2 SYSTEMPATH\Database\BaseConnection.php(693): CodeIgniter\Database\MySQLi\Connection->execute('SELECT `posyandu`.*, `agenda`.`idagenda` as `id_agenda`, `agenda`.`tgl`, `bidan`.`idbidan` as `id_bidan`, `bidan`.`bidannama`, `kader`.`idkader` as `id_kader`, `kader`.`kadernama`
FROM `posyandu`
LEFT JOIN `agenda` ON `agenda`.`idagenda` = `posyandu`.`id_agenda`
LEFT JOIN `bidan` ON `bidan`.`idbidan` = `posyandu`.`id_bidan`
LEFT JOIN `kader` ON `kader`.`idkader` = `posyandu`.`id_kader`
ORDER BY `posyandu`.`idposyandu` DESC')
 3 SYSTEMPATH\Database\BaseConnection.php(620): CodeIgniter\Database\BaseConnection->simpleQuery('SELECT `posyandu`.*, `agenda`.`idagenda` as `id_agenda`, `agenda`.`tgl`, `bidan`.`idbidan` as `id_bidan`, `bidan`.`bidannama`, `kader`.`idkader` as `id_kader`, `kader`.`kadernama`
FROM `posyandu`
LEFT JOIN `agenda` ON `agenda`.`idagenda` = `posyandu`.`id_agenda`
LEFT JOIN `bidan` ON `bidan`.`idbidan` = `posyandu`.`id_bidan`
LEFT JOIN `kader` ON `kader`.`idkader` = `posyandu`.`id_kader`
ORDER BY `posyandu`.`idposyandu` DESC')
 4 SYSTEMPATH\Database\BaseBuilder.php(1585): CodeIgniter\Database\BaseConnection->query('SELECT `posyandu`.*, `agenda`.`idagenda` as `id_agenda`, `agenda`.`tgl`, `bidan`.`idbidan` as `id_bidan`, `bidan`.`bidannama`, `kader`.`idkader` as `id_kader`, `kader`.`kadernama`
FROM `posyandu`
LEFT JOIN `agenda` ON `agenda`.`idagenda` = `posyandu`.`id_agenda`
LEFT JOIN `bidan` ON `bidan`.`idbidan` = `posyandu`.`id_bidan`
LEFT JOIN `kader` ON `kader`.`idkader` = `posyandu`.`id_kader`
ORDER BY `posyandu`.`idposyandu` DESC', [], false)
 5 APPPATH\Models\PosyanduModel.php(44): CodeIgniter\Database\BaseBuilder->get()
 6 APPPATH\Controllers\Posyandu.php(49): App\Models\PosyanduModel->getAllData()
 7 SYSTEMPATH\CodeIgniter.php(898): App\Controllers\Posyandu->tambahposyandu()
 8 SYSTEMPATH\CodeIgniter.php(457): CodeIgniter\CodeIgniter->runController(Object(App\Controllers\Posyandu))
 9 SYSTEMPATH\CodeIgniter.php(340): CodeIgniter\CodeIgniter->handleRequest(null, Object(Config\Cache), false)
10 FCPATH\index.php(67): CodeIgniter\CodeIgniter->run()
11 SYSTEMPATH\Commands\Server\rewrite.php(43): require_once('FCPATH\\index.php')
CRITICAL - 2023-03-21 13:12:55 --> Undefined array key "id_agenda"
in APPPATH\Views\admin\tambahposyandu.php on line 73.
 1 APPPATH\Views\admin\tambahposyandu.php(73): CodeIgniter\Debug\Exceptions->errorHandler(2, 'Undefined array key "id_agenda"', 'APPPATH\\Views\\admin\\tambahposyandu.php', 73)
 2 SYSTEMPATH\View\View.php(213): include('APPPATH\\Views\\admin\\tambahposyandu.php')
 3 SYSTEMPATH\View\View.php(216): CodeIgniter\View\View->CodeIgniter\View\{closure}()
 4 SYSTEMPATH\Common.php(1137): CodeIgniter\View\View->render('admin/tambahposyandu', [], true)
 5 APPPATH\Controllers\Posyandu.php(54): view('admin/tambahposyandu', [...])
 6 SYSTEMPATH\CodeIgniter.php(898): App\Controllers\Posyandu->tambahposyandu()
 7 SYSTEMPATH\CodeIgniter.php(457): CodeIgniter\CodeIgniter->runController(Object(App\Controllers\Posyandu))
 8 SYSTEMPATH\CodeIgniter.php(340): CodeIgniter\CodeIgniter->handleRequest(null, Object(Config\Cache), false)
 9 FCPATH\index.php(67): CodeIgniter\CodeIgniter->run()
10 SYSTEMPATH\Commands\Server\rewrite.php(43): require_once('FCPATH\\index.php')
ERROR - 2023-03-21 13:21:27 --> mysqli_sql_exception: Unknown column 'id_agenda' in 'field list' in C:\xampp\htdocs\taposyandu\system\Database\MySQLi\Connection.php:292
Stack trace:
#0 C:\xampp\htdocs\taposyandu\system\Database\MySQLi\Connection.php(292): mysqli->query('INSERT INTO `po...', 0)
#1 C:\xampp\htdocs\taposyandu\system\Database\BaseConnection.php(693): CodeIgniter\Database\MySQLi\Connection->execute('INSERT INTO `po...')
#2 C:\xampp\htdocs\taposyandu\system\Database\BaseConnection.php(620): CodeIgniter\Database\BaseConnection->simpleQuery('INSERT INTO `po...')
#3 C:\xampp\htdocs\taposyandu\system\Database\BaseBuilder.php(1916): CodeIgniter\Database\BaseConnection->query('INSERT INTO `po...', Array, false)
#4 C:\xampp\htdocs\taposyandu\system\Model.php(278): CodeIgniter\Database\BaseBuilder->insert()
#5 C:\xampp\htdocs\taposyandu\system\BaseModel.php(738): CodeIgniter\Model->doInsert(Array)
#6 C:\xampp\htdocs\taposyandu\system\Model.php(666): CodeIgniter\BaseModel->insert(Array, true)
#7 C:\xampp\htdocs\taposyandu\app\Controllers\Posyandu.php(120): CodeIgniter\Model->insert(Array)
#8 C:\xampp\htdocs\taposyandu\system\CodeIgniter.php(898): App\Controllers\Posyandu->save()
#9 C:\xampp\htdocs\taposyandu\system\CodeIgniter.php(457): CodeIgniter\CodeIgniter->runController(Object(App\Controllers\Posyandu))
#10 C:\xampp\htdocs\taposyandu\system\CodeIgniter.php(340): CodeIgniter\CodeIgniter->handleRequest(NULL, Object(Config\Cache), false)
#11 C:\xampp\htdocs\taposyandu\public\index.php(67): CodeIgniter\CodeIgniter->run()
#12 C:\xampp\htdocs\taposyandu\system\Commands\Server\rewrite.php(43): require_once('C:\\xampp\\htdocs...')
#13 {main}
ERROR - 2023-03-21 13:23:00 --> mysqli_sql_exception: Column 'idagenda' cannot be null in C:\xampp\htdocs\taposyandu\system\Database\MySQLi\Connection.php:292
Stack trace:
#0 C:\xampp\htdocs\taposyandu\system\Database\MySQLi\Connection.php(292): mysqli->query('INSERT INTO `po...', 0)
#1 C:\xampp\htdocs\taposyandu\system\Database\BaseConnection.php(693): CodeIgniter\Database\MySQLi\Connection->execute('INSERT INTO `po...')
#2 C:\xampp\htdocs\taposyandu\system\Database\BaseConnection.php(620): CodeIgniter\Database\BaseConnection->simpleQuery('INSERT INTO `po...')
#3 C:\xampp\htdocs\taposyandu\system\Database\BaseBuilder.php(1916): CodeIgniter\Database\BaseConnection->query('INSERT INTO `po...', Array, false)
#4 C:\xampp\htdocs\taposyandu\system\Model.php(278): CodeIgniter\Database\BaseBuilder->insert()
#5 C:\xampp\htdocs\taposyandu\system\BaseModel.php(738): CodeIgniter\Model->doInsert(Array)
#6 C:\xampp\htdocs\taposyandu\system\Model.php(666): CodeIgniter\BaseModel->insert(Array, true)
#7 C:\xampp\htdocs\taposyandu\app\Controllers\Posyandu.php(120): CodeIgniter\Model->insert(Array)
#8 C:\xampp\htdocs\taposyandu\system\CodeIgniter.php(898): App\Controllers\Posyandu->save()
#9 C:\xampp\htdocs\taposyandu\system\CodeIgniter.php(457): CodeIgniter\CodeIgniter->runController(Object(App\Controllers\Posyandu))
#10 C:\xampp\htdocs\taposyandu\system\CodeIgniter.php(340): CodeIgniter\CodeIgniter->handleRequest(NULL, Object(Config\Cache), false)
#11 C:\xampp\htdocs\taposyandu\public\index.php(67): CodeIgniter\CodeIgniter->run()
#12 C:\xampp\htdocs\taposyandu\system\Commands\Server\rewrite.php(43): require_once('C:\\xampp\\htdocs...')
#13 {main}
