CRITICAL - 2023-02-12 21:29:38 --> Attempt to read property "puskesmas" on array
in APPPATH\Views\admin\datapuskesmas.php on line 71.
 1 APPPATH\Views\admin\datapuskesmas.php(71): CodeIgniter\Debug\Exceptions->errorHandler(2, 'Attempt to read property "puskesmas" on array', 'APPPATH\\Views\\admin\\datapuskesmas.php', 71)
 2 SYSTEMPATH\View\View.php(213): include('APPPATH\\Views\\admin\\datapuskesmas.php')
 3 SYSTEMPATH\View\View.php(216): CodeIgniter\View\View->CodeIgniter\View\{closure}()
 4 SYSTEMPATH\Common.php(1137): CodeIgniter\View\View->render('admin/datapuskesmas', [], true)
 5 APPPATH\Controllers\Puskesmas.php(32): view('admin/datapuskesmas', [...])
 6 SYSTEMPATH\CodeIgniter.php(898): App\Controllers\Puskesmas->index()
 7 SYSTEMPATH\CodeIgniter.php(457): CodeIgniter\CodeIgniter->runController(Object(App\Controllers\Puskesmas))
 8 SYSTEMPATH\CodeIgniter.php(340): CodeIgniter\CodeIgniter->handleRequest(null, Object(Config\Cache), false)
 9 FCPATH\index.php(67): CodeIgniter\CodeIgniter->run()
10 SYSTEMPATH\Commands\Server\rewrite.php(43): require_once('FCPATH\\index.php')
CRITICAL - 2023-02-12 21:35:20 --> Attempt to read property "puskesmas" on array
in APPPATH\Views\admin\datapuskesmas.php on line 71.
 1 APPPATH\Views\admin\datapuskesmas.php(71): CodeIgniter\Debug\Exceptions->errorHandler(2, 'Attempt to read property "puskesmas" on array', 'APPPATH\\Views\\admin\\datapuskesmas.php', 71)
 2 SYSTEMPATH\View\View.php(213): include('APPPATH\\Views\\admin\\datapuskesmas.php')
 3 SYSTEMPATH\View\View.php(216): CodeIgniter\View\View->CodeIgniter\View\{closure}()
 4 SYSTEMPATH\Common.php(1137): CodeIgniter\View\View->render('admin/datapuskesmas', [], true)
 5 APPPATH\Controllers\Puskesmas.php(32): view('admin/datapuskesmas', [...])
 6 SYSTEMPATH\CodeIgniter.php(898): App\Controllers\Puskesmas->index()
 7 SYSTEMPATH\CodeIgniter.php(457): CodeIgniter\CodeIgniter->runController(Object(App\Controllers\Puskesmas))
 8 SYSTEMPATH\CodeIgniter.php(340): CodeIgniter\CodeIgniter->handleRequest(null, Object(Config\Cache), false)
 9 FCPATH\index.php(67): CodeIgniter\CodeIgniter->run()
10 SYSTEMPATH\Commands\Server\rewrite.php(43): require_once('FCPATH\\index.php')
CRITICAL - 2023-02-12 21:38:03 --> Attempt to read property "puskesmas" on array
in APPPATH\Views\admin\datapuskesmas.php on line 71.
 1 APPPATH\Views\admin\datapuskesmas.php(71): CodeIgniter\Debug\Exceptions->errorHandler(2, 'Attempt to read property "puskesmas" on array', 'APPPATH\\Views\\admin\\datapuskesmas.php', 71)
 2 SYSTEMPATH\View\View.php(213): include('APPPATH\\Views\\admin\\datapuskesmas.php')
 3 SYSTEMPATH\View\View.php(216): CodeIgniter\View\View->CodeIgniter\View\{closure}()
 4 SYSTEMPATH\Common.php(1137): CodeIgniter\View\View->render('admin/datapuskesmas', [], true)
 5 APPPATH\Controllers\Puskesmas.php(32): view('admin/datapuskesmas', [...])
 6 SYSTEMPATH\CodeIgniter.php(898): App\Controllers\Puskesmas->index()
 7 SYSTEMPATH\CodeIgniter.php(457): CodeIgniter\CodeIgniter->runController(Object(App\Controllers\Puskesmas))
 8 SYSTEMPATH\CodeIgniter.php(340): CodeIgniter\CodeIgniter->handleRequest(null, Object(Config\Cache), false)
 9 FCPATH\index.php(67): CodeIgniter\CodeIgniter->run()
10 SYSTEMPATH\Commands\Server\rewrite.php(43): require_once('FCPATH\\index.php')
CRITICAL - 2023-02-12 21:40:09 --> Attempt to read property "idpuskesmas" on array
in APPPATH\Views\admin\datapuskesmas.php on line 75.
 1 APPPATH\Views\admin\datapuskesmas.php(75): CodeIgniter\Debug\Exceptions->errorHandler(2, 'Attempt to read property "idpuskesmas" on array', 'APPPATH\\Views\\admin\\datapuskesmas.php', 75)
 2 SYSTEMPATH\View\View.php(213): include('APPPATH\\Views\\admin\\datapuskesmas.php')
 3 SYSTEMPATH\View\View.php(216): CodeIgniter\View\View->CodeIgniter\View\{closure}()
 4 SYSTEMPATH\Common.php(1137): CodeIgniter\View\View->render('admin/datapuskesmas', [], true)
 5 APPPATH\Controllers\Puskesmas.php(32): view('admin/datapuskesmas', [...])
 6 SYSTEMPATH\CodeIgniter.php(898): App\Controllers\Puskesmas->index()
 7 SYSTEMPATH\CodeIgniter.php(457): CodeIgniter\CodeIgniter->runController(Object(App\Controllers\Puskesmas))
 8 SYSTEMPATH\CodeIgniter.php(340): CodeIgniter\CodeIgniter->handleRequest(null, Object(Config\Cache), false)
 9 FCPATH\index.php(67): CodeIgniter\CodeIgniter->run()
10 SYSTEMPATH\Commands\Server\rewrite.php(43): require_once('FCPATH\\index.php')
