ERROR - 2024-04-04 01:16:50 --> Error connecting to the database: mysqli_sql_exception: No connection could be made because the target machine actively refused it in C:\xampp\htdocs\taposyandu\system\Database\MySQLi\Connection.php:171
Stack trace:
#0 C:\xampp\htdocs\taposyandu\system\Database\MySQLi\Connection.php(171): mysqli->real_connect('localhost', 'root', '', 'posyandu', 3306, '', 0)
#1 C:\xampp\htdocs\taposyandu\system\Database\BaseConnection.php(382): CodeIgniter\Database\MySQLi\Connection->connect(false)
#2 C:\xampp\htdocs\taposyandu\system\Database\BaseConnection.php(588): CodeIgniter\Database\BaseConnection->initialize()
#3 C:\xampp\htdocs\taposyandu\system\Database\BaseBuilder.php(1614): CodeIgniter\Database\BaseConnection->query('SELECT COUNT(*)...', NULL, false)
#4 C:\xampp\htdocs\taposyandu\system\Model.php(771): CodeIgniter\Database\BaseBuilder->countAll()
#5 C:\xampp\htdocs\taposyandu\app\Controllers\Admin.php(38): CodeIgniter\Model->__call('countAll', Array)
#6 C:\xampp\htdocs\taposyandu\system\CodeIgniter.php(898): App\Controllers\Admin->index()
#7 C:\xampp\htdocs\taposyandu\system\CodeIgniter.php(457): CodeIgniter\CodeIgniter->runController(Object(App\Controllers\Admin))
#8 C:\xampp\htdocs\taposyandu\system\CodeIgniter.php(340): CodeIgniter\CodeIgniter->handleRequest(NULL, Object(Config\Cache), false)
#9 C:\xampp\htdocs\taposyandu\public\index.php(67): CodeIgniter\CodeIgniter->run()
#10 C:\xampp\htdocs\taposyandu\system\Commands\Server\rewrite.php(43): require_once('C:\\xampp\\htdocs...')
#11 {main}

Next CodeIgniter\Database\Exceptions\DatabaseException: No connection could be made because the target machine actively refused it in C:\xampp\htdocs\taposyandu\system\Database\MySQLi\Connection.php:215
Stack trace:
#0 C:\xampp\htdocs\taposyandu\system\Database\BaseConnection.php(382): CodeIgniter\Database\MySQLi\Connection->connect(false)
#1 C:\xampp\htdocs\taposyandu\system\Database\BaseConnection.php(588): CodeIgniter\Database\BaseConnection->initialize()
#2 C:\xampp\htdocs\taposyandu\system\Database\BaseBuilder.php(1614): CodeIgniter\Database\BaseConnection->query('SELECT COUNT(*)...', NULL, false)
#3 C:\xampp\htdocs\taposyandu\system\Model.php(771): CodeIgniter\Database\BaseBuilder->countAll()
#4 C:\xampp\htdocs\taposyandu\app\Controllers\Admin.php(38): CodeIgniter\Model->__call('countAll', Array)
#5 C:\xampp\htdocs\taposyandu\system\CodeIgniter.php(898): App\Controllers\Admin->index()
#6 C:\xampp\htdocs\taposyandu\system\CodeIgniter.php(457): CodeIgniter\CodeIgniter->runController(Object(App\Controllers\Admin))
#7 C:\xampp\htdocs\taposyandu\system\CodeIgniter.php(340): CodeIgniter\CodeIgniter->handleRequest(NULL, Object(Config\Cache), false)
#8 C:\xampp\htdocs\taposyandu\public\index.php(67): CodeIgniter\CodeIgniter->run()
#9 C:\xampp\htdocs\taposyandu\system\Commands\Server\rewrite.php(43): require_once('C:\\xampp\\htdocs...')
#10 {main}
CRITICAL - 2024-04-04 01:16:50 --> Unable to connect to the database.
Main connection [MySQLi]: No connection could be made because the target machine actively refused it
in SYSTEMPATH\Database\BaseConnection.php on line 418.
 1 SYSTEMPATH\Database\BaseConnection.php(588): CodeIgniter\Database\BaseConnection->initialize()
 2 SYSTEMPATH\Database\BaseBuilder.php(1614): CodeIgniter\Database\BaseConnection->query('SELECT COUNT(*) AS `numrows` FROM `bidan`', null, false)
 3 SYSTEMPATH\Model.php(771): CodeIgniter\Database\BaseBuilder->countAll()
 4 APPPATH\Controllers\Admin.php(38): CodeIgniter\Model->__call('countAll', [])
 5 SYSTEMPATH\CodeIgniter.php(898): App\Controllers\Admin->index()
 6 SYSTEMPATH\CodeIgniter.php(457): CodeIgniter\CodeIgniter->runController(Object(App\Controllers\Admin))
 7 SYSTEMPATH\CodeIgniter.php(340): CodeIgniter\CodeIgniter->handleRequest(null, Object(Config\Cache), false)
 8 FCPATH\index.php(67): CodeIgniter\CodeIgniter->run()
 9 SYSTEMPATH\Commands\Server\rewrite.php(43): require_once('FCPATH\\index.php')
CRITICAL - 2024-04-04 03:38:39 --> Undefined variable $currentPage
in APPPATH\Views\kader\anak\tambahanak.php on line 193.
 1 APPPATH\Views\kader\anak\tambahanak.php(193): CodeIgniter\Debug\Exceptions->errorHandler(2, 'Undefined variable $currentPage', 'APPPATH\\Views\\kader\\anak\\tambahanak.php', 193)
 2 SYSTEMPATH\View\View.php(213): include('APPPATH\\Views\\kader\\anak\\tambahanak.php')
 3 SYSTEMPATH\View\View.php(216): CodeIgniter\View\View->CodeIgniter\View\{closure}()
 4 SYSTEMPATH\Common.php(1137): CodeIgniter\View\View->render('kader/anak/tambahanak', [], true)
 5 APPPATH\Controllers\Anak.php(53): view('kader/anak/tambahanak', [...])
 6 SYSTEMPATH\CodeIgniter.php(898): App\Controllers\Anak->tambahanak()
 7 SYSTEMPATH\CodeIgniter.php(457): CodeIgniter\CodeIgniter->runController(Object(App\Controllers\Anak))
 8 SYSTEMPATH\CodeIgniter.php(340): CodeIgniter\CodeIgniter->handleRequest(null, Object(Config\Cache), false)
 9 FCPATH\index.php(67): CodeIgniter\CodeIgniter->run()
10 SYSTEMPATH\Commands\Server\rewrite.php(43): require_once('FCPATH\\index.php')
CRITICAL - 2024-04-04 14:25:47 --> Attempt to read property "obatcacing" on array
in APPPATH\Views\kader\imun\detailimunanak.php on line 48.
 1 APPPATH\Views\kader\imun\detailimunanak.php(48): CodeIgniter\Debug\Exceptions->errorHandler(2, 'Attempt to read property "obatcacing" on array', 'APPPATH\\Views\\kader\\imun\\detailimunanak.php', 48)
 2 SYSTEMPATH\View\View.php(213): include('APPPATH\\Views\\kader\\imun\\detailimunanak.php')
 3 SYSTEMPATH\View\View.php(216): CodeIgniter\View\View->CodeIgniter\View\{closure}()
 4 SYSTEMPATH\Common.php(1137): CodeIgniter\View\View->render('kader/imun/detailimunanak', [], true)
 5 APPPATH\Controllers\Imunisasi.php(166): view('kader/imun/detailimunanak', [...])
 6 SYSTEMPATH\CodeIgniter.php(898): App\Controllers\Imunisasi->detailimunanak('2')
 7 SYSTEMPATH\CodeIgniter.php(457): CodeIgniter\CodeIgniter->runController(Object(App\Controllers\Imunisasi))
 8 SYSTEMPATH\CodeIgniter.php(340): CodeIgniter\CodeIgniter->handleRequest(null, Object(Config\Cache), false)
 9 FCPATH\index.php(67): CodeIgniter\CodeIgniter->run()
10 SYSTEMPATH\Commands\Server\rewrite.php(43): require_once('FCPATH\\index.php')
CRITICAL - 2024-04-04 14:38:08 --> Undefined variable $jumlah_ortu
in APPPATH\Views\dashboard.php on line 92.
 1 APPPATH\Views\dashboard.php(92): CodeIgniter\Debug\Exceptions->errorHandler(2, 'Undefined variable $jumlah_ortu', 'APPPATH\\Views\\dashboard.php', 92)
 2 SYSTEMPATH\View\View.php(213): include('APPPATH\\Views\\dashboard.php')
 3 SYSTEMPATH\View\View.php(216): CodeIgniter\View\View->CodeIgniter\View\{closure}()
 4 SYSTEMPATH\Common.php(1137): CodeIgniter\View\View->render('dashboard', [], true)
 5 APPPATH\Controllers\Admin.php(69): view('dashboard', [...])
 6 SYSTEMPATH\CodeIgniter.php(898): App\Controllers\Admin->index()
 7 SYSTEMPATH\CodeIgniter.php(457): CodeIgniter\CodeIgniter->runController(Object(App\Controllers\Admin))
 8 SYSTEMPATH\CodeIgniter.php(340): CodeIgniter\CodeIgniter->handleRequest(null, Object(Config\Cache), false)
 9 FCPATH\index.php(67): CodeIgniter\CodeIgniter->run()
10 SYSTEMPATH\Commands\Server\rewrite.php(43): require_once('FCPATH\\index.php')
CRITICAL - 2024-04-04 14:42:37 --> Class "App\Controllers\OrtuModel" not found
in APPPATH\Controllers\Admin.php on line 33.
 1 SYSTEMPATH\CodeIgniter.php(898): App\Controllers\Admin->index()
 2 SYSTEMPATH\CodeIgniter.php(457): CodeIgniter\CodeIgniter->runController(Object(App\Controllers\Admin))
 3 SYSTEMPATH\CodeIgniter.php(340): CodeIgniter\CodeIgniter->handleRequest(null, Object(Config\Cache), false)
 4 FCPATH\index.php(67): CodeIgniter\CodeIgniter->run()
 5 SYSTEMPATH\Commands\Server\rewrite.php(43): require_once('FCPATH\\index.php')
ERROR - 2024-04-04 15:20:53 --> mysqli_sql_exception: Cannot delete or update a parent row: a foreign key constraint fails (`posyandu`.`absenanak`, CONSTRAINT `ab_anak` FOREIGN KEY (`idanak`) REFERENCES `anak` (`idanak`)) in C:\xampp\htdocs\taposyandu\system\Database\MySQLi\Connection.php:292
Stack trace:
#0 C:\xampp\htdocs\taposyandu\system\Database\MySQLi\Connection.php(292): mysqli->query('DELETE FROM `an...', 0)
#1 C:\xampp\htdocs\taposyandu\system\Database\BaseConnection.php(693): CodeIgniter\Database\MySQLi\Connection->execute('DELETE FROM `an...')
#2 C:\xampp\htdocs\taposyandu\system\Database\BaseConnection.php(620): CodeIgniter\Database\BaseConnection->simpleQuery('DELETE FROM `an...')
#3 C:\xampp\htdocs\taposyandu\system\Database\BaseBuilder.php(2390): CodeIgniter\Database\BaseConnection->query('DELETE FROM `an...', Array, false)
#4 C:\xampp\htdocs\taposyandu\system\Model.php(400): CodeIgniter\Database\BaseBuilder->delete()
#5 C:\xampp\htdocs\taposyandu\system\BaseModel.php(963): CodeIgniter\Model->doDelete(Array, false)
#6 C:\xampp\htdocs\taposyandu\app\Controllers\Anak.php(298): CodeIgniter\BaseModel->delete(Array)
#7 C:\xampp\htdocs\taposyandu\system\CodeIgniter.php(898): App\Controllers\Anak->hapusanak('9')
#8 C:\xampp\htdocs\taposyandu\system\CodeIgniter.php(457): CodeIgniter\CodeIgniter->runController(Object(App\Controllers\Anak))
#9 C:\xampp\htdocs\taposyandu\system\CodeIgniter.php(340): CodeIgniter\CodeIgniter->handleRequest(NULL, Object(Config\Cache), false)
#10 C:\xampp\htdocs\taposyandu\public\index.php(67): CodeIgniter\CodeIgniter->run()
#11 C:\xampp\htdocs\taposyandu\system\Commands\Server\rewrite.php(43): require_once('C:\\xampp\\htdocs...')
#12 {main}
CRITICAL - 2024-04-04 15:20:53 --> Cannot delete or update a parent row: a foreign key constraint fails (`posyandu`.`absenanak`, CONSTRAINT `ab_anak` FOREIGN KEY (`idanak`) REFERENCES `anak` (`idanak`))
in SYSTEMPATH\Database\MySQLi\Connection.php on line 292.
 1 SYSTEMPATH\Database\MySQLi\Connection.php(292): mysqli->query('DELETE FROM `anak`
WHERE `idanak` IN (\'9\')', 0)
 2 SYSTEMPATH\Database\BaseConnection.php(693): CodeIgniter\Database\MySQLi\Connection->execute('DELETE FROM `anak`
WHERE `idanak` IN (\'9\')')
 3 SYSTEMPATH\Database\BaseConnection.php(620): CodeIgniter\Database\BaseConnection->simpleQuery('DELETE FROM `anak`
WHERE `idanak` IN (\'9\')')
 4 SYSTEMPATH\Database\BaseBuilder.php(2390): CodeIgniter\Database\BaseConnection->query('DELETE FROM `anak`
WHERE `idanak` IN :idanak:', [...], false)
 5 SYSTEMPATH\Model.php(400): CodeIgniter\Database\BaseBuilder->delete()
 6 SYSTEMPATH\BaseModel.php(963): CodeIgniter\Model->doDelete([...], false)
 7 APPPATH\Controllers\Anak.php(298): CodeIgniter\BaseModel->delete([...])
 8 SYSTEMPATH\CodeIgniter.php(898): App\Controllers\Anak->hapusanak('9')
 9 SYSTEMPATH\CodeIgniter.php(457): CodeIgniter\CodeIgniter->runController(Object(App\Controllers\Anak))
10 SYSTEMPATH\CodeIgniter.php(340): CodeIgniter\CodeIgniter->handleRequest(null, Object(Config\Cache), false)
11 FCPATH\index.php(67): CodeIgniter\CodeIgniter->run()
12 SYSTEMPATH\Commands\Server\rewrite.php(43): require_once('FCPATH\\index.php')
ERROR - 2024-04-04 15:21:04 --> mysqli_sql_exception: Cannot delete or update a parent row: a foreign key constraint fails (`posyandu`.`absenanak`, CONSTRAINT `ab_anak` FOREIGN KEY (`idanak`) REFERENCES `anak` (`idanak`)) in C:\xampp\htdocs\taposyandu\system\Database\MySQLi\Connection.php:292
Stack trace:
#0 C:\xampp\htdocs\taposyandu\system\Database\MySQLi\Connection.php(292): mysqli->query('DELETE FROM `an...', 0)
#1 C:\xampp\htdocs\taposyandu\system\Database\BaseConnection.php(693): CodeIgniter\Database\MySQLi\Connection->execute('DELETE FROM `an...')
#2 C:\xampp\htdocs\taposyandu\system\Database\BaseConnection.php(620): CodeIgniter\Database\BaseConnection->simpleQuery('DELETE FROM `an...')
#3 C:\xampp\htdocs\taposyandu\system\Database\BaseBuilder.php(2390): CodeIgniter\Database\BaseConnection->query('DELETE FROM `an...', Array, false)
#4 C:\xampp\htdocs\taposyandu\system\Model.php(400): CodeIgniter\Database\BaseBuilder->delete()
#5 C:\xampp\htdocs\taposyandu\system\BaseModel.php(963): CodeIgniter\Model->doDelete(Array, false)
#6 C:\xampp\htdocs\taposyandu\app\Controllers\Anak.php(298): CodeIgniter\BaseModel->delete(Array)
#7 C:\xampp\htdocs\taposyandu\system\CodeIgniter.php(898): App\Controllers\Anak->hapusanak('4')
#8 C:\xampp\htdocs\taposyandu\system\CodeIgniter.php(457): CodeIgniter\CodeIgniter->runController(Object(App\Controllers\Anak))
#9 C:\xampp\htdocs\taposyandu\system\CodeIgniter.php(340): CodeIgniter\CodeIgniter->handleRequest(NULL, Object(Config\Cache), false)
#10 C:\xampp\htdocs\taposyandu\public\index.php(67): CodeIgniter\CodeIgniter->run()
#11 C:\xampp\htdocs\taposyandu\system\Commands\Server\rewrite.php(43): require_once('C:\\xampp\\htdocs...')
#12 {main}
CRITICAL - 2024-04-04 15:21:04 --> Cannot delete or update a parent row: a foreign key constraint fails (`posyandu`.`absenanak`, CONSTRAINT `ab_anak` FOREIGN KEY (`idanak`) REFERENCES `anak` (`idanak`))
in SYSTEMPATH\Database\MySQLi\Connection.php on line 292.
 1 SYSTEMPATH\Database\MySQLi\Connection.php(292): mysqli->query('DELETE FROM `anak`
WHERE `idanak` IN (\'4\')', 0)
 2 SYSTEMPATH\Database\BaseConnection.php(693): CodeIgniter\Database\MySQLi\Connection->execute('DELETE FROM `anak`
WHERE `idanak` IN (\'4\')')
 3 SYSTEMPATH\Database\BaseConnection.php(620): CodeIgniter\Database\BaseConnection->simpleQuery('DELETE FROM `anak`
WHERE `idanak` IN (\'4\')')
 4 SYSTEMPATH\Database\BaseBuilder.php(2390): CodeIgniter\Database\BaseConnection->query('DELETE FROM `anak`
WHERE `idanak` IN :idanak:', [...], false)
 5 SYSTEMPATH\Model.php(400): CodeIgniter\Database\BaseBuilder->delete()
 6 SYSTEMPATH\BaseModel.php(963): CodeIgniter\Model->doDelete([...], false)
 7 APPPATH\Controllers\Anak.php(298): CodeIgniter\BaseModel->delete([...])
 8 SYSTEMPATH\CodeIgniter.php(898): App\Controllers\Anak->hapusanak('4')
 9 SYSTEMPATH\CodeIgniter.php(457): CodeIgniter\CodeIgniter->runController(Object(App\Controllers\Anak))
10 SYSTEMPATH\CodeIgniter.php(340): CodeIgniter\CodeIgniter->handleRequest(null, Object(Config\Cache), false)
11 FCPATH\index.php(67): CodeIgniter\CodeIgniter->run()
12 SYSTEMPATH\Commands\Server\rewrite.php(43): require_once('FCPATH\\index.php')
ERROR - 2024-04-04 15:23:15 --> mysqli_sql_exception: Cannot delete or update a parent row: a foreign key constraint fails (`posyandu`.`absenanak`, CONSTRAINT `ab_anak` FOREIGN KEY (`idanak`) REFERENCES `anak` (`idanak`)) in C:\xampp\htdocs\taposyandu\system\Database\MySQLi\Connection.php:292
Stack trace:
#0 C:\xampp\htdocs\taposyandu\system\Database\MySQLi\Connection.php(292): mysqli->query('DELETE FROM `an...', 0)
#1 C:\xampp\htdocs\taposyandu\system\Database\BaseConnection.php(693): CodeIgniter\Database\MySQLi\Connection->execute('DELETE FROM `an...')
#2 C:\xampp\htdocs\taposyandu\system\Database\BaseConnection.php(620): CodeIgniter\Database\BaseConnection->simpleQuery('DELETE FROM `an...')
#3 C:\xampp\htdocs\taposyandu\system\Database\BaseBuilder.php(2390): CodeIgniter\Database\BaseConnection->query('DELETE FROM `an...', Array, false)
#4 C:\xampp\htdocs\taposyandu\system\Model.php(400): CodeIgniter\Database\BaseBuilder->delete()
#5 C:\xampp\htdocs\taposyandu\system\BaseModel.php(963): CodeIgniter\Model->doDelete(Array, false)
#6 C:\xampp\htdocs\taposyandu\app\Controllers\Anak.php(298): CodeIgniter\BaseModel->delete(Array)
#7 C:\xampp\htdocs\taposyandu\system\CodeIgniter.php(898): App\Controllers\Anak->hapusanak('9')
#8 C:\xampp\htdocs\taposyandu\system\CodeIgniter.php(457): CodeIgniter\CodeIgniter->runController(Object(App\Controllers\Anak))
#9 C:\xampp\htdocs\taposyandu\system\CodeIgniter.php(340): CodeIgniter\CodeIgniter->handleRequest(NULL, Object(Config\Cache), false)
#10 C:\xampp\htdocs\taposyandu\public\index.php(67): CodeIgniter\CodeIgniter->run()
#11 C:\xampp\htdocs\taposyandu\system\Commands\Server\rewrite.php(43): require_once('C:\\xampp\\htdocs...')
#12 {main}
CRITICAL - 2024-04-04 15:23:15 --> Cannot delete or update a parent row: a foreign key constraint fails (`posyandu`.`absenanak`, CONSTRAINT `ab_anak` FOREIGN KEY (`idanak`) REFERENCES `anak` (`idanak`))
in SYSTEMPATH\Database\MySQLi\Connection.php on line 292.
 1 SYSTEMPATH\Database\MySQLi\Connection.php(292): mysqli->query('DELETE FROM `anak`
WHERE `idanak` IN (\'9\')', 0)
 2 SYSTEMPATH\Database\BaseConnection.php(693): CodeIgniter\Database\MySQLi\Connection->execute('DELETE FROM `anak`
WHERE `idanak` IN (\'9\')')
 3 SYSTEMPATH\Database\BaseConnection.php(620): CodeIgniter\Database\BaseConnection->simpleQuery('DELETE FROM `anak`
WHERE `idanak` IN (\'9\')')
 4 SYSTEMPATH\Database\BaseBuilder.php(2390): CodeIgniter\Database\BaseConnection->query('DELETE FROM `anak`
WHERE `idanak` IN :idanak:', [...], false)
 5 SYSTEMPATH\Model.php(400): CodeIgniter\Database\BaseBuilder->delete()
 6 SYSTEMPATH\BaseModel.php(963): CodeIgniter\Model->doDelete([...], false)
 7 APPPATH\Controllers\Anak.php(298): CodeIgniter\BaseModel->delete([...])
 8 SYSTEMPATH\CodeIgniter.php(898): App\Controllers\Anak->hapusanak('9')
 9 SYSTEMPATH\CodeIgniter.php(457): CodeIgniter\CodeIgniter->runController(Object(App\Controllers\Anak))
10 SYSTEMPATH\CodeIgniter.php(340): CodeIgniter\CodeIgniter->handleRequest(null, Object(Config\Cache), false)
11 FCPATH\index.php(67): CodeIgniter\CodeIgniter->run()
12 SYSTEMPATH\Commands\Server\rewrite.php(43): require_once('FCPATH\\index.php')
ERROR - 2024-04-04 15:26:46 --> mysqli_sql_exception: You have an error in your SQL syntax; check the manual that corresponds to your MariaDB server version for the right syntax to use near ')' at line 3 in C:\xampp\htdocs\taposyandu\system\Database\MySQLi\Connection.php:292
Stack trace:
#0 C:\xampp\htdocs\taposyandu\system\Database\MySQLi\Connection.php(292): mysqli->query('SELECT *\nFROM `...', 0)
#1 C:\xampp\htdocs\taposyandu\system\Database\BaseConnection.php(693): CodeIgniter\Database\MySQLi\Connection->execute('SELECT *\nFROM `...')
#2 C:\xampp\htdocs\taposyandu\system\Database\BaseConnection.php(620): CodeIgniter\Database\BaseConnection->simpleQuery('SELECT *\nFROM `...')
#3 C:\xampp\htdocs\taposyandu\system\Database\BaseBuilder.php(1585): CodeIgniter\Database\BaseConnection->query('SELECT *\nFROM `...', Array, false)
#4 C:\xampp\htdocs\taposyandu\app\Models\ImunisasiModel.php(105): CodeIgniter\Database\BaseBuilder->get()
#5 C:\xampp\htdocs\taposyandu\app\Helpers\usia_helper.php(45): App\Models\ImunisasiModel->dataAllAnak()
#6 C:\xampp\htdocs\taposyandu\app\Views\template\topbar.php(5): dataAnakTopBar()
#7 C:\xampp\htdocs\taposyandu\system\View\View.php(213): include('C:\\xampp\\htdocs...')
#8 C:\xampp\htdocs\taposyandu\system\View\View.php(216): CodeIgniter\View\View->CodeIgniter\View\{closure}()
#9 C:\xampp\htdocs\taposyandu\system\View\View.php(429): CodeIgniter\View\View->render('template/topbar', NULL, true)
#10 C:\xampp\htdocs\taposyandu\app\Views\template\index.php(138): CodeIgniter\View\View->include('template/topbar')
#11 C:\xampp\htdocs\taposyandu\system\View\View.php(213): include('C:\\xampp\\htdocs...')
#12 C:\xampp\htdocs\taposyandu\system\View\View.php(216): CodeIgniter\View\View->CodeIgniter\View\{closure}()
#13 C:\xampp\htdocs\taposyandu\system\View\View.php(229): CodeIgniter\View\View->render('template/index', Array, true)
#14 C:\xampp\htdocs\taposyandu\system\Common.php(1137): CodeIgniter\View\View->render('kader/anak/data...', Array, true)
#15 C:\xampp\htdocs\taposyandu\app\Controllers\Anak.php(39): view('kader/anak/data...', Array)
#16 C:\xampp\htdocs\taposyandu\system\CodeIgniter.php(898): App\Controllers\Anak->index()
#17 C:\xampp\htdocs\taposyandu\system\CodeIgniter.php(457): CodeIgniter\CodeIgniter->runController(Object(App\Controllers\Anak))
#18 C:\xampp\htdocs\taposyandu\system\CodeIgniter.php(340): CodeIgniter\CodeIgniter->handleRequest(NULL, Object(Config\Cache), false)
#19 C:\xampp\htdocs\taposyandu\public\index.php(67): CodeIgniter\CodeIgniter->run()
#20 C:\xampp\htdocs\taposyandu\system\Commands\Server\rewrite.php(43): require_once('C:\\xampp\\htdocs...')
#21 {main}
CRITICAL - 2024-04-04 15:26:46 --> You have an error in your SQL syntax; check the manual that corresponds to your MariaDB server version for the right syntax to use near ')' at line 3
in SYSTEMPATH\Database\MySQLi\Connection.php on line 292.
 1 SYSTEMPATH\Database\MySQLi\Connection.php(292): mysqli->query('SELECT *
FROM `anak`
WHERE `idanak` NOT IN ()', 0)
 2 SYSTEMPATH\Database\BaseConnection.php(693): CodeIgniter\Database\MySQLi\Connection->execute('SELECT *
FROM `anak`
WHERE `idanak` NOT IN ()')
 3 SYSTEMPATH\Database\BaseConnection.php(620): CodeIgniter\Database\BaseConnection->simpleQuery('SELECT *
FROM `anak`
WHERE `idanak` NOT IN ()')
 4 SYSTEMPATH\Database\BaseBuilder.php(1585): CodeIgniter\Database\BaseConnection->query('SELECT *
FROM `anak`
WHERE `idanak` NOT IN :idanak:', [...], false)
 5 APPPATH\Models\ImunisasiModel.php(105): CodeIgniter\Database\BaseBuilder->get()
 6 APPPATH\Helpers\usia_helper.php(45): App\Models\ImunisasiModel->dataAllAnak()
 7 APPPATH\Views\template\topbar.php(5): dataAnakTopBar()
 8 SYSTEMPATH\View\View.php(213): include('APPPATH\\Views\\template\\topbar.php')
 9 SYSTEMPATH\View\View.php(216): CodeIgniter\View\View->CodeIgniter\View\{closure}()
10 SYSTEMPATH\View\View.php(429): CodeIgniter\View\View->render('template/topbar', null, true)
11 APPPATH\Views\template\index.php(138): CodeIgniter\View\View->include('template/topbar')
12 SYSTEMPATH\View\View.php(213): include('APPPATH\\Views\\template\\index.php')
13 SYSTEMPATH\View\View.php(216): CodeIgniter\View\View->CodeIgniter\View\{closure}()
14 SYSTEMPATH\View\View.php(229): CodeIgniter\View\View->render('template/index', [], true)
15 SYSTEMPATH\Common.php(1137): CodeIgniter\View\View->render('kader/anak/dataanak', [], true)
16 APPPATH\Controllers\Anak.php(39): view('kader/anak/dataanak', [...])
17 SYSTEMPATH\CodeIgniter.php(898): App\Controllers\Anak->index()
18 SYSTEMPATH\CodeIgniter.php(457): CodeIgniter\CodeIgniter->runController(Object(App\Controllers\Anak))
19 SYSTEMPATH\CodeIgniter.php(340): CodeIgniter\CodeIgniter->handleRequest(null, Object(Config\Cache), false)
20 FCPATH\index.php(67): CodeIgniter\CodeIgniter->run()
21 SYSTEMPATH\Commands\Server\rewrite.php(43): require_once('FCPATH\\index.php')
ERROR - 2024-04-04 15:26:54 --> mysqli_sql_exception: You have an error in your SQL syntax; check the manual that corresponds to your MariaDB server version for the right syntax to use near ')' at line 3 in C:\xampp\htdocs\taposyandu\system\Database\MySQLi\Connection.php:292
Stack trace:
#0 C:\xampp\htdocs\taposyandu\system\Database\MySQLi\Connection.php(292): mysqli->query('SELECT *\nFROM `...', 0)
#1 C:\xampp\htdocs\taposyandu\system\Database\BaseConnection.php(693): CodeIgniter\Database\MySQLi\Connection->execute('SELECT *\nFROM `...')
#2 C:\xampp\htdocs\taposyandu\system\Database\BaseConnection.php(620): CodeIgniter\Database\BaseConnection->simpleQuery('SELECT *\nFROM `...')
#3 C:\xampp\htdocs\taposyandu\system\Database\BaseBuilder.php(1585): CodeIgniter\Database\BaseConnection->query('SELECT *\nFROM `...', Array, false)
#4 C:\xampp\htdocs\taposyandu\app\Models\ImunisasiModel.php(105): CodeIgniter\Database\BaseBuilder->get()
#5 C:\xampp\htdocs\taposyandu\app\Helpers\usia_helper.php(45): App\Models\ImunisasiModel->dataAllAnak()
#6 C:\xampp\htdocs\taposyandu\app\Views\template\topbar.php(5): dataAnakTopBar()
#7 C:\xampp\htdocs\taposyandu\system\View\View.php(213): include('C:\\xampp\\htdocs...')
#8 C:\xampp\htdocs\taposyandu\system\View\View.php(216): CodeIgniter\View\View->CodeIgniter\View\{closure}()
#9 C:\xampp\htdocs\taposyandu\system\View\View.php(429): CodeIgniter\View\View->render('template/topbar', NULL, true)
#10 C:\xampp\htdocs\taposyandu\app\Views\template\index.php(138): CodeIgniter\View\View->include('template/topbar')
#11 C:\xampp\htdocs\taposyandu\system\View\View.php(213): include('C:\\xampp\\htdocs...')
#12 C:\xampp\htdocs\taposyandu\system\View\View.php(216): CodeIgniter\View\View->CodeIgniter\View\{closure}()
#13 C:\xampp\htdocs\taposyandu\system\View\View.php(229): CodeIgniter\View\View->render('template/index', Array, true)
#14 C:\xampp\htdocs\taposyandu\system\Common.php(1137): CodeIgniter\View\View->render('kader/anak/edit...', Array, true)
#15 C:\xampp\htdocs\taposyandu\app\Controllers\Anak.php(187): view('kader/anak/edit...', Array)
#16 C:\xampp\htdocs\taposyandu\system\CodeIgniter.php(898): App\Controllers\Anak->editanak('9')
#17 C:\xampp\htdocs\taposyandu\system\CodeIgniter.php(457): CodeIgniter\CodeIgniter->runController(Object(App\Controllers\Anak))
#18 C:\xampp\htdocs\taposyandu\system\CodeIgniter.php(340): CodeIgniter\CodeIgniter->handleRequest(NULL, Object(Config\Cache), false)
#19 C:\xampp\htdocs\taposyandu\public\index.php(67): CodeIgniter\CodeIgniter->run()
#20 C:\xampp\htdocs\taposyandu\system\Commands\Server\rewrite.php(43): require_once('C:\\xampp\\htdocs...')
#21 {main}
CRITICAL - 2024-04-04 15:26:54 --> You have an error in your SQL syntax; check the manual that corresponds to your MariaDB server version for the right syntax to use near ')' at line 3
in SYSTEMPATH\Database\MySQLi\Connection.php on line 292.
 1 SYSTEMPATH\Database\MySQLi\Connection.php(292): mysqli->query('SELECT *
FROM `anak`
WHERE `idanak` NOT IN ()', 0)
 2 SYSTEMPATH\Database\BaseConnection.php(693): CodeIgniter\Database\MySQLi\Connection->execute('SELECT *
FROM `anak`
WHERE `idanak` NOT IN ()')
 3 SYSTEMPATH\Database\BaseConnection.php(620): CodeIgniter\Database\BaseConnection->simpleQuery('SELECT *
FROM `anak`
WHERE `idanak` NOT IN ()')
 4 SYSTEMPATH\Database\BaseBuilder.php(1585): CodeIgniter\Database\BaseConnection->query('SELECT *
FROM `anak`
WHERE `idanak` NOT IN :idanak:', [...], false)
 5 APPPATH\Models\ImunisasiModel.php(105): CodeIgniter\Database\BaseBuilder->get()
 6 APPPATH\Helpers\usia_helper.php(45): App\Models\ImunisasiModel->dataAllAnak()
 7 APPPATH\Views\template\topbar.php(5): dataAnakTopBar()
 8 SYSTEMPATH\View\View.php(213): include('APPPATH\\Views\\template\\topbar.php')
 9 SYSTEMPATH\View\View.php(216): CodeIgniter\View\View->CodeIgniter\View\{closure}()
10 SYSTEMPATH\View\View.php(429): CodeIgniter\View\View->render('template/topbar', null, true)
11 APPPATH\Views\template\index.php(138): CodeIgniter\View\View->include('template/topbar')
12 SYSTEMPATH\View\View.php(213): include('APPPATH\\Views\\template\\index.php')
13 SYSTEMPATH\View\View.php(216): CodeIgniter\View\View->CodeIgniter\View\{closure}()
14 SYSTEMPATH\View\View.php(229): CodeIgniter\View\View->render('template/index', [], true)
15 SYSTEMPATH\Common.php(1137): CodeIgniter\View\View->render('kader/anak/editanak', [], true)
16 APPPATH\Controllers\Anak.php(187): view('kader/anak/editanak', [...])
17 SYSTEMPATH\CodeIgniter.php(898): App\Controllers\Anak->editanak('9')
18 SYSTEMPATH\CodeIgniter.php(457): CodeIgniter\CodeIgniter->runController(Object(App\Controllers\Anak))
19 SYSTEMPATH\CodeIgniter.php(340): CodeIgniter\CodeIgniter->handleRequest(null, Object(Config\Cache), false)
20 FCPATH\index.php(67): CodeIgniter\CodeIgniter->run()
21 SYSTEMPATH\Commands\Server\rewrite.php(43): require_once('FCPATH\\index.php')
ERROR - 2024-04-04 15:26:56 --> mysqli_sql_exception: You have an error in your SQL syntax; check the manual that corresponds to your MariaDB server version for the right syntax to use near ')' at line 3 in C:\xampp\htdocs\taposyandu\system\Database\MySQLi\Connection.php:292
Stack trace:
#0 C:\xampp\htdocs\taposyandu\system\Database\MySQLi\Connection.php(292): mysqli->query('SELECT *\nFROM `...', 0)
#1 C:\xampp\htdocs\taposyandu\system\Database\BaseConnection.php(693): CodeIgniter\Database\MySQLi\Connection->execute('SELECT *\nFROM `...')
#2 C:\xampp\htdocs\taposyandu\system\Database\BaseConnection.php(620): CodeIgniter\Database\BaseConnection->simpleQuery('SELECT *\nFROM `...')
#3 C:\xampp\htdocs\taposyandu\system\Database\BaseBuilder.php(1585): CodeIgniter\Database\BaseConnection->query('SELECT *\nFROM `...', Array, false)
#4 C:\xampp\htdocs\taposyandu\app\Models\ImunisasiModel.php(105): CodeIgniter\Database\BaseBuilder->get()
#5 C:\xampp\htdocs\taposyandu\app\Helpers\usia_helper.php(45): App\Models\ImunisasiModel->dataAllAnak()
#6 C:\xampp\htdocs\taposyandu\app\Views\template\topbar.php(5): dataAnakTopBar()
#7 C:\xampp\htdocs\taposyandu\system\View\View.php(213): include('C:\\xampp\\htdocs...')
#8 C:\xampp\htdocs\taposyandu\system\View\View.php(216): CodeIgniter\View\View->CodeIgniter\View\{closure}()
#9 C:\xampp\htdocs\taposyandu\system\View\View.php(429): CodeIgniter\View\View->render('template/topbar', NULL, true)
#10 C:\xampp\htdocs\taposyandu\app\Views\template\index.php(138): CodeIgniter\View\View->include('template/topbar')
#11 C:\xampp\htdocs\taposyandu\system\View\View.php(213): include('C:\\xampp\\htdocs...')
#12 C:\xampp\htdocs\taposyandu\system\View\View.php(216): CodeIgniter\View\View->CodeIgniter\View\{closure}()
#13 C:\xampp\htdocs\taposyandu\system\View\View.php(229): CodeIgniter\View\View->render('template/index', Array, true)
#14 C:\xampp\htdocs\taposyandu\system\Common.php(1137): CodeIgniter\View\View->render('kader/anak/data...', Array, true)
#15 C:\xampp\htdocs\taposyandu\app\Controllers\Anak.php(39): view('kader/anak/data...', Array)
#16 C:\xampp\htdocs\taposyandu\system\CodeIgniter.php(898): App\Controllers\Anak->index()
#17 C:\xampp\htdocs\taposyandu\system\CodeIgniter.php(457): CodeIgniter\CodeIgniter->runController(Object(App\Controllers\Anak))
#18 C:\xampp\htdocs\taposyandu\system\CodeIgniter.php(340): CodeIgniter\CodeIgniter->handleRequest(NULL, Object(Config\Cache), false)
#19 C:\xampp\htdocs\taposyandu\public\index.php(67): CodeIgniter\CodeIgniter->run()
#20 C:\xampp\htdocs\taposyandu\system\Commands\Server\rewrite.php(43): require_once('C:\\xampp\\htdocs...')
#21 {main}
CRITICAL - 2024-04-04 15:26:56 --> You have an error in your SQL syntax; check the manual that corresponds to your MariaDB server version for the right syntax to use near ')' at line 3
in SYSTEMPATH\Database\MySQLi\Connection.php on line 292.
 1 SYSTEMPATH\Database\MySQLi\Connection.php(292): mysqli->query('SELECT *
FROM `anak`
WHERE `idanak` NOT IN ()', 0)
 2 SYSTEMPATH\Database\BaseConnection.php(693): CodeIgniter\Database\MySQLi\Connection->execute('SELECT *
FROM `anak`
WHERE `idanak` NOT IN ()')
 3 SYSTEMPATH\Database\BaseConnection.php(620): CodeIgniter\Database\BaseConnection->simpleQuery('SELECT *
FROM `anak`
WHERE `idanak` NOT IN ()')
 4 SYSTEMPATH\Database\BaseBuilder.php(1585): CodeIgniter\Database\BaseConnection->query('SELECT *
FROM `anak`
WHERE `idanak` NOT IN :idanak:', [...], false)
 5 APPPATH\Models\ImunisasiModel.php(105): CodeIgniter\Database\BaseBuilder->get()
 6 APPPATH\Helpers\usia_helper.php(45): App\Models\ImunisasiModel->dataAllAnak()
 7 APPPATH\Views\template\topbar.php(5): dataAnakTopBar()
 8 SYSTEMPATH\View\View.php(213): include('APPPATH\\Views\\template\\topbar.php')
 9 SYSTEMPATH\View\View.php(216): CodeIgniter\View\View->CodeIgniter\View\{closure}()
10 SYSTEMPATH\View\View.php(429): CodeIgniter\View\View->render('template/topbar', null, true)
11 APPPATH\Views\template\index.php(138): CodeIgniter\View\View->include('template/topbar')
12 SYSTEMPATH\View\View.php(213): include('APPPATH\\Views\\template\\index.php')
13 SYSTEMPATH\View\View.php(216): CodeIgniter\View\View->CodeIgniter\View\{closure}()
14 SYSTEMPATH\View\View.php(229): CodeIgniter\View\View->render('template/index', [], true)
15 SYSTEMPATH\Common.php(1137): CodeIgniter\View\View->render('kader/anak/dataanak', [], true)
16 APPPATH\Controllers\Anak.php(39): view('kader/anak/dataanak', [...])
17 SYSTEMPATH\CodeIgniter.php(898): App\Controllers\Anak->index()
18 SYSTEMPATH\CodeIgniter.php(457): CodeIgniter\CodeIgniter->runController(Object(App\Controllers\Anak))
19 SYSTEMPATH\CodeIgniter.php(340): CodeIgniter\CodeIgniter->handleRequest(null, Object(Config\Cache), false)
20 FCPATH\index.php(67): CodeIgniter\CodeIgniter->run()
21 SYSTEMPATH\Commands\Server\rewrite.php(43): require_once('FCPATH\\index.php')
ERROR - 2024-04-04 15:27:16 --> mysqli_sql_exception: You have an error in your SQL syntax; check the manual that corresponds to your MariaDB server version for the right syntax to use near ')' at line 3 in C:\xampp\htdocs\taposyandu\system\Database\MySQLi\Connection.php:292
Stack trace:
#0 C:\xampp\htdocs\taposyandu\system\Database\MySQLi\Connection.php(292): mysqli->query('SELECT *\nFROM `...', 0)
#1 C:\xampp\htdocs\taposyandu\system\Database\BaseConnection.php(693): CodeIgniter\Database\MySQLi\Connection->execute('SELECT *\nFROM `...')
#2 C:\xampp\htdocs\taposyandu\system\Database\BaseConnection.php(620): CodeIgniter\Database\BaseConnection->simpleQuery('SELECT *\nFROM `...')
#3 C:\xampp\htdocs\taposyandu\system\Database\BaseBuilder.php(1585): CodeIgniter\Database\BaseConnection->query('SELECT *\nFROM `...', Array, false)
#4 C:\xampp\htdocs\taposyandu\app\Models\ImunisasiModel.php(105): CodeIgniter\Database\BaseBuilder->get()
#5 C:\xampp\htdocs\taposyandu\app\Helpers\usia_helper.php(45): App\Models\ImunisasiModel->dataAllAnak()
#6 C:\xampp\htdocs\taposyandu\app\Views\template\topbar.php(5): dataAnakTopBar()
#7 C:\xampp\htdocs\taposyandu\system\View\View.php(213): include('C:\\xampp\\htdocs...')
#8 C:\xampp\htdocs\taposyandu\system\View\View.php(216): CodeIgniter\View\View->CodeIgniter\View\{closure}()
#9 C:\xampp\htdocs\taposyandu\system\View\View.php(429): CodeIgniter\View\View->render('template/topbar', NULL, true)
#10 C:\xampp\htdocs\taposyandu\app\Views\template\index.php(138): CodeIgniter\View\View->include('template/topbar')
#11 C:\xampp\htdocs\taposyandu\system\View\View.php(213): include('C:\\xampp\\htdocs...')
#12 C:\xampp\htdocs\taposyandu\system\View\View.php(216): CodeIgniter\View\View->CodeIgniter\View\{closure}()
#13 C:\xampp\htdocs\taposyandu\system\View\View.php(229): CodeIgniter\View\View->render('template/index', Array, true)
#14 C:\xampp\htdocs\taposyandu\system\Common.php(1137): CodeIgniter\View\View->render('dashboard', Array, true)
#15 C:\xampp\htdocs\taposyandu\app\Controllers\Admin.php(72): view('dashboard', Array)
#16 C:\xampp\htdocs\taposyandu\system\CodeIgniter.php(898): App\Controllers\Admin->index()
#17 C:\xampp\htdocs\taposyandu\system\CodeIgniter.php(457): CodeIgniter\CodeIgniter->runController(Object(App\Controllers\Admin))
#18 C:\xampp\htdocs\taposyandu\system\CodeIgniter.php(340): CodeIgniter\CodeIgniter->handleRequest(NULL, Object(Config\Cache), false)
#19 C:\xampp\htdocs\taposyandu\public\index.php(67): CodeIgniter\CodeIgniter->run()
#20 C:\xampp\htdocs\taposyandu\system\Commands\Server\rewrite.php(43): require_once('C:\\xampp\\htdocs...')
#21 {main}
CRITICAL - 2024-04-04 15:27:16 --> You have an error in your SQL syntax; check the manual that corresponds to your MariaDB server version for the right syntax to use near ')' at line 3
in SYSTEMPATH\Database\MySQLi\Connection.php on line 292.
 1 SYSTEMPATH\Database\MySQLi\Connection.php(292): mysqli->query('SELECT *
FROM `anak`
WHERE `idanak` NOT IN ()', 0)
 2 SYSTEMPATH\Database\BaseConnection.php(693): CodeIgniter\Database\MySQLi\Connection->execute('SELECT *
FROM `anak`
WHERE `idanak` NOT IN ()')
 3 SYSTEMPATH\Database\BaseConnection.php(620): CodeIgniter\Database\BaseConnection->simpleQuery('SELECT *
FROM `anak`
WHERE `idanak` NOT IN ()')
 4 SYSTEMPATH\Database\BaseBuilder.php(1585): CodeIgniter\Database\BaseConnection->query('SELECT *
FROM `anak`
WHERE `idanak` NOT IN :idanak:', [...], false)
 5 APPPATH\Models\ImunisasiModel.php(105): CodeIgniter\Database\BaseBuilder->get()
 6 APPPATH\Helpers\usia_helper.php(45): App\Models\ImunisasiModel->dataAllAnak()
 7 APPPATH\Views\template\topbar.php(5): dataAnakTopBar()
 8 SYSTEMPATH\View\View.php(213): include('APPPATH\\Views\\template\\topbar.php')
 9 SYSTEMPATH\View\View.php(216): CodeIgniter\View\View->CodeIgniter\View\{closure}()
10 SYSTEMPATH\View\View.php(429): CodeIgniter\View\View->render('template/topbar', null, true)
11 APPPATH\Views\template\index.php(138): CodeIgniter\View\View->include('template/topbar')
12 SYSTEMPATH\View\View.php(213): include('APPPATH\\Views\\template\\index.php')
13 SYSTEMPATH\View\View.php(216): CodeIgniter\View\View->CodeIgniter\View\{closure}()
14 SYSTEMPATH\View\View.php(229): CodeIgniter\View\View->render('template/index', [], true)
15 SYSTEMPATH\Common.php(1137): CodeIgniter\View\View->render('dashboard', [], true)
16 APPPATH\Controllers\Admin.php(72): view('dashboard', [...])
17 SYSTEMPATH\CodeIgniter.php(898): App\Controllers\Admin->index()
18 SYSTEMPATH\CodeIgniter.php(457): CodeIgniter\CodeIgniter->runController(Object(App\Controllers\Admin))
19 SYSTEMPATH\CodeIgniter.php(340): CodeIgniter\CodeIgniter->handleRequest(null, Object(Config\Cache), false)
20 FCPATH\index.php(67): CodeIgniter\CodeIgniter->run()
21 SYSTEMPATH\Commands\Server\rewrite.php(43): require_once('FCPATH\\index.php')
ERROR - 2024-04-04 15:28:38 --> mysqli_sql_exception: You have an error in your SQL syntax; check the manual that corresponds to your MariaDB server version for the right syntax to use near ')' at line 3 in C:\xampp\htdocs\taposyandu\system\Database\MySQLi\Connection.php:292
Stack trace:
#0 C:\xampp\htdocs\taposyandu\system\Database\MySQLi\Connection.php(292): mysqli->query('SELECT *\nFROM `...', 0)
#1 C:\xampp\htdocs\taposyandu\system\Database\BaseConnection.php(693): CodeIgniter\Database\MySQLi\Connection->execute('SELECT *\nFROM `...')
#2 C:\xampp\htdocs\taposyandu\system\Database\BaseConnection.php(620): CodeIgniter\Database\BaseConnection->simpleQuery('SELECT *\nFROM `...')
#3 C:\xampp\htdocs\taposyandu\system\Database\BaseBuilder.php(1585): CodeIgniter\Database\BaseConnection->query('SELECT *\nFROM `...', Array, false)
#4 C:\xampp\htdocs\taposyandu\app\Models\ImunisasiModel.php(105): CodeIgniter\Database\BaseBuilder->get()
#5 C:\xampp\htdocs\taposyandu\app\Helpers\usia_helper.php(45): App\Models\ImunisasiModel->dataAllAnak()
#6 C:\xampp\htdocs\taposyandu\app\Views\template\topbar.php(5): dataAnakTopBar()
#7 C:\xampp\htdocs\taposyandu\system\View\View.php(213): include('C:\\xampp\\htdocs...')
#8 C:\xampp\htdocs\taposyandu\system\View\View.php(216): CodeIgniter\View\View->CodeIgniter\View\{closure}()
#9 C:\xampp\htdocs\taposyandu\system\View\View.php(429): CodeIgniter\View\View->render('template/topbar', NULL, true)
#10 C:\xampp\htdocs\taposyandu\app\Views\template\index.php(138): CodeIgniter\View\View->include('template/topbar')
#11 C:\xampp\htdocs\taposyandu\system\View\View.php(213): include('C:\\xampp\\htdocs...')
#12 C:\xampp\htdocs\taposyandu\system\View\View.php(216): CodeIgniter\View\View->CodeIgniter\View\{closure}()
#13 C:\xampp\htdocs\taposyandu\system\View\View.php(229): CodeIgniter\View\View->render('template/index', Array, true)
#14 C:\xampp\htdocs\taposyandu\system\Common.php(1137): CodeIgniter\View\View->render('dashboard', Array, true)
#15 C:\xampp\htdocs\taposyandu\app\Controllers\Admin.php(72): view('dashboard', Array)
#16 C:\xampp\htdocs\taposyandu\system\CodeIgniter.php(898): App\Controllers\Admin->index()
#17 C:\xampp\htdocs\taposyandu\system\CodeIgniter.php(457): CodeIgniter\CodeIgniter->runController(Object(App\Controllers\Admin))
#18 C:\xampp\htdocs\taposyandu\system\CodeIgniter.php(340): CodeIgniter\CodeIgniter->handleRequest(NULL, Object(Config\Cache), false)
#19 C:\xampp\htdocs\taposyandu\public\index.php(67): CodeIgniter\CodeIgniter->run()
#20 C:\xampp\htdocs\taposyandu\system\Commands\Server\rewrite.php(43): require_once('C:\\xampp\\htdocs...')
#21 {main}
CRITICAL - 2024-04-04 15:28:39 --> You have an error in your SQL syntax; check the manual that corresponds to your MariaDB server version for the right syntax to use near ')' at line 3
in SYSTEMPATH\Database\MySQLi\Connection.php on line 292.
 1 SYSTEMPATH\Database\MySQLi\Connection.php(292): mysqli->query('SELECT *
FROM `anak`
WHERE `idanak` NOT IN ()', 0)
 2 SYSTEMPATH\Database\BaseConnection.php(693): CodeIgniter\Database\MySQLi\Connection->execute('SELECT *
FROM `anak`
WHERE `idanak` NOT IN ()')
 3 SYSTEMPATH\Database\BaseConnection.php(620): CodeIgniter\Database\BaseConnection->simpleQuery('SELECT *
FROM `anak`
WHERE `idanak` NOT IN ()')
 4 SYSTEMPATH\Database\BaseBuilder.php(1585): CodeIgniter\Database\BaseConnection->query('SELECT *
FROM `anak`
WHERE `idanak` NOT IN :idanak:', [...], false)
 5 APPPATH\Models\ImunisasiModel.php(105): CodeIgniter\Database\BaseBuilder->get()
 6 APPPATH\Helpers\usia_helper.php(45): App\Models\ImunisasiModel->dataAllAnak()
 7 APPPATH\Views\template\topbar.php(5): dataAnakTopBar()
 8 SYSTEMPATH\View\View.php(213): include('APPPATH\\Views\\template\\topbar.php')
 9 SYSTEMPATH\View\View.php(216): CodeIgniter\View\View->CodeIgniter\View\{closure}()
10 SYSTEMPATH\View\View.php(429): CodeIgniter\View\View->render('template/topbar', null, true)
11 APPPATH\Views\template\index.php(138): CodeIgniter\View\View->include('template/topbar')
12 SYSTEMPATH\View\View.php(213): include('APPPATH\\Views\\template\\index.php')
13 SYSTEMPATH\View\View.php(216): CodeIgniter\View\View->CodeIgniter\View\{closure}()
14 SYSTEMPATH\View\View.php(229): CodeIgniter\View\View->render('template/index', [], true)
15 SYSTEMPATH\Common.php(1137): CodeIgniter\View\View->render('dashboard', [], true)
16 APPPATH\Controllers\Admin.php(72): view('dashboard', [...])
17 SYSTEMPATH\CodeIgniter.php(898): App\Controllers\Admin->index()
18 SYSTEMPATH\CodeIgniter.php(457): CodeIgniter\CodeIgniter->runController(Object(App\Controllers\Admin))
19 SYSTEMPATH\CodeIgniter.php(340): CodeIgniter\CodeIgniter->handleRequest(null, Object(Config\Cache), false)
20 FCPATH\index.php(67): CodeIgniter\CodeIgniter->run()
21 SYSTEMPATH\Commands\Server\rewrite.php(43): require_once('FCPATH\\index.php')
ERROR - 2024-04-04 15:30:08 --> mysqli_sql_exception: Cannot delete or update a parent row: a foreign key constraint fails (`posyandu`.`absenanak`, CONSTRAINT `ab_anak` FOREIGN KEY (`idanak`) REFERENCES `anak` (`idanak`)) in C:\xampp\htdocs\taposyandu\system\Database\MySQLi\Connection.php:292
Stack trace:
#0 C:\xampp\htdocs\taposyandu\system\Database\MySQLi\Connection.php(292): mysqli->query('DELETE FROM `an...', 0)
#1 C:\xampp\htdocs\taposyandu\system\Database\BaseConnection.php(693): CodeIgniter\Database\MySQLi\Connection->execute('DELETE FROM `an...')
#2 C:\xampp\htdocs\taposyandu\system\Database\BaseConnection.php(620): CodeIgniter\Database\BaseConnection->simpleQuery('DELETE FROM `an...')
#3 C:\xampp\htdocs\taposyandu\system\Database\BaseBuilder.php(2390): CodeIgniter\Database\BaseConnection->query('DELETE FROM `an...', Array, false)
#4 C:\xampp\htdocs\taposyandu\system\Model.php(400): CodeIgniter\Database\BaseBuilder->delete()
#5 C:\xampp\htdocs\taposyandu\system\BaseModel.php(963): CodeIgniter\Model->doDelete(Array, false)
#6 C:\xampp\htdocs\taposyandu\app\Controllers\Anak.php(298): CodeIgniter\BaseModel->delete(Array)
#7 C:\xampp\htdocs\taposyandu\system\CodeIgniter.php(898): App\Controllers\Anak->hapusanak('2')
#8 C:\xampp\htdocs\taposyandu\system\CodeIgniter.php(457): CodeIgniter\CodeIgniter->runController(Object(App\Controllers\Anak))
#9 C:\xampp\htdocs\taposyandu\system\CodeIgniter.php(340): CodeIgniter\CodeIgniter->handleRequest(NULL, Object(Config\Cache), false)
#10 C:\xampp\htdocs\taposyandu\public\index.php(67): CodeIgniter\CodeIgniter->run()
#11 C:\xampp\htdocs\taposyandu\system\Commands\Server\rewrite.php(43): require_once('C:\\xampp\\htdocs...')
#12 {main}
CRITICAL - 2024-04-04 15:30:08 --> Cannot delete or update a parent row: a foreign key constraint fails (`posyandu`.`absenanak`, CONSTRAINT `ab_anak` FOREIGN KEY (`idanak`) REFERENCES `anak` (`idanak`))
in SYSTEMPATH\Database\MySQLi\Connection.php on line 292.
 1 SYSTEMPATH\Database\MySQLi\Connection.php(292): mysqli->query('DELETE FROM `anak`
WHERE `idanak` IN (\'2\')', 0)
 2 SYSTEMPATH\Database\BaseConnection.php(693): CodeIgniter\Database\MySQLi\Connection->execute('DELETE FROM `anak`
WHERE `idanak` IN (\'2\')')
 3 SYSTEMPATH\Database\BaseConnection.php(620): CodeIgniter\Database\BaseConnection->simpleQuery('DELETE FROM `anak`
WHERE `idanak` IN (\'2\')')
 4 SYSTEMPATH\Database\BaseBuilder.php(2390): CodeIgniter\Database\BaseConnection->query('DELETE FROM `anak`
WHERE `idanak` IN :idanak:', [...], false)
 5 SYSTEMPATH\Model.php(400): CodeIgniter\Database\BaseBuilder->delete()
 6 SYSTEMPATH\BaseModel.php(963): CodeIgniter\Model->doDelete([...], false)
 7 APPPATH\Controllers\Anak.php(298): CodeIgniter\BaseModel->delete([...])
 8 SYSTEMPATH\CodeIgniter.php(898): App\Controllers\Anak->hapusanak('2')
 9 SYSTEMPATH\CodeIgniter.php(457): CodeIgniter\CodeIgniter->runController(Object(App\Controllers\Anak))
10 SYSTEMPATH\CodeIgniter.php(340): CodeIgniter\CodeIgniter->handleRequest(null, Object(Config\Cache), false)
11 FCPATH\index.php(67): CodeIgniter\CodeIgniter->run()
12 SYSTEMPATH\Commands\Server\rewrite.php(43): require_once('FCPATH\\index.php')
