CRITICAL - 2023-05-15 00:33:03 --> Undefined property: stdClass::$tgltimbang
in APPPATH\Views\kader\layanan\penimbangananak.php on line 258.
 1 APPPATH\Views\kader\layanan\penimbangananak.php(258): CodeIgniter\Debug\Exceptions->errorHandler(2, 'Undefined property: stdClass::$tgltimbang', 'APPPATH\\Views\\kader\\layanan\\penimbangananak.php', 258)
 2 SYSTEMPATH\View\View.php(213): include('APPPATH\\Views\\kader\\layanan\\penimbangananak.php')
 3 SYSTEMPATH\View\View.php(216): CodeIgniter\View\View->CodeIgniter\View\{closure}()
 4 SYSTEMPATH\Common.php(1137): CodeIgniter\View\View->render('kader/layanan/penimbangananak', [], true)
 5 APPPATH\Controllers\Layanantimbang.php(28): view('kader/layanan/penimbangananak', [...])
 6 SYSTEMPATH\CodeIgniter.php(898): App\Controllers\Layanantimbang->index()
 7 SYSTEMPATH\CodeIgniter.php(457): CodeIgniter\CodeIgniter->runController(Object(App\Controllers\Layanantimbang))
 8 SYSTEMPATH\CodeIgniter.php(340): CodeIgniter\CodeIgniter->handleRequest(null, Object(Config\Cache), false)
 9 FCPATH\index.php(67): CodeIgniter\CodeIgniter->run()
10 SYSTEMPATH\Commands\Server\rewrite.php(43): require_once('FCPATH\\index.php')
CRITICAL - 2023-05-15 00:34:44 --> Undefined property: stdClass::$jk
in APPPATH\Views\kader\layanan\penimbangananak.php on line 327.
 1 APPPATH\Views\kader\layanan\penimbangananak.php(327): CodeIgniter\Debug\Exceptions->errorHandler(2, 'Undefined property: stdClass::$jk', 'APPPATH\\Views\\kader\\layanan\\penimbangananak.php', 327)
 2 SYSTEMPATH\View\View.php(213): include('APPPATH\\Views\\kader\\layanan\\penimbangananak.php')
 3 SYSTEMPATH\View\View.php(216): CodeIgniter\View\View->CodeIgniter\View\{closure}()
 4 SYSTEMPATH\Common.php(1137): CodeIgniter\View\View->render('kader/layanan/penimbangananak', [], true)
 5 APPPATH\Controllers\Layanantimbang.php(29): view('kader/layanan/penimbangananak', [...])
 6 SYSTEMPATH\CodeIgniter.php(898): App\Controllers\Layanantimbang->index()
 7 SYSTEMPATH\CodeIgniter.php(457): CodeIgniter\CodeIgniter->runController(Object(App\Controllers\Layanantimbang))
 8 SYSTEMPATH\CodeIgniter.php(340): CodeIgniter\CodeIgniter->handleRequest(null, Object(Config\Cache), false)
 9 FCPATH\index.php(67): CodeIgniter\CodeIgniter->run()
10 SYSTEMPATH\Commands\Server\rewrite.php(43): require_once('FCPATH\\index.php')
CRITICAL - 2023-05-15 01:02:50 --> Undefined array key "iayahmil"
in APPPATH\Views\kader\tambahpenimbanganak.php on line 87.
 1 APPPATH\Views\kader\tambahpenimbanganak.php(87): CodeIgniter\Debug\Exceptions->errorHandler(2, 'Undefined array key "iayahmil"', 'APPPATH\\Views\\kader\\tambahpenimbanganak.php', 87)
 2 SYSTEMPATH\View\View.php(213): include('APPPATH\\Views\\kader\\tambahpenimbanganak.php')
 3 SYSTEMPATH\View\View.php(216): CodeIgniter\View\View->CodeIgniter\View\{closure}()
 4 SYSTEMPATH\Common.php(1137): CodeIgniter\View\View->render('kader/tambahpenimbanganak', [], true)
 5 APPPATH\Controllers\Penimbangan.php(52): view('kader/tambahpenimbanganak', [...])
 6 SYSTEMPATH\CodeIgniter.php(898): App\Controllers\Penimbangan->tambahpenimbanganak()
 7 SYSTEMPATH\CodeIgniter.php(457): CodeIgniter\CodeIgniter->runController(Object(App\Controllers\Penimbangan))
 8 SYSTEMPATH\CodeIgniter.php(340): CodeIgniter\CodeIgniter->handleRequest(null, Object(Config\Cache), false)
 9 FCPATH\index.php(67): CodeIgniter\CodeIgniter->run()
10 SYSTEMPATH\Commands\Server\rewrite.php(43): require_once('FCPATH\\index.php')
CRITICAL - 2023-05-15 02:08:57 --> Undefined property: stdClass::$idpenimbangan
in APPPATH\Views\kader\datapenimbanganak.php on line 321.
 1 APPPATH\Views\kader\datapenimbanganak.php(321): CodeIgniter\Debug\Exceptions->errorHandler(2, 'Undefined property: stdClass::$idpenimbangan', 'APPPATH\\Views\\kader\\datapenimbanganak.php', 321)
 2 SYSTEMPATH\View\View.php(213): include('APPPATH\\Views\\kader\\datapenimbanganak.php')
 3 SYSTEMPATH\View\View.php(216): CodeIgniter\View\View->CodeIgniter\View\{closure}()
 4 SYSTEMPATH\Common.php(1137): CodeIgniter\View\View->render('kader/datapenimbanganak', [], true)
 5 APPPATH\Controllers\Penimbangan.php(38): view('kader/datapenimbanganak', [...])
 6 SYSTEMPATH\CodeIgniter.php(898): App\Controllers\Penimbangan->index()
 7 SYSTEMPATH\CodeIgniter.php(457): CodeIgniter\CodeIgniter->runController(Object(App\Controllers\Penimbangan))
 8 SYSTEMPATH\CodeIgniter.php(340): CodeIgniter\CodeIgniter->handleRequest(null, Object(Config\Cache), false)
 9 FCPATH\index.php(67): CodeIgniter\CodeIgniter->run()
10 SYSTEMPATH\Commands\Server\rewrite.php(43): require_once('FCPATH\\index.php')
CRITICAL - 2023-05-15 06:38:53 --> Undefined array key "jk"
in APPPATH\Views\kader\editpenimbanganak.php on line 55.
 1 APPPATH\Views\kader\editpenimbanganak.php(55): CodeIgniter\Debug\Exceptions->errorHandler(2, 'Undefined array key "jk"', 'APPPATH\\Views\\kader\\editpenimbanganak.php', 55)
 2 SYSTEMPATH\View\View.php(213): include('APPPATH\\Views\\kader\\editpenimbanganak.php')
 3 SYSTEMPATH\View\View.php(216): CodeIgniter\View\View->CodeIgniter\View\{closure}()
 4 SYSTEMPATH\Common.php(1137): CodeIgniter\View\View->render('kader/editpenimbanganak', [], true)
 5 APPPATH\Controllers\Penimbangan.php(177): view('kader/editpenimbanganak', [...])
 6 SYSTEMPATH\CodeIgniter.php(898): App\Controllers\Penimbangan->editpenimbanganak('1')
 7 SYSTEMPATH\CodeIgniter.php(457): CodeIgniter\CodeIgniter->runController(Object(App\Controllers\Penimbangan))
 8 SYSTEMPATH\CodeIgniter.php(340): CodeIgniter\CodeIgniter->handleRequest(null, Object(Config\Cache), false)
 9 FCPATH\index.php(67): CodeIgniter\CodeIgniter->run()
10 SYSTEMPATH\Commands\Server\rewrite.php(43): require_once('FCPATH\\index.php')
