ERROR - 2024-05-11 23:25:31 --> mysqli_sql_exception: MySQL server has gone away in C:\xampp\htdocs\taposyandu\system\Database\MySQLi\Connection.php:292
Stack trace:
#0 C:\xampp\htdocs\taposyandu\system\Database\MySQLi\Connection.php(292): mysqli->query('SELECT COUNT(*)...', 0)
#1 C:\xampp\htdocs\taposyandu\system\Database\BaseConnection.php(693): CodeIgniter\Database\MySQLi\Connection->execute('SELECT COUNT(*)...')
#2 C:\xampp\htdocs\taposyandu\system\Database\BaseConnection.php(620): CodeIgniter\Database\BaseConnection->simpleQuery('SELECT COUNT(*)...')
#3 C:\xampp\htdocs\taposyandu\system\Database\BaseBuilder.php(1614): CodeIgniter\Database\BaseConnection->query('SELECT COUNT(*)...', NULL, false)
#4 C:\xampp\htdocs\taposyandu\system\Model.php(771): CodeIgniter\Database\BaseBuilder->countAll()
#5 C:\xampp\htdocs\taposyandu\app\Controllers\Admin.php(40): CodeIgniter\Model->__call('countAll', Array)
#6 C:\xampp\htdocs\taposyandu\system\CodeIgniter.php(898): App\Controllers\Admin->index()
#7 C:\xampp\htdocs\taposyandu\system\CodeIgniter.php(457): CodeIgniter\CodeIgniter->runController(Object(App\Controllers\Admin))
#8 C:\xampp\htdocs\taposyandu\system\CodeIgniter.php(340): CodeIgniter\CodeIgniter->handleRequest(NULL, Object(Config\Cache), false)
#9 C:\xampp\htdocs\taposyandu\public\index.php(67): CodeIgniter\CodeIgniter->run()
#10 C:\xampp\htdocs\taposyandu\system\Commands\Server\rewrite.php(43): require_once('C:\\xampp\\htdocs...')
#11 {main}
CRITICAL - 2024-05-11 23:25:31 --> MySQL server has gone away
in SYSTEMPATH\Database\MySQLi\Connection.php on line 292.
 1 SYSTEMPATH\Database\MySQLi\Connection.php(292): mysqli->query('SELECT COUNT(*) AS `numrows` FROM `bidan`', 0)
 2 SYSTEMPATH\Database\BaseConnection.php(693): CodeIgniter\Database\MySQLi\Connection->execute('SELECT COUNT(*) AS `numrows` FROM `bidan`')
 3 SYSTEMPATH\Database\BaseConnection.php(620): CodeIgniter\Database\BaseConnection->simpleQuery('SELECT COUNT(*) AS `numrows` FROM `bidan`')
 4 SYSTEMPATH\Database\BaseBuilder.php(1614): CodeIgniter\Database\BaseConnection->query('SELECT COUNT(*) AS `numrows` FROM `bidan`', null, false)
 5 SYSTEMPATH\Model.php(771): CodeIgniter\Database\BaseBuilder->countAll()
 6 APPPATH\Controllers\Admin.php(40): CodeIgniter\Model->__call('countAll', [])
 7 SYSTEMPATH\CodeIgniter.php(898): App\Controllers\Admin->index()
 8 SYSTEMPATH\CodeIgniter.php(457): CodeIgniter\CodeIgniter->runController(Object(App\Controllers\Admin))
 9 SYSTEMPATH\CodeIgniter.php(340): CodeIgniter\CodeIgniter->handleRequest(null, Object(Config\Cache), false)
10 FCPATH\index.php(67): CodeIgniter\CodeIgniter->run()
11 SYSTEMPATH\Commands\Server\rewrite.php(43): require_once('FCPATH\\index.php')
CRITICAL - 2024-05-11 23:38:21 --> Attempt to read property "errno" on bool
in SYSTEMPATH\Database\MySQLi\Connection.php on line 555.
 1 SYSTEMPATH\Database\MySQLi\Connection.php(555): CodeIgniter\Debug\Exceptions->errorHandler(2, 'Attempt to read property "errno" on bool', 'SYSTEMPATH\\Database\\MySQLi\\Connection.php', 555)
 2 SYSTEMPATH\Model.php(452): CodeIgniter\Database\MySQLi\Connection->error()
 3 SYSTEMPATH\BaseModel.php(1059): CodeIgniter\Model->doErrors()
 4 APPPATH\Controllers\Agenda.php(185): CodeIgniter\BaseModel->errors()
 5 SYSTEMPATH\CodeIgniter.php(898): App\Controllers\Agenda->update('1')
 6 SYSTEMPATH\CodeIgniter.php(457): CodeIgniter\CodeIgniter->runController(Object(App\Controllers\Agenda))
 7 SYSTEMPATH\CodeIgniter.php(340): CodeIgniter\CodeIgniter->handleRequest(null, Object(Config\Cache), false)
 8 FCPATH\index.php(67): CodeIgniter\CodeIgniter->run()
 9 SYSTEMPATH\Commands\Server\rewrite.php(43): require_once('FCPATH\\index.php')
CRITICAL - 2024-05-11 23:43:35 --> Undefined array key "ibunama"
in APPPATH\Views\admin\notif\tambahnotif.php on line 140.
 1 APPPATH\Views\admin\notif\tambahnotif.php(140): CodeIgniter\Debug\Exceptions->errorHandler(2, 'Undefined array key "ibunama"', 'APPPATH\\Views\\admin\\notif\\tambahnotif.php', 140)
 2 SYSTEMPATH\View\View.php(213): include('APPPATH\\Views\\admin\\notif\\tambahnotif.php')
 3 SYSTEMPATH\View\View.php(216): CodeIgniter\View\View->CodeIgniter\View\{closure}()
 4 SYSTEMPATH\Common.php(1137): CodeIgniter\View\View->render('admin/notif/tambahnotif', [], true)
 5 APPPATH\Controllers\Notif.php(54): view('admin/notif/tambahnotif', [...])
 6 SYSTEMPATH\CodeIgniter.php(898): App\Controllers\Notif->tambahnotif()
 7 SYSTEMPATH\CodeIgniter.php(457): CodeIgniter\CodeIgniter->runController(Object(App\Controllers\Notif))
 8 SYSTEMPATH\CodeIgniter.php(340): CodeIgniter\CodeIgniter->handleRequest(null, Object(Config\Cache), false)
 9 FCPATH\index.php(67): CodeIgniter\CodeIgniter->run()
10 SYSTEMPATH\Commands\Server\rewrite.php(43): require_once('FCPATH\\index.php')
CRITICAL - 2024-05-11 23:44:00 --> Attempt to read property "ibunama" on array
in APPPATH\Views\admin\notif\tambahnotif.php on line 140.
 1 APPPATH\Views\admin\notif\tambahnotif.php(140): CodeIgniter\Debug\Exceptions->errorHandler(2, 'Attempt to read property "ibunama" on array', 'APPPATH\\Views\\admin\\notif\\tambahnotif.php', 140)
 2 SYSTEMPATH\View\View.php(213): include('APPPATH\\Views\\admin\\notif\\tambahnotif.php')
 3 SYSTEMPATH\View\View.php(216): CodeIgniter\View\View->CodeIgniter\View\{closure}()
 4 SYSTEMPATH\Common.php(1137): CodeIgniter\View\View->render('admin/notif/tambahnotif', [], true)
 5 APPPATH\Controllers\Notif.php(54): view('admin/notif/tambahnotif', [...])
 6 SYSTEMPATH\CodeIgniter.php(898): App\Controllers\Notif->tambahnotif()
 7 SYSTEMPATH\CodeIgniter.php(457): CodeIgniter\CodeIgniter->runController(Object(App\Controllers\Notif))
 8 SYSTEMPATH\CodeIgniter.php(340): CodeIgniter\CodeIgniter->handleRequest(null, Object(Config\Cache), false)
 9 FCPATH\index.php(67): CodeIgniter\CodeIgniter->run()
10 SYSTEMPATH\Commands\Server\rewrite.php(43): require_once('FCPATH\\index.php')
CRITICAL - 2024-05-11 23:48:13 --> Attempt to read property "ibunama" on array
in APPPATH\Views\admin\notif\tambahnotif.php on line 140.
 1 APPPATH\Views\admin\notif\tambahnotif.php(140): CodeIgniter\Debug\Exceptions->errorHandler(2, 'Attempt to read property "ibunama" on array', 'APPPATH\\Views\\admin\\notif\\tambahnotif.php', 140)
 2 SYSTEMPATH\View\View.php(213): include('APPPATH\\Views\\admin\\notif\\tambahnotif.php')
 3 SYSTEMPATH\View\View.php(216): CodeIgniter\View\View->CodeIgniter\View\{closure}()
 4 SYSTEMPATH\Common.php(1137): CodeIgniter\View\View->render('admin/notif/tambahnotif', [], true)
 5 APPPATH\Controllers\Notif.php(54): view('admin/notif/tambahnotif', [...])
 6 SYSTEMPATH\CodeIgniter.php(898): App\Controllers\Notif->tambahnotif()
 7 SYSTEMPATH\CodeIgniter.php(457): CodeIgniter\CodeIgniter->runController(Object(App\Controllers\Notif))
 8 SYSTEMPATH\CodeIgniter.php(340): CodeIgniter\CodeIgniter->handleRequest(null, Object(Config\Cache), false)
 9 FCPATH\index.php(67): CodeIgniter\CodeIgniter->run()
10 SYSTEMPATH\Commands\Server\rewrite.php(43): require_once('FCPATH\\index.php')
