CRITICAL - 2023-02-01 06:40:42 --> Attempt to read property "foto" on array
in APPPATH\Views\admin\detailbidan.php on line 24.
 1 APPPATH\Views\admin\detailbidan.php(24): CodeIgniter\Debug\Exceptions->errorHandler(2, 'Attempt to read property "foto" on array', 'APPPATH\\Views\\admin\\detailbidan.php', 24)
 2 SYSTEMPATH\View\View.php(213): include('APPPATH\\Views\\admin\\detailbidan.php')
 3 SYSTEMPATH\View\View.php(216): CodeIgniter\View\View->CodeIgniter\View\{closure}()
 4 SYSTEMPATH\Common.php(1137): CodeIgniter\View\View->render('admin/detailbidan', [], true)
 5 APPPATH\Controllers\Bidan.php(127): view('admin/detailbidan', [...])
 6 SYSTEMPATH\CodeIgniter.php(898): App\Controllers\Bidan->detailbidan(' Lisa Khafifah')
 7 SYSTEMPATH\CodeIgniter.php(457): CodeIgniter\CodeIgniter->runController(Object(App\Controllers\Bidan))
 8 SYSTEMPATH\CodeIgniter.php(340): CodeIgniter\CodeIgniter->handleRequest(null, Object(Config\Cache), false)
 9 FCPATH\index.php(67): CodeIgniter\CodeIgniter->run()
10 SYSTEMPATH\Commands\Server\rewrite.php(43): require_once('FCPATH\\index.php')
CRITICAL - 2023-02-01 06:53:49 --> Trying to access array offset on value of type null
in APPPATH\Views\admin\detailbidan.php on line 36.
 1 APPPATH\Views\admin\detailbidan.php(36): CodeIgniter\Debug\Exceptions->errorHandler(2, 'Trying to access array offset on value of type null', 'APPPATH\\Views\\admin\\detailbidan.php', 36)
 2 SYSTEMPATH\View\View.php(213): include('APPPATH\\Views\\admin\\detailbidan.php')
 3 SYSTEMPATH\View\View.php(216): CodeIgniter\View\View->CodeIgniter\View\{closure}()
 4 SYSTEMPATH\Common.php(1137): CodeIgniter\View\View->render('admin/detailbidan', [], true)
 5 APPPATH\Controllers\Bidan.php(127): view('admin/detailbidan', [...])
 6 SYSTEMPATH\CodeIgniter.php(898): App\Controllers\Bidan->detailbidan('...')
 7 SYSTEMPATH\CodeIgniter.php(457): CodeIgniter\CodeIgniter->runController(Object(App\Controllers\Bidan))
 8 SYSTEMPATH\CodeIgniter.php(340): CodeIgniter\CodeIgniter->handleRequest(null, Object(Config\Cache), false)
 9 FCPATH\index.php(67): CodeIgniter\CodeIgniter->run()
10 SYSTEMPATH\Commands\Server\rewrite.php(43): require_once('FCPATH\\index.php')
CRITICAL - 2023-02-01 07:47:12 --> Trying to access array offset on value of type null
in APPPATH\Views\admin\detailbidan.php on line 48.
 1 APPPATH\Views\admin\detailbidan.php(48): CodeIgniter\Debug\Exceptions->errorHandler(2, 'Trying to access array offset on value of type null', 'APPPATH\\Views\\admin\\detailbidan.php', 48)
 2 SYSTEMPATH\View\View.php(213): include('APPPATH\\Views\\admin\\detailbidan.php')
 3 SYSTEMPATH\View\View.php(216): CodeIgniter\View\View->CodeIgniter\View\{closure}()
 4 SYSTEMPATH\Common.php(1137): CodeIgniter\View\View->render('admin/detailbidan', [], true)
 5 APPPATH\Controllers\Bidan.php(127): view('admin/detailbidan', [...])
 6 SYSTEMPATH\CodeIgniter.php(898): App\Controllers\Bidan->detailbidan('...')
 7 SYSTEMPATH\CodeIgniter.php(457): CodeIgniter\CodeIgniter->runController(Object(App\Controllers\Bidan))
 8 SYSTEMPATH\CodeIgniter.php(340): CodeIgniter\CodeIgniter->handleRequest(null, Object(Config\Cache), false)
 9 FCPATH\index.php(67): CodeIgniter\CodeIgniter->run()
10 SYSTEMPATH\Commands\Server\rewrite.php(43): require_once('FCPATH\\index.php')
CRITICAL - 2023-02-01 07:47:39 --> Trying to access array offset on value of type null
in APPPATH\Views\admin\detailbidan.php on line 47.
 1 APPPATH\Views\admin\detailbidan.php(47): CodeIgniter\Debug\Exceptions->errorHandler(2, 'Trying to access array offset on value of type null', 'APPPATH\\Views\\admin\\detailbidan.php', 47)
 2 SYSTEMPATH\View\View.php(213): include('APPPATH\\Views\\admin\\detailbidan.php')
 3 SYSTEMPATH\View\View.php(216): CodeIgniter\View\View->CodeIgniter\View\{closure}()
 4 SYSTEMPATH\Common.php(1137): CodeIgniter\View\View->render('admin/detailbidan', [], true)
 5 APPPATH\Controllers\Bidan.php(127): view('admin/detailbidan', [...])
 6 SYSTEMPATH\CodeIgniter.php(898): App\Controllers\Bidan->detailbidan('...')
 7 SYSTEMPATH\CodeIgniter.php(457): CodeIgniter\CodeIgniter->runController(Object(App\Controllers\Bidan))
 8 SYSTEMPATH\CodeIgniter.php(340): CodeIgniter\CodeIgniter->handleRequest(null, Object(Config\Cache), false)
 9 FCPATH\index.php(67): CodeIgniter\CodeIgniter->run()
10 SYSTEMPATH\Commands\Server\rewrite.php(43): require_once('FCPATH\\index.php')
