ERROR - 2023-06-02 00:47:15 --> mysqli_sql_exception: Cannot add or update a child row: a foreign key constraint fails (`taposyandu`.`kesbumil`, CONSTRAINT `kes_bumil` FOREIGN KEY (`idbumil`) REFERENCES `bumil` (`idbumil`)) in C:\xampp\htdocs\taposyandu\system\Database\MySQLi\Connection.php:292
Stack trace:
#0 C:\xampp\htdocs\taposyandu\system\Database\MySQLi\Connection.php(292): mysqli->query('INSERT INTO `ke...', 0)
#1 C:\xampp\htdocs\taposyandu\system\Database\BaseConnection.php(693): CodeIgniter\Database\MySQLi\Connection->execute('INSERT INTO `ke...')
#2 C:\xampp\htdocs\taposyandu\system\Database\BaseConnection.php(620): CodeIgniter\Database\BaseConnection->simpleQuery('INSERT INTO `ke...')
#3 C:\xampp\htdocs\taposyandu\system\Database\BaseBuilder.php(1916): CodeIgniter\Database\BaseConnection->query('INSERT INTO `ke...', Array, false)
#4 C:\xampp\htdocs\taposyandu\system\Model.php(278): CodeIgniter\Database\BaseBuilder->insert()
#5 C:\xampp\htdocs\taposyandu\system\BaseModel.php(738): CodeIgniter\Model->doInsert(Array)
#6 C:\xampp\htdocs\taposyandu\system\Model.php(666): CodeIgniter\BaseModel->insert(Array, true)
#7 C:\xampp\htdocs\taposyandu\app\Controllers\Kesbumil.php(185): CodeIgniter\Model->insert(Array)
#8 C:\xampp\htdocs\taposyandu\system\CodeIgniter.php(898): App\Controllers\Kesbumil->save()
#9 C:\xampp\htdocs\taposyandu\system\CodeIgniter.php(457): CodeIgniter\CodeIgniter->runController(Object(App\Controllers\Kesbumil))
#10 C:\xampp\htdocs\taposyandu\system\CodeIgniter.php(340): CodeIgniter\CodeIgniter->handleRequest(NULL, Object(Config\Cache), false)
#11 C:\xampp\htdocs\taposyandu\public\index.php(67): CodeIgniter\CodeIgniter->run()
#12 C:\xampp\htdocs\taposyandu\system\Commands\Server\rewrite.php(43): require_once('C:\\xampp\\htdocs...')
#13 {main}
ERROR - 2023-06-02 00:51:32 --> mysqli_sql_exception: Cannot add or update a child row: a foreign key constraint fails (`taposyandu`.`kesbumil`, CONSTRAINT `kes_bumil` FOREIGN KEY (`idbumil`) REFERENCES `bumil` (`idbumil`)) in C:\xampp\htdocs\taposyandu\system\Database\MySQLi\Connection.php:292
Stack trace:
#0 C:\xampp\htdocs\taposyandu\system\Database\MySQLi\Connection.php(292): mysqli->query('INSERT INTO `ke...', 0)
#1 C:\xampp\htdocs\taposyandu\system\Database\BaseConnection.php(693): CodeIgniter\Database\MySQLi\Connection->execute('INSERT INTO `ke...')
#2 C:\xampp\htdocs\taposyandu\system\Database\BaseConnection.php(620): CodeIgniter\Database\BaseConnection->simpleQuery('INSERT INTO `ke...')
#3 C:\xampp\htdocs\taposyandu\system\Database\BaseBuilder.php(1916): CodeIgniter\Database\BaseConnection->query('INSERT INTO `ke...', Array, false)
#4 C:\xampp\htdocs\taposyandu\system\Model.php(278): CodeIgniter\Database\BaseBuilder->insert()
#5 C:\xampp\htdocs\taposyandu\system\BaseModel.php(738): CodeIgniter\Model->doInsert(Array)
#6 C:\xampp\htdocs\taposyandu\system\Model.php(666): CodeIgniter\BaseModel->insert(Array, true)
#7 C:\xampp\htdocs\taposyandu\app\Controllers\Kesbumil.php(185): CodeIgniter\Model->insert(Array)
#8 C:\xampp\htdocs\taposyandu\system\CodeIgniter.php(898): App\Controllers\Kesbumil->save()
#9 C:\xampp\htdocs\taposyandu\system\CodeIgniter.php(457): CodeIgniter\CodeIgniter->runController(Object(App\Controllers\Kesbumil))
#10 C:\xampp\htdocs\taposyandu\system\CodeIgniter.php(340): CodeIgniter\CodeIgniter->handleRequest(NULL, Object(Config\Cache), false)
#11 C:\xampp\htdocs\taposyandu\public\index.php(67): CodeIgniter\CodeIgniter->run()
#12 C:\xampp\htdocs\taposyandu\system\Commands\Server\rewrite.php(43): require_once('C:\\xampp\\htdocs...')
#13 {main}
ERROR - 2023-06-02 00:55:28 --> mysqli_sql_exception: Cannot add or update a child row: a foreign key constraint fails (`taposyandu`.`kesbumil`, CONSTRAINT `kes_bumil` FOREIGN KEY (`idbumil`) REFERENCES `bumil` (`idbumil`)) in C:\xampp\htdocs\taposyandu\system\Database\MySQLi\Connection.php:292
Stack trace:
#0 C:\xampp\htdocs\taposyandu\system\Database\MySQLi\Connection.php(292): mysqli->query('INSERT INTO `ke...', 0)
#1 C:\xampp\htdocs\taposyandu\system\Database\BaseConnection.php(693): CodeIgniter\Database\MySQLi\Connection->execute('INSERT INTO `ke...')
#2 C:\xampp\htdocs\taposyandu\system\Database\BaseConnection.php(620): CodeIgniter\Database\BaseConnection->simpleQuery('INSERT INTO `ke...')
#3 C:\xampp\htdocs\taposyandu\system\Database\BaseBuilder.php(1916): CodeIgniter\Database\BaseConnection->query('INSERT INTO `ke...', Array, false)
#4 C:\xampp\htdocs\taposyandu\system\Model.php(278): CodeIgniter\Database\BaseBuilder->insert()
#5 C:\xampp\htdocs\taposyandu\system\BaseModel.php(738): CodeIgniter\Model->doInsert(Array)
#6 C:\xampp\htdocs\taposyandu\system\Model.php(666): CodeIgniter\BaseModel->insert(Array, true)
#7 C:\xampp\htdocs\taposyandu\app\Controllers\Kesbumil.php(185): CodeIgniter\Model->insert(Array)
#8 C:\xampp\htdocs\taposyandu\system\CodeIgniter.php(898): App\Controllers\Kesbumil->save()
#9 C:\xampp\htdocs\taposyandu\system\CodeIgniter.php(457): CodeIgniter\CodeIgniter->runController(Object(App\Controllers\Kesbumil))
#10 C:\xampp\htdocs\taposyandu\system\CodeIgniter.php(340): CodeIgniter\CodeIgniter->handleRequest(NULL, Object(Config\Cache), false)
#11 C:\xampp\htdocs\taposyandu\public\index.php(67): CodeIgniter\CodeIgniter->run()
#12 C:\xampp\htdocs\taposyandu\system\Commands\Server\rewrite.php(43): require_once('C:\\xampp\\htdocs...')
#13 {main}
ERROR - 2023-06-02 01:02:07 --> mysqli_sql_exception: Cannot add or update a child row: a foreign key constraint fails (`taposyandu`.`kesbumil`, CONSTRAINT `kes_bumil` FOREIGN KEY (`idbumil`) REFERENCES `bumil` (`idbumil`)) in C:\xampp\htdocs\taposyandu\system\Database\MySQLi\Connection.php:292
Stack trace:
#0 C:\xampp\htdocs\taposyandu\system\Database\MySQLi\Connection.php(292): mysqli->query('INSERT INTO `ke...', 0)
#1 C:\xampp\htdocs\taposyandu\system\Database\BaseConnection.php(693): CodeIgniter\Database\MySQLi\Connection->execute('INSERT INTO `ke...')
#2 C:\xampp\htdocs\taposyandu\system\Database\BaseConnection.php(620): CodeIgniter\Database\BaseConnection->simpleQuery('INSERT INTO `ke...')
#3 C:\xampp\htdocs\taposyandu\system\Database\BaseBuilder.php(1916): CodeIgniter\Database\BaseConnection->query('INSERT INTO `ke...', Array, false)
#4 C:\xampp\htdocs\taposyandu\system\Model.php(278): CodeIgniter\Database\BaseBuilder->insert()
#5 C:\xampp\htdocs\taposyandu\system\BaseModel.php(738): CodeIgniter\Model->doInsert(Array)
#6 C:\xampp\htdocs\taposyandu\system\Model.php(666): CodeIgniter\BaseModel->insert(Array, true)
#7 C:\xampp\htdocs\taposyandu\app\Controllers\Kesbumil.php(185): CodeIgniter\Model->insert(Array)
#8 C:\xampp\htdocs\taposyandu\system\CodeIgniter.php(898): App\Controllers\Kesbumil->save()
#9 C:\xampp\htdocs\taposyandu\system\CodeIgniter.php(457): CodeIgniter\CodeIgniter->runController(Object(App\Controllers\Kesbumil))
#10 C:\xampp\htdocs\taposyandu\system\CodeIgniter.php(340): CodeIgniter\CodeIgniter->handleRequest(NULL, Object(Config\Cache), false)
#11 C:\xampp\htdocs\taposyandu\public\index.php(67): CodeIgniter\CodeIgniter->run()
#12 C:\xampp\htdocs\taposyandu\system\Commands\Server\rewrite.php(43): require_once('C:\\xampp\\htdocs...')
#13 {main}
