CRITICAL - 2023-05-05 09:38:21 --> Invalid file: kader/detailimunanak.php
in SYSTEMPATH\Exceptions\FrameworkException.php on line 33.
 1 SYSTEMPATH\View\View.php(201): CodeIgniter\Exceptions\FrameworkException::forInvalidFile('kader/detailimunanak.php')
 2 SYSTEMPATH\Common.php(1137): CodeIgniter\View\View->render('kader/detailimunanak', [], true)
 3 APPPATH\Controllers\Imunisasi.php(135): view('kader/detailimunanak', [...])
 4 SYSTEMPATH\CodeIgniter.php(898): App\Controllers\Imunisasi->detailimunanak('1')
 5 SYSTEMPATH\CodeIgniter.php(457): CodeIgniter\CodeIgniter->runController(Object(App\Controllers\Imunisasi))
 6 SYSTEMPATH\CodeIgniter.php(340): CodeIgniter\CodeIgniter->handleRequest(null, Object(Config\Cache), false)
 7 FCPATH\index.php(67): CodeIgniter\CodeIgniter->run()
 8 SYSTEMPATH\Commands\Server\rewrite.php(43): require_once('FCPATH\\index.php')
CRITICAL - 2023-05-05 09:41:18 --> Invalid file: kader/dataimunisasi.php
in SYSTEMPATH\Exceptions\FrameworkException.php on line 33.
 1 SYSTEMPATH\View\View.php(201): CodeIgniter\Exceptions\FrameworkException::forInvalidFile('kader/dataimunisasi.php')
 2 SYSTEMPATH\Common.php(1137): CodeIgniter\View\View->render('kader/dataimunisasi', [], true)
 3 APPPATH\Controllers\Imunisasi.php(37): view('kader/dataimunisasi', [...])
 4 SYSTEMPATH\CodeIgniter.php(898): App\Controllers\Imunisasi->index()
 5 SYSTEMPATH\CodeIgniter.php(457): CodeIgniter\CodeIgniter->runController(Object(App\Controllers\Imunisasi))
 6 SYSTEMPATH\CodeIgniter.php(340): CodeIgniter\CodeIgniter->handleRequest(null, Object(Config\Cache), false)
 7 FCPATH\index.php(67): CodeIgniter\CodeIgniter->run()
 8 SYSTEMPATH\Commands\Server\rewrite.php(43): require_once('FCPATH\\index.php')
CRITICAL - 2023-05-05 09:44:26 --> Undefined array key "ibunama"
in APPPATH\Views\kader\tambahimunanak.php on line 59.
 1 APPPATH\Views\kader\tambahimunanak.php(59): CodeIgniter\Debug\Exceptions->errorHandler(2, 'Undefined array key "ibunama"', 'APPPATH\\Views\\kader\\tambahimunanak.php', 59)
 2 SYSTEMPATH\View\View.php(213): include('APPPATH\\Views\\kader\\tambahimunanak.php')
 3 SYSTEMPATH\View\View.php(216): CodeIgniter\View\View->CodeIgniter\View\{closure}()
 4 SYSTEMPATH\Common.php(1137): CodeIgniter\View\View->render('kader/tambahimunanak', [], true)
 5 APPPATH\Controllers\Imunisasi.php(51): view('kader/tambahimunanak', [...])
 6 SYSTEMPATH\CodeIgniter.php(898): App\Controllers\Imunisasi->tambahimunanak()
 7 SYSTEMPATH\CodeIgniter.php(457): CodeIgniter\CodeIgniter->runController(Object(App\Controllers\Imunisasi))
 8 SYSTEMPATH\CodeIgniter.php(340): CodeIgniter\CodeIgniter->handleRequest(null, Object(Config\Cache), false)
 9 FCPATH\index.php(67): CodeIgniter\CodeIgniter->run()
10 SYSTEMPATH\Commands\Server\rewrite.php(43): require_once('FCPATH\\index.php')
CRITICAL - 2023-05-05 09:47:21 --> Undefined array key "ibunama"
in APPPATH\Views\kader\tambahimunanak.php on line 59.
 1 APPPATH\Views\kader\tambahimunanak.php(59): CodeIgniter\Debug\Exceptions->errorHandler(2, 'Undefined array key "ibunama"', 'APPPATH\\Views\\kader\\tambahimunanak.php', 59)
 2 SYSTEMPATH\View\View.php(213): include('APPPATH\\Views\\kader\\tambahimunanak.php')
 3 SYSTEMPATH\View\View.php(216): CodeIgniter\View\View->CodeIgniter\View\{closure}()
 4 SYSTEMPATH\Common.php(1137): CodeIgniter\View\View->render('kader/tambahimunanak', [], true)
 5 APPPATH\Controllers\Imunisasi.php(51): view('kader/tambahimunanak', [...])
 6 SYSTEMPATH\CodeIgniter.php(898): App\Controllers\Imunisasi->tambahimunanak()
 7 SYSTEMPATH\CodeIgniter.php(457): CodeIgniter\CodeIgniter->runController(Object(App\Controllers\Imunisasi))
 8 SYSTEMPATH\CodeIgniter.php(340): CodeIgniter\CodeIgniter->handleRequest(null, Object(Config\Cache), false)
 9 FCPATH\index.php(67): CodeIgniter\CodeIgniter->run()
10 SYSTEMPATH\Commands\Server\rewrite.php(43): require_once('FCPATH\\index.php')
CRITICAL - 2023-05-05 09:48:55 --> Undefined array key "ibunama"
in APPPATH\Views\kader\tambahimunanak.php on line 59.
 1 APPPATH\Views\kader\tambahimunanak.php(59): CodeIgniter\Debug\Exceptions->errorHandler(2, 'Undefined array key "ibunama"', 'APPPATH\\Views\\kader\\tambahimunanak.php', 59)
 2 SYSTEMPATH\View\View.php(213): include('APPPATH\\Views\\kader\\tambahimunanak.php')
 3 SYSTEMPATH\View\View.php(216): CodeIgniter\View\View->CodeIgniter\View\{closure}()
 4 SYSTEMPATH\Common.php(1137): CodeIgniter\View\View->render('kader/tambahimunanak', [], true)
 5 APPPATH\Controllers\Imunisasi.php(51): view('kader/tambahimunanak', [...])
 6 SYSTEMPATH\CodeIgniter.php(898): App\Controllers\Imunisasi->tambahimunanak()
 7 SYSTEMPATH\CodeIgniter.php(457): CodeIgniter\CodeIgniter->runController(Object(App\Controllers\Imunisasi))
 8 SYSTEMPATH\CodeIgniter.php(340): CodeIgniter\CodeIgniter->handleRequest(null, Object(Config\Cache), false)
 9 FCPATH\index.php(67): CodeIgniter\CodeIgniter->run()
10 SYSTEMPATH\Commands\Server\rewrite.php(43): require_once('FCPATH\\index.php')
CRITICAL - 2023-05-05 09:48:56 --> Undefined array key "ibunama"
in APPPATH\Views\kader\tambahimunanak.php on line 59.
 1 APPPATH\Views\kader\tambahimunanak.php(59): CodeIgniter\Debug\Exceptions->errorHandler(2, 'Undefined array key "ibunama"', 'APPPATH\\Views\\kader\\tambahimunanak.php', 59)
 2 SYSTEMPATH\View\View.php(213): include('APPPATH\\Views\\kader\\tambahimunanak.php')
 3 SYSTEMPATH\View\View.php(216): CodeIgniter\View\View->CodeIgniter\View\{closure}()
 4 SYSTEMPATH\Common.php(1137): CodeIgniter\View\View->render('kader/tambahimunanak', [], true)
 5 APPPATH\Controllers\Imunisasi.php(51): view('kader/tambahimunanak', [...])
 6 SYSTEMPATH\CodeIgniter.php(898): App\Controllers\Imunisasi->tambahimunanak()
 7 SYSTEMPATH\CodeIgniter.php(457): CodeIgniter\CodeIgniter->runController(Object(App\Controllers\Imunisasi))
 8 SYSTEMPATH\CodeIgniter.php(340): CodeIgniter\CodeIgniter->handleRequest(null, Object(Config\Cache), false)
 9 FCPATH\index.php(67): CodeIgniter\CodeIgniter->run()
10 SYSTEMPATH\Commands\Server\rewrite.php(43): require_once('FCPATH\\index.php')
CRITICAL - 2023-05-05 09:50:58 --> Undefined array key "ibunama"
in APPPATH\Views\kader\tambahimunanak.php on line 59.
 1 APPPATH\Views\kader\tambahimunanak.php(59): CodeIgniter\Debug\Exceptions->errorHandler(2, 'Undefined array key "ibunama"', 'APPPATH\\Views\\kader\\tambahimunanak.php', 59)
 2 SYSTEMPATH\View\View.php(213): include('APPPATH\\Views\\kader\\tambahimunanak.php')
 3 SYSTEMPATH\View\View.php(216): CodeIgniter\View\View->CodeIgniter\View\{closure}()
 4 SYSTEMPATH\Common.php(1137): CodeIgniter\View\View->render('kader/tambahimunanak', [], true)
 5 APPPATH\Controllers\Imunisasi.php(51): view('kader/tambahimunanak', [...])
 6 SYSTEMPATH\CodeIgniter.php(898): App\Controllers\Imunisasi->tambahimunanak()
 7 SYSTEMPATH\CodeIgniter.php(457): CodeIgniter\CodeIgniter->runController(Object(App\Controllers\Imunisasi))
 8 SYSTEMPATH\CodeIgniter.php(340): CodeIgniter\CodeIgniter->handleRequest(null, Object(Config\Cache), false)
 9 FCPATH\index.php(67): CodeIgniter\CodeIgniter->run()
10 SYSTEMPATH\Commands\Server\rewrite.php(43): require_once('FCPATH\\index.php')
