CRITICAL - 2023-06-09 22:35:48 --> Attempt to read property "anaknama" on null
in APPPATH\Views\kader\dataimunanak.php on line 58.
 1 APPPATH\Views\kader\dataimunanak.php(58): CodeIgniter\Debug\Exceptions->errorHandler(2, 'Attempt to read property "anaknama" on null', 'APPPATH\\Views\\kader\\dataimunanak.php', 58)
 2 SYSTEMPATH\View\View.php(213): include('APPPATH\\Views\\kader\\dataimunanak.php')
 3 SYSTEMPATH\View\View.php(216): CodeIgniter\View\View->CodeIgniter\View\{closure}()
 4 SYSTEMPATH\Common.php(1137): CodeIgniter\View\View->render('kader/dataimunanak', [], true)
 5 APPPATH\Controllers\Imunisasi.php(38): view('kader/dataimunanak', [...])
 6 SYSTEMPATH\CodeIgniter.php(898): App\Controllers\Imunisasi->index()
 7 SYSTEMPATH\CodeIgniter.php(457): CodeIgniter\CodeIgniter->runController(Object(App\Controllers\Imunisasi))
 8 SYSTEMPATH\CodeIgniter.php(340): CodeIgniter\CodeIgniter->handleRequest(null, Object(Config\Cache), false)
 9 FCPATH\index.php(67): CodeIgniter\CodeIgniter->run()
10 SYSTEMPATH\Commands\Server\rewrite.php(43): require_once('FCPATH\\index.php')
CRITICAL - 2023-06-09 23:16:57 --> Invalid file: <!-- DEBUG-VIEW START 1 APPPATH\Views\kader\pdfanak.php -->
<!DOCTYPE html>
<html  lang="en">
  <head>
  <meta charset="UTF-8">
    <meta http-equiv="X-UA-Compatible" content="IE=edge">
    <meta name="viewport" content="width=device-width, initial-scale=1.0">
    <link href="https://cdn.jsdelivr.net/npm/bootstrap@5.1.3/dist/css/bootstrap.min.css" rel="stylesheet" integrity="sha384-1BmE4kWBq78iYhFldvKuhfTAU6auU8tT94WrHftjDbrCEXSU1oBoqyl2QvZ6jIW3" crossorigin="anonymous">
    <title>Print Daftar Data Anak</title>
    <style type="text/css">
      body {
        font-family: arial;
        background-color: #fff;
      }
      .kop {
        width: 1000px;
        margin: 0 auto;
        padding: 10px;
        border-bottom: 4px solid #000;
        padding: 2px;
      }
      .logo {
        padding-left: 30px;
      }
      .tengah {
        text-align: center;
        line-height: 5px;
      }
      .isi {
        width: 1000px;
        margin: 0 auto;
        padding: 10px;
        padding: 2px;
      }
      th,
      td {
        border: 1px solid #666;
        text-align: center;
      }
    </style>
  </head>
  <body>
    <div class="kop">
      <table width="97%">
            <tr>
                <td style="border:none" class="tengah">
                    <h3>POS PELAYANAN TERPADU DESA GEMPOLAN</h3>
                    <h3>KABUPATEN KEDIRI</h3>
                    <h5>Jln. Pemuda, Ds. Gempolan, Kec. Gurah</h5>
                    <h5>Telp : 08xx xxxx xxxx; Email : posyandugempolan@gmail.com</h5>
                </td>
            </tr>
        </table>
    </div>
    <div class="isi">
        <p align="right">Kediri, 09 Juni 2023</p>
    <h5 align="center"><b>
        DAFTAR DATA ANAK
      </b></h5></br>
      <div class="isi">
        <div class="data">
          <table width="100%">
                <thead>
                  <tr>
                    <th>No</th>
                    <th>NIK</th>
                    <th>Nama Anak</th>
                    <th>Tempat Lahir</th>
                    <th>Tanggal Lahir</th>
                    <th>Jenis Kelamin</th>
                    <!-- <th>Nama tmpt lahir</th>
                    <th>Jenis Lahir</th> -->
                    <th>BB lahir</th>
                    <th>TB lahir</th>
                    <th>LK lahir</th>
                    <th>Nama Ayah</th>
                    <th>Nama Ibu</th>
                  </tr>
                </thead>
                <tbody>
                                      <tr>
                      <td>1</td>
                      <td>5675435435</td>
                      <td>Sania Putri</td>
                      <td>Jombang</td>
                      <td>2023-05-02</td>
                      <td>Perempuan</td>
                      <!-- <td>RS Jombang</td>
                      <td>Tunggal</td> -->
                      <td>3.6</td>
                      <td>70</td>
                      <td>22</td>
                      <td>fff</td>
                      <td>hhh</td>
                    </tr>
                                      <tr>
                      <td>2</td>
                      <td>97435343</td>
                      <td>gdfdssd</td>
                      <td>sdsds</td>
                      <td>2023-01-29</td>
                      <td>Laki - Laki</td>
                      <!-- <td>ewqewq</td>
                      <td>Kembar 2</td> -->
                      <td>3</td>
                      <td>45</td>
                      <td>21</td>
                      <td>Gsdfdsfd</td>
                      <td>Fdsfdsf</td>
                    </tr>
                                      <tr>
                      <td>3</td>
                      <td>350621389123212</td>
                      <td>Widia</td>
                      <td>Kediri</td>
                      <td>2021-06-25</td>
                      <td>Perempuan</td>
                      <!-- <td>RS Gambiran</td>
                      <td>Tunggal</td> -->
                      <td>3</td>
                      <td>68</td>
                      <td>15</td>
                      <td>Agus Widodo Saputro</td>
                      <td>Ari Yulianik Dwi Rahayu</td>
                    </tr>
                                  </tbody>
              </table>
            </div>
        </div>
      <div class="keterangan">
        <br><br><br><br><br><br>
          <!-- <p>
            Catatan : <br>
            *    Coret uang tidak perlu <br>
            **   Pilih salah satu dengan tanda centang <br>
            ***  Diisi oleh pejabat yang menangani bidang kepegawaian sebelum PNS mengajukan cuti <br>
            **** Diberikan tanda centang dan alasanya <br>
            N    = Cuti tahun berjalan <br>
            N-1  = Sisa cuti 1 tahum sebelumnya <br>
            N-2  = Ssisa cuti 2 tahun sebelumnya <br>
          </p> -->
        </div>
    </div>
    <script type="text/javascript">
        window.print();
    </script>
  </body>
</html>

<!-- DEBUG-VIEW ENDED 1 APPPATH\Views\kader\pdfanak.php -->

in SYSTEMPATH\Exceptions\FrameworkException.php on line 33.
 1 SYSTEMPATH\View\View.php(201): CodeIgniter\Exceptions\FrameworkException::forInvalidFile('<!-- DEBUG-VIEW START 1 APPPATH\\Views\\kader\\pdfanak.php -->
<!DOCTYPE html>
<html  lang="en">
  <head>
  <meta charset="UTF-8">
    <meta http-equiv="X-UA-Compatible" content="IE=edge">
    <meta name="viewport" content="width=device-width, initial-scale=1.0">
    <link href="https://cdn.jsdelivr.net/npm/bootstrap@5.1.3/dist/css/bootstrap.min.css" rel="stylesheet" integrity="sha384-1BmE4kWBq78iYhFldvKuhfTAU6auU8tT94WrHftjDbrCEXSU1oBoqyl2QvZ6jIW3" crossorigin="anonymous">
    <title>Print Daftar Data Anak</title>
    <style type="text/css">
      body {
        font-family: arial;
        background-color: #fff;
      }
      .kop {
        width: 1000px;
        margin: 0 auto;
        padding: 10px;
        border-bottom: 4px solid #000;
        padding: 2px;
      }
      .logo {
        padding-left: 30px;
      }
      .tengah {
        text-align: center;
        line-height: 5px;
      }
      .isi {
        width: 1000px;
        margin: 0 auto;
        padding: 10px;
        padding: 2px;
      }
      th,
      td {
        border: 1px solid #666;
        text-align: center;
      }
    </style>
  </head>
  <body>
    <div class="kop">
      <table width="97%">
            <tr>
                <td style="border:none" class="tengah">
                    <h3>POS PELAYANAN TERPADU DESA GEMPOLAN</h3>
                    <h3>KABUPATEN KEDIRI</h3>
                    <h5>Jln. Pemuda, Ds. Gempolan, Kec. Gurah</h5>
                    <h5>Telp : 08xx xxxx xxxx; Email : posyandugempolan@gmail.com</h5>
                </td>
            </tr>
        </table>
    </div>
    <div class="isi">
        <p align="right">Kediri, 09 Juni 2023</p>
    <h5 align="center"><b>
        DAFTAR DATA ANAK
      </b></h5></br>
      <div class="isi">
        <div class="data">
          <table width="100%">
                <thead>
                  <tr>
                    <th>No</th>
                    <th>NIK</th>
                    <th>Nama Anak</th>
                    <th>Tempat Lahir</th>
                    <th>Tanggal Lahir</th>
                    <th>Jenis Kelamin</th>
                    <!-- <th>Nama tmpt lahir</th>
                    <th>Jenis Lahir</th> -->
                    <th>BB lahir</th>
                    <th>TB lahir</th>
                    <th>LK lahir</th>
                    <th>Nama Ayah</th>
                    <th>Nama Ibu</th>
                  </tr>
                </thead>
                <tbody>
                                      <tr>
                      <td>1</td>
                      <td>5675435435</td>
                      <td>Sania Putri</td>
                      <td>Jombang</td>
                      <td>2023-05-02</td>
                      <td>Perempuan</td>
                      <!-- <td>RS Jombang</td>
                      <td>Tunggal</td> -->
                      <td>3.6</td>
                      <td>70</td>
                      <td>22</td>
                      <td>fff</td>
                      <td>hhh</td>
                    </tr>
                                      <tr>
                      <td>2</td>
                      <td>97435343</td>
                      <td>gdfdssd</td>
                      <td>sdsds</td>
                      <td>2023-01-29</td>
                      <td>Laki - Laki</td>
                      <!-- <td>ewqewq</td>
                      <td>Kembar 2</td> -->
                      <td>3</td>
                      <td>45</td>
                      <td>21</td>
                      <td>Gsdfdsfd</td>
                      <td>Fdsfdsf</td>
                    </tr>
                                      <tr>
                      <td>3</td>
                      <td>350621389123212</td>
                      <td>Widia</td>
                      <td>Kediri</td>
                      <td>2021-06-25</td>
                      <td>Perempuan</td>
                      <!-- <td>RS Gambiran</td>
                      <td>Tunggal</td> -->
                      <td>3</td>
                      <td>68</td>
                      <td>15</td>
                      <td>Agus Widodo Saputro</td>
                      <td>Ari Yulianik Dwi Rahayu</td>
                    </tr>
                                  </tbody>
              </table>
            </div>
        </div>
      <div class="keterangan">
        <br><br><br><br><br><br>
          <!-- <p>
            Catatan : <br>
            *    Coret uang tidak perlu <br>
            **   Pilih salah satu dengan tanda centang <br>
            ***  Diisi oleh pejabat yang menangani bidang kepegawaian sebelum PNS mengajukan cuti <br>
            **** Diberikan tanda centang dan alasanya <br>
            N    = Cuti tahun berjalan <br>
            N-1  = Sisa cuti 1 tahum sebelumnya <br>
            N-2  = Ssisa cuti 2 tahun sebelumnya <br>
          </p> -->
        </div>
    </div>
    <script type="text/javascript">
        window.print();
    </script>
  </body>
</html>

<!-- DEBUG-VIEW ENDED 1 APPPATH\\Views\\kader\\pdfanak.php -->
')
 2 SYSTEMPATH\Common.php(1137): CodeIgniter\View\View->render('<!-- DEBUG-VIEW START 1 APPPATH\\Views\\kader\\pdfanak.php -->
<!DOCTYPE html>
<html  lang="en">
  <head>
  <meta charset="UTF-8">
    <meta http-equiv="X-UA-Compatible" content="IE=edge">
    <meta name="viewport" content="width=device-width, initial-scale=1.0">
    <link href="https://cdn.jsdelivr.net/npm/bootstrap@5.1.3/dist/css/bootstrap.min.css" rel="stylesheet" integrity="sha384-1BmE4kWBq78iYhFldvKuhfTAU6auU8tT94WrHftjDbrCEXSU1oBoqyl2QvZ6jIW3" crossorigin="anonymous">
    <title>Print Daftar Data Anak</title>
    <style type="text/css">
      body {
        font-family: arial;
        background-color: #fff;
      }
      .kop {
        width: 1000px;
        margin: 0 auto;
        padding: 10px;
        border-bottom: 4px solid #000;
        padding: 2px;
      }
      .logo {
        padding-left: 30px;
      }
      .tengah {
        text-align: center;
        line-height: 5px;
      }
      .isi {
        width: 1000px;
        margin: 0 auto;
        padding: 10px;
        padding: 2px;
      }
      th,
      td {
        border: 1px solid #666;
        text-align: center;
      }
    </style>
  </head>
  <body>
    <div class="kop">
      <table width="97%">
            <tr>
                <td style="border:none" class="tengah">
                    <h3>POS PELAYANAN TERPADU DESA GEMPOLAN</h3>
                    <h3>KABUPATEN KEDIRI</h3>
                    <h5>Jln. Pemuda, Ds. Gempolan, Kec. Gurah</h5>
                    <h5>Telp : 08xx xxxx xxxx; Email : posyandugempolan@gmail.com</h5>
                </td>
            </tr>
        </table>
    </div>
    <div class="isi">
        <p align="right">Kediri, 09 Juni 2023</p>
    <h5 align="center"><b>
        DAFTAR DATA ANAK
      </b></h5></br>
      <div class="isi">
        <div class="data">
          <table width="100%">
                <thead>
                  <tr>
                    <th>No</th>
                    <th>NIK</th>
                    <th>Nama Anak</th>
                    <th>Tempat Lahir</th>
                    <th>Tanggal Lahir</th>
                    <th>Jenis Kelamin</th>
                    <!-- <th>Nama tmpt lahir</th>
                    <th>Jenis Lahir</th> -->
                    <th>BB lahir</th>
                    <th>TB lahir</th>
                    <th>LK lahir</th>
                    <th>Nama Ayah</th>
                    <th>Nama Ibu</th>
                  </tr>
                </thead>
                <tbody>
                                      <tr>
                      <td>1</td>
                      <td>5675435435</td>
                      <td>Sania Putri</td>
                      <td>Jombang</td>
                      <td>2023-05-02</td>
                      <td>Perempuan</td>
                      <!-- <td>RS Jombang</td>
                      <td>Tunggal</td> -->
                      <td>3.6</td>
                      <td>70</td>
                      <td>22</td>
                      <td>fff</td>
                      <td>hhh</td>
                    </tr>
                                      <tr>
                      <td>2</td>
                      <td>97435343</td>
                      <td>gdfdssd</td>
                      <td>sdsds</td>
                      <td>2023-01-29</td>
                      <td>Laki - Laki</td>
                      <!-- <td>ewqewq</td>
                      <td>Kembar 2</td> -->
                      <td>3</td>
                      <td>45</td>
                      <td>21</td>
                      <td>Gsdfdsfd</td>
                      <td>Fdsfdsf</td>
                    </tr>
                                      <tr>
                      <td>3</td>
                      <td>350621389123212</td>
                      <td>Widia</td>
                      <td>Kediri</td>
                      <td>2021-06-25</td>
                      <td>Perempuan</td>
                      <!-- <td>RS Gambiran</td>
                      <td>Tunggal</td> -->
                      <td>3</td>
                      <td>68</td>
                      <td>15</td>
                      <td>Agus Widodo Saputro</td>
                      <td>Ari Yulianik Dwi Rahayu</td>
                    </tr>
                                  </tbody>
              </table>
            </div>
        </div>
      <div class="keterangan">
        <br><br><br><br><br><br>
          <!-- <p>
            Catatan : <br>
            *    Coret uang tidak perlu <br>
            **   Pilih salah satu dengan tanda centang <br>
            ***  Diisi oleh pejabat yang menangani bidang kepegawaian sebelum PNS mengajukan cuti <br>
            **** Diberikan tanda centang dan alasanya <br>
            N    = Cuti tahun berjalan <br>
            N-1  = Sisa cuti 1 tahum sebelumnya <br>
            N-2  = Ssisa cuti 2 tahun sebelumnya <br>
          </p> -->
        </div>
    </div>
    <script type="text/javascript">
        window.print();
    </script>
  </body>
</html>

<!-- DEBUG-VIEW ENDED 1 APPPATH\\Views\\kader\\pdfanak.php -->
', [], true)
 3 APPPATH\Controllers\Anak.php(330): view('<!-- DEBUG-VIEW START 1 APPPATH\\Views\\kader\\pdfanak.php -->
<!DOCTYPE html>
<html  lang="en">
  <head>
  <meta charset="UTF-8">
    <meta http-equiv="X-UA-Compatible" content="IE=edge">
    <meta name="viewport" content="width=device-width, initial-scale=1.0">
    <link href="https://cdn.jsdelivr.net/npm/bootstrap@5.1.3/dist/css/bootstrap.min.css" rel="stylesheet" integrity="sha384-1BmE4kWBq78iYhFldvKuhfTAU6auU8tT94WrHftjDbrCEXSU1oBoqyl2QvZ6jIW3" crossorigin="anonymous">
    <title>Print Daftar Data Anak</title>
    <style type="text/css">
      body {
        font-family: arial;
        background-color: #fff;
      }
      .kop {
        width: 1000px;
        margin: 0 auto;
        padding: 10px;
        border-bottom: 4px solid #000;
        padding: 2px;
      }
      .logo {
        padding-left: 30px;
      }
      .tengah {
        text-align: center;
        line-height: 5px;
      }
      .isi {
        width: 1000px;
        margin: 0 auto;
        padding: 10px;
        padding: 2px;
      }
      th,
      td {
        border: 1px solid #666;
        text-align: center;
      }
    </style>
  </head>
  <body>
    <div class="kop">
      <table width="97%">
            <tr>
                <td style="border:none" class="tengah">
                    <h3>POS PELAYANAN TERPADU DESA GEMPOLAN</h3>
                    <h3>KABUPATEN KEDIRI</h3>
                    <h5>Jln. Pemuda, Ds. Gempolan, Kec. Gurah</h5>
                    <h5>Telp : 08xx xxxx xxxx; Email : posyandugempolan@gmail.com</h5>
                </td>
            </tr>
        </table>
    </div>
    <div class="isi">
        <p align="right">Kediri, 09 Juni 2023</p>
    <h5 align="center"><b>
        DAFTAR DATA ANAK
      </b></h5></br>
      <div class="isi">
        <div class="data">
          <table width="100%">
                <thead>
                  <tr>
                    <th>No</th>
                    <th>NIK</th>
                    <th>Nama Anak</th>
                    <th>Tempat Lahir</th>
                    <th>Tanggal Lahir</th>
                    <th>Jenis Kelamin</th>
                    <!-- <th>Nama tmpt lahir</th>
                    <th>Jenis Lahir</th> -->
                    <th>BB lahir</th>
                    <th>TB lahir</th>
                    <th>LK lahir</th>
                    <th>Nama Ayah</th>
                    <th>Nama Ibu</th>
                  </tr>
                </thead>
                <tbody>
                                      <tr>
                      <td>1</td>
                      <td>5675435435</td>
                      <td>Sania Putri</td>
                      <td>Jombang</td>
                      <td>2023-05-02</td>
                      <td>Perempuan</td>
                      <!-- <td>RS Jombang</td>
                      <td>Tunggal</td> -->
                      <td>3.6</td>
                      <td>70</td>
                      <td>22</td>
                      <td>fff</td>
                      <td>hhh</td>
                    </tr>
                                      <tr>
                      <td>2</td>
                      <td>97435343</td>
                      <td>gdfdssd</td>
                      <td>sdsds</td>
                      <td>2023-01-29</td>
                      <td>Laki - Laki</td>
                      <!-- <td>ewqewq</td>
                      <td>Kembar 2</td> -->
                      <td>3</td>
                      <td>45</td>
                      <td>21</td>
                      <td>Gsdfdsfd</td>
                      <td>Fdsfdsf</td>
                    </tr>
                                      <tr>
                      <td>3</td>
                      <td>350621389123212</td>
                      <td>Widia</td>
                      <td>Kediri</td>
                      <td>2021-06-25</td>
                      <td>Perempuan</td>
                      <!-- <td>RS Gambiran</td>
                      <td>Tunggal</td> -->
                      <td>3</td>
                      <td>68</td>
                      <td>15</td>
                      <td>Agus Widodo Saputro</td>
                      <td>Ari Yulianik Dwi Rahayu</td>
                    </tr>
                                  </tbody>
              </table>
            </div>
        </div>
      <div class="keterangan">
        <br><br><br><br><br><br>
          <!-- <p>
            Catatan : <br>
            *    Coret uang tidak perlu <br>
            **   Pilih salah satu dengan tanda centang <br>
            ***  Diisi oleh pejabat yang menangani bidang kepegawaian sebelum PNS mengajukan cuti <br>
            **** Diberikan tanda centang dan alasanya <br>
            N    = Cuti tahun berjalan <br>
            N-1  = Sisa cuti 1 tahum sebelumnya <br>
            N-2  = Ssisa cuti 2 tahun sebelumnya <br>
          </p> -->
        </div>
    </div>
    <script type="text/javascript">
        window.print();
    </script>
  </body>
</html>

<!-- DEBUG-VIEW ENDED 1 APPPATH\\Views\\kader\\pdfanak.php -->
')
 4 SYSTEMPATH\CodeIgniter.php(898): App\Controllers\Anak->pdf()
 5 SYSTEMPATH\CodeIgniter.php(457): CodeIgniter\CodeIgniter->runController(Object(App\Controllers\Anak))
 6 SYSTEMPATH\CodeIgniter.php(340): CodeIgniter\CodeIgniter->handleRequest(null, Object(Config\Cache), false)
 7 FCPATH\index.php(67): CodeIgniter\CodeIgniter->run()
 8 SYSTEMPATH\Commands\Server\rewrite.php(43): require_once('FCPATH\\index.php')
