ERROR - 2023-07-06 00:25:51 --> mysqli_sql_exception: Unknown column 'agenda.idbidan' in 'on clause' in C:\xampp\htdocs\posyandu_ta\system\Database\MySQLi\Connection.php:292
Stack trace:
#0 C:\xampp\htdocs\posyandu_ta\system\Database\MySQLi\Connection.php(292): mysqli->query('SELECT `agenda`...', 0)
#1 C:\xampp\htdocs\posyandu_ta\system\Database\BaseConnection.php(693): CodeIgniter\Database\MySQLi\Connection->execute('SELECT `agenda`...')
#2 C:\xampp\htdocs\posyandu_ta\system\Database\BaseConnection.php(620): CodeIgniter\Database\BaseConnection->simpleQuery('SELECT `agenda`...')
#3 C:\xampp\htdocs\posyandu_ta\system\Database\BaseBuilder.php(1585): CodeIgniter\Database\BaseConnection->query('SELECT `agenda`...', Array, false)
#4 C:\xampp\htdocs\posyandu_ta\app\Models\AgendaModel.php(31): CodeIgniter\Database\BaseBuilder->get()
#5 C:\xampp\htdocs\posyandu_ta\app\Controllers\Agenda.php(31): App\Models\AgendaModel->getAllData()
#6 C:\xampp\htdocs\posyandu_ta\system\CodeIgniter.php(898): App\Controllers\Agenda->index()
#7 C:\xampp\htdocs\posyandu_ta\system\CodeIgniter.php(457): CodeIgniter\CodeIgniter->runController(Object(App\Controllers\Agenda))
#8 C:\xampp\htdocs\posyandu_ta\system\CodeIgniter.php(340): CodeIgniter\CodeIgniter->handleRequest(NULL, Object(Config\Cache), false)
#9 C:\xampp\htdocs\posyandu_ta\public\index.php(67): CodeIgniter\CodeIgniter->run()
#10 C:\xampp\htdocs\posyandu_ta\system\Commands\Server\rewrite.php(43): require_once('C:\\xampp\\htdocs...')
#11 {main}
CRITICAL - 2023-07-06 00:25:51 --> Unknown column 'agenda.idbidan' in 'on clause'
in SYSTEMPATH\Database\MySQLi\Connection.php on line 292.
 1 SYSTEMPATH\Database\MySQLi\Connection.php(292): mysqli->query('SELECT `agenda`.*, `kader`.`idkader`, `kader`.`kadernama`, `bidan`.`idbidan`, `bidan`.`bidannama`
FROM `agenda`
LEFT JOIN `kader` ON `agenda`.`idkader` = `kader`.`idkader`
LEFT JOIN `bidan` ON `agenda`.`idbidan` = `bidan`.`idbidan`
ORDER BY `agenda`.`idagenda` DESC', 0)
 2 SYSTEMPATH\Database\BaseConnection.php(693): CodeIgniter\Database\MySQLi\Connection->execute('SELECT `agenda`.*, `kader`.`idkader`, `kader`.`kadernama`, `bidan`.`idbidan`, `bidan`.`bidannama`
FROM `agenda`
LEFT JOIN `kader` ON `agenda`.`idkader` = `kader`.`idkader`
LEFT JOIN `bidan` ON `agenda`.`idbidan` = `bidan`.`idbidan`
ORDER BY `agenda`.`idagenda` DESC')
 3 SYSTEMPATH\Database\BaseConnection.php(620): CodeIgniter\Database\BaseConnection->simpleQuery('SELECT `agenda`.*, `kader`.`idkader`, `kader`.`kadernama`, `bidan`.`idbidan`, `bidan`.`bidannama`
FROM `agenda`
LEFT JOIN `kader` ON `agenda`.`idkader` = `kader`.`idkader`
LEFT JOIN `bidan` ON `agenda`.`idbidan` = `bidan`.`idbidan`
ORDER BY `agenda`.`idagenda` DESC')
 4 SYSTEMPATH\Database\BaseBuilder.php(1585): CodeIgniter\Database\BaseConnection->query('SELECT `agenda`.*, `kader`.`idkader`, `kader`.`kadernama`, `bidan`.`idbidan`, `bidan`.`bidannama`
FROM `agenda`
LEFT JOIN `kader` ON `agenda`.`idkader` = `kader`.`idkader`
LEFT JOIN `bidan` ON `agenda`.`idbidan` = `bidan`.`idbidan`
ORDER BY `agenda`.`idagenda` DESC', [], false)
 5 APPPATH\Models\AgendaModel.php(31): CodeIgniter\Database\BaseBuilder->get()
 6 APPPATH\Controllers\Agenda.php(31): App\Models\AgendaModel->getAllData()
 7 SYSTEMPATH\CodeIgniter.php(898): App\Controllers\Agenda->index()
 8 SYSTEMPATH\CodeIgniter.php(457): CodeIgniter\CodeIgniter->runController(Object(App\Controllers\Agenda))
 9 SYSTEMPATH\CodeIgniter.php(340): CodeIgniter\CodeIgniter->handleRequest(null, Object(Config\Cache), false)
10 FCPATH\index.php(67): CodeIgniter\CodeIgniter->run()
11 SYSTEMPATH\Commands\Server\rewrite.php(43): require_once('FCPATH\\index.php')
CRITICAL - 2023-07-06 00:28:41 --> Call to a member function paginate() on array
in APPPATH\Controllers\Agenda.php on line 35.
 1 SYSTEMPATH\CodeIgniter.php(898): App\Controllers\Agenda->index()
 2 SYSTEMPATH\CodeIgniter.php(457): CodeIgniter\CodeIgniter->runController(Object(App\Controllers\Agenda))
 3 SYSTEMPATH\CodeIgniter.php(340): CodeIgniter\CodeIgniter->handleRequest(null, Object(Config\Cache), false)
 4 FCPATH\index.php(67): CodeIgniter\CodeIgniter->run()
 5 SYSTEMPATH\Commands\Server\rewrite.php(43): require_once('FCPATH\\index.php')
ERROR - 2023-07-06 00:30:14 --> mysqli_sql_exception: Unknown column 'kader.idkader' in 'on clause' in C:\xampp\htdocs\posyandu_ta\system\Database\MySQLi\Connection.php:292
Stack trace:
#0 C:\xampp\htdocs\posyandu_ta\system\Database\MySQLi\Connection.php(292): mysqli->query('SELECT `bidan`....', 0)
#1 C:\xampp\htdocs\posyandu_ta\system\Database\BaseConnection.php(693): CodeIgniter\Database\MySQLi\Connection->execute('SELECT `bidan`....')
#2 C:\xampp\htdocs\posyandu_ta\system\Database\BaseConnection.php(620): CodeIgniter\Database\BaseConnection->simpleQuery('SELECT `bidan`....')
#3 C:\xampp\htdocs\posyandu_ta\system\Database\BaseBuilder.php(1585): CodeIgniter\Database\BaseConnection->query('SELECT `bidan`....', Array, false)
#4 C:\xampp\htdocs\posyandu_ta\app\Models\AgendaModel.php(54): CodeIgniter\Database\BaseBuilder->get()
#5 C:\xampp\htdocs\posyandu_ta\app\Controllers\Agenda.php(142): App\Models\AgendaModel->getIdBidan('3')
#6 C:\xampp\htdocs\posyandu_ta\system\CodeIgniter.php(898): App\Controllers\Agenda->detailagenda('3')
#7 C:\xampp\htdocs\posyandu_ta\system\CodeIgniter.php(457): CodeIgniter\CodeIgniter->runController(Object(App\Controllers\Agenda))
#8 C:\xampp\htdocs\posyandu_ta\system\CodeIgniter.php(340): CodeIgniter\CodeIgniter->handleRequest(NULL, Object(Config\Cache), false)
#9 C:\xampp\htdocs\posyandu_ta\public\index.php(67): CodeIgniter\CodeIgniter->run()
#10 C:\xampp\htdocs\posyandu_ta\system\Commands\Server\rewrite.php(43): require_once('C:\\xampp\\htdocs...')
#11 {main}
CRITICAL - 2023-07-06 00:30:14 --> Unknown column 'kader.idkader' in 'on clause'
in SYSTEMPATH\Database\MySQLi\Connection.php on line 292.
 1 SYSTEMPATH\Database\MySQLi\Connection.php(292): mysqli->query('SELECT `bidan`.`idbidan`, `bidan`.`bidannama`, `kader`.`idkader`, `kader`.`kadernama`, `agenda`.*
FROM `bidan`
LEFT JOIN `agenda` ON `kader`.`idkader` = `agenda`.`idkader`
LEFT JOIN `kader` ON `agenda`.`idkader` = `kader`.`idkader`
WHERE `agenda`.`idagenda` = \'3\'
ORDER BY `agenda`.`idagenda` ASC', 0)
 2 SYSTEMPATH\Database\BaseConnection.php(693): CodeIgniter\Database\MySQLi\Connection->execute('SELECT `bidan`.`idbidan`, `bidan`.`bidannama`, `kader`.`idkader`, `kader`.`kadernama`, `agenda`.*
FROM `bidan`
LEFT JOIN `agenda` ON `kader`.`idkader` = `agenda`.`idkader`
LEFT JOIN `kader` ON `agenda`.`idkader` = `kader`.`idkader`
WHERE `agenda`.`idagenda` = \'3\'
ORDER BY `agenda`.`idagenda` ASC')
 3 SYSTEMPATH\Database\BaseConnection.php(620): CodeIgniter\Database\BaseConnection->simpleQuery('SELECT `bidan`.`idbidan`, `bidan`.`bidannama`, `kader`.`idkader`, `kader`.`kadernama`, `agenda`.*
FROM `bidan`
LEFT JOIN `agenda` ON `kader`.`idkader` = `agenda`.`idkader`
LEFT JOIN `kader` ON `agenda`.`idkader` = `kader`.`idkader`
WHERE `agenda`.`idagenda` = \'3\'
ORDER BY `agenda`.`idagenda` ASC')
 4 SYSTEMPATH\Database\BaseBuilder.php(1585): CodeIgniter\Database\BaseConnection->query('SELECT `bidan`.`idbidan`, `bidan`.`bidannama`, `kader`.`idkader`, `kader`.`kadernama`, `agenda`.*
FROM `bidan`
LEFT JOIN `agenda` ON `kader`.`idkader` = `agenda`.`idkader`
LEFT JOIN `kader` ON `agenda`.`idkader` = `kader`.`idkader`
WHERE `agenda`.`idagenda` = :agenda.idagenda:
ORDER BY `agenda`.`idagenda` ASC', [...], false)
 5 APPPATH\Models\AgendaModel.php(54): CodeIgniter\Database\BaseBuilder->get()
 6 APPPATH\Controllers\Agenda.php(142): App\Models\AgendaModel->getIdBidan('3')
 7 SYSTEMPATH\CodeIgniter.php(898): App\Controllers\Agenda->detailagenda('3')
 8 SYSTEMPATH\CodeIgniter.php(457): CodeIgniter\CodeIgniter->runController(Object(App\Controllers\Agenda))
 9 SYSTEMPATH\CodeIgniter.php(340): CodeIgniter\CodeIgniter->handleRequest(null, Object(Config\Cache), false)
10 FCPATH\index.php(67): CodeIgniter\CodeIgniter->run()
11 SYSTEMPATH\Commands\Server\rewrite.php(43): require_once('FCPATH\\index.php')
CRITICAL - 2023-07-06 00:33:58 --> Undefined array key "kadernama"
in APPPATH\Views\admin\agenda\editagenda.php on line 120.
 1 APPPATH\Views\admin\agenda\editagenda.php(120): CodeIgniter\Debug\Exceptions->errorHandler(2, 'Undefined array key "kadernama"', 'APPPATH\\Views\\admin\\agenda\\editagenda.php', 120)
 2 SYSTEMPATH\View\View.php(213): include('APPPATH\\Views\\admin\\agenda\\editagenda.php')
 3 SYSTEMPATH\View\View.php(216): CodeIgniter\View\View->CodeIgniter\View\{closure}()
 4 SYSTEMPATH\Common.php(1137): CodeIgniter\View\View->render('admin/agenda/editagenda', [], true)
 5 APPPATH\Controllers\Agenda.php(163): view('admin/agenda/editagenda', [...])
 6 SYSTEMPATH\CodeIgniter.php(898): App\Controllers\Agenda->editagenda('3')
 7 SYSTEMPATH\CodeIgniter.php(457): CodeIgniter\CodeIgniter->runController(Object(App\Controllers\Agenda))
 8 SYSTEMPATH\CodeIgniter.php(340): CodeIgniter\CodeIgniter->handleRequest(null, Object(Config\Cache), false)
 9 FCPATH\index.php(67): CodeIgniter\CodeIgniter->run()
10 SYSTEMPATH\Commands\Server\rewrite.php(43): require_once('FCPATH\\index.php')
