CRITICAL - 2023-02-07 08:52:05 --> Undefined variable $pus
in APPPATH\Views\admin\dataposyandu.php on line 90.
 1 APPPATH\Views\admin\dataposyandu.php(90): CodeIgniter\Debug\Exceptions->errorHandler(2, 'Undefined variable $pus', 'APPPATH\\Views\\admin\\dataposyandu.php', 90)
 2 SYSTEMPATH\View\View.php(213): include('APPPATH\\Views\\admin\\dataposyandu.php')
 3 SYSTEMPATH\View\View.php(216): CodeIgniter\View\View->CodeIgniter\View\{closure}()
 4 SYSTEMPATH\Common.php(1137): CodeIgniter\View\View->render('admin/dataposyandu', [], true)
 5 APPPATH\Controllers\Posyandu.php(33): view('admin/dataposyandu', [...])
 6 SYSTEMPATH\CodeIgniter.php(898): App\Controllers\Posyandu->index()
 7 SYSTEMPATH\CodeIgniter.php(457): CodeIgniter\CodeIgniter->runController(Object(App\Controllers\Posyandu))
 8 SYSTEMPATH\CodeIgniter.php(340): CodeIgniter\CodeIgniter->handleRequest(null, Object(Config\Cache), false)
 9 FCPATH\index.php(67): CodeIgniter\CodeIgniter->run()
10 SYSTEMPATH\Commands\Server\rewrite.php(43): require_once('FCPATH\\index.php')
CRITICAL - 2023-02-07 08:53:31 --> Undefined array key "bidannama"
in APPPATH\Views\admin\detailposyandu.php on line 48.
 1 APPPATH\Views\admin\detailposyandu.php(48): CodeIgniter\Debug\Exceptions->errorHandler(2, 'Undefined array key "bidannama"', 'APPPATH\\Views\\admin\\detailposyandu.php', 48)
 2 SYSTEMPATH\View\View.php(213): include('APPPATH\\Views\\admin\\detailposyandu.php')
 3 SYSTEMPATH\View\View.php(216): CodeIgniter\View\View->CodeIgniter\View\{closure}()
 4 SYSTEMPATH\Common.php(1137): CodeIgniter\View\View->render('admin/detailposyandu', [], true)
 5 APPPATH\Controllers\Posyandu.php(120): view('admin/detailposyandu', [...])
 6 SYSTEMPATH\CodeIgniter.php(898): App\Controllers\Posyandu->detailposyandu('1')
 7 SYSTEMPATH\CodeIgniter.php(457): CodeIgniter\CodeIgniter->runController(Object(App\Controllers\Posyandu))
 8 SYSTEMPATH\CodeIgniter.php(340): CodeIgniter\CodeIgniter->handleRequest(null, Object(Config\Cache), false)
 9 FCPATH\index.php(67): CodeIgniter\CodeIgniter->run()
10 SYSTEMPATH\Commands\Server\rewrite.php(43): require_once('FCPATH\\index.php')
CRITICAL - 2023-02-07 08:54:39 --> Undefined array key "posyandu"
in APPPATH\Views\admin\detailposyandu.php on line 34.
 1 APPPATH\Views\admin\detailposyandu.php(34): CodeIgniter\Debug\Exceptions->errorHandler(2, 'Undefined array key "posyandu"', 'APPPATH\\Views\\admin\\detailposyandu.php', 34)
 2 SYSTEMPATH\View\View.php(213): include('APPPATH\\Views\\admin\\detailposyandu.php')
 3 SYSTEMPATH\View\View.php(216): CodeIgniter\View\View->CodeIgniter\View\{closure}()
 4 SYSTEMPATH\Common.php(1137): CodeIgniter\View\View->render('admin/detailposyandu', [], true)
 5 APPPATH\Controllers\Posyandu.php(121): view('admin/detailposyandu', [...])
 6 SYSTEMPATH\CodeIgniter.php(898): App\Controllers\Posyandu->detailposyandu('1')
 7 SYSTEMPATH\CodeIgniter.php(457): CodeIgniter\CodeIgniter->runController(Object(App\Controllers\Posyandu))
 8 SYSTEMPATH\CodeIgniter.php(340): CodeIgniter\CodeIgniter->handleRequest(null, Object(Config\Cache), false)
 9 FCPATH\index.php(67): CodeIgniter\CodeIgniter->run()
10 SYSTEMPATH\Commands\Server\rewrite.php(43): require_once('FCPATH\\index.php')
CRITICAL - 2023-02-07 08:55:10 --> Undefined array key "posyandu"
in APPPATH\Views\admin\detailposyandu.php on line 34.
 1 APPPATH\Views\admin\detailposyandu.php(34): CodeIgniter\Debug\Exceptions->errorHandler(2, 'Undefined array key "posyandu"', 'APPPATH\\Views\\admin\\detailposyandu.php', 34)
 2 SYSTEMPATH\View\View.php(213): include('APPPATH\\Views\\admin\\detailposyandu.php')
 3 SYSTEMPATH\View\View.php(216): CodeIgniter\View\View->CodeIgniter\View\{closure}()
 4 SYSTEMPATH\Common.php(1137): CodeIgniter\View\View->render('admin/detailposyandu', [], true)
 5 APPPATH\Controllers\Posyandu.php(121): view('admin/detailposyandu', [...])
 6 SYSTEMPATH\CodeIgniter.php(898): App\Controllers\Posyandu->detailposyandu('1')
 7 SYSTEMPATH\CodeIgniter.php(457): CodeIgniter\CodeIgniter->runController(Object(App\Controllers\Posyandu))
 8 SYSTEMPATH\CodeIgniter.php(340): CodeIgniter\CodeIgniter->handleRequest(null, Object(Config\Cache), false)
 9 FCPATH\index.php(67): CodeIgniter\CodeIgniter->run()
10 SYSTEMPATH\Commands\Server\rewrite.php(43): require_once('FCPATH\\index.php')
CRITICAL - 2023-02-07 08:56:03 --> Undefined array key "posyandu"
in APPPATH\Views\admin\detailposyandu.php on line 34.
 1 APPPATH\Views\admin\detailposyandu.php(34): CodeIgniter\Debug\Exceptions->errorHandler(2, 'Undefined array key "posyandu"', 'APPPATH\\Views\\admin\\detailposyandu.php', 34)
 2 SYSTEMPATH\View\View.php(213): include('APPPATH\\Views\\admin\\detailposyandu.php')
 3 SYSTEMPATH\View\View.php(216): CodeIgniter\View\View->CodeIgniter\View\{closure}()
 4 SYSTEMPATH\Common.php(1137): CodeIgniter\View\View->render('admin/detailposyandu', [], true)
 5 APPPATH\Controllers\Posyandu.php(121): view('admin/detailposyandu', [...])
 6 SYSTEMPATH\CodeIgniter.php(898): App\Controllers\Posyandu->detailposyandu('1')
 7 SYSTEMPATH\CodeIgniter.php(457): CodeIgniter\CodeIgniter->runController(Object(App\Controllers\Posyandu))
 8 SYSTEMPATH\CodeIgniter.php(340): CodeIgniter\CodeIgniter->handleRequest(null, Object(Config\Cache), false)
 9 FCPATH\index.php(67): CodeIgniter\CodeIgniter->run()
10 SYSTEMPATH\Commands\Server\rewrite.php(43): require_once('FCPATH\\index.php')
CRITICAL - 2023-02-07 08:56:18 --> Undefined array key "posyandu"
in APPPATH\Views\admin\detailposyandu.php on line 34.
 1 APPPATH\Views\admin\detailposyandu.php(34): CodeIgniter\Debug\Exceptions->errorHandler(2, 'Undefined array key "posyandu"', 'APPPATH\\Views\\admin\\detailposyandu.php', 34)
 2 SYSTEMPATH\View\View.php(213): include('APPPATH\\Views\\admin\\detailposyandu.php')
 3 SYSTEMPATH\View\View.php(216): CodeIgniter\View\View->CodeIgniter\View\{closure}()
 4 SYSTEMPATH\Common.php(1137): CodeIgniter\View\View->render('admin/detailposyandu', [], true)
 5 APPPATH\Controllers\Posyandu.php(121): view('admin/detailposyandu', [...])
 6 SYSTEMPATH\CodeIgniter.php(898): App\Controllers\Posyandu->detailposyandu('1')
 7 SYSTEMPATH\CodeIgniter.php(457): CodeIgniter\CodeIgniter->runController(Object(App\Controllers\Posyandu))
 8 SYSTEMPATH\CodeIgniter.php(340): CodeIgniter\CodeIgniter->handleRequest(null, Object(Config\Cache), false)
 9 FCPATH\index.php(67): CodeIgniter\CodeIgniter->run()
10 SYSTEMPATH\Commands\Server\rewrite.php(43): require_once('FCPATH\\index.php')
CRITICAL - 2023-02-07 08:56:44 --> Undefined array key "posyandu"
in APPPATH\Views\admin\detailposyandu.php on line 34.
 1 APPPATH\Views\admin\detailposyandu.php(34): CodeIgniter\Debug\Exceptions->errorHandler(2, 'Undefined array key "posyandu"', 'APPPATH\\Views\\admin\\detailposyandu.php', 34)
 2 SYSTEMPATH\View\View.php(213): include('APPPATH\\Views\\admin\\detailposyandu.php')
 3 SYSTEMPATH\View\View.php(216): CodeIgniter\View\View->CodeIgniter\View\{closure}()
 4 SYSTEMPATH\Common.php(1137): CodeIgniter\View\View->render('admin/detailposyandu', [], true)
 5 APPPATH\Controllers\Posyandu.php(121): view('admin/detailposyandu', [...])
 6 SYSTEMPATH\CodeIgniter.php(898): App\Controllers\Posyandu->detailposyandu('1')
 7 SYSTEMPATH\CodeIgniter.php(457): CodeIgniter\CodeIgniter->runController(Object(App\Controllers\Posyandu))
 8 SYSTEMPATH\CodeIgniter.php(340): CodeIgniter\CodeIgniter->handleRequest(null, Object(Config\Cache), false)
 9 FCPATH\index.php(67): CodeIgniter\CodeIgniter->run()
10 SYSTEMPATH\Commands\Server\rewrite.php(43): require_once('FCPATH\\index.php')
CRITICAL - 2023-02-07 08:59:52 --> Too few arguments to function App\Controllers\Posyandu::index(), 0 passed in C:\xampp\htdocs\ci4\system\CodeIgniter.php on line 898 and exactly 1 expected
in APPPATH\Controllers\Posyandu.php on line 14.
 1 SYSTEMPATH\CodeIgniter.php(898): App\Controllers\Posyandu->index()
 2 SYSTEMPATH\CodeIgniter.php(457): CodeIgniter\CodeIgniter->runController(Object(App\Controllers\Posyandu))
 3 SYSTEMPATH\CodeIgniter.php(340): CodeIgniter\CodeIgniter->handleRequest(null, Object(Config\Cache), false)
 4 FCPATH\index.php(67): CodeIgniter\CodeIgniter->run()
 5 SYSTEMPATH\Commands\Server\rewrite.php(43): require_once('FCPATH\\index.php')
CRITICAL - 2023-02-07 09:01:38 --> Undefined array key "posyandu"
in APPPATH\Views\admin\detailposyandu.php on line 34.
 1 APPPATH\Views\admin\detailposyandu.php(34): CodeIgniter\Debug\Exceptions->errorHandler(2, 'Undefined array key "posyandu"', 'APPPATH\\Views\\admin\\detailposyandu.php', 34)
 2 SYSTEMPATH\View\View.php(213): include('APPPATH\\Views\\admin\\detailposyandu.php')
 3 SYSTEMPATH\View\View.php(216): CodeIgniter\View\View->CodeIgniter\View\{closure}()
 4 SYSTEMPATH\Common.php(1137): CodeIgniter\View\View->render('admin/detailposyandu', [], true)
 5 APPPATH\Controllers\Posyandu.php(121): view('admin/detailposyandu', [...])
 6 SYSTEMPATH\CodeIgniter.php(898): App\Controllers\Posyandu->detailposyandu('1')
 7 SYSTEMPATH\CodeIgniter.php(457): CodeIgniter\CodeIgniter->runController(Object(App\Controllers\Posyandu))
 8 SYSTEMPATH\CodeIgniter.php(340): CodeIgniter\CodeIgniter->handleRequest(null, Object(Config\Cache), false)
 9 FCPATH\index.php(67): CodeIgniter\CodeIgniter->run()
10 SYSTEMPATH\Commands\Server\rewrite.php(43): require_once('FCPATH\\index.php')
CRITICAL - 2023-02-07 09:02:00 --> Attempt to read property "posyandu" on array
in APPPATH\Views\admin\detailposyandu.php on line 34.
 1 APPPATH\Views\admin\detailposyandu.php(34): CodeIgniter\Debug\Exceptions->errorHandler(2, 'Attempt to read property "posyandu" on array', 'APPPATH\\Views\\admin\\detailposyandu.php', 34)
 2 SYSTEMPATH\View\View.php(213): include('APPPATH\\Views\\admin\\detailposyandu.php')
 3 SYSTEMPATH\View\View.php(216): CodeIgniter\View\View->CodeIgniter\View\{closure}()
 4 SYSTEMPATH\Common.php(1137): CodeIgniter\View\View->render('admin/detailposyandu', [], true)
 5 APPPATH\Controllers\Posyandu.php(121): view('admin/detailposyandu', [...])
 6 SYSTEMPATH\CodeIgniter.php(898): App\Controllers\Posyandu->detailposyandu('1')
 7 SYSTEMPATH\CodeIgniter.php(457): CodeIgniter\CodeIgniter->runController(Object(App\Controllers\Posyandu))
 8 SYSTEMPATH\CodeIgniter.php(340): CodeIgniter\CodeIgniter->handleRequest(null, Object(Config\Cache), false)
 9 FCPATH\index.php(67): CodeIgniter\CodeIgniter->run()
10 SYSTEMPATH\Commands\Server\rewrite.php(43): require_once('FCPATH\\index.php')
CRITICAL - 2023-02-07 09:02:05 --> Attempt to read property "posyandu" on array
in APPPATH\Views\admin\detailposyandu.php on line 34.
 1 APPPATH\Views\admin\detailposyandu.php(34): CodeIgniter\Debug\Exceptions->errorHandler(2, 'Attempt to read property "posyandu" on array', 'APPPATH\\Views\\admin\\detailposyandu.php', 34)
 2 SYSTEMPATH\View\View.php(213): include('APPPATH\\Views\\admin\\detailposyandu.php')
 3 SYSTEMPATH\View\View.php(216): CodeIgniter\View\View->CodeIgniter\View\{closure}()
 4 SYSTEMPATH\Common.php(1137): CodeIgniter\View\View->render('admin/detailposyandu', [], true)
 5 APPPATH\Controllers\Posyandu.php(121): view('admin/detailposyandu', [...])
 6 SYSTEMPATH\CodeIgniter.php(898): App\Controllers\Posyandu->detailposyandu('1')
 7 SYSTEMPATH\CodeIgniter.php(457): CodeIgniter\CodeIgniter->runController(Object(App\Controllers\Posyandu))
 8 SYSTEMPATH\CodeIgniter.php(340): CodeIgniter\CodeIgniter->handleRequest(null, Object(Config\Cache), false)
 9 FCPATH\index.php(67): CodeIgniter\CodeIgniter->run()
10 SYSTEMPATH\Commands\Server\rewrite.php(43): require_once('FCPATH\\index.php')
CRITICAL - 2023-02-07 09:02:41 --> Attempt to read property "posyandu" on array
in APPPATH\Views\admin\detailposyandu.php on line 34.
 1 APPPATH\Views\admin\detailposyandu.php(34): CodeIgniter\Debug\Exceptions->errorHandler(2, 'Attempt to read property "posyandu" on array', 'APPPATH\\Views\\admin\\detailposyandu.php', 34)
 2 SYSTEMPATH\View\View.php(213): include('APPPATH\\Views\\admin\\detailposyandu.php')
 3 SYSTEMPATH\View\View.php(216): CodeIgniter\View\View->CodeIgniter\View\{closure}()
 4 SYSTEMPATH\Common.php(1137): CodeIgniter\View\View->render('admin/detailposyandu', [], true)
 5 APPPATH\Controllers\Posyandu.php(121): view('admin/detailposyandu', [...])
 6 SYSTEMPATH\CodeIgniter.php(898): App\Controllers\Posyandu->detailposyandu('1')
 7 SYSTEMPATH\CodeIgniter.php(457): CodeIgniter\CodeIgniter->runController(Object(App\Controllers\Posyandu))
 8 SYSTEMPATH\CodeIgniter.php(340): CodeIgniter\CodeIgniter->handleRequest(null, Object(Config\Cache), false)
 9 FCPATH\index.php(67): CodeIgniter\CodeIgniter->run()
10 SYSTEMPATH\Commands\Server\rewrite.php(43): require_once('FCPATH\\index.php')
CRITICAL - 2023-02-07 09:20:09 --> Attempt to read property "posyandu" on array
in APPPATH\Views\admin\detailposyandu.php on line 34.
 1 APPPATH\Views\admin\detailposyandu.php(34): CodeIgniter\Debug\Exceptions->errorHandler(2, 'Attempt to read property "posyandu" on array', 'APPPATH\\Views\\admin\\detailposyandu.php', 34)
 2 SYSTEMPATH\View\View.php(213): include('APPPATH\\Views\\admin\\detailposyandu.php')
 3 SYSTEMPATH\View\View.php(216): CodeIgniter\View\View->CodeIgniter\View\{closure}()
 4 SYSTEMPATH\Common.php(1137): CodeIgniter\View\View->render('admin/detailposyandu', [], true)
 5 APPPATH\Controllers\Posyandu.php(129): view('admin/detailposyandu', [...])
 6 SYSTEMPATH\CodeIgniter.php(898): App\Controllers\Posyandu->detailposyandu('1')
 7 SYSTEMPATH\CodeIgniter.php(457): CodeIgniter\CodeIgniter->runController(Object(App\Controllers\Posyandu))
 8 SYSTEMPATH\CodeIgniter.php(340): CodeIgniter\CodeIgniter->handleRequest(null, Object(Config\Cache), false)
 9 FCPATH\index.php(67): CodeIgniter\CodeIgniter->run()
10 SYSTEMPATH\Commands\Server\rewrite.php(43): require_once('FCPATH\\index.php')
CRITICAL - 2023-02-07 09:20:55 --> Attempt to read property "ketuapos" on array
in APPPATH\Views\admin\detailposyandu.php on line 39.
 1 APPPATH\Views\admin\detailposyandu.php(39): CodeIgniter\Debug\Exceptions->errorHandler(2, 'Attempt to read property "ketuapos" on array', 'APPPATH\\Views\\admin\\detailposyandu.php', 39)
 2 SYSTEMPATH\View\View.php(213): include('APPPATH\\Views\\admin\\detailposyandu.php')
 3 SYSTEMPATH\View\View.php(216): CodeIgniter\View\View->CodeIgniter\View\{closure}()
 4 SYSTEMPATH\Common.php(1137): CodeIgniter\View\View->render('admin/detailposyandu', [], true)
 5 APPPATH\Controllers\Posyandu.php(129): view('admin/detailposyandu', [...])
 6 SYSTEMPATH\CodeIgniter.php(898): App\Controllers\Posyandu->detailposyandu('1')
 7 SYSTEMPATH\CodeIgniter.php(457): CodeIgniter\CodeIgniter->runController(Object(App\Controllers\Posyandu))
 8 SYSTEMPATH\CodeIgniter.php(340): CodeIgniter\CodeIgniter->handleRequest(null, Object(Config\Cache), false)
 9 FCPATH\index.php(67): CodeIgniter\CodeIgniter->run()
10 SYSTEMPATH\Commands\Server\rewrite.php(43): require_once('FCPATH\\index.php')
CRITICAL - 2023-02-07 09:21:25 --> Attempt to read property "bidannama" on array
in APPPATH\Views\admin\detailposyandu.php on line 40.
 1 APPPATH\Views\admin\detailposyandu.php(40): CodeIgniter\Debug\Exceptions->errorHandler(2, 'Attempt to read property "bidannama" on array', 'APPPATH\\Views\\admin\\detailposyandu.php', 40)
 2 SYSTEMPATH\View\View.php(213): include('APPPATH\\Views\\admin\\detailposyandu.php')
 3 SYSTEMPATH\View\View.php(216): CodeIgniter\View\View->CodeIgniter\View\{closure}()
 4 SYSTEMPATH\Common.php(1137): CodeIgniter\View\View->render('admin/detailposyandu', [], true)
 5 APPPATH\Controllers\Posyandu.php(129): view('admin/detailposyandu', [...])
 6 SYSTEMPATH\CodeIgniter.php(898): App\Controllers\Posyandu->detailposyandu('1')
 7 SYSTEMPATH\CodeIgniter.php(457): CodeIgniter\CodeIgniter->runController(Object(App\Controllers\Posyandu))
 8 SYSTEMPATH\CodeIgniter.php(340): CodeIgniter\CodeIgniter->handleRequest(null, Object(Config\Cache), false)
 9 FCPATH\index.php(67): CodeIgniter\CodeIgniter->run()
10 SYSTEMPATH\Commands\Server\rewrite.php(43): require_once('FCPATH\\index.php')
CRITICAL - 2023-02-07 09:21:59 --> Attempt to read property "bidannama" on array
in APPPATH\Views\admin\detailposyandu.php on line 40.
 1 APPPATH\Views\admin\detailposyandu.php(40): CodeIgniter\Debug\Exceptions->errorHandler(2, 'Attempt to read property "bidannama" on array', 'APPPATH\\Views\\admin\\detailposyandu.php', 40)
 2 SYSTEMPATH\View\View.php(213): include('APPPATH\\Views\\admin\\detailposyandu.php')
 3 SYSTEMPATH\View\View.php(216): CodeIgniter\View\View->CodeIgniter\View\{closure}()
 4 SYSTEMPATH\Common.php(1137): CodeIgniter\View\View->render('admin/detailposyandu', [], true)
 5 APPPATH\Controllers\Posyandu.php(129): view('admin/detailposyandu', [...])
 6 SYSTEMPATH\CodeIgniter.php(898): App\Controllers\Posyandu->detailposyandu('1')
 7 SYSTEMPATH\CodeIgniter.php(457): CodeIgniter\CodeIgniter->runController(Object(App\Controllers\Posyandu))
 8 SYSTEMPATH\CodeIgniter.php(340): CodeIgniter\CodeIgniter->handleRequest(null, Object(Config\Cache), false)
 9 FCPATH\index.php(67): CodeIgniter\CodeIgniter->run()
10 SYSTEMPATH\Commands\Server\rewrite.php(43): require_once('FCPATH\\index.php')
CRITICAL - 2023-02-07 09:22:12 --> Undefined array key "bidannama"
in APPPATH\Views\admin\detailposyandu.php on line 40.
 1 APPPATH\Views\admin\detailposyandu.php(40): CodeIgniter\Debug\Exceptions->errorHandler(2, 'Undefined array key "bidannama"', 'APPPATH\\Views\\admin\\detailposyandu.php', 40)
 2 SYSTEMPATH\View\View.php(213): include('APPPATH\\Views\\admin\\detailposyandu.php')
 3 SYSTEMPATH\View\View.php(216): CodeIgniter\View\View->CodeIgniter\View\{closure}()
 4 SYSTEMPATH\Common.php(1137): CodeIgniter\View\View->render('admin/detailposyandu', [], true)
 5 APPPATH\Controllers\Posyandu.php(129): view('admin/detailposyandu', [...])
 6 SYSTEMPATH\CodeIgniter.php(898): App\Controllers\Posyandu->detailposyandu('1')
 7 SYSTEMPATH\CodeIgniter.php(457): CodeIgniter\CodeIgniter->runController(Object(App\Controllers\Posyandu))
 8 SYSTEMPATH\CodeIgniter.php(340): CodeIgniter\CodeIgniter->handleRequest(null, Object(Config\Cache), false)
 9 FCPATH\index.php(67): CodeIgniter\CodeIgniter->run()
10 SYSTEMPATH\Commands\Server\rewrite.php(43): require_once('FCPATH\\index.php')
CRITICAL - 2023-02-07 09:25:36 --> Attempt to read property "posyandu" on array
in APPPATH\Views\admin\detailposyandu.php on line 34.
 1 APPPATH\Views\admin\detailposyandu.php(34): CodeIgniter\Debug\Exceptions->errorHandler(2, 'Attempt to read property "posyandu" on array', 'APPPATH\\Views\\admin\\detailposyandu.php', 34)
 2 SYSTEMPATH\View\View.php(213): include('APPPATH\\Views\\admin\\detailposyandu.php')
 3 SYSTEMPATH\View\View.php(216): CodeIgniter\View\View->CodeIgniter\View\{closure}()
 4 SYSTEMPATH\Common.php(1137): CodeIgniter\View\View->render('admin/detailposyandu', [], true)
 5 APPPATH\Controllers\Posyandu.php(129): view('admin/detailposyandu', [...])
 6 SYSTEMPATH\CodeIgniter.php(898): App\Controllers\Posyandu->detailposyandu('1')
 7 SYSTEMPATH\CodeIgniter.php(457): CodeIgniter\CodeIgniter->runController(Object(App\Controllers\Posyandu))
 8 SYSTEMPATH\CodeIgniter.php(340): CodeIgniter\CodeIgniter->handleRequest(null, Object(Config\Cache), false)
 9 FCPATH\index.php(67): CodeIgniter\CodeIgniter->run()
10 SYSTEMPATH\Commands\Server\rewrite.php(43): require_once('FCPATH\\index.php')
