CRITICAL - 2024-04-24 02:41:42 --> Undefined variable $currentPage
in APPPATH\Views\kader\anak\tambahanak.php on line 193.
 1 APPPATH\Views\kader\anak\tambahanak.php(193): CodeIgniter\Debug\Exceptions->errorHandler(2, 'Undefined variable $currentPage', 'APPPATH\\Views\\kader\\anak\\tambahanak.php', 193)
 2 SYSTEMPATH\View\View.php(213): include('APPPATH\\Views\\kader\\anak\\tambahanak.php')
 3 SYSTEMPATH\View\View.php(216): CodeIgniter\View\View->CodeIgniter\View\{closure}()
 4 SYSTEMPATH\Common.php(1137): CodeIgniter\View\View->render('kader/anak/tambahanak', [], true)
 5 APPPATH\Controllers\Anak.php(53): view('kader/anak/tambahanak', [...])
 6 SYSTEMPATH\CodeIgniter.php(898): App\Controllers\Anak->tambahanak()
 7 SYSTEMPATH\CodeIgniter.php(457): CodeIgniter\CodeIgniter->runController(Object(App\Controllers\Anak))
 8 SYSTEMPATH\CodeIgniter.php(340): CodeIgniter\CodeIgniter->handleRequest(null, Object(Config\Cache), false)
 9 FCPATH\index.php(67): CodeIgniter\CodeIgniter->run()
10 SYSTEMPATH\Commands\Server\rewrite.php(43): require_once('FCPATH\\index.php')
CRITICAL - 2024-04-24 02:42:04 --> Undefined variable $currentPage
in APPPATH\Views\kader\anak\tambahanak.php on line 193.
 1 APPPATH\Views\kader\anak\tambahanak.php(193): CodeIgniter\Debug\Exceptions->errorHandler(2, 'Undefined variable $currentPage', 'APPPATH\\Views\\kader\\anak\\tambahanak.php', 193)
 2 SYSTEMPATH\View\View.php(213): include('APPPATH\\Views\\kader\\anak\\tambahanak.php')
 3 SYSTEMPATH\View\View.php(216): CodeIgniter\View\View->CodeIgniter\View\{closure}()
 4 SYSTEMPATH\Common.php(1137): CodeIgniter\View\View->render('kader/anak/tambahanak', [], true)
 5 APPPATH\Controllers\Anak.php(53): view('kader/anak/tambahanak', [...])
 6 SYSTEMPATH\CodeIgniter.php(898): App\Controllers\Anak->tambahanak()
 7 SYSTEMPATH\CodeIgniter.php(457): CodeIgniter\CodeIgniter->runController(Object(App\Controllers\Anak))
 8 SYSTEMPATH\CodeIgniter.php(340): CodeIgniter\CodeIgniter->handleRequest(null, Object(Config\Cache), false)
 9 FCPATH\index.php(67): CodeIgniter\CodeIgniter->run()
10 SYSTEMPATH\Commands\Server\rewrite.php(43): require_once('FCPATH\\index.php')
ERROR - 2024-04-24 02:52:14 --> mysqli_sql_exception: Unknown column 'anak.idbumil' in 'on clause' in C:\xampp\htdocs\taposyandu\system\Database\MySQLi\Connection.php:292
Stack trace:
#0 C:\xampp\htdocs\taposyandu\system\Database\MySQLi\Connection.php(292): mysqli->query('SELECT `anak`.*...', 0)
#1 C:\xampp\htdocs\taposyandu\system\Database\BaseConnection.php(693): CodeIgniter\Database\MySQLi\Connection->execute('SELECT `anak`.*...')
#2 C:\xampp\htdocs\taposyandu\system\Database\BaseConnection.php(620): CodeIgniter\Database\BaseConnection->simpleQuery('SELECT `anak`.*...')
#3 C:\xampp\htdocs\taposyandu\system\Database\BaseBuilder.php(1585): CodeIgniter\Database\BaseConnection->query('SELECT `anak`.*...', Array, false)
#4 C:\xampp\htdocs\taposyandu\app\Models\AnakModel.php(42): CodeIgniter\Database\BaseBuilder->get()
#5 C:\xampp\htdocs\taposyandu\app\Controllers\Anak.php(36): App\Models\AnakModel->getAllData()
#6 C:\xampp\htdocs\taposyandu\system\CodeIgniter.php(898): App\Controllers\Anak->index()
#7 C:\xampp\htdocs\taposyandu\system\CodeIgniter.php(457): CodeIgniter\CodeIgniter->runController(Object(App\Controllers\Anak))
#8 C:\xampp\htdocs\taposyandu\system\CodeIgniter.php(340): CodeIgniter\CodeIgniter->handleRequest(NULL, Object(Config\Cache), false)
#9 C:\xampp\htdocs\taposyandu\public\index.php(67): CodeIgniter\CodeIgniter->run()
#10 C:\xampp\htdocs\taposyandu\system\Commands\Server\rewrite.php(43): require_once('C:\\xampp\\htdocs...')
#11 {main}
CRITICAL - 2024-04-24 02:52:14 --> Unknown column 'anak.idbumil' in 'on clause'
in SYSTEMPATH\Database\MySQLi\Connection.php on line 292.
 1 SYSTEMPATH\Database\MySQLi\Connection.php(292): mysqli->query('SELECT `anak`.*, `bumil`.`idbumil`, `bumil`.`ayahnama`, `bumil`.`ibunama`
FROM `anak`
LEFT JOIN `bumil` ON `bumil`.`idbumil` = `anak`.`idbumil`
ORDER BY `anak`.`idanak` DESC', 0)
 2 SYSTEMPATH\Database\BaseConnection.php(693): CodeIgniter\Database\MySQLi\Connection->execute('SELECT `anak`.*, `bumil`.`idbumil`, `bumil`.`ayahnama`, `bumil`.`ibunama`
FROM `anak`
LEFT JOIN `bumil` ON `bumil`.`idbumil` = `anak`.`idbumil`
ORDER BY `anak`.`idanak` DESC')
 3 SYSTEMPATH\Database\BaseConnection.php(620): CodeIgniter\Database\BaseConnection->simpleQuery('SELECT `anak`.*, `bumil`.`idbumil`, `bumil`.`ayahnama`, `bumil`.`ibunama`
FROM `anak`
LEFT JOIN `bumil` ON `bumil`.`idbumil` = `anak`.`idbumil`
ORDER BY `anak`.`idanak` DESC')
 4 SYSTEMPATH\Database\BaseBuilder.php(1585): CodeIgniter\Database\BaseConnection->query('SELECT `anak`.*, `bumil`.`idbumil`, `bumil`.`ayahnama`, `bumil`.`ibunama`
FROM `anak`
LEFT JOIN `bumil` ON `bumil`.`idbumil` = `anak`.`idbumil`
ORDER BY `anak`.`idanak` DESC', [], false)
 5 APPPATH\Models\AnakModel.php(42): CodeIgniter\Database\BaseBuilder->get()
 6 APPPATH\Controllers\Anak.php(36): App\Models\AnakModel->getAllData()
 7 SYSTEMPATH\CodeIgniter.php(898): App\Controllers\Anak->index()
 8 SYSTEMPATH\CodeIgniter.php(457): CodeIgniter\CodeIgniter->runController(Object(App\Controllers\Anak))
 9 SYSTEMPATH\CodeIgniter.php(340): CodeIgniter\CodeIgniter->handleRequest(null, Object(Config\Cache), false)
10 FCPATH\index.php(67): CodeIgniter\CodeIgniter->run()
11 SYSTEMPATH\Commands\Server\rewrite.php(43): require_once('FCPATH\\index.php')
CRITICAL - 2024-04-24 02:55:28 --> Undefined variable $currentPage
in APPPATH\Views\kader\anak\tambahanak.php on line 193.
 1 APPPATH\Views\kader\anak\tambahanak.php(193): CodeIgniter\Debug\Exceptions->errorHandler(2, 'Undefined variable $currentPage', 'APPPATH\\Views\\kader\\anak\\tambahanak.php', 193)
 2 SYSTEMPATH\View\View.php(213): include('APPPATH\\Views\\kader\\anak\\tambahanak.php')
 3 SYSTEMPATH\View\View.php(216): CodeIgniter\View\View->CodeIgniter\View\{closure}()
 4 SYSTEMPATH\Common.php(1137): CodeIgniter\View\View->render('kader/anak/tambahanak', [], true)
 5 APPPATH\Controllers\Anak.php(53): view('kader/anak/tambahanak', [...])
 6 SYSTEMPATH\CodeIgniter.php(898): App\Controllers\Anak->tambahanak()
 7 SYSTEMPATH\CodeIgniter.php(457): CodeIgniter\CodeIgniter->runController(Object(App\Controllers\Anak))
 8 SYSTEMPATH\CodeIgniter.php(340): CodeIgniter\CodeIgniter->handleRequest(null, Object(Config\Cache), false)
 9 FCPATH\index.php(67): CodeIgniter\CodeIgniter->run()
10 SYSTEMPATH\Commands\Server\rewrite.php(43): require_once('FCPATH\\index.php')
CRITICAL - 2024-04-24 02:59:29 --> Unsupported operand types: string - int
in APPPATH\Views\kader\anak\tambahanak.php on line 193.
 1 SYSTEMPATH\View\View.php(213): include()
 2 SYSTEMPATH\View\View.php(216): CodeIgniter\View\View->CodeIgniter\View\{closure}()
 3 SYSTEMPATH\Common.php(1137): CodeIgniter\View\View->render('kader/anak/tambahanak', [], true)
 4 APPPATH\Controllers\Anak.php(53): view('kader/anak/tambahanak', [...])
 5 SYSTEMPATH\CodeIgniter.php(898): App\Controllers\Anak->tambahanak()
 6 SYSTEMPATH\CodeIgniter.php(457): CodeIgniter\CodeIgniter->runController(Object(App\Controllers\Anak))
 7 SYSTEMPATH\CodeIgniter.php(340): CodeIgniter\CodeIgniter->handleRequest(null, Object(Config\Cache), false)
 8 FCPATH\index.php(67): CodeIgniter\CodeIgniter->run()
 9 SYSTEMPATH\Commands\Server\rewrite.php(43): require_once('FCPATH\\index.php')
CRITICAL - 2024-04-24 02:59:58 --> Undefined variable $currentPage
in APPPATH\Views\kader\anak\tambahanak.php on line 193.
 1 APPPATH\Views\kader\anak\tambahanak.php(193): CodeIgniter\Debug\Exceptions->errorHandler(2, 'Undefined variable $currentPage', 'APPPATH\\Views\\kader\\anak\\tambahanak.php', 193)
 2 SYSTEMPATH\View\View.php(213): include('APPPATH\\Views\\kader\\anak\\tambahanak.php')
 3 SYSTEMPATH\View\View.php(216): CodeIgniter\View\View->CodeIgniter\View\{closure}()
 4 SYSTEMPATH\Common.php(1137): CodeIgniter\View\View->render('kader/anak/tambahanak', [], true)
 5 APPPATH\Controllers\Anak.php(53): view('kader/anak/tambahanak', [...])
 6 SYSTEMPATH\CodeIgniter.php(898): App\Controllers\Anak->tambahanak()
 7 SYSTEMPATH\CodeIgniter.php(457): CodeIgniter\CodeIgniter->runController(Object(App\Controllers\Anak))
 8 SYSTEMPATH\CodeIgniter.php(340): CodeIgniter\CodeIgniter->handleRequest(null, Object(Config\Cache), false)
 9 FCPATH\index.php(67): CodeIgniter\CodeIgniter->run()
10 SYSTEMPATH\Commands\Server\rewrite.php(43): require_once('FCPATH\\index.php')
CRITICAL - 2024-04-24 03:00:05 --> Undefined variable $currentPage
in APPPATH\Views\kader\anak\tambahanak.php on line 193.
 1 APPPATH\Views\kader\anak\tambahanak.php(193): CodeIgniter\Debug\Exceptions->errorHandler(2, 'Undefined variable $currentPage', 'APPPATH\\Views\\kader\\anak\\tambahanak.php', 193)
 2 SYSTEMPATH\View\View.php(213): include('APPPATH\\Views\\kader\\anak\\tambahanak.php')
 3 SYSTEMPATH\View\View.php(216): CodeIgniter\View\View->CodeIgniter\View\{closure}()
 4 SYSTEMPATH\Common.php(1137): CodeIgniter\View\View->render('kader/anak/tambahanak', [], true)
 5 APPPATH\Controllers\Anak.php(53): view('kader/anak/tambahanak', [...])
 6 SYSTEMPATH\CodeIgniter.php(898): App\Controllers\Anak->tambahanak()
 7 SYSTEMPATH\CodeIgniter.php(457): CodeIgniter\CodeIgniter->runController(Object(App\Controllers\Anak))
 8 SYSTEMPATH\CodeIgniter.php(340): CodeIgniter\CodeIgniter->handleRequest(null, Object(Config\Cache), false)
 9 FCPATH\index.php(67): CodeIgniter\CodeIgniter->run()
10 SYSTEMPATH\Commands\Server\rewrite.php(43): require_once('FCPATH\\index.php')
CRITICAL - 2024-04-24 03:01:12 --> Undefined variable $currentPage
in APPPATH\Views\kader\anak\tambahanak.php on line 193.
 1 APPPATH\Views\kader\anak\tambahanak.php(193): CodeIgniter\Debug\Exceptions->errorHandler(2, 'Undefined variable $currentPage', 'APPPATH\\Views\\kader\\anak\\tambahanak.php', 193)
 2 SYSTEMPATH\View\View.php(213): include('APPPATH\\Views\\kader\\anak\\tambahanak.php')
 3 SYSTEMPATH\View\View.php(216): CodeIgniter\View\View->CodeIgniter\View\{closure}()
 4 SYSTEMPATH\Common.php(1137): CodeIgniter\View\View->render('kader/anak/tambahanak', [], true)
 5 APPPATH\Controllers\Anak.php(53): view('kader/anak/tambahanak', [...])
 6 SYSTEMPATH\CodeIgniter.php(898): App\Controllers\Anak->tambahanak()
 7 SYSTEMPATH\CodeIgniter.php(457): CodeIgniter\CodeIgniter->runController(Object(App\Controllers\Anak))
 8 SYSTEMPATH\CodeIgniter.php(340): CodeIgniter\CodeIgniter->handleRequest(null, Object(Config\Cache), false)
 9 FCPATH\index.php(67): CodeIgniter\CodeIgniter->run()
10 SYSTEMPATH\Commands\Server\rewrite.php(43): require_once('FCPATH\\index.php')
ERROR - 2024-04-24 03:23:27 --> mysqli_sql_exception: Unknown column 'anak.idbumil' in 'on clause' in C:\xampp\htdocs\taposyandu\system\Database\MySQLi\Connection.php:292
Stack trace:
#0 C:\xampp\htdocs\taposyandu\system\Database\MySQLi\Connection.php(292): mysqli->query('SELECT `anak`.`...', 0)
#1 C:\xampp\htdocs\taposyandu\system\Database\BaseConnection.php(693): CodeIgniter\Database\MySQLi\Connection->execute('SELECT `anak`.`...')
#2 C:\xampp\htdocs\taposyandu\system\Database\BaseConnection.php(620): CodeIgniter\Database\BaseConnection->simpleQuery('SELECT `anak`.`...')
#3 C:\xampp\htdocs\taposyandu\system\Database\BaseBuilder.php(1585): CodeIgniter\Database\BaseConnection->query('SELECT `anak`.`...', Array, false)
#4 C:\xampp\htdocs\taposyandu\app\Models\PenimbanganModel.php(68): CodeIgniter\Database\BaseBuilder->get()
#5 C:\xampp\htdocs\taposyandu\app\Controllers\Penimbangan.php(38): App\Models\PenimbanganModel->getDataAnak()
#6 C:\xampp\htdocs\taposyandu\system\CodeIgniter.php(898): App\Controllers\Penimbangan->index()
#7 C:\xampp\htdocs\taposyandu\system\CodeIgniter.php(457): CodeIgniter\CodeIgniter->runController(Object(App\Controllers\Penimbangan))
#8 C:\xampp\htdocs\taposyandu\system\CodeIgniter.php(340): CodeIgniter\CodeIgniter->handleRequest(NULL, Object(Config\Cache), false)
#9 C:\xampp\htdocs\taposyandu\public\index.php(67): CodeIgniter\CodeIgniter->run()
#10 C:\xampp\htdocs\taposyandu\system\Commands\Server\rewrite.php(43): require_once('C:\\xampp\\htdocs...')
#11 {main}
CRITICAL - 2024-04-24 03:23:27 --> Unknown column 'anak.idbumil' in 'on clause'
in SYSTEMPATH\Database\MySQLi\Connection.php on line 292.
 1 SYSTEMPATH\Database\MySQLi\Connection.php(292): mysqli->query('SELECT `anak`.`idanak`, `anak`.`anaknama`, `anak`.`jk`, `anak`.`tgllhr`, `bumil`.`idbumil`, `bumil`.`ibunama`, `bumil`.`ayahnama`
FROM `anak`
LEFT JOIN `bumil` ON `anak`.`idbumil` = `bumil`.`idbumil`
ORDER BY `anak`.`idanak` DESC', 0)
 2 SYSTEMPATH\Database\BaseConnection.php(693): CodeIgniter\Database\MySQLi\Connection->execute('SELECT `anak`.`idanak`, `anak`.`anaknama`, `anak`.`jk`, `anak`.`tgllhr`, `bumil`.`idbumil`, `bumil`.`ibunama`, `bumil`.`ayahnama`
FROM `anak`
LEFT JOIN `bumil` ON `anak`.`idbumil` = `bumil`.`idbumil`
ORDER BY `anak`.`idanak` DESC')
 3 SYSTEMPATH\Database\BaseConnection.php(620): CodeIgniter\Database\BaseConnection->simpleQuery('SELECT `anak`.`idanak`, `anak`.`anaknama`, `anak`.`jk`, `anak`.`tgllhr`, `bumil`.`idbumil`, `bumil`.`ibunama`, `bumil`.`ayahnama`
FROM `anak`
LEFT JOIN `bumil` ON `anak`.`idbumil` = `bumil`.`idbumil`
ORDER BY `anak`.`idanak` DESC')
 4 SYSTEMPATH\Database\BaseBuilder.php(1585): CodeIgniter\Database\BaseConnection->query('SELECT `anak`.`idanak`, `anak`.`anaknama`, `anak`.`jk`, `anak`.`tgllhr`, `bumil`.`idbumil`, `bumil`.`ibunama`, `bumil`.`ayahnama`
FROM `anak`
LEFT JOIN `bumil` ON `anak`.`idbumil` = `bumil`.`idbumil`
ORDER BY `anak`.`idanak` DESC', [], false)
 5 APPPATH\Models\PenimbanganModel.php(68): CodeIgniter\Database\BaseBuilder->get()
 6 APPPATH\Controllers\Penimbangan.php(38): App\Models\PenimbanganModel->getDataAnak()
 7 SYSTEMPATH\CodeIgniter.php(898): App\Controllers\Penimbangan->index()
 8 SYSTEMPATH\CodeIgniter.php(457): CodeIgniter\CodeIgniter->runController(Object(App\Controllers\Penimbangan))
 9 SYSTEMPATH\CodeIgniter.php(340): CodeIgniter\CodeIgniter->handleRequest(null, Object(Config\Cache), false)
10 FCPATH\index.php(67): CodeIgniter\CodeIgniter->run()
11 SYSTEMPATH\Commands\Server\rewrite.php(43): require_once('FCPATH\\index.php')
ERROR - 2024-04-24 03:27:33 --> mysqli_sql_exception: Unknown column 'anak.idbumil' in 'on clause' in C:\xampp\htdocs\taposyandu\system\Database\MySQLi\Connection.php:292
Stack trace:
#0 C:\xampp\htdocs\taposyandu\system\Database\MySQLi\Connection.php(292): mysqli->query('SELECT `anak`.`...', 0)
#1 C:\xampp\htdocs\taposyandu\system\Database\BaseConnection.php(693): CodeIgniter\Database\MySQLi\Connection->execute('SELECT `anak`.`...')
#2 C:\xampp\htdocs\taposyandu\system\Database\BaseConnection.php(620): CodeIgniter\Database\BaseConnection->simpleQuery('SELECT `anak`.`...')
#3 C:\xampp\htdocs\taposyandu\system\Database\BaseBuilder.php(1585): CodeIgniter\Database\BaseConnection->query('SELECT `anak`.`...', Array, false)
#4 C:\xampp\htdocs\taposyandu\app\Models\ImunisasiModel.php(59): CodeIgniter\Database\BaseBuilder->get()
#5 C:\xampp\htdocs\taposyandu\app\Controllers\Imunisasi.php(38): App\Models\ImunisasiModel->getDataAnak()
#6 C:\xampp\htdocs\taposyandu\system\CodeIgniter.php(898): App\Controllers\Imunisasi->index()
#7 C:\xampp\htdocs\taposyandu\system\CodeIgniter.php(457): CodeIgniter\CodeIgniter->runController(Object(App\Controllers\Imunisasi))
#8 C:\xampp\htdocs\taposyandu\system\CodeIgniter.php(340): CodeIgniter\CodeIgniter->handleRequest(NULL, Object(Config\Cache), false)
#9 C:\xampp\htdocs\taposyandu\public\index.php(67): CodeIgniter\CodeIgniter->run()
#10 C:\xampp\htdocs\taposyandu\system\Commands\Server\rewrite.php(43): require_once('C:\\xampp\\htdocs...')
#11 {main}
CRITICAL - 2024-04-24 03:27:33 --> Unknown column 'anak.idbumil' in 'on clause'
in SYSTEMPATH\Database\MySQLi\Connection.php on line 292.
 1 SYSTEMPATH\Database\MySQLi\Connection.php(292): mysqli->query('SELECT `anak`.`idanak`, `anak`.`anaknama`, `anak`.`tgllhr`, `anak`.`jk`, `bumil`.`idbumil`, `bumil`.`ibunama`
FROM `anak`
LEFT JOIN `bumil` ON `anak`.`idbumil` = `bumil`.`idbumil`
ORDER BY `anak`.`idanak` DESC', 0)
 2 SYSTEMPATH\Database\BaseConnection.php(693): CodeIgniter\Database\MySQLi\Connection->execute('SELECT `anak`.`idanak`, `anak`.`anaknama`, `anak`.`tgllhr`, `anak`.`jk`, `bumil`.`idbumil`, `bumil`.`ibunama`
FROM `anak`
LEFT JOIN `bumil` ON `anak`.`idbumil` = `bumil`.`idbumil`
ORDER BY `anak`.`idanak` DESC')
 3 SYSTEMPATH\Database\BaseConnection.php(620): CodeIgniter\Database\BaseConnection->simpleQuery('SELECT `anak`.`idanak`, `anak`.`anaknama`, `anak`.`tgllhr`, `anak`.`jk`, `bumil`.`idbumil`, `bumil`.`ibunama`
FROM `anak`
LEFT JOIN `bumil` ON `anak`.`idbumil` = `bumil`.`idbumil`
ORDER BY `anak`.`idanak` DESC')
 4 SYSTEMPATH\Database\BaseBuilder.php(1585): CodeIgniter\Database\BaseConnection->query('SELECT `anak`.`idanak`, `anak`.`anaknama`, `anak`.`tgllhr`, `anak`.`jk`, `bumil`.`idbumil`, `bumil`.`ibunama`
FROM `anak`
LEFT JOIN `bumil` ON `anak`.`idbumil` = `bumil`.`idbumil`
ORDER BY `anak`.`idanak` DESC', [], false)
 5 APPPATH\Models\ImunisasiModel.php(59): CodeIgniter\Database\BaseBuilder->get()
 6 APPPATH\Controllers\Imunisasi.php(38): App\Models\ImunisasiModel->getDataAnak()
 7 SYSTEMPATH\CodeIgniter.php(898): App\Controllers\Imunisasi->index()
 8 SYSTEMPATH\CodeIgniter.php(457): CodeIgniter\CodeIgniter->runController(Object(App\Controllers\Imunisasi))
 9 SYSTEMPATH\CodeIgniter.php(340): CodeIgniter\CodeIgniter->handleRequest(null, Object(Config\Cache), false)
10 FCPATH\index.php(67): CodeIgniter\CodeIgniter->run()
11 SYSTEMPATH\Commands\Server\rewrite.php(43): require_once('FCPATH\\index.php')
ERROR - 2024-04-24 03:31:05 --> mysqli_sql_exception: Unknown column 'anak.idbumil' in 'on clause' in C:\xampp\htdocs\taposyandu\system\Database\MySQLi\Connection.php:292
Stack trace:
#0 C:\xampp\htdocs\taposyandu\system\Database\MySQLi\Connection.php(292): mysqli->query('SELECT `anak`.`...', 0)
#1 C:\xampp\htdocs\taposyandu\system\Database\BaseConnection.php(693): CodeIgniter\Database\MySQLi\Connection->execute('SELECT `anak`.`...')
#2 C:\xampp\htdocs\taposyandu\system\Database\BaseConnection.php(620): CodeIgniter\Database\BaseConnection->simpleQuery('SELECT `anak`.`...')
#3 C:\xampp\htdocs\taposyandu\system\Database\BaseBuilder.php(1585): CodeIgniter\Database\BaseConnection->query('SELECT `anak`.`...', Array, false)
#4 C:\xampp\htdocs\taposyandu\app\Models\PenimbanganModel.php(68): CodeIgniter\Database\BaseBuilder->get()
#5 C:\xampp\htdocs\taposyandu\app\Controllers\Penimbangan.php(38): App\Models\PenimbanganModel->getDataAnak()
#6 C:\xampp\htdocs\taposyandu\system\CodeIgniter.php(898): App\Controllers\Penimbangan->index()
#7 C:\xampp\htdocs\taposyandu\system\CodeIgniter.php(457): CodeIgniter\CodeIgniter->runController(Object(App\Controllers\Penimbangan))
#8 C:\xampp\htdocs\taposyandu\system\CodeIgniter.php(340): CodeIgniter\CodeIgniter->handleRequest(NULL, Object(Config\Cache), false)
#9 C:\xampp\htdocs\taposyandu\public\index.php(67): CodeIgniter\CodeIgniter->run()
#10 C:\xampp\htdocs\taposyandu\system\Commands\Server\rewrite.php(43): require_once('C:\\xampp\\htdocs...')
#11 {main}
CRITICAL - 2024-04-24 03:31:05 --> Unknown column 'anak.idbumil' in 'on clause'
in SYSTEMPATH\Database\MySQLi\Connection.php on line 292.
 1 SYSTEMPATH\Database\MySQLi\Connection.php(292): mysqli->query('SELECT `anak`.`idanak`, `anak`.`anaknama`, `anak`.`jk`, `anak`.`tgllhr`, `bumil`.`idbumil`, `bumil`.`ibunama`, `bumil`.`ayahnama`
FROM `anak`
LEFT JOIN `bumil` ON `anak`.`idbumil` = `bumil`.`idbumil`
ORDER BY `anak`.`idanak` DESC', 0)
 2 SYSTEMPATH\Database\BaseConnection.php(693): CodeIgniter\Database\MySQLi\Connection->execute('SELECT `anak`.`idanak`, `anak`.`anaknama`, `anak`.`jk`, `anak`.`tgllhr`, `bumil`.`idbumil`, `bumil`.`ibunama`, `bumil`.`ayahnama`
FROM `anak`
LEFT JOIN `bumil` ON `anak`.`idbumil` = `bumil`.`idbumil`
ORDER BY `anak`.`idanak` DESC')
 3 SYSTEMPATH\Database\BaseConnection.php(620): CodeIgniter\Database\BaseConnection->simpleQuery('SELECT `anak`.`idanak`, `anak`.`anaknama`, `anak`.`jk`, `anak`.`tgllhr`, `bumil`.`idbumil`, `bumil`.`ibunama`, `bumil`.`ayahnama`
FROM `anak`
LEFT JOIN `bumil` ON `anak`.`idbumil` = `bumil`.`idbumil`
ORDER BY `anak`.`idanak` DESC')
 4 SYSTEMPATH\Database\BaseBuilder.php(1585): CodeIgniter\Database\BaseConnection->query('SELECT `anak`.`idanak`, `anak`.`anaknama`, `anak`.`jk`, `anak`.`tgllhr`, `bumil`.`idbumil`, `bumil`.`ibunama`, `bumil`.`ayahnama`
FROM `anak`
LEFT JOIN `bumil` ON `anak`.`idbumil` = `bumil`.`idbumil`
ORDER BY `anak`.`idanak` DESC', [], false)
 5 APPPATH\Models\PenimbanganModel.php(68): CodeIgniter\Database\BaseBuilder->get()
 6 APPPATH\Controllers\Penimbangan.php(38): App\Models\PenimbanganModel->getDataAnak()
 7 SYSTEMPATH\CodeIgniter.php(898): App\Controllers\Penimbangan->index()
 8 SYSTEMPATH\CodeIgniter.php(457): CodeIgniter\CodeIgniter->runController(Object(App\Controllers\Penimbangan))
 9 SYSTEMPATH\CodeIgniter.php(340): CodeIgniter\CodeIgniter->handleRequest(null, Object(Config\Cache), false)
10 FCPATH\index.php(67): CodeIgniter\CodeIgniter->run()
11 SYSTEMPATH\Commands\Server\rewrite.php(43): require_once('FCPATH\\index.php')
ERROR - 2024-04-24 03:36:07 --> mysqli_sql_exception: Unknown column 'penimbangan.idortu' in 'on clause' in C:\xampp\htdocs\taposyandu\system\Database\MySQLi\Connection.php:292
Stack trace:
#0 C:\xampp\htdocs\taposyandu\system\Database\MySQLi\Connection.php(292): mysqli->query('SELECT `penimba...', 0)
#1 C:\xampp\htdocs\taposyandu\system\Database\BaseConnection.php(693): CodeIgniter\Database\MySQLi\Connection->execute('SELECT `penimba...')
#2 C:\xampp\htdocs\taposyandu\system\Database\BaseConnection.php(620): CodeIgniter\Database\BaseConnection->simpleQuery('SELECT `penimba...')
#3 C:\xampp\htdocs\taposyandu\system\Database\BaseBuilder.php(1585): CodeIgniter\Database\BaseConnection->query('SELECT `penimba...', Array, false)
#4 C:\xampp\htdocs\taposyandu\app\Models\PenimbanganModel.php(78): CodeIgniter\Database\BaseBuilder->get()
#5 C:\xampp\htdocs\taposyandu\app\Controllers\Penimbangan.php(30): App\Models\PenimbanganModel->getAllData()
#6 C:\xampp\htdocs\taposyandu\system\CodeIgniter.php(898): App\Controllers\Penimbangan->index()
#7 C:\xampp\htdocs\taposyandu\system\CodeIgniter.php(457): CodeIgniter\CodeIgniter->runController(Object(App\Controllers\Penimbangan))
#8 C:\xampp\htdocs\taposyandu\system\CodeIgniter.php(340): CodeIgniter\CodeIgniter->handleRequest(NULL, Object(Config\Cache), false)
#9 C:\xampp\htdocs\taposyandu\public\index.php(67): CodeIgniter\CodeIgniter->run()
#10 C:\xampp\htdocs\taposyandu\system\Commands\Server\rewrite.php(43): require_once('C:\\xampp\\htdocs...')
#11 {main}
CRITICAL - 2024-04-24 03:36:07 --> Unknown column 'penimbangan.idortu' in 'on clause'
in SYSTEMPATH\Database\MySQLi\Connection.php on line 292.
 1 SYSTEMPATH\Database\MySQLi\Connection.php(292): mysqli->query('SELECT `penimbangan`.*, `anak`.`idanak`, `anak`.`anaknama`, `anak`.`jk`, `anak`.`tgllhr`, `ortu`.`idortu`, `ortu`.`ibunama`, `ortu`.`ayahnama`
FROM `penimbangan`
LEFT JOIN `anak` ON `penimbangan`.`idanak` = `anak`.`idanak`
LEFT JOIN `ortu` ON `penimbangan`.`idortu` = `ortu`.`idortu`
ORDER BY `penimbangan`.`idpenimbangan` DESC', 0)
 2 SYSTEMPATH\Database\BaseConnection.php(693): CodeIgniter\Database\MySQLi\Connection->execute('SELECT `penimbangan`.*, `anak`.`idanak`, `anak`.`anaknama`, `anak`.`jk`, `anak`.`tgllhr`, `ortu`.`idortu`, `ortu`.`ibunama`, `ortu`.`ayahnama`
FROM `penimbangan`
LEFT JOIN `anak` ON `penimbangan`.`idanak` = `anak`.`idanak`
LEFT JOIN `ortu` ON `penimbangan`.`idortu` = `ortu`.`idortu`
ORDER BY `penimbangan`.`idpenimbangan` DESC')
 3 SYSTEMPATH\Database\BaseConnection.php(620): CodeIgniter\Database\BaseConnection->simpleQuery('SELECT `penimbangan`.*, `anak`.`idanak`, `anak`.`anaknama`, `anak`.`jk`, `anak`.`tgllhr`, `ortu`.`idortu`, `ortu`.`ibunama`, `ortu`.`ayahnama`
FROM `penimbangan`
LEFT JOIN `anak` ON `penimbangan`.`idanak` = `anak`.`idanak`
LEFT JOIN `ortu` ON `penimbangan`.`idortu` = `ortu`.`idortu`
ORDER BY `penimbangan`.`idpenimbangan` DESC')
 4 SYSTEMPATH\Database\BaseBuilder.php(1585): CodeIgniter\Database\BaseConnection->query('SELECT `penimbangan`.*, `anak`.`idanak`, `anak`.`anaknama`, `anak`.`jk`, `anak`.`tgllhr`, `ortu`.`idortu`, `ortu`.`ibunama`, `ortu`.`ayahnama`
FROM `penimbangan`
LEFT JOIN `anak` ON `penimbangan`.`idanak` = `anak`.`idanak`
LEFT JOIN `ortu` ON `penimbangan`.`idortu` = `ortu`.`idortu`
ORDER BY `penimbangan`.`idpenimbangan` DESC', [], false)
 5 APPPATH\Models\PenimbanganModel.php(78): CodeIgniter\Database\BaseBuilder->get()
 6 APPPATH\Controllers\Penimbangan.php(30): App\Models\PenimbanganModel->getAllData()
 7 SYSTEMPATH\CodeIgniter.php(898): App\Controllers\Penimbangan->index()
 8 SYSTEMPATH\CodeIgniter.php(457): CodeIgniter\CodeIgniter->runController(Object(App\Controllers\Penimbangan))
 9 SYSTEMPATH\CodeIgniter.php(340): CodeIgniter\CodeIgniter->handleRequest(null, Object(Config\Cache), false)
10 FCPATH\index.php(67): CodeIgniter\CodeIgniter->run()
11 SYSTEMPATH\Commands\Server\rewrite.php(43): require_once('FCPATH\\index.php')
CRITICAL - 2024-04-24 03:36:56 --> Undefined property: stdClass::$idbumil
in APPPATH\Views\kader\timbang\datapenimbanganak.php on line 309.
 1 APPPATH\Views\kader\timbang\datapenimbanganak.php(309): CodeIgniter\Debug\Exceptions->errorHandler(2, 'Undefined property: stdClass::$idbumil', 'APPPATH\\Views\\kader\\timbang\\datapenimbanganak.php', 309)
 2 SYSTEMPATH\View\View.php(213): include('APPPATH\\Views\\kader\\timbang\\datapenimbanganak.php')
 3 SYSTEMPATH\View\View.php(216): CodeIgniter\View\View->CodeIgniter\View\{closure}()
 4 SYSTEMPATH\Common.php(1137): CodeIgniter\View\View->render('kader/timbang/datapenimbanganak', [], true)
 5 APPPATH\Controllers\Penimbangan.php(42): view('kader/timbang/datapenimbanganak', [...])
 6 SYSTEMPATH\CodeIgniter.php(898): App\Controllers\Penimbangan->index()
 7 SYSTEMPATH\CodeIgniter.php(457): CodeIgniter\CodeIgniter->runController(Object(App\Controllers\Penimbangan))
 8 SYSTEMPATH\CodeIgniter.php(340): CodeIgniter\CodeIgniter->handleRequest(null, Object(Config\Cache), false)
 9 FCPATH\index.php(67): CodeIgniter\CodeIgniter->run()
10 SYSTEMPATH\Commands\Server\rewrite.php(43): require_once('FCPATH\\index.php')
ERROR - 2024-04-24 03:39:50 --> mysqli_sql_exception: Unknown column 'anak.idbumil' in 'on clause' in C:\xampp\htdocs\taposyandu\system\Database\MySQLi\Connection.php:292
Stack trace:
#0 C:\xampp\htdocs\taposyandu\system\Database\MySQLi\Connection.php(292): mysqli->query('SELECT `anak`.`...', 0)
#1 C:\xampp\htdocs\taposyandu\system\Database\BaseConnection.php(693): CodeIgniter\Database\MySQLi\Connection->execute('SELECT `anak`.`...')
#2 C:\xampp\htdocs\taposyandu\system\Database\BaseConnection.php(620): CodeIgniter\Database\BaseConnection->simpleQuery('SELECT `anak`.`...')
#3 C:\xampp\htdocs\taposyandu\system\Database\BaseBuilder.php(1585): CodeIgniter\Database\BaseConnection->query('SELECT `anak`.`...', Array, false)
#4 C:\xampp\htdocs\taposyandu\app\Models\ImunisasiModel.php(59): CodeIgniter\Database\BaseBuilder->get()
#5 C:\xampp\htdocs\taposyandu\app\Controllers\Imunisasi.php(38): App\Models\ImunisasiModel->getDataAnak()
#6 C:\xampp\htdocs\taposyandu\system\CodeIgniter.php(898): App\Controllers\Imunisasi->index()
#7 C:\xampp\htdocs\taposyandu\system\CodeIgniter.php(457): CodeIgniter\CodeIgniter->runController(Object(App\Controllers\Imunisasi))
#8 C:\xampp\htdocs\taposyandu\system\CodeIgniter.php(340): CodeIgniter\CodeIgniter->handleRequest(NULL, Object(Config\Cache), false)
#9 C:\xampp\htdocs\taposyandu\public\index.php(67): CodeIgniter\CodeIgniter->run()
#10 C:\xampp\htdocs\taposyandu\system\Commands\Server\rewrite.php(43): require_once('C:\\xampp\\htdocs...')
#11 {main}
CRITICAL - 2024-04-24 03:39:50 --> Unknown column 'anak.idbumil' in 'on clause'
in SYSTEMPATH\Database\MySQLi\Connection.php on line 292.
 1 SYSTEMPATH\Database\MySQLi\Connection.php(292): mysqli->query('SELECT `anak`.`idanak`, `anak`.`anaknama`, `anak`.`tgllhr`, `anak`.`jk`, `bumil`.`idbumil`, `bumil`.`ibunama`
FROM `anak`
LEFT JOIN `bumil` ON `anak`.`idbumil` = `bumil`.`idbumil`
ORDER BY `anak`.`idanak` DESC', 0)
 2 SYSTEMPATH\Database\BaseConnection.php(693): CodeIgniter\Database\MySQLi\Connection->execute('SELECT `anak`.`idanak`, `anak`.`anaknama`, `anak`.`tgllhr`, `anak`.`jk`, `bumil`.`idbumil`, `bumil`.`ibunama`
FROM `anak`
LEFT JOIN `bumil` ON `anak`.`idbumil` = `bumil`.`idbumil`
ORDER BY `anak`.`idanak` DESC')
 3 SYSTEMPATH\Database\BaseConnection.php(620): CodeIgniter\Database\BaseConnection->simpleQuery('SELECT `anak`.`idanak`, `anak`.`anaknama`, `anak`.`tgllhr`, `anak`.`jk`, `bumil`.`idbumil`, `bumil`.`ibunama`
FROM `anak`
LEFT JOIN `bumil` ON `anak`.`idbumil` = `bumil`.`idbumil`
ORDER BY `anak`.`idanak` DESC')
 4 SYSTEMPATH\Database\BaseBuilder.php(1585): CodeIgniter\Database\BaseConnection->query('SELECT `anak`.`idanak`, `anak`.`anaknama`, `anak`.`tgllhr`, `anak`.`jk`, `bumil`.`idbumil`, `bumil`.`ibunama`
FROM `anak`
LEFT JOIN `bumil` ON `anak`.`idbumil` = `bumil`.`idbumil`
ORDER BY `anak`.`idanak` DESC', [], false)
 5 APPPATH\Models\ImunisasiModel.php(59): CodeIgniter\Database\BaseBuilder->get()
 6 APPPATH\Controllers\Imunisasi.php(38): App\Models\ImunisasiModel->getDataAnak()
 7 SYSTEMPATH\CodeIgniter.php(898): App\Controllers\Imunisasi->index()
 8 SYSTEMPATH\CodeIgniter.php(457): CodeIgniter\CodeIgniter->runController(Object(App\Controllers\Imunisasi))
 9 SYSTEMPATH\CodeIgniter.php(340): CodeIgniter\CodeIgniter->handleRequest(null, Object(Config\Cache), false)
10 FCPATH\index.php(67): CodeIgniter\CodeIgniter->run()
11 SYSTEMPATH\Commands\Server\rewrite.php(43): require_once('FCPATH\\index.php')
