CRITICAL - 2023-07-04 06:15:52 --> Call to undefined method CodeIgniter\Database\MySQLi\Builder::getRow()
in APPPATH\Controllers\Bumil.php on line 64.
 1 SYSTEMPATH\CodeIgniter.php(898): App\Controllers\Bumil->save()
 2 SYSTEMPATH\CodeIgniter.php(457): CodeIgniter\CodeIgniter->runController(Object(App\Controllers\Bumil))
 3 SYSTEMPATH\CodeIgniter.php(340): CodeIgniter\CodeIgniter->handleRequest(null, Object(Config\Cache), false)
 4 FCPATH\index.php(67): CodeIgniter\CodeIgniter->run()
 5 SYSTEMPATH\Commands\Server\rewrite.php(43): require_once('FCPATH\\index.php')
CRITICAL - 2023-07-04 06:19:44 --> Call to undefined method CodeIgniter\Database\MySQLi\Builder::getRowArray()
in APPPATH\Controllers\Bumil.php on line 64.
 1 SYSTEMPATH\CodeIgniter.php(898): App\Controllers\Bumil->save()
 2 SYSTEMPATH\CodeIgniter.php(457): CodeIgniter\CodeIgniter->runController(Object(App\Controllers\Bumil))
 3 SYSTEMPATH\CodeIgniter.php(340): CodeIgniter\CodeIgniter->handleRequest(null, Object(Config\Cache), false)
 4 FCPATH\index.php(67): CodeIgniter\CodeIgniter->run()
 5 SYSTEMPATH\Commands\Server\rewrite.php(43): require_once('FCPATH\\index.php')
CRITICAL - 2023-07-04 06:21:37 --> CodeIgniter\Database\BaseBuilder::getWhere(): Argument #2 ($limit) must be of type ?int, string given, called in C:\xampp\htdocs\ta_posyandu\app\Controllers\Bumil.php on line 64
in SYSTEMPATH\Database\BaseBuilder.php on line 1706.
 1 APPPATH\Controllers\Bumil.php(64): CodeIgniter\Database\BaseBuilder->getWhere('role', 'masyarakat')
 2 SYSTEMPATH\CodeIgniter.php(898): App\Controllers\Bumil->save()
 3 SYSTEMPATH\CodeIgniter.php(457): CodeIgniter\CodeIgniter->runController(Object(App\Controllers\Bumil))
 4 SYSTEMPATH\CodeIgniter.php(340): CodeIgniter\CodeIgniter->handleRequest(null, Object(Config\Cache), false)
 5 FCPATH\index.php(67): CodeIgniter\CodeIgniter->run()
 6 SYSTEMPATH\Commands\Server\rewrite.php(43): require_once('FCPATH\\index.php')
ERROR - 2023-07-04 06:22:39 --> mysqli_sql_exception: You have an error in your SQL syntax; check the manual that corresponds to your MariaDB server version for the right syntax to use near ':0:
AND 1 = :1:' at line 3 in C:\xampp\htdocs\ta_posyandu\system\Database\MySQLi\Connection.php:292
Stack trace:
#0 C:\xampp\htdocs\ta_posyandu\system\Database\MySQLi\Connection.php(292): mysqli->query('SELECT *\nFROM `...', 0)
#1 C:\xampp\htdocs\ta_posyandu\system\Database\BaseConnection.php(693): CodeIgniter\Database\MySQLi\Connection->execute('SELECT *\nFROM `...')
#2 C:\xampp\htdocs\ta_posyandu\system\Database\BaseConnection.php(620): CodeIgniter\Database\BaseConnection->simpleQuery('SELECT *\nFROM `...')
#3 C:\xampp\htdocs\ta_posyandu\system\Database\BaseBuilder.php(1718): CodeIgniter\Database\BaseConnection->query('SELECT *\nFROM `...', Array, false)
#4 C:\xampp\htdocs\ta_posyandu\app\Controllers\Bumil.php(64): CodeIgniter\Database\BaseBuilder->getWhere(Array)
#5 C:\xampp\htdocs\ta_posyandu\system\CodeIgniter.php(898): App\Controllers\Bumil->save()
#6 C:\xampp\htdocs\ta_posyandu\system\CodeIgniter.php(457): CodeIgniter\CodeIgniter->runController(Object(App\Controllers\Bumil))
#7 C:\xampp\htdocs\ta_posyandu\system\CodeIgniter.php(340): CodeIgniter\CodeIgniter->handleRequest(NULL, Object(Config\Cache), false)
#8 C:\xampp\htdocs\ta_posyandu\public\index.php(67): CodeIgniter\CodeIgniter->run()
#9 C:\xampp\htdocs\ta_posyandu\system\Commands\Server\rewrite.php(43): require_once('C:\\xampp\\htdocs...')
#10 {main}
CRITICAL - 2023-07-04 06:22:39 --> You have an error in your SQL syntax; check the manual that corresponds to your MariaDB server version for the right syntax to use near ':0:
AND 1 = :1:' at line 3
in SYSTEMPATH\Database\MySQLi\Connection.php on line 292.
 1 SYSTEMPATH\Database\MySQLi\Connection.php(292): mysqli->query('SELECT *
FROM `users`
WHERE 0 = :0:
AND 1 = :1:', 0)
 2 SYSTEMPATH\Database\BaseConnection.php(693): CodeIgniter\Database\MySQLi\Connection->execute('SELECT *
FROM `users`
WHERE 0 = :0:
AND 1 = :1:')
 3 SYSTEMPATH\Database\BaseConnection.php(620): CodeIgniter\Database\BaseConnection->simpleQuery('SELECT *
FROM `users`
WHERE 0 = :0:
AND 1 = :1:')
 4 SYSTEMPATH\Database\BaseBuilder.php(1718): CodeIgniter\Database\BaseConnection->query('SELECT *
FROM `users`
WHERE 0 = :0:
AND 1 = :1:', [...], false)
 5 APPPATH\Controllers\Bumil.php(64): CodeIgniter\Database\BaseBuilder->getWhere([...])
 6 SYSTEMPATH\CodeIgniter.php(898): App\Controllers\Bumil->save()
 7 SYSTEMPATH\CodeIgniter.php(457): CodeIgniter\CodeIgniter->runController(Object(App\Controllers\Bumil))
 8 SYSTEMPATH\CodeIgniter.php(340): CodeIgniter\CodeIgniter->handleRequest(null, Object(Config\Cache), false)
 9 FCPATH\index.php(67): CodeIgniter\CodeIgniter->run()
10 SYSTEMPATH\Commands\Server\rewrite.php(43): require_once('FCPATH\\index.php')
CRITICAL - 2023-07-04 06:23:46 --> Call to undefined method CodeIgniter\Database\MySQLi\Builder::getRowArray()
in APPPATH\Controllers\Bumil.php on line 64.
 1 SYSTEMPATH\CodeIgniter.php(898): App\Controllers\Bumil->save()
 2 SYSTEMPATH\CodeIgniter.php(457): CodeIgniter\CodeIgniter->runController(Object(App\Controllers\Bumil))
 3 SYSTEMPATH\CodeIgniter.php(340): CodeIgniter\CodeIgniter->handleRequest(null, Object(Config\Cache), false)
 4 FCPATH\index.php(67): CodeIgniter\CodeIgniter->run()
 5 SYSTEMPATH\Commands\Server\rewrite.php(43): require_once('FCPATH\\index.php')
CRITICAL - 2023-07-04 06:24:34 --> Undefined property: CodeIgniter\Database\MySQLi\Result::$id
in APPPATH\Controllers\Bumil.php on line 65.
 1 APPPATH\Controllers\Bumil.php(65): CodeIgniter\Debug\Exceptions->errorHandler(2, 'Undefined property: CodeIgniter\\Database\\MySQLi\\Result::$id', 'APPPATH\\Controllers\\Bumil.php', 65)
 2 SYSTEMPATH\CodeIgniter.php(898): App\Controllers\Bumil->save()
 3 SYSTEMPATH\CodeIgniter.php(457): CodeIgniter\CodeIgniter->runController(Object(App\Controllers\Bumil))
 4 SYSTEMPATH\CodeIgniter.php(340): CodeIgniter\CodeIgniter->handleRequest(null, Object(Config\Cache), false)
 5 FCPATH\index.php(67): CodeIgniter\CodeIgniter->run()
 6 SYSTEMPATH\Commands\Server\rewrite.php(43): require_once('FCPATH\\index.php')
CRITICAL - 2023-07-04 06:27:40 --> Cannot use object of type stdClass as array
in APPPATH\Controllers\Bumil.php on line 66.
 1 SYSTEMPATH\CodeIgniter.php(898): App\Controllers\Bumil->save()
 2 SYSTEMPATH\CodeIgniter.php(457): CodeIgniter\CodeIgniter->runController(Object(App\Controllers\Bumil))
 3 SYSTEMPATH\CodeIgniter.php(340): CodeIgniter\CodeIgniter->handleRequest(null, Object(Config\Cache), false)
 4 FCPATH\index.php(67): CodeIgniter\CodeIgniter->run()
 5 SYSTEMPATH\Commands\Server\rewrite.php(43): require_once('FCPATH\\index.php')
CRITICAL - 2023-07-04 18:46:27 --> Undefined variable $session
in APPPATH\Views\template\topbar.php on line 11.
 1 APPPATH\Views\template\topbar.php(11): CodeIgniter\Debug\Exceptions->errorHandler(2, 'Undefined variable $session', 'APPPATH\\Views\\template\\topbar.php', 11)
 2 SYSTEMPATH\View\View.php(213): include('APPPATH\\Views\\template\\topbar.php')
 3 SYSTEMPATH\View\View.php(216): CodeIgniter\View\View->CodeIgniter\View\{closure}()
 4 SYSTEMPATH\View\View.php(429): CodeIgniter\View\View->render('template/topbar', null, true)
 5 APPPATH\Views\template\index.php(124): CodeIgniter\View\View->include('template/topbar')
 6 SYSTEMPATH\View\View.php(213): include('APPPATH\\Views\\template\\index.php')
 7 SYSTEMPATH\View\View.php(216): CodeIgniter\View\View->CodeIgniter\View\{closure}()
 8 SYSTEMPATH\View\View.php(229): CodeIgniter\View\View->render('template/index', [], true)
 9 SYSTEMPATH\Common.php(1137): CodeIgniter\View\View->render('kader/kesbumil/datakesbumil', [], true)
10 APPPATH\Controllers\Kesbumil.php(40): view('kader/kesbumil/datakesbumil', [...])
11 SYSTEMPATH\CodeIgniter.php(898): App\Controllers\Kesbumil->index()
12 SYSTEMPATH\CodeIgniter.php(457): CodeIgniter\CodeIgniter->runController(Object(App\Controllers\Kesbumil))
13 SYSTEMPATH\CodeIgniter.php(340): CodeIgniter\CodeIgniter->handleRequest(null, Object(Config\Cache), false)
14 FCPATH\index.php(67): CodeIgniter\CodeIgniter->run()
15 SYSTEMPATH\Commands\Server\rewrite.php(43): require_once('FCPATH\\index.php')
CRITICAL - 2023-07-04 20:33:58 --> Attempt to read property "idkesbumil" on array
in APPPATH\Views\masyarakat\riwayatkesbumil.php on line 77.
 1 APPPATH\Views\masyarakat\riwayatkesbumil.php(77): CodeIgniter\Debug\Exceptions->errorHandler(2, 'Attempt to read property "idkesbumil" on array', 'APPPATH\\Views\\masyarakat\\riwayatkesbumil.php', 77)
 2 SYSTEMPATH\View\View.php(213): include('APPPATH\\Views\\masyarakat\\riwayatkesbumil.php')
 3 SYSTEMPATH\View\View.php(216): CodeIgniter\View\View->CodeIgniter\View\{closure}()
 4 SYSTEMPATH\Common.php(1137): CodeIgniter\View\View->render('masyarakat/riwayatkesbumil', [], true)
 5 APPPATH\Controllers\Masyarakat.php(64): view('masyarakat/riwayatkesbumil', [...])
 6 SYSTEMPATH\CodeIgniter.php(898): App\Controllers\Masyarakat->riwayatkesbumil()
 7 SYSTEMPATH\CodeIgniter.php(457): CodeIgniter\CodeIgniter->runController(Object(App\Controllers\Masyarakat))
 8 SYSTEMPATH\CodeIgniter.php(340): CodeIgniter\CodeIgniter->handleRequest(null, Object(Config\Cache), false)
 9 FCPATH\index.php(67): CodeIgniter\CodeIgniter->run()
10 SYSTEMPATH\Commands\Server\rewrite.php(43): require_once('FCPATH\\index.php')
CRITICAL - 2023-07-04 20:38:21 --> Undefined variable $penimbangan
in APPPATH\Views\masyarakat\riwayatkb.php on line 209.
 1 APPPATH\Views\masyarakat\riwayatkb.php(209): CodeIgniter\Debug\Exceptions->errorHandler(2, 'Undefined variable $penimbangan', 'APPPATH\\Views\\masyarakat\\riwayatkb.php', 209)
 2 SYSTEMPATH\View\View.php(213): include('APPPATH\\Views\\masyarakat\\riwayatkb.php')
 3 SYSTEMPATH\View\View.php(216): CodeIgniter\View\View->CodeIgniter\View\{closure}()
 4 SYSTEMPATH\Common.php(1137): CodeIgniter\View\View->render('masyarakat/riwayatkb', [], true)
 5 APPPATH\Controllers\Masyarakat.php(87): view('masyarakat/riwayatkb', [...])
 6 SYSTEMPATH\CodeIgniter.php(898): App\Controllers\Masyarakat->riwayatkb()
 7 SYSTEMPATH\CodeIgniter.php(457): CodeIgniter\CodeIgniter->runController(Object(App\Controllers\Masyarakat))
 8 SYSTEMPATH\CodeIgniter.php(340): CodeIgniter\CodeIgniter->handleRequest(null, Object(Config\Cache), false)
 9 FCPATH\index.php(67): CodeIgniter\CodeIgniter->run()
10 SYSTEMPATH\Commands\Server\rewrite.php(43): require_once('FCPATH\\index.php')
CRITICAL - 2023-07-04 22:21:09 --> Undefined variable $kes
in APPPATH\Views\masyarakat\riwayatpenimbangan.php on line 85.
 1 APPPATH\Views\masyarakat\riwayatpenimbangan.php(85): CodeIgniter\Debug\Exceptions->errorHandler(2, 'Undefined variable $kes', 'APPPATH\\Views\\masyarakat\\riwayatpenimbangan.php', 85)
 2 SYSTEMPATH\View\View.php(213): include('APPPATH\\Views\\masyarakat\\riwayatpenimbangan.php')
 3 SYSTEMPATH\View\View.php(216): CodeIgniter\View\View->CodeIgniter\View\{closure}()
 4 SYSTEMPATH\Common.php(1137): CodeIgniter\View\View->render('masyarakat/riwayatpenimbangan', [], true)
 5 APPPATH\Controllers\Masyarakat.php(110): view('masyarakat/riwayatpenimbangan', [...])
 6 SYSTEMPATH\CodeIgniter.php(898): App\Controllers\Masyarakat->riwayatpenimbangan()
 7 SYSTEMPATH\CodeIgniter.php(457): CodeIgniter\CodeIgniter->runController(Object(App\Controllers\Masyarakat))
 8 SYSTEMPATH\CodeIgniter.php(340): CodeIgniter\CodeIgniter->handleRequest(null, Object(Config\Cache), false)
 9 FCPATH\index.php(67): CodeIgniter\CodeIgniter->run()
10 SYSTEMPATH\Commands\Server\rewrite.php(43): require_once('FCPATH\\index.php')
CRITICAL - 2023-07-04 22:43:45 --> Call to undefined method App\Models\ImunisasiModel::getAllImunisasi
in SYSTEMPATH\Model.php on line 773.
 1 APPPATH\Controllers\Masyarakat.php(121): CodeIgniter\Model->__call('getAllImunisasi', [])
 2 SYSTEMPATH\CodeIgniter.php(898): App\Controllers\Masyarakat->riwayatimunisasi()
 3 SYSTEMPATH\CodeIgniter.php(457): CodeIgniter\CodeIgniter->runController(Object(App\Controllers\Masyarakat))
 4 SYSTEMPATH\CodeIgniter.php(340): CodeIgniter\CodeIgniter->handleRequest(null, Object(Config\Cache), false)
 5 FCPATH\index.php(67): CodeIgniter\CodeIgniter->run()
 6 SYSTEMPATH\Commands\Server\rewrite.php(43): require_once('FCPATH\\index.php')
ERROR - 2023-07-04 23:11:28 --> mysqli_sql_exception: Table 'posyanduta.jeniskb' doesn't exist in C:\xampp\htdocs\posyandu_ta\system\Database\MySQLi\Connection.php:292
Stack trace:
#0 C:\xampp\htdocs\posyandu_ta\system\Database\MySQLi\Connection.php(292): mysqli->query('SELECT 1\nFROM `...', 0)
#1 C:\xampp\htdocs\posyandu_ta\system\Database\BaseConnection.php(693): CodeIgniter\Database\MySQLi\Connection->execute('SELECT 1\nFROM `...')
#2 C:\xampp\htdocs\posyandu_ta\system\Database\BaseConnection.php(620): CodeIgniter\Database\BaseConnection->simpleQuery('SELECT 1\nFROM `...')
#3 C:\xampp\htdocs\posyandu_ta\system\Database\BaseBuilder.php(1585): CodeIgniter\Database\BaseConnection->query('SELECT 1\nFROM `...', Array, false)
#4 C:\xampp\htdocs\posyandu_ta\system\Validation\Rules.php(142): CodeIgniter\Database\BaseBuilder->get()
#5 C:\xampp\htdocs\posyandu_ta\system\Validation\Validation.php(308): CodeIgniter\Validation\Rules->is_unique('Suntik', 'jeniskb', Array, NULL)
#6 C:\xampp\htdocs\posyandu_ta\system\Validation\Validation.php(175): CodeIgniter\Validation\Validation->processRules('jeniskb', 'jeniskb', 'Suntik', Array, Array)
#7 C:\xampp\htdocs\posyandu_ta\system\Controller.php(140): CodeIgniter\Validation\Validation->run()
#8 C:\xampp\htdocs\posyandu_ta\app\Controllers\Kb.php(67): CodeIgniter\Controller->validate(Array)
#9 C:\xampp\htdocs\posyandu_ta\system\CodeIgniter.php(898): App\Controllers\Kb->save()
#10 C:\xampp\htdocs\posyandu_ta\system\CodeIgniter.php(457): CodeIgniter\CodeIgniter->runController(Object(App\Controllers\Kb))
#11 C:\xampp\htdocs\posyandu_ta\system\CodeIgniter.php(340): CodeIgniter\CodeIgniter->handleRequest(NULL, Object(Config\Cache), false)
#12 C:\xampp\htdocs\posyandu_ta\public\index.php(67): CodeIgniter\CodeIgniter->run()
#13 C:\xampp\htdocs\posyandu_ta\system\Commands\Server\rewrite.php(43): require_once('C:\\xampp\\htdocs...')
#14 {main}
CRITICAL - 2023-07-04 23:11:28 --> Table 'posyanduta.jeniskb' doesn't exist
in SYSTEMPATH\Database\MySQLi\Connection.php on line 292.
 1 SYSTEMPATH\Database\MySQLi\Connection.php(292): mysqli->query('SELECT 1
FROM `jeniskb`
WHERE `jeniskb` = \'Suntik\'
 LIMIT 1', 0)
 2 SYSTEMPATH\Database\BaseConnection.php(693): CodeIgniter\Database\MySQLi\Connection->execute('SELECT 1
FROM `jeniskb`
WHERE `jeniskb` = \'Suntik\'
 LIMIT 1')
 3 SYSTEMPATH\Database\BaseConnection.php(620): CodeIgniter\Database\BaseConnection->simpleQuery('SELECT 1
FROM `jeniskb`
WHERE `jeniskb` = \'Suntik\'
 LIMIT 1')
 4 SYSTEMPATH\Database\BaseBuilder.php(1585): CodeIgniter\Database\BaseConnection->query('SELECT 1
FROM `jeniskb`
WHERE `jeniskb` = :jeniskb:
 LIMIT 1', [...], false)
 5 SYSTEMPATH\Validation\Rules.php(142): CodeIgniter\Database\BaseBuilder->get()
 6 SYSTEMPATH\Validation\Validation.php(308): CodeIgniter\Validation\Rules->is_unique('Suntik', 'jeniskb', [...], null)
 7 SYSTEMPATH\Validation\Validation.php(175): CodeIgniter\Validation\Validation->processRules('jeniskb', 'jeniskb', 'Suntik', [...], [...])
 8 SYSTEMPATH\Controller.php(140): CodeIgniter\Validation\Validation->run()
 9 APPPATH\Controllers\Kb.php(67): CodeIgniter\Controller->validate([...])
10 SYSTEMPATH\CodeIgniter.php(898): App\Controllers\Kb->save()
11 SYSTEMPATH\CodeIgniter.php(457): CodeIgniter\CodeIgniter->runController(Object(App\Controllers\Kb))
12 SYSTEMPATH\CodeIgniter.php(340): CodeIgniter\CodeIgniter->handleRequest(null, Object(Config\Cache), false)
13 FCPATH\index.php(67): CodeIgniter\CodeIgniter->run()
14 SYSTEMPATH\Commands\Server\rewrite.php(43): require_once('FCPATH\\index.php')
CRITICAL - 2023-07-04 23:17:20 --> Undefined variable $validation
in APPPATH\Views\kader\kb\datakb.php on line 91.
 1 APPPATH\Views\kader\kb\datakb.php(91): CodeIgniter\Debug\Exceptions->errorHandler(2, 'Undefined variable $validation', 'APPPATH\\Views\\kader\\kb\\datakb.php', 91)
 2 SYSTEMPATH\View\View.php(213): include('APPPATH\\Views\\kader\\kb\\datakb.php')
 3 SYSTEMPATH\View\View.php(216): CodeIgniter\View\View->CodeIgniter\View\{closure}()
 4 SYSTEMPATH\Common.php(1137): CodeIgniter\View\View->render('kader/kb/datakb', [], true)
 5 APPPATH\Controllers\Kb.php(41): view('kader/kb/datakb', [...])
 6 SYSTEMPATH\CodeIgniter.php(898): App\Controllers\Kb->index()
 7 SYSTEMPATH\CodeIgniter.php(457): CodeIgniter\CodeIgniter->runController(Object(App\Controllers\Kb))
 8 SYSTEMPATH\CodeIgniter.php(340): CodeIgniter\CodeIgniter->handleRequest(null, Object(Config\Cache), false)
 9 FCPATH\index.php(67): CodeIgniter\CodeIgniter->run()
10 SYSTEMPATH\Commands\Server\rewrite.php(43): require_once('FCPATH\\index.php')
CRITICAL - 2023-07-04 23:18:02 --> Undefined variable $validation
in APPPATH\Views\kader\kb\datakb.php on line 91.
 1 APPPATH\Views\kader\kb\datakb.php(91): CodeIgniter\Debug\Exceptions->errorHandler(2, 'Undefined variable $validation', 'APPPATH\\Views\\kader\\kb\\datakb.php', 91)
 2 SYSTEMPATH\View\View.php(213): include('APPPATH\\Views\\kader\\kb\\datakb.php')
 3 SYSTEMPATH\View\View.php(216): CodeIgniter\View\View->CodeIgniter\View\{closure}()
 4 SYSTEMPATH\Common.php(1137): CodeIgniter\View\View->render('kader/kb/datakb', [], true)
 5 APPPATH\Controllers\Kb.php(41): view('kader/kb/datakb', [...])
 6 SYSTEMPATH\CodeIgniter.php(898): App\Controllers\Kb->index()
 7 SYSTEMPATH\CodeIgniter.php(457): CodeIgniter\CodeIgniter->runController(Object(App\Controllers\Kb))
 8 SYSTEMPATH\CodeIgniter.php(340): CodeIgniter\CodeIgniter->handleRequest(null, Object(Config\Cache), false)
 9 FCPATH\index.php(67): CodeIgniter\CodeIgniter->run()
10 SYSTEMPATH\Commands\Server\rewrite.php(43): require_once('FCPATH\\index.php')
ERROR - 2023-07-04 23:19:56 --> mysqli_sql_exception: Table 'posyanduta.jeniskb' doesn't exist in C:\xampp\htdocs\posyandu_ta\system\Database\MySQLi\Connection.php:292
Stack trace:
#0 C:\xampp\htdocs\posyandu_ta\system\Database\MySQLi\Connection.php(292): mysqli->query('SELECT 1\nFROM `...', 0)
#1 C:\xampp\htdocs\posyandu_ta\system\Database\BaseConnection.php(693): CodeIgniter\Database\MySQLi\Connection->execute('SELECT 1\nFROM `...')
#2 C:\xampp\htdocs\posyandu_ta\system\Database\BaseConnection.php(620): CodeIgniter\Database\BaseConnection->simpleQuery('SELECT 1\nFROM `...')
#3 C:\xampp\htdocs\posyandu_ta\system\Database\BaseBuilder.php(1585): CodeIgniter\Database\BaseConnection->query('SELECT 1\nFROM `...', Array, false)
#4 C:\xampp\htdocs\posyandu_ta\system\Validation\Rules.php(142): CodeIgniter\Database\BaseBuilder->get()
#5 C:\xampp\htdocs\posyandu_ta\system\Validation\Validation.php(308): CodeIgniter\Validation\Rules->is_unique('Suntik', 'jeniskb', Array, NULL)
#6 C:\xampp\htdocs\posyandu_ta\system\Validation\Validation.php(175): CodeIgniter\Validation\Validation->processRules('jeniskb', 'jeniskb', 'Suntik', Array, Array)
#7 C:\xampp\htdocs\posyandu_ta\system\Controller.php(140): CodeIgniter\Validation\Validation->run()
#8 C:\xampp\htdocs\posyandu_ta\app\Controllers\Kb.php(68): CodeIgniter\Controller->validate(Array)
#9 C:\xampp\htdocs\posyandu_ta\system\CodeIgniter.php(898): App\Controllers\Kb->save()
#10 C:\xampp\htdocs\posyandu_ta\system\CodeIgniter.php(457): CodeIgniter\CodeIgniter->runController(Object(App\Controllers\Kb))
#11 C:\xampp\htdocs\posyandu_ta\system\CodeIgniter.php(340): CodeIgniter\CodeIgniter->handleRequest(NULL, Object(Config\Cache), false)
#12 C:\xampp\htdocs\posyandu_ta\public\index.php(67): CodeIgniter\CodeIgniter->run()
#13 C:\xampp\htdocs\posyandu_ta\system\Commands\Server\rewrite.php(43): require_once('C:\\xampp\\htdocs...')
#14 {main}
CRITICAL - 2023-07-04 23:19:56 --> Table 'posyanduta.jeniskb' doesn't exist
in SYSTEMPATH\Database\MySQLi\Connection.php on line 292.
 1 SYSTEMPATH\Database\MySQLi\Connection.php(292): mysqli->query('SELECT 1
FROM `jeniskb`
WHERE `jeniskb` = \'Suntik\'
 LIMIT 1', 0)
 2 SYSTEMPATH\Database\BaseConnection.php(693): CodeIgniter\Database\MySQLi\Connection->execute('SELECT 1
FROM `jeniskb`
WHERE `jeniskb` = \'Suntik\'
 LIMIT 1')
 3 SYSTEMPATH\Database\BaseConnection.php(620): CodeIgniter\Database\BaseConnection->simpleQuery('SELECT 1
FROM `jeniskb`
WHERE `jeniskb` = \'Suntik\'
 LIMIT 1')
 4 SYSTEMPATH\Database\BaseBuilder.php(1585): CodeIgniter\Database\BaseConnection->query('SELECT 1
FROM `jeniskb`
WHERE `jeniskb` = :jeniskb:
 LIMIT 1', [...], false)
 5 SYSTEMPATH\Validation\Rules.php(142): CodeIgniter\Database\BaseBuilder->get()
 6 SYSTEMPATH\Validation\Validation.php(308): CodeIgniter\Validation\Rules->is_unique('Suntik', 'jeniskb', [...], null)
 7 SYSTEMPATH\Validation\Validation.php(175): CodeIgniter\Validation\Validation->processRules('jeniskb', 'jeniskb', 'Suntik', [...], [...])
 8 SYSTEMPATH\Controller.php(140): CodeIgniter\Validation\Validation->run()
 9 APPPATH\Controllers\Kb.php(68): CodeIgniter\Controller->validate([...])
10 SYSTEMPATH\CodeIgniter.php(898): App\Controllers\Kb->save()
11 SYSTEMPATH\CodeIgniter.php(457): CodeIgniter\CodeIgniter->runController(Object(App\Controllers\Kb))
12 SYSTEMPATH\CodeIgniter.php(340): CodeIgniter\CodeIgniter->handleRequest(null, Object(Config\Cache), false)
13 FCPATH\index.php(67): CodeIgniter\CodeIgniter->run()
14 SYSTEMPATH\Commands\Server\rewrite.php(43): require_once('FCPATH\\index.php')
