ERROR - 2024-04-01 13:01:52 --> mysqli_sql_exception: Table 'posyandu.bumil' doesn't exist in C:\xampp\htdocs\taposyandu\system\Database\MySQLi\Connection.php:292
Stack trace:
#0 C:\xampp\htdocs\taposyandu\system\Database\MySQLi\Connection.php(292): mysqli->query('SELECT COUNT(*)...', 0)
#1 C:\xampp\htdocs\taposyandu\system\Database\BaseConnection.php(693): CodeIgniter\Database\MySQLi\Connection->execute('SELECT COUNT(*)...')
#2 C:\xampp\htdocs\taposyandu\system\Database\BaseConnection.php(620): CodeIgniter\Database\BaseConnection->simpleQuery('SELECT COUNT(*)...')
#3 C:\xampp\htdocs\taposyandu\system\Database\BaseBuilder.php(1614): CodeIgniter\Database\BaseConnection->query('SELECT COUNT(*)...', NULL, false)
#4 C:\xampp\htdocs\taposyandu\system\Model.php(771): CodeIgniter\Database\BaseBuilder->countAll()
#5 C:\xampp\htdocs\taposyandu\app\Controllers\Admin.php(41): CodeIgniter\Model->__call('countAll', Array)
#6 C:\xampp\htdocs\taposyandu\system\CodeIgniter.php(898): App\Controllers\Admin->index()
#7 C:\xampp\htdocs\taposyandu\system\CodeIgniter.php(457): CodeIgniter\CodeIgniter->runController(Object(App\Controllers\Admin))
#8 C:\xampp\htdocs\taposyandu\system\CodeIgniter.php(340): CodeIgniter\CodeIgniter->handleRequest(NULL, Object(Config\Cache), false)
#9 C:\xampp\htdocs\taposyandu\public\index.php(67): CodeIgniter\CodeIgniter->run()
#10 C:\xampp\htdocs\taposyandu\system\Commands\Server\rewrite.php(43): require_once('C:\\xampp\\htdocs...')
#11 {main}
CRITICAL - 2024-04-01 13:01:52 --> Table 'posyandu.bumil' doesn't exist
in SYSTEMPATH\Database\MySQLi\Connection.php on line 292.
 1 SYSTEMPATH\Database\MySQLi\Connection.php(292): mysqli->query('SELECT COUNT(*) AS `numrows` FROM `bumil`', 0)
 2 SYSTEMPATH\Database\BaseConnection.php(693): CodeIgniter\Database\MySQLi\Connection->execute('SELECT COUNT(*) AS `numrows` FROM `bumil`')
 3 SYSTEMPATH\Database\BaseConnection.php(620): CodeIgniter\Database\BaseConnection->simpleQuery('SELECT COUNT(*) AS `numrows` FROM `bumil`')
 4 SYSTEMPATH\Database\BaseBuilder.php(1614): CodeIgniter\Database\BaseConnection->query('SELECT COUNT(*) AS `numrows` FROM `bumil`', null, false)
 5 SYSTEMPATH\Model.php(771): CodeIgniter\Database\BaseBuilder->countAll()
 6 APPPATH\Controllers\Admin.php(41): CodeIgniter\Model->__call('countAll', [])
 7 SYSTEMPATH\CodeIgniter.php(898): App\Controllers\Admin->index()
 8 SYSTEMPATH\CodeIgniter.php(457): CodeIgniter\CodeIgniter->runController(Object(App\Controllers\Admin))
 9 SYSTEMPATH\CodeIgniter.php(340): CodeIgniter\CodeIgniter->handleRequest(null, Object(Config\Cache), false)
10 FCPATH\index.php(67): CodeIgniter\CodeIgniter->run()
11 SYSTEMPATH\Commands\Server\rewrite.php(43): require_once('FCPATH\\index.php')
ERROR - 2024-04-01 13:12:18 --> mysqli_sql_exception: Unknown column 'anak.idbumil' in 'on clause' in C:\xampp\htdocs\taposyandu\system\Database\MySQLi\Connection.php:292
Stack trace:
#0 C:\xampp\htdocs\taposyandu\system\Database\MySQLi\Connection.php(292): mysqli->query('SELECT `anak`.*...', 0)
#1 C:\xampp\htdocs\taposyandu\system\Database\BaseConnection.php(693): CodeIgniter\Database\MySQLi\Connection->execute('SELECT `anak`.*...')
#2 C:\xampp\htdocs\taposyandu\system\Database\BaseConnection.php(620): CodeIgniter\Database\BaseConnection->simpleQuery('SELECT `anak`.*...')
#3 C:\xampp\htdocs\taposyandu\system\Database\BaseBuilder.php(1585): CodeIgniter\Database\BaseConnection->query('SELECT `anak`.*...', Array, false)
#4 C:\xampp\htdocs\taposyandu\app\Models\AnakModel.php(42): CodeIgniter\Database\BaseBuilder->get()
#5 C:\xampp\htdocs\taposyandu\app\Controllers\Anak.php(36): App\Models\AnakModel->getAllData()
#6 C:\xampp\htdocs\taposyandu\system\CodeIgniter.php(898): App\Controllers\Anak->index()
#7 C:\xampp\htdocs\taposyandu\system\CodeIgniter.php(457): CodeIgniter\CodeIgniter->runController(Object(App\Controllers\Anak))
#8 C:\xampp\htdocs\taposyandu\system\CodeIgniter.php(340): CodeIgniter\CodeIgniter->handleRequest(NULL, Object(Config\Cache), false)
#9 C:\xampp\htdocs\taposyandu\public\index.php(67): CodeIgniter\CodeIgniter->run()
#10 C:\xampp\htdocs\taposyandu\system\Commands\Server\rewrite.php(43): require_once('C:\\xampp\\htdocs...')
#11 {main}
CRITICAL - 2024-04-01 13:12:18 --> Unknown column 'anak.idbumil' in 'on clause'
in SYSTEMPATH\Database\MySQLi\Connection.php on line 292.
 1 SYSTEMPATH\Database\MySQLi\Connection.php(292): mysqli->query('SELECT `anak`.*, `bumil`.`idbumil`, `bumil`.`ayahnama`, `bumil`.`ibunama`
FROM `anak`
LEFT JOIN `bumil` ON `bumil`.`idbumil` = `anak`.`idbumil`
ORDER BY `anak`.`idanak` DESC', 0)
 2 SYSTEMPATH\Database\BaseConnection.php(693): CodeIgniter\Database\MySQLi\Connection->execute('SELECT `anak`.*, `bumil`.`idbumil`, `bumil`.`ayahnama`, `bumil`.`ibunama`
FROM `anak`
LEFT JOIN `bumil` ON `bumil`.`idbumil` = `anak`.`idbumil`
ORDER BY `anak`.`idanak` DESC')
 3 SYSTEMPATH\Database\BaseConnection.php(620): CodeIgniter\Database\BaseConnection->simpleQuery('SELECT `anak`.*, `bumil`.`idbumil`, `bumil`.`ayahnama`, `bumil`.`ibunama`
FROM `anak`
LEFT JOIN `bumil` ON `bumil`.`idbumil` = `anak`.`idbumil`
ORDER BY `anak`.`idanak` DESC')
 4 SYSTEMPATH\Database\BaseBuilder.php(1585): CodeIgniter\Database\BaseConnection->query('SELECT `anak`.*, `bumil`.`idbumil`, `bumil`.`ayahnama`, `bumil`.`ibunama`
FROM `anak`
LEFT JOIN `bumil` ON `bumil`.`idbumil` = `anak`.`idbumil`
ORDER BY `anak`.`idanak` DESC', [], false)
 5 APPPATH\Models\AnakModel.php(42): CodeIgniter\Database\BaseBuilder->get()
 6 APPPATH\Controllers\Anak.php(36): App\Models\AnakModel->getAllData()
 7 SYSTEMPATH\CodeIgniter.php(898): App\Controllers\Anak->index()
 8 SYSTEMPATH\CodeIgniter.php(457): CodeIgniter\CodeIgniter->runController(Object(App\Controllers\Anak))
 9 SYSTEMPATH\CodeIgniter.php(340): CodeIgniter\CodeIgniter->handleRequest(null, Object(Config\Cache), false)
10 FCPATH\index.php(67): CodeIgniter\CodeIgniter->run()
11 SYSTEMPATH\Commands\Server\rewrite.php(43): require_once('FCPATH\\index.php')
CRITICAL - 2024-04-01 13:15:34 --> Undefined variable $currentPage
in APPPATH\Views\kader\anak\tambahanak.php on line 193.
 1 APPPATH\Views\kader\anak\tambahanak.php(193): CodeIgniter\Debug\Exceptions->errorHandler(2, 'Undefined variable $currentPage', 'APPPATH\\Views\\kader\\anak\\tambahanak.php', 193)
 2 SYSTEMPATH\View\View.php(213): include('APPPATH\\Views\\kader\\anak\\tambahanak.php')
 3 SYSTEMPATH\View\View.php(216): CodeIgniter\View\View->CodeIgniter\View\{closure}()
 4 SYSTEMPATH\Common.php(1137): CodeIgniter\View\View->render('kader/anak/tambahanak', [], true)
 5 APPPATH\Controllers\Anak.php(53): view('kader/anak/tambahanak', [...])
 6 SYSTEMPATH\CodeIgniter.php(898): App\Controllers\Anak->tambahanak()
 7 SYSTEMPATH\CodeIgniter.php(457): CodeIgniter\CodeIgniter->runController(Object(App\Controllers\Anak))
 8 SYSTEMPATH\CodeIgniter.php(340): CodeIgniter\CodeIgniter->handleRequest(null, Object(Config\Cache), false)
 9 FCPATH\index.php(67): CodeIgniter\CodeIgniter->run()
10 SYSTEMPATH\Commands\Server\rewrite.php(43): require_once('FCPATH\\index.php')
CRITICAL - 2024-04-01 14:02:54 --> Class "App\Models\OrtuModel" not found
in APPPATH\Controllers\Ortu.php on line 19.
 1 SYSTEMPATH\CodeIgniter.php(860): App\Controllers\Ortu->__construct()
 2 SYSTEMPATH\CodeIgniter.php(448): CodeIgniter\CodeIgniter->createController()
 3 SYSTEMPATH\CodeIgniter.php(340): CodeIgniter\CodeIgniter->handleRequest(null, Object(Config\Cache), false)
 4 FCPATH\index.php(67): CodeIgniter\CodeIgniter->run()
 5 SYSTEMPATH\Commands\Server\rewrite.php(43): require_once('FCPATH\\index.php')
CRITICAL - 2024-04-01 14:03:16 --> Class "App\Models\OrtuModel" not found
in APPPATH\Controllers\Ortu.php on line 19.
 1 SYSTEMPATH\CodeIgniter.php(860): App\Controllers\Ortu->__construct()
 2 SYSTEMPATH\CodeIgniter.php(448): CodeIgniter\CodeIgniter->createController()
 3 SYSTEMPATH\CodeIgniter.php(340): CodeIgniter\CodeIgniter->handleRequest(null, Object(Config\Cache), false)
 4 FCPATH\index.php(67): CodeIgniter\CodeIgniter->run()
 5 SYSTEMPATH\Commands\Server\rewrite.php(43): require_once('FCPATH\\index.php')
CRITICAL - 2024-04-01 14:03:38 --> Class "App\Models\OrtuModel" not found
in APPPATH\Controllers\Ortu.php on line 19.
 1 SYSTEMPATH\CodeIgniter.php(860): App\Controllers\Ortu->__construct()
 2 SYSTEMPATH\CodeIgniter.php(448): CodeIgniter\CodeIgniter->createController()
 3 SYSTEMPATH\CodeIgniter.php(340): CodeIgniter\CodeIgniter->handleRequest(null, Object(Config\Cache), false)
 4 FCPATH\index.php(67): CodeIgniter\CodeIgniter->run()
 5 SYSTEMPATH\Commands\Server\rewrite.php(43): require_once('FCPATH\\index.php')
CRITICAL - 2024-04-01 14:06:49 --> Class "App\Models\OrtuModel" not found
in APPPATH\Controllers\Ortu.php on line 19.
 1 SYSTEMPATH\CodeIgniter.php(860): App\Controllers\Ortu->__construct()
 2 SYSTEMPATH\CodeIgniter.php(448): CodeIgniter\CodeIgniter->createController()
 3 SYSTEMPATH\CodeIgniter.php(340): CodeIgniter\CodeIgniter->handleRequest(null, Object(Config\Cache), false)
 4 FCPATH\index.php(67): CodeIgniter\CodeIgniter->run()
 5 SYSTEMPATH\Commands\Server\rewrite.php(43): require_once('FCPATH\\index.php')
