CRITICAL - 2024-05-20 04:09:34 --> Trying to access array offset on value of type null
in APPPATH\Views\kader\timbang\detailpenimbanganak.php on line 46.
 1 APPPATH\Views\kader\timbang\detailpenimbanganak.php(46): CodeIgniter\Debug\Exceptions->errorHandler(2, 'Trying to access array offset on value of type null', 'APPPATH\\Views\\kader\\timbang\\detailpenimbanganak.php', 46)
 2 SYSTEMPATH\View\View.php(213): include('APPPATH\\Views\\kader\\timbang\\detailpenimbanganak.php')
 3 SYSTEMPATH\View\View.php(216): CodeIgniter\View\View->CodeIgniter\View\{closure}()
 4 SYSTEMPATH\Common.php(1137): CodeIgniter\View\View->render('kader/timbang/detailpenimbanganak', [], true)
 5 APPPATH\Controllers\Penimbangan.php(175): view('kader/timbang/detailpenimbanganak', [...])
 6 SYSTEMPATH\CodeIgniter.php(898): App\Controllers\Penimbangan->detailpenimbanganak('15')
 7 SYSTEMPATH\CodeIgniter.php(457): CodeIgniter\CodeIgniter->runController(Object(App\Controllers\Penimbangan))
 8 SYSTEMPATH\CodeIgniter.php(340): CodeIgniter\CodeIgniter->handleRequest(null, Object(Config\Cache), false)
 9 FCPATH\index.php(67): CodeIgniter\CodeIgniter->run()
10 SYSTEMPATH\Commands\Server\rewrite.php(43): require_once('FCPATH\\index.php')
CRITICAL - 2024-05-20 04:09:43 --> Trying to access array offset on value of type null
in APPPATH\Views\kader\timbang\detailpenimbanganak.php on line 46.
 1 APPPATH\Views\kader\timbang\detailpenimbanganak.php(46): CodeIgniter\Debug\Exceptions->errorHandler(2, 'Trying to access array offset on value of type null', 'APPPATH\\Views\\kader\\timbang\\detailpenimbanganak.php', 46)
 2 SYSTEMPATH\View\View.php(213): include('APPPATH\\Views\\kader\\timbang\\detailpenimbanganak.php')
 3 SYSTEMPATH\View\View.php(216): CodeIgniter\View\View->CodeIgniter\View\{closure}()
 4 SYSTEMPATH\Common.php(1137): CodeIgniter\View\View->render('kader/timbang/detailpenimbanganak', [], true)
 5 APPPATH\Controllers\Penimbangan.php(175): view('kader/timbang/detailpenimbanganak', [...])
 6 SYSTEMPATH\CodeIgniter.php(898): App\Controllers\Penimbangan->detailpenimbanganak('15')
 7 SYSTEMPATH\CodeIgniter.php(457): CodeIgniter\CodeIgniter->runController(Object(App\Controllers\Penimbangan))
 8 SYSTEMPATH\CodeIgniter.php(340): CodeIgniter\CodeIgniter->handleRequest(null, Object(Config\Cache), false)
 9 FCPATH\index.php(67): CodeIgniter\CodeIgniter->run()
10 SYSTEMPATH\Commands\Server\rewrite.php(43): require_once('FCPATH\\index.php')
