CRITICAL - 2023-02-18 06:55:57 --> Call to undefined method App\Models\BumilModel::getAllData
in SYSTEMPATH\Model.php on line 773.
 1 APPPATH\Controllers\Bumil.php(31): CodeIgniter\Model->__call('getAllData', [])
 2 SYSTEMPATH\CodeIgniter.php(898): App\Controllers\Bumil->index()
 3 SYSTEMPATH\CodeIgniter.php(457): CodeIgniter\CodeIgniter->runController(Object(App\Controllers\Bumil))
 4 SYSTEMPATH\CodeIgniter.php(340): CodeIgniter\CodeIgniter->handleRequest(null, Object(Config\Cache), false)
 5 FCPATH\index.php(67): CodeIgniter\CodeIgniter->run()
 6 SYSTEMPATH\Commands\Server\rewrite.php(43): require_once('FCPATH\\index.php')
ERROR - 2023-02-18 07:49:02 --> mysqli_sql_exception: Unknown column 'suamigoldar' in 'field list' in C:\xampp\htdocs\taposyandu\system\Database\MySQLi\Connection.php:292
Stack trace:
#0 C:\xampp\htdocs\taposyandu\system\Database\MySQLi\Connection.php(292): mysqli->query('SELECT `idbumil...', 0)
#1 C:\xampp\htdocs\taposyandu\system\Database\BaseConnection.php(693): CodeIgniter\Database\MySQLi\Connection->execute('SELECT `idbumil...')
#2 C:\xampp\htdocs\taposyandu\system\Database\BaseConnection.php(620): CodeIgniter\Database\BaseConnection->simpleQuery('SELECT `idbumil...')
#3 C:\xampp\htdocs\taposyandu\system\Database\BaseBuilder.php(1585): CodeIgniter\Database\BaseConnection->query('SELECT `idbumil...', Array, false)
#4 C:\xampp\htdocs\taposyandu\app\Models\BumilModel.php(32): CodeIgniter\Database\BaseBuilder->get()
#5 C:\xampp\htdocs\taposyandu\app\Controllers\Bumil.php(35): App\Models\BumilModel->getAllData()
#6 C:\xampp\htdocs\taposyandu\system\CodeIgniter.php(898): App\Controllers\Bumil->index()
#7 C:\xampp\htdocs\taposyandu\system\CodeIgniter.php(457): CodeIgniter\CodeIgniter->runController(Object(App\Controllers\Bumil))
#8 C:\xampp\htdocs\taposyandu\system\CodeIgniter.php(340): CodeIgniter\CodeIgniter->handleRequest(NULL, Object(Config\Cache), false)
#9 C:\xampp\htdocs\taposyandu\public\index.php(67): CodeIgniter\CodeIgniter->run()
#10 C:\xampp\htdocs\taposyandu\system\Commands\Server\rewrite.php(43): require_once('C:\\xampp\\htdocs...')
#11 {main}
CRITICAL - 2023-02-18 07:49:02 --> Unknown column 'suamigoldar' in 'field list'
in SYSTEMPATH\Database\MySQLi\Connection.php on line 292.
 1 SYSTEMPATH\Database\MySQLi\Connection.php(292): mysqli->query('SELECT `idbumil`, `nik`, `bumilnama`, `ayahnama`, `bumilusia`, `bumilgoldar`, `suamigoldar`, `alamat`, `bumilnohp`, `suaminohp`, `anakke`
FROM `bumil`
JOIN `keluarga` ON `bumil`.`idkeluarga`=`keluarga`.`idkeluarga`', 0)
 2 SYSTEMPATH\Database\BaseConnection.php(693): CodeIgniter\Database\MySQLi\Connection->execute('SELECT `idbumil`, `nik`, `bumilnama`, `ayahnama`, `bumilusia`, `bumilgoldar`, `suamigoldar`, `alamat`, `bumilnohp`, `suaminohp`, `anakke`
FROM `bumil`
JOIN `keluarga` ON `bumil`.`idkeluarga`=`keluarga`.`idkeluarga`')
 3 SYSTEMPATH\Database\BaseConnection.php(620): CodeIgniter\Database\BaseConnection->simpleQuery('SELECT `idbumil`, `nik`, `bumilnama`, `ayahnama`, `bumilusia`, `bumilgoldar`, `suamigoldar`, `alamat`, `bumilnohp`, `suaminohp`, `anakke`
FROM `bumil`
JOIN `keluarga` ON `bumil`.`idkeluarga`=`keluarga`.`idkeluarga`')
 4 SYSTEMPATH\Database\BaseBuilder.php(1585): CodeIgniter\Database\BaseConnection->query('SELECT `idbumil`, `nik`, `bumilnama`, `ayahnama`, `bumilusia`, `bumilgoldar`, `suamigoldar`, `alamat`, `bumilnohp`, `suaminohp`, `anakke`
FROM `bumil`
JOIN `keluarga` ON `bumil`.`idkeluarga`=`keluarga`.`idkeluarga`', [], false)
 5 APPPATH\Models\BumilModel.php(32): CodeIgniter\Database\BaseBuilder->get()
 6 APPPATH\Controllers\Bumil.php(35): App\Models\BumilModel->getAllData()
 7 SYSTEMPATH\CodeIgniter.php(898): App\Controllers\Bumil->index()
 8 SYSTEMPATH\CodeIgniter.php(457): CodeIgniter\CodeIgniter->runController(Object(App\Controllers\Bumil))
 9 SYSTEMPATH\CodeIgniter.php(340): CodeIgniter\CodeIgniter->handleRequest(null, Object(Config\Cache), false)
10 FCPATH\index.php(67): CodeIgniter\CodeIgniter->run()
11 SYSTEMPATH\Commands\Server\rewrite.php(43): require_once('FCPATH\\index.php')
CRITICAL - 2023-02-18 07:50:08 --> Trying to access array offset on value of type null
in APPPATH\Views\kader\detailbumil.php on line 34.
 1 APPPATH\Views\kader\detailbumil.php(34): CodeIgniter\Debug\Exceptions->errorHandler(2, 'Trying to access array offset on value of type null', 'APPPATH\\Views\\kader\\detailbumil.php', 34)
 2 SYSTEMPATH\View\View.php(213): include('APPPATH\\Views\\kader\\detailbumil.php')
 3 SYSTEMPATH\View\View.php(216): CodeIgniter\View\View->CodeIgniter\View\{closure}()
 4 SYSTEMPATH\Common.php(1137): CodeIgniter\View\View->render('kader/detailbumil', [], true)
 5 APPPATH\Controllers\Bumil.php(153): view('kader/detailbumil', [...])
 6 SYSTEMPATH\CodeIgniter.php(898): App\Controllers\Bumil->detailbumil('3506106807830003')
 7 SYSTEMPATH\CodeIgniter.php(457): CodeIgniter\CodeIgniter->runController(Object(App\Controllers\Bumil))
 8 SYSTEMPATH\CodeIgniter.php(340): CodeIgniter\CodeIgniter->handleRequest(null, Object(Config\Cache), false)
 9 FCPATH\index.php(67): CodeIgniter\CodeIgniter->run()
10 SYSTEMPATH\Commands\Server\rewrite.php(43): require_once('FCPATH\\index.php')
CRITICAL - 2023-02-18 07:51:54 --> Attempt to read property "nik" on null
in APPPATH\Views\kader\detailbumil.php on line 34.
 1 APPPATH\Views\kader\detailbumil.php(34): CodeIgniter\Debug\Exceptions->errorHandler(2, 'Attempt to read property "nik" on null', 'APPPATH\\Views\\kader\\detailbumil.php', 34)
 2 SYSTEMPATH\View\View.php(213): include('APPPATH\\Views\\kader\\detailbumil.php')
 3 SYSTEMPATH\View\View.php(216): CodeIgniter\View\View->CodeIgniter\View\{closure}()
 4 SYSTEMPATH\Common.php(1137): CodeIgniter\View\View->render('kader/detailbumil', [], true)
 5 APPPATH\Controllers\Bumil.php(153): view('kader/detailbumil', [...])
 6 SYSTEMPATH\CodeIgniter.php(898): App\Controllers\Bumil->detailbumil('3506106807830003')
 7 SYSTEMPATH\CodeIgniter.php(457): CodeIgniter\CodeIgniter->runController(Object(App\Controllers\Bumil))
 8 SYSTEMPATH\CodeIgniter.php(340): CodeIgniter\CodeIgniter->handleRequest(null, Object(Config\Cache), false)
 9 FCPATH\index.php(67): CodeIgniter\CodeIgniter->run()
10 SYSTEMPATH\Commands\Server\rewrite.php(43): require_once('FCPATH\\index.php')
CRITICAL - 2023-02-18 07:52:07 --> Attempt to read property "nik" on null
in APPPATH\Views\kader\detailbumil.php on line 34.
 1 APPPATH\Views\kader\detailbumil.php(34): CodeIgniter\Debug\Exceptions->errorHandler(2, 'Attempt to read property "nik" on null', 'APPPATH\\Views\\kader\\detailbumil.php', 34)
 2 SYSTEMPATH\View\View.php(213): include('APPPATH\\Views\\kader\\detailbumil.php')
 3 SYSTEMPATH\View\View.php(216): CodeIgniter\View\View->CodeIgniter\View\{closure}()
 4 SYSTEMPATH\Common.php(1137): CodeIgniter\View\View->render('kader/detailbumil', [], true)
 5 APPPATH\Controllers\Bumil.php(153): view('kader/detailbumil', [...])
 6 SYSTEMPATH\CodeIgniter.php(898): App\Controllers\Bumil->detailbumil('3506106807830003')
 7 SYSTEMPATH\CodeIgniter.php(457): CodeIgniter\CodeIgniter->runController(Object(App\Controllers\Bumil))
 8 SYSTEMPATH\CodeIgniter.php(340): CodeIgniter\CodeIgniter->handleRequest(null, Object(Config\Cache), false)
 9 FCPATH\index.php(67): CodeIgniter\CodeIgniter->run()
10 SYSTEMPATH\Commands\Server\rewrite.php(43): require_once('FCPATH\\index.php')
CRITICAL - 2023-02-18 07:52:29 --> Attempt to read property "nik" on null
in APPPATH\Views\kader\detailbumil.php on line 34.
 1 APPPATH\Views\kader\detailbumil.php(34): CodeIgniter\Debug\Exceptions->errorHandler(2, 'Attempt to read property "nik" on null', 'APPPATH\\Views\\kader\\detailbumil.php', 34)
 2 SYSTEMPATH\View\View.php(213): include('APPPATH\\Views\\kader\\detailbumil.php')
 3 SYSTEMPATH\View\View.php(216): CodeIgniter\View\View->CodeIgniter\View\{closure}()
 4 SYSTEMPATH\Common.php(1137): CodeIgniter\View\View->render('kader/detailbumil', [], true)
 5 APPPATH\Controllers\Bumil.php(153): view('kader/detailbumil', [...])
 6 SYSTEMPATH\CodeIgniter.php(898): App\Controllers\Bumil->detailbumil('3506106807830003')
 7 SYSTEMPATH\CodeIgniter.php(457): CodeIgniter\CodeIgniter->runController(Object(App\Controllers\Bumil))
 8 SYSTEMPATH\CodeIgniter.php(340): CodeIgniter\CodeIgniter->handleRequest(null, Object(Config\Cache), false)
 9 FCPATH\index.php(67): CodeIgniter\CodeIgniter->run()
10 SYSTEMPATH\Commands\Server\rewrite.php(43): require_once('FCPATH\\index.php')
CRITICAL - 2023-02-18 07:53:01 --> Attempt to read property "nik" on array
in APPPATH\Views\kader\detailbumil.php on line 34.
 1 APPPATH\Views\kader\detailbumil.php(34): CodeIgniter\Debug\Exceptions->errorHandler(2, 'Attempt to read property "nik" on array', 'APPPATH\\Views\\kader\\detailbumil.php', 34)
 2 SYSTEMPATH\View\View.php(213): include('APPPATH\\Views\\kader\\detailbumil.php')
 3 SYSTEMPATH\View\View.php(216): CodeIgniter\View\View->CodeIgniter\View\{closure}()
 4 SYSTEMPATH\Common.php(1137): CodeIgniter\View\View->render('kader/detailbumil', [], true)
 5 APPPATH\Controllers\Bumil.php(153): view('kader/detailbumil', [...])
 6 SYSTEMPATH\CodeIgniter.php(898): App\Controllers\Bumil->detailbumil('1')
 7 SYSTEMPATH\CodeIgniter.php(457): CodeIgniter\CodeIgniter->runController(Object(App\Controllers\Bumil))
 8 SYSTEMPATH\CodeIgniter.php(340): CodeIgniter\CodeIgniter->handleRequest(null, Object(Config\Cache), false)
 9 FCPATH\index.php(67): CodeIgniter\CodeIgniter->run()
10 SYSTEMPATH\Commands\Server\rewrite.php(43): require_once('FCPATH\\index.php')
CRITICAL - 2023-02-18 07:54:31 --> Undefined array key "ayahnama"
in APPPATH\Views\kader\detailbumil.php on line 50.
 1 APPPATH\Views\kader\detailbumil.php(50): CodeIgniter\Debug\Exceptions->errorHandler(2, 'Undefined array key "ayahnama"', 'APPPATH\\Views\\kader\\detailbumil.php', 50)
 2 SYSTEMPATH\View\View.php(213): include('APPPATH\\Views\\kader\\detailbumil.php')
 3 SYSTEMPATH\View\View.php(216): CodeIgniter\View\View->CodeIgniter\View\{closure}()
 4 SYSTEMPATH\Common.php(1137): CodeIgniter\View\View->render('kader/detailbumil', [], true)
 5 APPPATH\Controllers\Bumil.php(153): view('kader/detailbumil', [...])
 6 SYSTEMPATH\CodeIgniter.php(898): App\Controllers\Bumil->detailbumil('1')
 7 SYSTEMPATH\CodeIgniter.php(457): CodeIgniter\CodeIgniter->runController(Object(App\Controllers\Bumil))
 8 SYSTEMPATH\CodeIgniter.php(340): CodeIgniter\CodeIgniter->handleRequest(null, Object(Config\Cache), false)
 9 FCPATH\index.php(67): CodeIgniter\CodeIgniter->run()
10 SYSTEMPATH\Commands\Server\rewrite.php(43): require_once('FCPATH\\index.php')
CRITICAL - 2023-02-18 07:55:25 --> Undefined variable $idbumil
in APPPATH\Views\kader\editbumil.php on line 44.
 1 APPPATH\Views\kader\editbumil.php(44): CodeIgniter\Debug\Exceptions->errorHandler(2, 'Undefined variable $idbumil', 'APPPATH\\Views\\kader\\editbumil.php', 44)
 2 SYSTEMPATH\View\View.php(213): include('APPPATH\\Views\\kader\\editbumil.php')
 3 SYSTEMPATH\View\View.php(216): CodeIgniter\View\View->CodeIgniter\View\{closure}()
 4 SYSTEMPATH\Common.php(1137): CodeIgniter\View\View->render('kader/editbumil', [], true)
 5 APPPATH\Controllers\Bumil.php(166): view('kader/editbumil', [...])
 6 SYSTEMPATH\CodeIgniter.php(898): App\Controllers\Bumil->editbumil('1')
 7 SYSTEMPATH\CodeIgniter.php(457): CodeIgniter\CodeIgniter->runController(Object(App\Controllers\Bumil))
 8 SYSTEMPATH\CodeIgniter.php(340): CodeIgniter\CodeIgniter->handleRequest(null, Object(Config\Cache), false)
 9 FCPATH\index.php(67): CodeIgniter\CodeIgniter->run()
10 SYSTEMPATH\Commands\Server\rewrite.php(43): require_once('FCPATH\\index.php')
CRITICAL - 2023-02-18 08:02:50 --> Undefined array key "ayahnama"
in APPPATH\Views\kader\detailbumil.php on line 50.
 1 APPPATH\Views\kader\detailbumil.php(50): CodeIgniter\Debug\Exceptions->errorHandler(2, 'Undefined array key "ayahnama"', 'APPPATH\\Views\\kader\\detailbumil.php', 50)
 2 SYSTEMPATH\View\View.php(213): include('APPPATH\\Views\\kader\\detailbumil.php')
 3 SYSTEMPATH\View\View.php(216): CodeIgniter\View\View->CodeIgniter\View\{closure}()
 4 SYSTEMPATH\Common.php(1137): CodeIgniter\View\View->render('kader/detailbumil', [], true)
 5 APPPATH\Controllers\Bumil.php(153): view('kader/detailbumil', [...])
 6 SYSTEMPATH\CodeIgniter.php(898): App\Controllers\Bumil->detailbumil('1')
 7 SYSTEMPATH\CodeIgniter.php(457): CodeIgniter\CodeIgniter->runController(Object(App\Controllers\Bumil))
 8 SYSTEMPATH\CodeIgniter.php(340): CodeIgniter\CodeIgniter->handleRequest(null, Object(Config\Cache), false)
 9 FCPATH\index.php(67): CodeIgniter\CodeIgniter->run()
10 SYSTEMPATH\Commands\Server\rewrite.php(43): require_once('FCPATH\\index.php')
CRITICAL - 2023-02-18 08:03:14 --> Undefined array key "ayahnama"
in APPPATH\Views\kader\detailbumil.php on line 50.
 1 APPPATH\Views\kader\detailbumil.php(50): CodeIgniter\Debug\Exceptions->errorHandler(2, 'Undefined array key "ayahnama"', 'APPPATH\\Views\\kader\\detailbumil.php', 50)
 2 SYSTEMPATH\View\View.php(213): include('APPPATH\\Views\\kader\\detailbumil.php')
 3 SYSTEMPATH\View\View.php(216): CodeIgniter\View\View->CodeIgniter\View\{closure}()
 4 SYSTEMPATH\Common.php(1137): CodeIgniter\View\View->render('kader/detailbumil', [], true)
 5 APPPATH\Controllers\Bumil.php(153): view('kader/detailbumil', [...])
 6 SYSTEMPATH\CodeIgniter.php(898): App\Controllers\Bumil->detailbumil('1')
 7 SYSTEMPATH\CodeIgniter.php(457): CodeIgniter\CodeIgniter->runController(Object(App\Controllers\Bumil))
 8 SYSTEMPATH\CodeIgniter.php(340): CodeIgniter\CodeIgniter->handleRequest(null, Object(Config\Cache), false)
 9 FCPATH\index.php(67): CodeIgniter\CodeIgniter->run()
10 SYSTEMPATH\Commands\Server\rewrite.php(43): require_once('FCPATH\\index.php')
CRITICAL - 2023-02-18 08:03:26 --> Undefined array key "ayahnama"
in APPPATH\Views\kader\detailbumil.php on line 50.
 1 APPPATH\Views\kader\detailbumil.php(50): CodeIgniter\Debug\Exceptions->errorHandler(2, 'Undefined array key "ayahnama"', 'APPPATH\\Views\\kader\\detailbumil.php', 50)
 2 SYSTEMPATH\View\View.php(213): include('APPPATH\\Views\\kader\\detailbumil.php')
 3 SYSTEMPATH\View\View.php(216): CodeIgniter\View\View->CodeIgniter\View\{closure}()
 4 SYSTEMPATH\Common.php(1137): CodeIgniter\View\View->render('kader/detailbumil', [], true)
 5 APPPATH\Controllers\Bumil.php(153): view('kader/detailbumil', [...])
 6 SYSTEMPATH\CodeIgniter.php(898): App\Controllers\Bumil->detailbumil('1')
 7 SYSTEMPATH\CodeIgniter.php(457): CodeIgniter\CodeIgniter->runController(Object(App\Controllers\Bumil))
 8 SYSTEMPATH\CodeIgniter.php(340): CodeIgniter\CodeIgniter->handleRequest(null, Object(Config\Cache), false)
 9 FCPATH\index.php(67): CodeIgniter\CodeIgniter->run()
10 SYSTEMPATH\Commands\Server\rewrite.php(43): require_once('FCPATH\\index.php')
CRITICAL - 2023-02-18 08:11:12 --> Attempt to read property "idkeluarga" on array
in APPPATH\Views\kader\editbumil.php on line 67.
 1 APPPATH\Views\kader\editbumil.php(67): CodeIgniter\Debug\Exceptions->errorHandler(2, 'Attempt to read property "idkeluarga" on array', 'APPPATH\\Views\\kader\\editbumil.php', 67)
 2 SYSTEMPATH\View\View.php(213): include('APPPATH\\Views\\kader\\editbumil.php')
 3 SYSTEMPATH\View\View.php(216): CodeIgniter\View\View->CodeIgniter\View\{closure}()
 4 SYSTEMPATH\Common.php(1137): CodeIgniter\View\View->render('kader/editbumil', [], true)
 5 APPPATH\Controllers\Bumil.php(166): view('kader/editbumil', [...])
 6 SYSTEMPATH\CodeIgniter.php(898): App\Controllers\Bumil->editbumil('1')
 7 SYSTEMPATH\CodeIgniter.php(457): CodeIgniter\CodeIgniter->runController(Object(App\Controllers\Bumil))
 8 SYSTEMPATH\CodeIgniter.php(340): CodeIgniter\CodeIgniter->handleRequest(null, Object(Config\Cache), false)
 9 FCPATH\index.php(67): CodeIgniter\CodeIgniter->run()
10 SYSTEMPATH\Commands\Server\rewrite.php(43): require_once('FCPATH\\index.php')
CRITICAL - 2023-02-18 08:12:08 --> Attempt to read property "idkeluarga" on array
in APPPATH\Views\kader\editbumil.php on line 67.
 1 APPPATH\Views\kader\editbumil.php(67): CodeIgniter\Debug\Exceptions->errorHandler(2, 'Attempt to read property "idkeluarga" on array', 'APPPATH\\Views\\kader\\editbumil.php', 67)
 2 SYSTEMPATH\View\View.php(213): include('APPPATH\\Views\\kader\\editbumil.php')
 3 SYSTEMPATH\View\View.php(216): CodeIgniter\View\View->CodeIgniter\View\{closure}()
 4 SYSTEMPATH\Common.php(1137): CodeIgniter\View\View->render('kader/editbumil', [], true)
 5 APPPATH\Controllers\Bumil.php(166): view('kader/editbumil', [...])
 6 SYSTEMPATH\CodeIgniter.php(898): App\Controllers\Bumil->editbumil('1')
 7 SYSTEMPATH\CodeIgniter.php(457): CodeIgniter\CodeIgniter->runController(Object(App\Controllers\Bumil))
 8 SYSTEMPATH\CodeIgniter.php(340): CodeIgniter\CodeIgniter->handleRequest(null, Object(Config\Cache), false)
 9 FCPATH\index.php(67): CodeIgniter\CodeIgniter->run()
10 SYSTEMPATH\Commands\Server\rewrite.php(43): require_once('FCPATH\\index.php')
CRITICAL - 2023-02-18 08:28:48 --> Cannot access offset of type string on string
in APPPATH\Views\kader\detailbumil.php on line 51.
 1 SYSTEMPATH\View\View.php(213): include()
 2 SYSTEMPATH\View\View.php(216): CodeIgniter\View\View->CodeIgniter\View\{closure}()
 3 SYSTEMPATH\Common.php(1137): CodeIgniter\View\View->render('kader/detailbumil', [], true)
 4 APPPATH\Controllers\Bumil.php(153): view('kader/detailbumil', [...])
 5 SYSTEMPATH\CodeIgniter.php(898): App\Controllers\Bumil->detailbumil('1')
 6 SYSTEMPATH\CodeIgniter.php(457): CodeIgniter\CodeIgniter->runController(Object(App\Controllers\Bumil))
 7 SYSTEMPATH\CodeIgniter.php(340): CodeIgniter\CodeIgniter->handleRequest(null, Object(Config\Cache), false)
 8 FCPATH\index.php(67): CodeIgniter\CodeIgniter->run()
 9 SYSTEMPATH\Commands\Server\rewrite.php(43): require_once('FCPATH\\index.php')
CRITICAL - 2023-02-18 08:29:18 --> Cannot access offset of type string on string
in APPPATH\Views\kader\detailbumil.php on line 51.
 1 SYSTEMPATH\View\View.php(213): include()
 2 SYSTEMPATH\View\View.php(216): CodeIgniter\View\View->CodeIgniter\View\{closure}()
 3 SYSTEMPATH\Common.php(1137): CodeIgniter\View\View->render('kader/detailbumil', [], true)
 4 APPPATH\Controllers\Bumil.php(153): view('kader/detailbumil', [...])
 5 SYSTEMPATH\CodeIgniter.php(898): App\Controllers\Bumil->detailbumil('1')
 6 SYSTEMPATH\CodeIgniter.php(457): CodeIgniter\CodeIgniter->runController(Object(App\Controllers\Bumil))
 7 SYSTEMPATH\CodeIgniter.php(340): CodeIgniter\CodeIgniter->handleRequest(null, Object(Config\Cache), false)
 8 FCPATH\index.php(67): CodeIgniter\CodeIgniter->run()
 9 SYSTEMPATH\Commands\Server\rewrite.php(43): require_once('FCPATH\\index.php')
CRITICAL - 2023-02-18 08:29:32 --> Attempt to read property "ayahnama" on string
in APPPATH\Views\kader\detailbumil.php on line 51.
 1 APPPATH\Views\kader\detailbumil.php(51): CodeIgniter\Debug\Exceptions->errorHandler(2, 'Attempt to read property "ayahnama" on string', 'APPPATH\\Views\\kader\\detailbumil.php', 51)
 2 SYSTEMPATH\View\View.php(213): include('APPPATH\\Views\\kader\\detailbumil.php')
 3 SYSTEMPATH\View\View.php(216): CodeIgniter\View\View->CodeIgniter\View\{closure}()
 4 SYSTEMPATH\Common.php(1137): CodeIgniter\View\View->render('kader/detailbumil', [], true)
 5 APPPATH\Controllers\Bumil.php(153): view('kader/detailbumil', [...])
 6 SYSTEMPATH\CodeIgniter.php(898): App\Controllers\Bumil->detailbumil('1')
 7 SYSTEMPATH\CodeIgniter.php(457): CodeIgniter\CodeIgniter->runController(Object(App\Controllers\Bumil))
 8 SYSTEMPATH\CodeIgniter.php(340): CodeIgniter\CodeIgniter->handleRequest(null, Object(Config\Cache), false)
 9 FCPATH\index.php(67): CodeIgniter\CodeIgniter->run()
10 SYSTEMPATH\Commands\Server\rewrite.php(43): require_once('FCPATH\\index.php')
CRITICAL - 2023-02-18 08:31:48 --> Cannot use object of type stdClass as array
in APPPATH\Views\kader\detailbumil.php on line 63.
 1 SYSTEMPATH\View\View.php(213): include()
 2 SYSTEMPATH\View\View.php(216): CodeIgniter\View\View->CodeIgniter\View\{closure}()
 3 SYSTEMPATH\Common.php(1137): CodeIgniter\View\View->render('kader/detailbumil', [], true)
 4 APPPATH\Controllers\Bumil.php(153): view('kader/detailbumil', [...])
 5 SYSTEMPATH\CodeIgniter.php(898): App\Controllers\Bumil->detailbumil('1')
 6 SYSTEMPATH\CodeIgniter.php(457): CodeIgniter\CodeIgniter->runController(Object(App\Controllers\Bumil))
 7 SYSTEMPATH\CodeIgniter.php(340): CodeIgniter\CodeIgniter->handleRequest(null, Object(Config\Cache), false)
 8 FCPATH\index.php(67): CodeIgniter\CodeIgniter->run()
 9 SYSTEMPATH\Commands\Server\rewrite.php(43): require_once('FCPATH\\index.php')
CRITICAL - 2023-02-18 08:32:10 --> Cannot use object of type stdClass as array
in APPPATH\Views\kader\detailbumil.php on line 63.
 1 SYSTEMPATH\View\View.php(213): include()
 2 SYSTEMPATH\View\View.php(216): CodeIgniter\View\View->CodeIgniter\View\{closure}()
 3 SYSTEMPATH\Common.php(1137): CodeIgniter\View\View->render('kader/detailbumil', [], true)
 4 APPPATH\Controllers\Bumil.php(153): view('kader/detailbumil', [...])
 5 SYSTEMPATH\CodeIgniter.php(898): App\Controllers\Bumil->detailbumil('1')
 6 SYSTEMPATH\CodeIgniter.php(457): CodeIgniter\CodeIgniter->runController(Object(App\Controllers\Bumil))
 7 SYSTEMPATH\CodeIgniter.php(340): CodeIgniter\CodeIgniter->handleRequest(null, Object(Config\Cache), false)
 8 FCPATH\index.php(67): CodeIgniter\CodeIgniter->run()
 9 SYSTEMPATH\Commands\Server\rewrite.php(43): require_once('FCPATH\\index.php')
CRITICAL - 2023-02-18 08:32:26 --> Cannot use object of type stdClass as array
in APPPATH\Views\kader\detailbumil.php on line 51.
 1 SYSTEMPATH\View\View.php(213): include()
 2 SYSTEMPATH\View\View.php(216): CodeIgniter\View\View->CodeIgniter\View\{closure}()
 3 SYSTEMPATH\Common.php(1137): CodeIgniter\View\View->render('kader/detailbumil', [], true)
 4 APPPATH\Controllers\Bumil.php(153): view('kader/detailbumil', [...])
 5 SYSTEMPATH\CodeIgniter.php(898): App\Controllers\Bumil->detailbumil('1')
 6 SYSTEMPATH\CodeIgniter.php(457): CodeIgniter\CodeIgniter->runController(Object(App\Controllers\Bumil))
 7 SYSTEMPATH\CodeIgniter.php(340): CodeIgniter\CodeIgniter->handleRequest(null, Object(Config\Cache), false)
 8 FCPATH\index.php(67): CodeIgniter\CodeIgniter->run()
 9 SYSTEMPATH\Commands\Server\rewrite.php(43): require_once('FCPATH\\index.php')
CRITICAL - 2023-02-18 08:33:19 --> Undefined array key "ayahnama"
in APPPATH\Views\kader\detailbumil.php on line 51.
 1 APPPATH\Views\kader\detailbumil.php(51): CodeIgniter\Debug\Exceptions->errorHandler(2, 'Undefined array key "ayahnama"', 'APPPATH\\Views\\kader\\detailbumil.php', 51)
 2 SYSTEMPATH\View\View.php(213): include('APPPATH\\Views\\kader\\detailbumil.php')
 3 SYSTEMPATH\View\View.php(216): CodeIgniter\View\View->CodeIgniter\View\{closure}()
 4 SYSTEMPATH\Common.php(1137): CodeIgniter\View\View->render('kader/detailbumil', [], true)
 5 APPPATH\Controllers\Bumil.php(153): view('kader/detailbumil', [...])
 6 SYSTEMPATH\CodeIgniter.php(898): App\Controllers\Bumil->detailbumil('1')
 7 SYSTEMPATH\CodeIgniter.php(457): CodeIgniter\CodeIgniter->runController(Object(App\Controllers\Bumil))
 8 SYSTEMPATH\CodeIgniter.php(340): CodeIgniter\CodeIgniter->handleRequest(null, Object(Config\Cache), false)
 9 FCPATH\index.php(67): CodeIgniter\CodeIgniter->run()
10 SYSTEMPATH\Commands\Server\rewrite.php(43): require_once('FCPATH\\index.php')
CRITICAL - 2023-02-18 08:33:54 --> Cannot use object of type stdClass as array
in APPPATH\Views\kader\detailbumil.php on line 63.
 1 SYSTEMPATH\View\View.php(213): include()
 2 SYSTEMPATH\View\View.php(216): CodeIgniter\View\View->CodeIgniter\View\{closure}()
 3 SYSTEMPATH\Common.php(1137): CodeIgniter\View\View->render('kader/detailbumil', [], true)
 4 APPPATH\Controllers\Bumil.php(153): view('kader/detailbumil', [...])
 5 SYSTEMPATH\CodeIgniter.php(898): App\Controllers\Bumil->detailbumil('1')
 6 SYSTEMPATH\CodeIgniter.php(457): CodeIgniter\CodeIgniter->runController(Object(App\Controllers\Bumil))
 7 SYSTEMPATH\CodeIgniter.php(340): CodeIgniter\CodeIgniter->handleRequest(null, Object(Config\Cache), false)
 8 FCPATH\index.php(67): CodeIgniter\CodeIgniter->run()
 9 SYSTEMPATH\Commands\Server\rewrite.php(43): require_once('FCPATH\\index.php')
ERROR - 2023-02-18 09:27:42 --> mysqli_sql_exception: Unknown column 'ayahnama' in 'field list' in C:\xampp\htdocs\taposyandu\system\Database\MySQLi\Connection.php:292
Stack trace:
#0 C:\xampp\htdocs\taposyandu\system\Database\MySQLi\Connection.php(292): mysqli->query('UPDATE `bumil` ...', 0)
#1 C:\xampp\htdocs\taposyandu\system\Database\BaseConnection.php(693): CodeIgniter\Database\MySQLi\Connection->execute('UPDATE `bumil` ...')
#2 C:\xampp\htdocs\taposyandu\system\Database\BaseConnection.php(620): CodeIgniter\Database\BaseConnection->simpleQuery('UPDATE `bumil` ...')
#3 C:\xampp\htdocs\taposyandu\system\Database\BaseBuilder.php(2078): CodeIgniter\Database\BaseConnection->query('UPDATE `bumil` ...', Array, false)
#4 C:\xampp\htdocs\taposyandu\system\Model.php(337): CodeIgniter\Database\BaseBuilder->update()
#5 C:\xampp\htdocs\taposyandu\system\BaseModel.php(865): CodeIgniter\Model->doUpdate(Array, Array)
#6 C:\xampp\htdocs\taposyandu\system\Model.php(692): CodeIgniter\BaseModel->update(Array, Array)
#7 C:\xampp\htdocs\taposyandu\system\BaseModel.php(656): CodeIgniter\Model->update('1', Array)
#8 C:\xampp\htdocs\taposyandu\app\Controllers\Bumil.php(217): CodeIgniter\BaseModel->save(Array)
#9 C:\xampp\htdocs\taposyandu\system\CodeIgniter.php(898): App\Controllers\Bumil->update('1')
#10 C:\xampp\htdocs\taposyandu\system\CodeIgniter.php(457): CodeIgniter\CodeIgniter->runController(Object(App\Controllers\Bumil))
#11 C:\xampp\htdocs\taposyandu\system\CodeIgniter.php(340): CodeIgniter\CodeIgniter->handleRequest(NULL, Object(Config\Cache), false)
#12 C:\xampp\htdocs\taposyandu\public\index.php(67): CodeIgniter\CodeIgniter->run()
#13 C:\xampp\htdocs\taposyandu\system\Commands\Server\rewrite.php(43): require_once('C:\\xampp\\htdocs...')
#14 {main}
CRITICAL - 2023-02-18 09:27:42 --> Unknown column 'ayahnama' in 'field list'
in SYSTEMPATH\Database\MySQLi\Connection.php on line 292.
 1 SYSTEMPATH\Database\MySQLi\Connection.php(292): mysqli->query('UPDATE `bumil` SET `nik` = \'3506106807830003\', `bumilnama` = \'Ari Yulianik Dwi Rahayu --\', `ayahnama` = \'4\', `bumilnohp` = \'018274263923\', `suaminohp` = \'08362362832\', `alamat` = \'1\', `anakke` = \'2\', `updated_at` = \'2023-02-18 09:27:42\'
WHERE `bumil`.`idbumil` IN (\'1\')', 0)
 2 SYSTEMPATH\Database\BaseConnection.php(693): CodeIgniter\Database\MySQLi\Connection->execute('UPDATE `bumil` SET `nik` = \'3506106807830003\', `bumilnama` = \'Ari Yulianik Dwi Rahayu --\', `ayahnama` = \'4\', `bumilnohp` = \'018274263923\', `suaminohp` = \'08362362832\', `alamat` = \'1\', `anakke` = \'2\', `updated_at` = \'2023-02-18 09:27:42\'
WHERE `bumil`.`idbumil` IN (\'1\')')
 3 SYSTEMPATH\Database\BaseConnection.php(620): CodeIgniter\Database\BaseConnection->simpleQuery('UPDATE `bumil` SET `nik` = \'3506106807830003\', `bumilnama` = \'Ari Yulianik Dwi Rahayu --\', `ayahnama` = \'4\', `bumilnohp` = \'018274263923\', `suaminohp` = \'08362362832\', `alamat` = \'1\', `anakke` = \'2\', `updated_at` = \'2023-02-18 09:27:42\'
WHERE `bumil`.`idbumil` IN (\'1\')')
 4 SYSTEMPATH\Database\BaseBuilder.php(2078): CodeIgniter\Database\BaseConnection->query('UPDATE `bumil` SET `nik` = :nik:, `bumilnama` = :bumilnama:, `ayahnama` = :ayahnama:, `bumilnohp` = :bumilnohp:, `suaminohp` = :suaminohp:, `alamat` = :alamat:, `anakke` = :anakke:, `updated_at` = :updated_at:
WHERE `bumil`.`idbumil` IN :bumil.idbumil:', [...], false)
 5 SYSTEMPATH\Model.php(337): CodeIgniter\Database\BaseBuilder->update()
 6 SYSTEMPATH\BaseModel.php(865): CodeIgniter\Model->doUpdate([...], [...])
 7 SYSTEMPATH\Model.php(692): CodeIgniter\BaseModel->update([...], [...])
 8 SYSTEMPATH\BaseModel.php(656): CodeIgniter\Model->update('1', [...])
 9 APPPATH\Controllers\Bumil.php(217): CodeIgniter\BaseModel->save([...])
10 SYSTEMPATH\CodeIgniter.php(898): App\Controllers\Bumil->update('1')
11 SYSTEMPATH\CodeIgniter.php(457): CodeIgniter\CodeIgniter->runController(Object(App\Controllers\Bumil))
12 SYSTEMPATH\CodeIgniter.php(340): CodeIgniter\CodeIgniter->handleRequest(null, Object(Config\Cache), false)
13 FCPATH\index.php(67): CodeIgniter\CodeIgniter->run()
14 SYSTEMPATH\Commands\Server\rewrite.php(43): require_once('FCPATH\\index.php')
CRITICAL - 2023-02-18 09:29:22 --> Cannot access offset of type string on string
in APPPATH\Views\kader\editbumil.php on line 67.
 1 SYSTEMPATH\View\View.php(213): include()
 2 SYSTEMPATH\View\View.php(216): CodeIgniter\View\View->CodeIgniter\View\{closure}()
 3 SYSTEMPATH\Common.php(1137): CodeIgniter\View\View->render('kader/editbumil', [], true)
 4 APPPATH\Controllers\Bumil.php(145): view('kader/editbumil', [...])
 5 SYSTEMPATH\CodeIgniter.php(898): App\Controllers\Bumil->editbumil('1')
 6 SYSTEMPATH\CodeIgniter.php(457): CodeIgniter\CodeIgniter->runController(Object(App\Controllers\Bumil))
 7 SYSTEMPATH\CodeIgniter.php(340): CodeIgniter\CodeIgniter->handleRequest(null, Object(Config\Cache), false)
 8 FCPATH\index.php(67): CodeIgniter\CodeIgniter->run()
 9 SYSTEMPATH\Commands\Server\rewrite.php(43): require_once('FCPATH\\index.php')
CRITICAL - 2023-02-18 09:29:27 --> Cannot access offset of type string on string
in APPPATH\Views\kader\editbumil.php on line 67.
 1 SYSTEMPATH\View\View.php(213): include()
 2 SYSTEMPATH\View\View.php(216): CodeIgniter\View\View->CodeIgniter\View\{closure}()
 3 SYSTEMPATH\Common.php(1137): CodeIgniter\View\View->render('kader/editbumil', [], true)
 4 APPPATH\Controllers\Bumil.php(145): view('kader/editbumil', [...])
 5 SYSTEMPATH\CodeIgniter.php(898): App\Controllers\Bumil->editbumil('1')
 6 SYSTEMPATH\CodeIgniter.php(457): CodeIgniter\CodeIgniter->runController(Object(App\Controllers\Bumil))
 7 SYSTEMPATH\CodeIgniter.php(340): CodeIgniter\CodeIgniter->handleRequest(null, Object(Config\Cache), false)
 8 FCPATH\index.php(67): CodeIgniter\CodeIgniter->run()
 9 SYSTEMPATH\Commands\Server\rewrite.php(43): require_once('FCPATH\\index.php')
CRITICAL - 2023-02-18 09:29:55 --> Cannot access offset of type string on string
in APPPATH\Views\kader\editbumil.php on line 67.
 1 SYSTEMPATH\View\View.php(213): include()
 2 SYSTEMPATH\View\View.php(216): CodeIgniter\View\View->CodeIgniter\View\{closure}()
 3 SYSTEMPATH\Common.php(1137): CodeIgniter\View\View->render('kader/editbumil', [], true)
 4 APPPATH\Controllers\Bumil.php(145): view('kader/editbumil', [...])
 5 SYSTEMPATH\CodeIgniter.php(898): App\Controllers\Bumil->editbumil('1')
 6 SYSTEMPATH\CodeIgniter.php(457): CodeIgniter\CodeIgniter->runController(Object(App\Controllers\Bumil))
 7 SYSTEMPATH\CodeIgniter.php(340): CodeIgniter\CodeIgniter->handleRequest(null, Object(Config\Cache), false)
 8 FCPATH\index.php(67): CodeIgniter\CodeIgniter->run()
 9 SYSTEMPATH\Commands\Server\rewrite.php(43): require_once('FCPATH\\index.php')
CRITICAL - 2023-02-18 09:30:41 --> Cannot access offset of type string on string
in APPPATH\Views\kader\editbumil.php on line 67.
 1 SYSTEMPATH\View\View.php(213): include()
 2 SYSTEMPATH\View\View.php(216): CodeIgniter\View\View->CodeIgniter\View\{closure}()
 3 SYSTEMPATH\Common.php(1137): CodeIgniter\View\View->render('kader/editbumil', [], true)
 4 APPPATH\Controllers\Bumil.php(145): view('kader/editbumil', [...])
 5 SYSTEMPATH\CodeIgniter.php(898): App\Controllers\Bumil->editbumil('1')
 6 SYSTEMPATH\CodeIgniter.php(457): CodeIgniter\CodeIgniter->runController(Object(App\Controllers\Bumil))
 7 SYSTEMPATH\CodeIgniter.php(340): CodeIgniter\CodeIgniter->handleRequest(null, Object(Config\Cache), false)
 8 FCPATH\index.php(67): CodeIgniter\CodeIgniter->run()
 9 SYSTEMPATH\Commands\Server\rewrite.php(43): require_once('FCPATH\\index.php')
CRITICAL - 2023-02-18 09:31:16 --> Attempt to read property "idkeluarga" on string
in APPPATH\Views\kader\editbumil.php on line 67.
 1 APPPATH\Views\kader\editbumil.php(67): CodeIgniter\Debug\Exceptions->errorHandler(2, 'Attempt to read property "idkeluarga" on string', 'APPPATH\\Views\\kader\\editbumil.php', 67)
 2 SYSTEMPATH\View\View.php(213): include('APPPATH\\Views\\kader\\editbumil.php')
 3 SYSTEMPATH\View\View.php(216): CodeIgniter\View\View->CodeIgniter\View\{closure}()
 4 SYSTEMPATH\Common.php(1137): CodeIgniter\View\View->render('kader/editbumil', [], true)
 5 APPPATH\Controllers\Bumil.php(145): view('kader/editbumil', [...])
 6 SYSTEMPATH\CodeIgniter.php(898): App\Controllers\Bumil->editbumil('1')
 7 SYSTEMPATH\CodeIgniter.php(457): CodeIgniter\CodeIgniter->runController(Object(App\Controllers\Bumil))
 8 SYSTEMPATH\CodeIgniter.php(340): CodeIgniter\CodeIgniter->handleRequest(null, Object(Config\Cache), false)
 9 FCPATH\index.php(67): CodeIgniter\CodeIgniter->run()
10 SYSTEMPATH\Commands\Server\rewrite.php(43): require_once('FCPATH\\index.php')
CRITICAL - 2023-02-18 09:31:54 --> Attempt to read property "idkeluarga" on string
in APPPATH\Views\kader\editbumil.php on line 67.
 1 APPPATH\Views\kader\editbumil.php(67): CodeIgniter\Debug\Exceptions->errorHandler(2, 'Attempt to read property "idkeluarga" on string', 'APPPATH\\Views\\kader\\editbumil.php', 67)
 2 SYSTEMPATH\View\View.php(213): include('APPPATH\\Views\\kader\\editbumil.php')
 3 SYSTEMPATH\View\View.php(216): CodeIgniter\View\View->CodeIgniter\View\{closure}()
 4 SYSTEMPATH\Common.php(1137): CodeIgniter\View\View->render('kader/editbumil', [], true)
 5 APPPATH\Controllers\Bumil.php(145): view('kader/editbumil', [...])
 6 SYSTEMPATH\CodeIgniter.php(898): App\Controllers\Bumil->editbumil('1')
 7 SYSTEMPATH\CodeIgniter.php(457): CodeIgniter\CodeIgniter->runController(Object(App\Controllers\Bumil))
 8 SYSTEMPATH\CodeIgniter.php(340): CodeIgniter\CodeIgniter->handleRequest(null, Object(Config\Cache), false)
 9 FCPATH\index.php(67): CodeIgniter\CodeIgniter->run()
10 SYSTEMPATH\Commands\Server\rewrite.php(43): require_once('FCPATH\\index.php')
CRITICAL - 2023-02-18 09:32:19 --> Attempt to read property "idkeluarga" on string
in APPPATH\Views\kader\editbumil.php on line 67.
 1 APPPATH\Views\kader\editbumil.php(67): CodeIgniter\Debug\Exceptions->errorHandler(2, 'Attempt to read property "idkeluarga" on string', 'APPPATH\\Views\\kader\\editbumil.php', 67)
 2 SYSTEMPATH\View\View.php(213): include('APPPATH\\Views\\kader\\editbumil.php')
 3 SYSTEMPATH\View\View.php(216): CodeIgniter\View\View->CodeIgniter\View\{closure}()
 4 SYSTEMPATH\Common.php(1137): CodeIgniter\View\View->render('kader/editbumil', [], true)
 5 APPPATH\Controllers\Bumil.php(145): view('kader/editbumil', [...])
 6 SYSTEMPATH\CodeIgniter.php(898): App\Controllers\Bumil->editbumil('1')
 7 SYSTEMPATH\CodeIgniter.php(457): CodeIgniter\CodeIgniter->runController(Object(App\Controllers\Bumil))
 8 SYSTEMPATH\CodeIgniter.php(340): CodeIgniter\CodeIgniter->handleRequest(null, Object(Config\Cache), false)
 9 FCPATH\index.php(67): CodeIgniter\CodeIgniter->run()
10 SYSTEMPATH\Commands\Server\rewrite.php(43): require_once('FCPATH\\index.php')
CRITICAL - 2023-02-18 09:32:54 --> Cannot access offset of type string on string
in APPPATH\Views\kader\editbumil.php on line 67.
 1 SYSTEMPATH\View\View.php(213): include()
 2 SYSTEMPATH\View\View.php(216): CodeIgniter\View\View->CodeIgniter\View\{closure}()
 3 SYSTEMPATH\Common.php(1137): CodeIgniter\View\View->render('kader/editbumil', [], true)
 4 APPPATH\Controllers\Bumil.php(145): view('kader/editbumil', [...])
 5 SYSTEMPATH\CodeIgniter.php(898): App\Controllers\Bumil->editbumil('1')
 6 SYSTEMPATH\CodeIgniter.php(457): CodeIgniter\CodeIgniter->runController(Object(App\Controllers\Bumil))
 7 SYSTEMPATH\CodeIgniter.php(340): CodeIgniter\CodeIgniter->handleRequest(null, Object(Config\Cache), false)
 8 FCPATH\index.php(67): CodeIgniter\CodeIgniter->run()
 9 SYSTEMPATH\Commands\Server\rewrite.php(43): require_once('FCPATH\\index.php')
CRITICAL - 2023-02-18 09:33:12 --> Cannot access offset of type string on string
in APPPATH\Views\kader\editbumil.php on line 67.
 1 SYSTEMPATH\View\View.php(213): include()
 2 SYSTEMPATH\View\View.php(216): CodeIgniter\View\View->CodeIgniter\View\{closure}()
 3 SYSTEMPATH\Common.php(1137): CodeIgniter\View\View->render('kader/editbumil', [], true)
 4 APPPATH\Controllers\Bumil.php(145): view('kader/editbumil', [...])
 5 SYSTEMPATH\CodeIgniter.php(898): App\Controllers\Bumil->editbumil('1')
 6 SYSTEMPATH\CodeIgniter.php(457): CodeIgniter\CodeIgniter->runController(Object(App\Controllers\Bumil))
 7 SYSTEMPATH\CodeIgniter.php(340): CodeIgniter\CodeIgniter->handleRequest(null, Object(Config\Cache), false)
 8 FCPATH\index.php(67): CodeIgniter\CodeIgniter->run()
 9 SYSTEMPATH\Commands\Server\rewrite.php(43): require_once('FCPATH\\index.php')
ERROR - 2023-02-18 09:35:20 --> mysqli_sql_exception: Unknown column 'ayahnama' in 'field list' in C:\xampp\htdocs\taposyandu\system\Database\MySQLi\Connection.php:292
Stack trace:
#0 C:\xampp\htdocs\taposyandu\system\Database\MySQLi\Connection.php(292): mysqli->query('UPDATE `bumil` ...', 0)
#1 C:\xampp\htdocs\taposyandu\system\Database\BaseConnection.php(693): CodeIgniter\Database\MySQLi\Connection->execute('UPDATE `bumil` ...')
#2 C:\xampp\htdocs\taposyandu\system\Database\BaseConnection.php(620): CodeIgniter\Database\BaseConnection->simpleQuery('UPDATE `bumil` ...')
#3 C:\xampp\htdocs\taposyandu\system\Database\BaseBuilder.php(2078): CodeIgniter\Database\BaseConnection->query('UPDATE `bumil` ...', Array, false)
#4 C:\xampp\htdocs\taposyandu\system\Model.php(337): CodeIgniter\Database\BaseBuilder->update()
#5 C:\xampp\htdocs\taposyandu\system\BaseModel.php(865): CodeIgniter\Model->doUpdate(Array, Array)
#6 C:\xampp\htdocs\taposyandu\system\Model.php(692): CodeIgniter\BaseModel->update(Array, Array)
#7 C:\xampp\htdocs\taposyandu\system\BaseModel.php(656): CodeIgniter\Model->update('1', Array)
#8 C:\xampp\htdocs\taposyandu\app\Controllers\Bumil.php(217): CodeIgniter\BaseModel->save(Array)
#9 C:\xampp\htdocs\taposyandu\system\CodeIgniter.php(898): App\Controllers\Bumil->update('1')
#10 C:\xampp\htdocs\taposyandu\system\CodeIgniter.php(457): CodeIgniter\CodeIgniter->runController(Object(App\Controllers\Bumil))
#11 C:\xampp\htdocs\taposyandu\system\CodeIgniter.php(340): CodeIgniter\CodeIgniter->handleRequest(NULL, Object(Config\Cache), false)
#12 C:\xampp\htdocs\taposyandu\public\index.php(67): CodeIgniter\CodeIgniter->run()
#13 C:\xampp\htdocs\taposyandu\system\Commands\Server\rewrite.php(43): require_once('C:\\xampp\\htdocs...')
#14 {main}
CRITICAL - 2023-02-18 09:35:20 --> Unknown column 'ayahnama' in 'field list'
in SYSTEMPATH\Database\MySQLi\Connection.php on line 292.
 1 SYSTEMPATH\Database\MySQLi\Connection.php(292): mysqli->query('UPDATE `bumil` SET `nik` = \'3506106807830003\', `bumilnama` = \'Ari Yulianik Dwi Rahayu---\', `ayahnama` = \'1\', `bumilnohp` = \'018274263923\', `suaminohp` = \'08362362832\', `alamat` = \'1\', `anakke` = \'3\', `updated_at` = \'2023-02-18 09:35:20\'
WHERE `bumil`.`idbumil` IN (\'1\')', 0)
 2 SYSTEMPATH\Database\BaseConnection.php(693): CodeIgniter\Database\MySQLi\Connection->execute('UPDATE `bumil` SET `nik` = \'3506106807830003\', `bumilnama` = \'Ari Yulianik Dwi Rahayu---\', `ayahnama` = \'1\', `bumilnohp` = \'018274263923\', `suaminohp` = \'08362362832\', `alamat` = \'1\', `anakke` = \'3\', `updated_at` = \'2023-02-18 09:35:20\'
WHERE `bumil`.`idbumil` IN (\'1\')')
 3 SYSTEMPATH\Database\BaseConnection.php(620): CodeIgniter\Database\BaseConnection->simpleQuery('UPDATE `bumil` SET `nik` = \'3506106807830003\', `bumilnama` = \'Ari Yulianik Dwi Rahayu---\', `ayahnama` = \'1\', `bumilnohp` = \'018274263923\', `suaminohp` = \'08362362832\', `alamat` = \'1\', `anakke` = \'3\', `updated_at` = \'2023-02-18 09:35:20\'
WHERE `bumil`.`idbumil` IN (\'1\')')
 4 SYSTEMPATH\Database\BaseBuilder.php(2078): CodeIgniter\Database\BaseConnection->query('UPDATE `bumil` SET `nik` = :nik:, `bumilnama` = :bumilnama:, `ayahnama` = :ayahnama:, `bumilnohp` = :bumilnohp:, `suaminohp` = :suaminohp:, `alamat` = :alamat:, `anakke` = :anakke:, `updated_at` = :updated_at:
WHERE `bumil`.`idbumil` IN :bumil.idbumil:', [...], false)
 5 SYSTEMPATH\Model.php(337): CodeIgniter\Database\BaseBuilder->update()
 6 SYSTEMPATH\BaseModel.php(865): CodeIgniter\Model->doUpdate([...], [...])
 7 SYSTEMPATH\Model.php(692): CodeIgniter\BaseModel->update([...], [...])
 8 SYSTEMPATH\BaseModel.php(656): CodeIgniter\Model->update('1', [...])
 9 APPPATH\Controllers\Bumil.php(217): CodeIgniter\BaseModel->save([...])
10 SYSTEMPATH\CodeIgniter.php(898): App\Controllers\Bumil->update('1')
11 SYSTEMPATH\CodeIgniter.php(457): CodeIgniter\CodeIgniter->runController(Object(App\Controllers\Bumil))
12 SYSTEMPATH\CodeIgniter.php(340): CodeIgniter\CodeIgniter->handleRequest(null, Object(Config\Cache), false)
13 FCPATH\index.php(67): CodeIgniter\CodeIgniter->run()
14 SYSTEMPATH\Commands\Server\rewrite.php(43): require_once('FCPATH\\index.php')
CRITICAL - 2023-02-18 10:30:25 --> Call to undefined method App\Models\BumilModel::getsuami
in SYSTEMPATH\Model.php on line 773.
 1 APPPATH\Controllers\Bumil.php(180): CodeIgniter\Model->__call('getsuami', [...])
 2 SYSTEMPATH\CodeIgniter.php(898): App\Controllers\Bumil->update('1')
 3 SYSTEMPATH\CodeIgniter.php(457): CodeIgniter\CodeIgniter->runController(Object(App\Controllers\Bumil))
 4 SYSTEMPATH\CodeIgniter.php(340): CodeIgniter\CodeIgniter->handleRequest(null, Object(Config\Cache), false)
 5 FCPATH\index.php(67): CodeIgniter\CodeIgniter->run()
 6 SYSTEMPATH\Commands\Server\rewrite.php(43): require_once('FCPATH\\index.php')
ERROR - 2023-02-18 10:33:28 --> mysqli_sql_exception: Unknown column 'poshp' in 'where clause' in C:\xampp\htdocs\taposyandu\system\Database\MySQLi\Connection.php:292
Stack trace:
#0 C:\xampp\htdocs\taposyandu\system\Database\MySQLi\Connection.php(292): mysqli->query('SELECT 1\nFROM `...', 0)
#1 C:\xampp\htdocs\taposyandu\system\Database\BaseConnection.php(693): CodeIgniter\Database\MySQLi\Connection->execute('SELECT 1\nFROM `...')
#2 C:\xampp\htdocs\taposyandu\system\Database\BaseConnection.php(620): CodeIgniter\Database\BaseConnection->simpleQuery('SELECT 1\nFROM `...')
#3 C:\xampp\htdocs\taposyandu\system\Database\BaseBuilder.php(1585): CodeIgniter\Database\BaseConnection->query('SELECT 1\nFROM `...', Array, false)
#4 C:\xampp\htdocs\taposyandu\system\Validation\Rules.php(142): CodeIgniter\Database\BaseBuilder->get()
#5 C:\xampp\htdocs\taposyandu\system\Validation\Validation.php(308): CodeIgniter\Validation\Rules->is_unique('08274263923', 'poshp', Array, NULL)
#6 C:\xampp\htdocs\taposyandu\system\Validation\Validation.php(175): CodeIgniter\Validation\Validation->processRules('bumilnohp', 'bumilnohp', '08274263923', Array, Array)
#7 C:\xampp\htdocs\taposyandu\system\Controller.php(140): CodeIgniter\Validation\Validation->run()
#8 C:\xampp\htdocs\taposyandu\app\Controllers\Bumil.php(198): CodeIgniter\Controller->validate(Array)
#9 C:\xampp\htdocs\taposyandu\system\CodeIgniter.php(898): App\Controllers\Bumil->update('1')
#10 C:\xampp\htdocs\taposyandu\system\CodeIgniter.php(457): CodeIgniter\CodeIgniter->runController(Object(App\Controllers\Bumil))
#11 C:\xampp\htdocs\taposyandu\system\CodeIgniter.php(340): CodeIgniter\CodeIgniter->handleRequest(NULL, Object(Config\Cache), false)
#12 C:\xampp\htdocs\taposyandu\public\index.php(67): CodeIgniter\CodeIgniter->run()
#13 C:\xampp\htdocs\taposyandu\system\Commands\Server\rewrite.php(43): require_once('C:\\xampp\\htdocs...')
#14 {main}
CRITICAL - 2023-02-18 10:33:28 --> Unknown column 'poshp' in 'where clause'
in SYSTEMPATH\Database\MySQLi\Connection.php on line 292.
 1 SYSTEMPATH\Database\MySQLi\Connection.php(292): mysqli->query('SELECT 1
FROM `posyandu`
WHERE `poshp` = \'08274263923\'
 LIMIT 1', 0)
 2 SYSTEMPATH\Database\BaseConnection.php(693): CodeIgniter\Database\MySQLi\Connection->execute('SELECT 1
FROM `posyandu`
WHERE `poshp` = \'08274263923\'
 LIMIT 1')
 3 SYSTEMPATH\Database\BaseConnection.php(620): CodeIgniter\Database\BaseConnection->simpleQuery('SELECT 1
FROM `posyandu`
WHERE `poshp` = \'08274263923\'
 LIMIT 1')
 4 SYSTEMPATH\Database\BaseBuilder.php(1585): CodeIgniter\Database\BaseConnection->query('SELECT 1
FROM `posyandu`
WHERE `poshp` = :poshp:
 LIMIT 1', [...], false)
 5 SYSTEMPATH\Validation\Rules.php(142): CodeIgniter\Database\BaseBuilder->get()
 6 SYSTEMPATH\Validation\Validation.php(308): CodeIgniter\Validation\Rules->is_unique('08274263923', 'poshp', [...], null)
 7 SYSTEMPATH\Validation\Validation.php(175): CodeIgniter\Validation\Validation->processRules('bumilnohp', 'bumilnohp', '08274263923', [...], [...])
 8 SYSTEMPATH\Controller.php(140): CodeIgniter\Validation\Validation->run()
 9 APPPATH\Controllers\Bumil.php(198): CodeIgniter\Controller->validate([...])
10 SYSTEMPATH\CodeIgniter.php(898): App\Controllers\Bumil->update('1')
11 SYSTEMPATH\CodeIgniter.php(457): CodeIgniter\CodeIgniter->runController(Object(App\Controllers\Bumil))
12 SYSTEMPATH\CodeIgniter.php(340): CodeIgniter\CodeIgniter->handleRequest(null, Object(Config\Cache), false)
13 FCPATH\index.php(67): CodeIgniter\CodeIgniter->run()
14 SYSTEMPATH\Commands\Server\rewrite.php(43): require_once('FCPATH\\index.php')
ERROR - 2023-02-18 11:06:34 --> mysqli_sql_exception: Unknown column 'ibunama' in 'field list' in C:\xampp\htdocs\taposyandu\system\Database\MySQLi\Connection.php:292
Stack trace:
#0 C:\xampp\htdocs\taposyandu\system\Database\MySQLi\Connection.php(292): mysqli->query('INSERT INTO `bu...', 0)
#1 C:\xampp\htdocs\taposyandu\system\Database\BaseConnection.php(693): CodeIgniter\Database\MySQLi\Connection->execute('INSERT INTO `bu...')
#2 C:\xampp\htdocs\taposyandu\system\Database\BaseConnection.php(620): CodeIgniter\Database\BaseConnection->simpleQuery('INSERT INTO `bu...')
#3 C:\xampp\htdocs\taposyandu\system\Database\BaseBuilder.php(1916): CodeIgniter\Database\BaseConnection->query('INSERT INTO `bu...', Array, false)
#4 C:\xampp\htdocs\taposyandu\system\Model.php(278): CodeIgniter\Database\BaseBuilder->insert()
#5 C:\xampp\htdocs\taposyandu\system\BaseModel.php(738): CodeIgniter\Model->doInsert(Array)
#6 C:\xampp\htdocs\taposyandu\system\Model.php(666): CodeIgniter\BaseModel->insert(Array, false)
#7 C:\xampp\htdocs\taposyandu\system\BaseModel.php(658): CodeIgniter\Model->insert(Array, false)
#8 C:\xampp\htdocs\taposyandu\app\Controllers\Bumil.php(118): CodeIgniter\BaseModel->save(Array)
#9 C:\xampp\htdocs\taposyandu\system\CodeIgniter.php(898): App\Controllers\Bumil->save()
#10 C:\xampp\htdocs\taposyandu\system\CodeIgniter.php(457): CodeIgniter\CodeIgniter->runController(Object(App\Controllers\Bumil))
#11 C:\xampp\htdocs\taposyandu\system\CodeIgniter.php(340): CodeIgniter\CodeIgniter->handleRequest(NULL, Object(Config\Cache), false)
#12 C:\xampp\htdocs\taposyandu\public\index.php(67): CodeIgniter\CodeIgniter->run()
#13 C:\xampp\htdocs\taposyandu\system\Commands\Server\rewrite.php(43): require_once('C:\\xampp\\htdocs...')
#14 {main}
CRITICAL - 2023-02-18 11:06:34 --> Unknown column 'ibunama' in 'field list'
in SYSTEMPATH\Database\MySQLi\Connection.php on line 292.
 1 SYSTEMPATH\Database\MySQLi\Connection.php(292): mysqli->query('INSERT INTO `bumil` (`ibunama`, `ayahnama`, `bumilnohp`, `suaminohp`, `alamat`, `anakke`, `created_at`, `updated_at`) VALUES (\'4\', \'4\', \'0824463243\', \'0831334354\', \'4\', \'3\', \'2023-02-18 11:06:34\', \'2023-02-18 11:06:34\')', 0)
 2 SYSTEMPATH\Database\BaseConnection.php(693): CodeIgniter\Database\MySQLi\Connection->execute('INSERT INTO `bumil` (`ibunama`, `ayahnama`, `bumilnohp`, `suaminohp`, `alamat`, `anakke`, `created_at`, `updated_at`) VALUES (\'4\', \'4\', \'0824463243\', \'0831334354\', \'4\', \'3\', \'2023-02-18 11:06:34\', \'2023-02-18 11:06:34\')')
 3 SYSTEMPATH\Database\BaseConnection.php(620): CodeIgniter\Database\BaseConnection->simpleQuery('INSERT INTO `bumil` (`ibunama`, `ayahnama`, `bumilnohp`, `suaminohp`, `alamat`, `anakke`, `created_at`, `updated_at`) VALUES (\'4\', \'4\', \'0824463243\', \'0831334354\', \'4\', \'3\', \'2023-02-18 11:06:34\', \'2023-02-18 11:06:34\')')
 4 SYSTEMPATH\Database\BaseBuilder.php(1916): CodeIgniter\Database\BaseConnection->query('INSERT INTO `bumil` (`ibunama`, `ayahnama`, `bumilnohp`, `suaminohp`, `alamat`, `anakke`, `created_at`, `updated_at`) VALUES (:ibunama:, :ayahnama:, :bumilnohp:, :suaminohp:, :alamat:, :anakke:, :created_at:, :updated_at:)', [...], false)
 5 SYSTEMPATH\Model.php(278): CodeIgniter\Database\BaseBuilder->insert()
 6 SYSTEMPATH\BaseModel.php(738): CodeIgniter\Model->doInsert([...])
 7 SYSTEMPATH\Model.php(666): CodeIgniter\BaseModel->insert([...], false)
 8 SYSTEMPATH\BaseModel.php(658): CodeIgniter\Model->insert([...], false)
 9 APPPATH\Controllers\Bumil.php(118): CodeIgniter\BaseModel->save([...])
10 SYSTEMPATH\CodeIgniter.php(898): App\Controllers\Bumil->save()
11 SYSTEMPATH\CodeIgniter.php(457): CodeIgniter\CodeIgniter->runController(Object(App\Controllers\Bumil))
12 SYSTEMPATH\CodeIgniter.php(340): CodeIgniter\CodeIgniter->handleRequest(null, Object(Config\Cache), false)
13 FCPATH\index.php(67): CodeIgniter\CodeIgniter->run()
14 SYSTEMPATH\Commands\Server\rewrite.php(43): require_once('FCPATH\\index.php')
CRITICAL - 2023-02-18 11:48:44 --> Cannot use object of type stdClass as array
in APPPATH\Views\kader\dataanak.php on line 78.
 1 SYSTEMPATH\View\View.php(213): include()
 2 SYSTEMPATH\View\View.php(216): CodeIgniter\View\View->CodeIgniter\View\{closure}()
 3 SYSTEMPATH\Common.php(1137): CodeIgniter\View\View->render('kader/dataanak', [], true)
 4 APPPATH\Controllers\Anak.php(35): view('kader/dataanak', [...])
 5 SYSTEMPATH\CodeIgniter.php(898): App\Controllers\Anak->index()
 6 SYSTEMPATH\CodeIgniter.php(457): CodeIgniter\CodeIgniter->runController(Object(App\Controllers\Anak))
 7 SYSTEMPATH\CodeIgniter.php(340): CodeIgniter\CodeIgniter->handleRequest(null, Object(Config\Cache), false)
 8 FCPATH\index.php(67): CodeIgniter\CodeIgniter->run()
 9 SYSTEMPATH\Commands\Server\rewrite.php(43): require_once('FCPATH\\index.php')
CRITICAL - 2023-02-18 11:49:44 --> Cannot use object of type stdClass as array
in APPPATH\Views\kader\dataanak.php on line 88.
 1 SYSTEMPATH\View\View.php(213): include()
 2 SYSTEMPATH\View\View.php(216): CodeIgniter\View\View->CodeIgniter\View\{closure}()
 3 SYSTEMPATH\Common.php(1137): CodeIgniter\View\View->render('kader/dataanak', [], true)
 4 APPPATH\Controllers\Anak.php(35): view('kader/dataanak', [...])
 5 SYSTEMPATH\CodeIgniter.php(898): App\Controllers\Anak->index()
 6 SYSTEMPATH\CodeIgniter.php(457): CodeIgniter\CodeIgniter->runController(Object(App\Controllers\Anak))
 7 SYSTEMPATH\CodeIgniter.php(340): CodeIgniter\CodeIgniter->handleRequest(null, Object(Config\Cache), false)
 8 FCPATH\index.php(67): CodeIgniter\CodeIgniter->run()
 9 SYSTEMPATH\Commands\Server\rewrite.php(43): require_once('FCPATH\\index.php')
CRITICAL - 2023-02-18 11:50:19 --> Undefined property: stdClass::$idanak
in APPPATH\Views\kader\dataanak.php on line 88.
 1 APPPATH\Views\kader\dataanak.php(88): CodeIgniter\Debug\Exceptions->errorHandler(2, 'Undefined property: stdClass::$idanak', 'APPPATH\\Views\\kader\\dataanak.php', 88)
 2 SYSTEMPATH\View\View.php(213): include('APPPATH\\Views\\kader\\dataanak.php')
 3 SYSTEMPATH\View\View.php(216): CodeIgniter\View\View->CodeIgniter\View\{closure}()
 4 SYSTEMPATH\Common.php(1137): CodeIgniter\View\View->render('kader/dataanak', [], true)
 5 APPPATH\Controllers\Anak.php(35): view('kader/dataanak', [...])
 6 SYSTEMPATH\CodeIgniter.php(898): App\Controllers\Anak->index()
 7 SYSTEMPATH\CodeIgniter.php(457): CodeIgniter\CodeIgniter->runController(Object(App\Controllers\Anak))
 8 SYSTEMPATH\CodeIgniter.php(340): CodeIgniter\CodeIgniter->handleRequest(null, Object(Config\Cache), false)
 9 FCPATH\index.php(67): CodeIgniter\CodeIgniter->run()
10 SYSTEMPATH\Commands\Server\rewrite.php(43): require_once('FCPATH\\index.php')
ERROR - 2023-02-18 11:53:29 --> mysqli_sql_exception: Column 'idkeluarga' in field list is ambiguous in C:\xampp\htdocs\taposyandu\system\Database\MySQLi\Connection.php:292
Stack trace:
#0 C:\xampp\htdocs\taposyandu\system\Database\MySQLi\Connection.php(292): mysqli->query('SELECT `idkelua...', 0)
#1 C:\xampp\htdocs\taposyandu\system\Database\BaseConnection.php(693): CodeIgniter\Database\MySQLi\Connection->execute('SELECT `idkelua...')
#2 C:\xampp\htdocs\taposyandu\system\Database\BaseConnection.php(620): CodeIgniter\Database\BaseConnection->simpleQuery('SELECT `idkelua...')
#3 C:\xampp\htdocs\taposyandu\system\Database\BaseBuilder.php(1585): CodeIgniter\Database\BaseConnection->query('SELECT `idkelua...', Array, false)
#4 C:\xampp\htdocs\taposyandu\app\Models\AnakModel.php(51): CodeIgniter\Database\BaseBuilder->get()
#5 C:\xampp\htdocs\taposyandu\app\Controllers\Anak.php(157): App\Models\AnakModel->getKeluarga('1')
#6 C:\xampp\htdocs\taposyandu\system\CodeIgniter.php(898): App\Controllers\Anak->detailanak('1')
#7 C:\xampp\htdocs\taposyandu\system\CodeIgniter.php(457): CodeIgniter\CodeIgniter->runController(Object(App\Controllers\Anak))
#8 C:\xampp\htdocs\taposyandu\system\CodeIgniter.php(340): CodeIgniter\CodeIgniter->handleRequest(NULL, Object(Config\Cache), false)
#9 C:\xampp\htdocs\taposyandu\public\index.php(67): CodeIgniter\CodeIgniter->run()
#10 C:\xampp\htdocs\taposyandu\system\Commands\Server\rewrite.php(43): require_once('C:\\xampp\\htdocs...')
#11 {main}
CRITICAL - 2023-02-18 11:53:29 --> Column 'idkeluarga' in field list is ambiguous
in SYSTEMPATH\Database\MySQLi\Connection.php on line 292.
 1 SYSTEMPATH\Database\MySQLi\Connection.php(292): mysqli->query('SELECT `idkeluarga`, `idanak`, `nik`, `anaknama`, `tmptlhr`, `tgllhr`, `jk`, `namatmptlhr`, `jeniskelahiran`, `bblahir`, `tblahir`, `lklahir`, `keluarga`.`ayahnama`, `keluarga`.`ibunama`
FROM `keluarga`
JOIN `anak` ON `keluarga`.`idkeluarga`=`anak`.`idkeluarga`
WHERE `keluarga`.`idkeluarga` = \'1\'', 0)
 2 SYSTEMPATH\Database\BaseConnection.php(693): CodeIgniter\Database\MySQLi\Connection->execute('SELECT `idkeluarga`, `idanak`, `nik`, `anaknama`, `tmptlhr`, `tgllhr`, `jk`, `namatmptlhr`, `jeniskelahiran`, `bblahir`, `tblahir`, `lklahir`, `keluarga`.`ayahnama`, `keluarga`.`ibunama`
FROM `keluarga`
JOIN `anak` ON `keluarga`.`idkeluarga`=`anak`.`idkeluarga`
WHERE `keluarga`.`idkeluarga` = \'1\'')
 3 SYSTEMPATH\Database\BaseConnection.php(620): CodeIgniter\Database\BaseConnection->simpleQuery('SELECT `idkeluarga`, `idanak`, `nik`, `anaknama`, `tmptlhr`, `tgllhr`, `jk`, `namatmptlhr`, `jeniskelahiran`, `bblahir`, `tblahir`, `lklahir`, `keluarga`.`ayahnama`, `keluarga`.`ibunama`
FROM `keluarga`
JOIN `anak` ON `keluarga`.`idkeluarga`=`anak`.`idkeluarga`
WHERE `keluarga`.`idkeluarga` = \'1\'')
 4 SYSTEMPATH\Database\BaseBuilder.php(1585): CodeIgniter\Database\BaseConnection->query('SELECT `idkeluarga`, `idanak`, `nik`, `anaknama`, `tmptlhr`, `tgllhr`, `jk`, `namatmptlhr`, `jeniskelahiran`, `bblahir`, `tblahir`, `lklahir`, `keluarga`.`ayahnama`, `keluarga`.`ibunama`
FROM `keluarga`
JOIN `anak` ON `keluarga`.`idkeluarga`=`anak`.`idkeluarga`
WHERE `keluarga`.`idkeluarga` = :keluarga.idkeluarga:', [...], false)
 5 APPPATH\Models\AnakModel.php(51): CodeIgniter\Database\BaseBuilder->get()
 6 APPPATH\Controllers\Anak.php(157): App\Models\AnakModel->getKeluarga('1')
 7 SYSTEMPATH\CodeIgniter.php(898): App\Controllers\Anak->detailanak('1')
 8 SYSTEMPATH\CodeIgniter.php(457): CodeIgniter\CodeIgniter->runController(Object(App\Controllers\Anak))
 9 SYSTEMPATH\CodeIgniter.php(340): CodeIgniter\CodeIgniter->handleRequest(null, Object(Config\Cache), false)
10 FCPATH\index.php(67): CodeIgniter\CodeIgniter->run()
11 SYSTEMPATH\Commands\Server\rewrite.php(43): require_once('FCPATH\\index.php')
CRITICAL - 2023-02-18 11:54:04 --> Cannot use object of type stdClass as array
in APPPATH\Views\kader\detailanak.php on line 66.
 1 SYSTEMPATH\View\View.php(213): include()
 2 SYSTEMPATH\View\View.php(216): CodeIgniter\View\View->CodeIgniter\View\{closure}()
 3 SYSTEMPATH\Common.php(1137): CodeIgniter\View\View->render('kader/detailanak', [], true)
 4 APPPATH\Controllers\Anak.php(167): view('kader/detailanak', [...])
 5 SYSTEMPATH\CodeIgniter.php(898): App\Controllers\Anak->detailanak('1')
 6 SYSTEMPATH\CodeIgniter.php(457): CodeIgniter\CodeIgniter->runController(Object(App\Controllers\Anak))
 7 SYSTEMPATH\CodeIgniter.php(340): CodeIgniter\CodeIgniter->handleRequest(null, Object(Config\Cache), false)
 8 FCPATH\index.php(67): CodeIgniter\CodeIgniter->run()
 9 SYSTEMPATH\Commands\Server\rewrite.php(43): require_once('FCPATH\\index.php')
ERROR - 2023-02-18 11:56:44 --> mysqli_sql_exception: Unknown column 'kb.nokk' in 'on clause' in C:\xampp\htdocs\taposyandu\system\Database\MySQLi\Connection.php:292
Stack trace:
#0 C:\xampp\htdocs\taposyandu\system\Database\MySQLi\Connection.php(292): mysqli->query('SELECT `idkb`, ...', 0)
#1 C:\xampp\htdocs\taposyandu\system\Database\BaseConnection.php(693): CodeIgniter\Database\MySQLi\Connection->execute('SELECT `idkb`, ...')
#2 C:\xampp\htdocs\taposyandu\system\Database\BaseConnection.php(620): CodeIgniter\Database\BaseConnection->simpleQuery('SELECT `idkb`, ...')
#3 C:\xampp\htdocs\taposyandu\system\Database\BaseBuilder.php(1585): CodeIgniter\Database\BaseConnection->query('SELECT `idkb`, ...', Array, false)
#4 C:\xampp\htdocs\taposyandu\app\Models\KbModel.php(36): CodeIgniter\Database\BaseBuilder->get()
#5 C:\xampp\htdocs\taposyandu\app\Controllers\Kb.php(32): App\Models\KbModel->getAllData()
#6 C:\xampp\htdocs\taposyandu\system\CodeIgniter.php(898): App\Controllers\Kb->index()
#7 C:\xampp\htdocs\taposyandu\system\CodeIgniter.php(457): CodeIgniter\CodeIgniter->runController(Object(App\Controllers\Kb))
#8 C:\xampp\htdocs\taposyandu\system\CodeIgniter.php(340): CodeIgniter\CodeIgniter->handleRequest(NULL, Object(Config\Cache), false)
#9 C:\xampp\htdocs\taposyandu\public\index.php(67): CodeIgniter\CodeIgniter->run()
#10 C:\xampp\htdocs\taposyandu\system\Commands\Server\rewrite.php(43): require_once('C:\\xampp\\htdocs...')
#11 {main}
CRITICAL - 2023-02-18 11:56:44 --> Unknown column 'kb.nokk' in 'on clause'
in SYSTEMPATH\Database\MySQLi\Connection.php on line 292.
 1 SYSTEMPATH\Database\MySQLi\Connection.php(292): mysqli->query('SELECT `idkb`, `tgl`, `jeniskb`, `ayahnama`, `ibunama`
FROM `kb`
JOIN `keluarga` ON `kb`.`nokk`=`keluarga`.`nokk`', 0)
 2 SYSTEMPATH\Database\BaseConnection.php(693): CodeIgniter\Database\MySQLi\Connection->execute('SELECT `idkb`, `tgl`, `jeniskb`, `ayahnama`, `ibunama`
FROM `kb`
JOIN `keluarga` ON `kb`.`nokk`=`keluarga`.`nokk`')
 3 SYSTEMPATH\Database\BaseConnection.php(620): CodeIgniter\Database\BaseConnection->simpleQuery('SELECT `idkb`, `tgl`, `jeniskb`, `ayahnama`, `ibunama`
FROM `kb`
JOIN `keluarga` ON `kb`.`nokk`=`keluarga`.`nokk`')
 4 SYSTEMPATH\Database\BaseBuilder.php(1585): CodeIgniter\Database\BaseConnection->query('SELECT `idkb`, `tgl`, `jeniskb`, `ayahnama`, `ibunama`
FROM `kb`
JOIN `keluarga` ON `kb`.`nokk`=`keluarga`.`nokk`', [], false)
 5 APPPATH\Models\KbModel.php(36): CodeIgniter\Database\BaseBuilder->get()
 6 APPPATH\Controllers\Kb.php(32): App\Models\KbModel->getAllData()
 7 SYSTEMPATH\CodeIgniter.php(898): App\Controllers\Kb->index()
 8 SYSTEMPATH\CodeIgniter.php(457): CodeIgniter\CodeIgniter->runController(Object(App\Controllers\Kb))
 9 SYSTEMPATH\CodeIgniter.php(340): CodeIgniter\CodeIgniter->handleRequest(null, Object(Config\Cache), false)
10 FCPATH\index.php(67): CodeIgniter\CodeIgniter->run()
11 SYSTEMPATH\Commands\Server\rewrite.php(43): require_once('FCPATH\\index.php')
CRITICAL - 2023-02-18 12:36:04 --> Undefined variable $bu
in APPPATH\Views\kader\datakb.php on line 77.
 1 APPPATH\Views\kader\datakb.php(77): CodeIgniter\Debug\Exceptions->errorHandler(2, 'Undefined variable $bu', 'APPPATH\\Views\\kader\\datakb.php', 77)
 2 SYSTEMPATH\View\View.php(213): include('APPPATH\\Views\\kader\\datakb.php')
 3 SYSTEMPATH\View\View.php(216): CodeIgniter\View\View->CodeIgniter\View\{closure}()
 4 SYSTEMPATH\Common.php(1137): CodeIgniter\View\View->render('kader/datakb', [], true)
 5 APPPATH\Controllers\Kb.php(36): view('kader/datakb', [...])
 6 SYSTEMPATH\CodeIgniter.php(898): App\Controllers\Kb->index()
 7 SYSTEMPATH\CodeIgniter.php(457): CodeIgniter\CodeIgniter->runController(Object(App\Controllers\Kb))
 8 SYSTEMPATH\CodeIgniter.php(340): CodeIgniter\CodeIgniter->handleRequest(null, Object(Config\Cache), false)
 9 FCPATH\index.php(67): CodeIgniter\CodeIgniter->run()
10 SYSTEMPATH\Commands\Server\rewrite.php(43): require_once('FCPATH\\index.php')
ERROR - 2023-02-18 12:36:27 --> mysqli_sql_exception: Unknown column 'bumil.idkeluarga' in 'on clause' in C:\xampp\htdocs\taposyandu\system\Database\MySQLi\Connection.php:292
Stack trace:
#0 C:\xampp\htdocs\taposyandu\system\Database\MySQLi\Connection.php(292): mysqli->query('SELECT `keluarg...', 0)
#1 C:\xampp\htdocs\taposyandu\system\Database\BaseConnection.php(693): CodeIgniter\Database\MySQLi\Connection->execute('SELECT `keluarg...')
#2 C:\xampp\htdocs\taposyandu\system\Database\BaseConnection.php(620): CodeIgniter\Database\BaseConnection->simpleQuery('SELECT `keluarg...')
#3 C:\xampp\htdocs\taposyandu\system\Database\BaseBuilder.php(1585): CodeIgniter\Database\BaseConnection->query('SELECT `keluarg...', Array, false)
#4 C:\xampp\htdocs\taposyandu\app\Models\KbModel.php(38): CodeIgniter\Database\BaseBuilder->get()
#5 C:\xampp\htdocs\taposyandu\app\Controllers\Kb.php(99): App\Models\KbModel->getKeluarga('1')
#6 C:\xampp\htdocs\taposyandu\system\CodeIgniter.php(898): App\Controllers\Kb->detailkb('1')
#7 C:\xampp\htdocs\taposyandu\system\CodeIgniter.php(457): CodeIgniter\CodeIgniter->runController(Object(App\Controllers\Kb))
#8 C:\xampp\htdocs\taposyandu\system\CodeIgniter.php(340): CodeIgniter\CodeIgniter->handleRequest(NULL, Object(Config\Cache), false)
#9 C:\xampp\htdocs\taposyandu\public\index.php(67): CodeIgniter\CodeIgniter->run()
#10 C:\xampp\htdocs\taposyandu\system\Commands\Server\rewrite.php(43): require_once('C:\\xampp\\htdocs...')
#11 {main}
CRITICAL - 2023-02-18 12:36:27 --> Unknown column 'bumil.idkeluarga' in 'on clause'
in SYSTEMPATH\Database\MySQLi\Connection.php on line 292.
 1 SYSTEMPATH\Database\MySQLi\Connection.php(292): mysqli->query('SELECT `keluarga`.`idkeluarga`, `idkb`, `tgl`, `jeniskb`, `ayahnama`, `ibunama`
FROM `keluarga`
JOIN `kb` ON `keluarga`.`idkeluarga`=`bumil`.`idkeluarga`
WHERE `keluarga`.`idkeluarga` = \'1\'', 0)
 2 SYSTEMPATH\Database\BaseConnection.php(693): CodeIgniter\Database\MySQLi\Connection->execute('SELECT `keluarga`.`idkeluarga`, `idkb`, `tgl`, `jeniskb`, `ayahnama`, `ibunama`
FROM `keluarga`
JOIN `kb` ON `keluarga`.`idkeluarga`=`bumil`.`idkeluarga`
WHERE `keluarga`.`idkeluarga` = \'1\'')
 3 SYSTEMPATH\Database\BaseConnection.php(620): CodeIgniter\Database\BaseConnection->simpleQuery('SELECT `keluarga`.`idkeluarga`, `idkb`, `tgl`, `jeniskb`, `ayahnama`, `ibunama`
FROM `keluarga`
JOIN `kb` ON `keluarga`.`idkeluarga`=`bumil`.`idkeluarga`
WHERE `keluarga`.`idkeluarga` = \'1\'')
 4 SYSTEMPATH\Database\BaseBuilder.php(1585): CodeIgniter\Database\BaseConnection->query('SELECT `keluarga`.`idkeluarga`, `idkb`, `tgl`, `jeniskb`, `ayahnama`, `ibunama`
FROM `keluarga`
JOIN `kb` ON `keluarga`.`idkeluarga`=`bumil`.`idkeluarga`
WHERE `keluarga`.`idkeluarga` = :keluarga.idkeluarga:', [...], false)
 5 APPPATH\Models\KbModel.php(38): CodeIgniter\Database\BaseBuilder->get()
 6 APPPATH\Controllers\Kb.php(99): App\Models\KbModel->getKeluarga('1')
 7 SYSTEMPATH\CodeIgniter.php(898): App\Controllers\Kb->detailkb('1')
 8 SYSTEMPATH\CodeIgniter.php(457): CodeIgniter\CodeIgniter->runController(Object(App\Controllers\Kb))
 9 SYSTEMPATH\CodeIgniter.php(340): CodeIgniter\CodeIgniter->handleRequest(null, Object(Config\Cache), false)
10 FCPATH\index.php(67): CodeIgniter\CodeIgniter->run()
11 SYSTEMPATH\Commands\Server\rewrite.php(43): require_once('FCPATH\\index.php')
ERROR - 2023-02-18 12:37:02 --> mysqli_sql_exception: Unknown column 'idbumil' in 'where clause' in C:\xampp\htdocs\taposyandu\system\Database\MySQLi\Connection.php:292
Stack trace:
#0 C:\xampp\htdocs\taposyandu\system\Database\MySQLi\Connection.php(292): mysqli->query('SELECT *\nFROM `...', 0)
#1 C:\xampp\htdocs\taposyandu\system\Database\BaseConnection.php(693): CodeIgniter\Database\MySQLi\Connection->execute('SELECT *\nFROM `...')
#2 C:\xampp\htdocs\taposyandu\system\Database\BaseConnection.php(620): CodeIgniter\Database\BaseConnection->simpleQuery('SELECT *\nFROM `...')
#3 C:\xampp\htdocs\taposyandu\system\Database\BaseBuilder.php(1585): CodeIgniter\Database\BaseConnection->query('SELECT *\nFROM `...', Array, false)
#4 C:\xampp\htdocs\taposyandu\system\Model.php(249): CodeIgniter\Database\BaseBuilder->get()
#5 C:\xampp\htdocs\taposyandu\system\BaseModel.php(622): CodeIgniter\Model->doFirst()
#6 C:\xampp\htdocs\taposyandu\app\Models\KbModel.php(44): CodeIgniter\BaseModel->first()
#7 C:\xampp\htdocs\taposyandu\app\Controllers\Kb.php(101): App\Models\KbModel->getKb('1')
#8 C:\xampp\htdocs\taposyandu\system\CodeIgniter.php(898): App\Controllers\Kb->detailkb('1')
#9 C:\xampp\htdocs\taposyandu\system\CodeIgniter.php(457): CodeIgniter\CodeIgniter->runController(Object(App\Controllers\Kb))
#10 C:\xampp\htdocs\taposyandu\system\CodeIgniter.php(340): CodeIgniter\CodeIgniter->handleRequest(NULL, Object(Config\Cache), false)
#11 C:\xampp\htdocs\taposyandu\public\index.php(67): CodeIgniter\CodeIgniter->run()
#12 C:\xampp\htdocs\taposyandu\system\Commands\Server\rewrite.php(43): require_once('C:\\xampp\\htdocs...')
#13 {main}
CRITICAL - 2023-02-18 12:37:02 --> Unknown column 'idbumil' in 'where clause'
in SYSTEMPATH\Database\MySQLi\Connection.php on line 292.
 1 SYSTEMPATH\Database\MySQLi\Connection.php(292): mysqli->query('SELECT *
FROM `kb`
WHERE `idbumil` = \'1\'
AND `kb`.`deleted_at` IS NULL
 LIMIT 1', 0)
 2 SYSTEMPATH\Database\BaseConnection.php(693): CodeIgniter\Database\MySQLi\Connection->execute('SELECT *
FROM `kb`
WHERE `idbumil` = \'1\'
AND `kb`.`deleted_at` IS NULL
 LIMIT 1')
 3 SYSTEMPATH\Database\BaseConnection.php(620): CodeIgniter\Database\BaseConnection->simpleQuery('SELECT *
FROM `kb`
WHERE `idbumil` = \'1\'
AND `kb`.`deleted_at` IS NULL
 LIMIT 1')
 4 SYSTEMPATH\Database\BaseBuilder.php(1585): CodeIgniter\Database\BaseConnection->query('SELECT *
FROM `kb`
WHERE `idbumil` = :idbumil:
AND `kb`.`deleted_at` IS NULL
 LIMIT 1', [...], false)
 5 SYSTEMPATH\Model.php(249): CodeIgniter\Database\BaseBuilder->get()
 6 SYSTEMPATH\BaseModel.php(622): CodeIgniter\Model->doFirst()
 7 APPPATH\Models\KbModel.php(44): CodeIgniter\BaseModel->first()
 8 APPPATH\Controllers\Kb.php(101): App\Models\KbModel->getKb('1')
 9 SYSTEMPATH\CodeIgniter.php(898): App\Controllers\Kb->detailkb('1')
10 SYSTEMPATH\CodeIgniter.php(457): CodeIgniter\CodeIgniter->runController(Object(App\Controllers\Kb))
11 SYSTEMPATH\CodeIgniter.php(340): CodeIgniter\CodeIgniter->handleRequest(null, Object(Config\Cache), false)
12 FCPATH\index.php(67): CodeIgniter\CodeIgniter->run()
13 SYSTEMPATH\Commands\Server\rewrite.php(43): require_once('FCPATH\\index.php')
CRITICAL - 2023-02-18 12:37:25 --> Undefined array key "kbnohp"
in APPPATH\Views\kader\detailkb.php on line 44.
 1 APPPATH\Views\kader\detailkb.php(44): CodeIgniter\Debug\Exceptions->errorHandler(2, 'Undefined array key "kbnohp"', 'APPPATH\\Views\\kader\\detailkb.php', 44)
 2 SYSTEMPATH\View\View.php(213): include('APPPATH\\Views\\kader\\detailkb.php')
 3 SYSTEMPATH\View\View.php(216): CodeIgniter\View\View->CodeIgniter\View\{closure}()
 4 SYSTEMPATH\Common.php(1137): CodeIgniter\View\View->render('kader/detailkb', [], true)
 5 APPPATH\Controllers\Kb.php(109): view('kader/detailkb', [...])
 6 SYSTEMPATH\CodeIgniter.php(898): App\Controllers\Kb->detailkb('1')
 7 SYSTEMPATH\CodeIgniter.php(457): CodeIgniter\CodeIgniter->runController(Object(App\Controllers\Kb))
 8 SYSTEMPATH\CodeIgniter.php(340): CodeIgniter\CodeIgniter->handleRequest(null, Object(Config\Cache), false)
 9 FCPATH\index.php(67): CodeIgniter\CodeIgniter->run()
10 SYSTEMPATH\Commands\Server\rewrite.php(43): require_once('FCPATH\\index.php')
CRITICAL - 2023-02-18 13:09:39 --> Undefined array key "tgl"
in APPPATH\Views\kader\editkb.php on line 73.
 1 APPPATH\Views\kader\editkb.php(73): CodeIgniter\Debug\Exceptions->errorHandler(2, 'Undefined array key "tgl"', 'APPPATH\\Views\\kader\\editkb.php', 73)
 2 SYSTEMPATH\View\View.php(213): include('APPPATH\\Views\\kader\\editkb.php')
 3 SYSTEMPATH\View\View.php(216): CodeIgniter\View\View->CodeIgniter\View\{closure}()
 4 SYSTEMPATH\Common.php(1137): CodeIgniter\View\View->render('kader/editkb', [], true)
 5 APPPATH\Controllers\Kb.php(135): view('kader/editkb', [...])
 6 SYSTEMPATH\CodeIgniter.php(898): App\Controllers\Kb->editkb('1')
 7 SYSTEMPATH\CodeIgniter.php(457): CodeIgniter\CodeIgniter->runController(Object(App\Controllers\Kb))
 8 SYSTEMPATH\CodeIgniter.php(340): CodeIgniter\CodeIgniter->handleRequest(null, Object(Config\Cache), false)
 9 FCPATH\index.php(67): CodeIgniter\CodeIgniter->run()
10 SYSTEMPATH\Commands\Server\rewrite.php(43): require_once('FCPATH\\index.php')
CRITICAL - 2023-02-18 13:11:55 --> Cannot access offset of type string on string
in APPPATH\Views\kader\editkb.php on line 101.
 1 SYSTEMPATH\View\View.php(213): include()
 2 SYSTEMPATH\View\View.php(216): CodeIgniter\View\View->CodeIgniter\View\{closure}()
 3 SYSTEMPATH\Common.php(1137): CodeIgniter\View\View->render('kader/editkb', [], true)
 4 APPPATH\Controllers\Kb.php(135): view('kader/editkb', [...])
 5 SYSTEMPATH\CodeIgniter.php(898): App\Controllers\Kb->editkb('1')
 6 SYSTEMPATH\CodeIgniter.php(457): CodeIgniter\CodeIgniter->runController(Object(App\Controllers\Kb))
 7 SYSTEMPATH\CodeIgniter.php(340): CodeIgniter\CodeIgniter->handleRequest(null, Object(Config\Cache), false)
 8 FCPATH\index.php(67): CodeIgniter\CodeIgniter->run()
 9 SYSTEMPATH\Commands\Server\rewrite.php(43): require_once('FCPATH\\index.php')
CRITICAL - 2023-02-18 13:14:46 --> Cannot access offset of type string on string
in APPPATH\Views\kader\editkb.php on line 101.
 1 SYSTEMPATH\View\View.php(213): include()
 2 SYSTEMPATH\View\View.php(216): CodeIgniter\View\View->CodeIgniter\View\{closure}()
 3 SYSTEMPATH\Common.php(1137): CodeIgniter\View\View->render('kader/editkb', [], true)
 4 APPPATH\Controllers\Kb.php(135): view('kader/editkb', [...])
 5 SYSTEMPATH\CodeIgniter.php(898): App\Controllers\Kb->editkb('1')
 6 SYSTEMPATH\CodeIgniter.php(457): CodeIgniter\CodeIgniter->runController(Object(App\Controllers\Kb))
 7 SYSTEMPATH\CodeIgniter.php(340): CodeIgniter\CodeIgniter->handleRequest(null, Object(Config\Cache), false)
 8 FCPATH\index.php(67): CodeIgniter\CodeIgniter->run()
 9 SYSTEMPATH\Commands\Server\rewrite.php(43): require_once('FCPATH\\index.php')
CRITICAL - 2023-02-18 13:15:51 --> Cannot access offset of type string on string
in APPPATH\Views\kader\editkb.php on line 101.
 1 SYSTEMPATH\View\View.php(213): include()
 2 SYSTEMPATH\View\View.php(216): CodeIgniter\View\View->CodeIgniter\View\{closure}()
 3 SYSTEMPATH\Common.php(1137): CodeIgniter\View\View->render('kader/editkb', [], true)
 4 APPPATH\Controllers\Kb.php(135): view('kader/editkb', [...])
 5 SYSTEMPATH\CodeIgniter.php(898): App\Controllers\Kb->editkb('1')
 6 SYSTEMPATH\CodeIgniter.php(457): CodeIgniter\CodeIgniter->runController(Object(App\Controllers\Kb))
 7 SYSTEMPATH\CodeIgniter.php(340): CodeIgniter\CodeIgniter->handleRequest(null, Object(Config\Cache), false)
 8 FCPATH\index.php(67): CodeIgniter\CodeIgniter->run()
 9 SYSTEMPATH\Commands\Server\rewrite.php(43): require_once('FCPATH\\index.php')
