CRITICAL - 2024-05-28 06:51:55 --> Too few arguments to function App\Models\AllModel::register(), 4 passed in C:\xampp\htdocs\taposyandu\app\Controllers\api\ManageAll.php on line 81 and exactly 5 expected
in APPPATH\Models\AllModel.php on line 68.
 1 APPPATH\Controllers\api\ManageAll.php(81): App\Models\AllModel->register(null, null, null, null)
 2 SYSTEMPATH\CodeIgniter.php(898): App\Controllers\api\ManageAll->register_post()
 3 SYSTEMPATH\CodeIgniter.php(457): CodeIgniter\CodeIgniter->runController(Object(App\Controllers\api\ManageAll))
 4 SYSTEMPATH\CodeIgniter.php(340): CodeIgniter\CodeIgniter->handleRequest(null, Object(Config\Cache), false)
 5 FCPATH\index.php(67): CodeIgniter\CodeIgniter->run()
 6 SYSTEMPATH\Commands\Server\rewrite.php(43): require_once('FCPATH\\index.php')
CRITICAL - 2024-05-28 06:52:58 --> password_hash(): Passing null to parameter #1 ($password) of type string is deprecated
in APPPATH\Models\AllModel.php on line 78.
 1 [internal function]: CodeIgniter\Debug\Exceptions->errorHandler(8192, 'password_hash(): Passing null to parameter #1 ($password) of type string is deprecated', 'APPPATH\\Models\\AllModel.php', 78)
 2 APPPATH\Models\AllModel.php(78): password_hash(null, '2y')
 3 APPPATH\Controllers\api\ManageAll.php(81): App\Models\AllModel->register(null, null, null, null, null)
 4 SYSTEMPATH\CodeIgniter.php(898): App\Controllers\api\ManageAll->register_post()
 5 SYSTEMPATH\CodeIgniter.php(457): CodeIgniter\CodeIgniter->runController(Object(App\Controllers\api\ManageAll))
 6 SYSTEMPATH\CodeIgniter.php(340): CodeIgniter\CodeIgniter->handleRequest(null, Object(Config\Cache), false)
 7 FCPATH\index.php(67): CodeIgniter\CodeIgniter->run()
 8 SYSTEMPATH\Commands\Server\rewrite.php(43): require_once('FCPATH\\index.php')
ERROR - 2024-05-28 07:11:08 --> mysqli_sql_exception: Duplicate entry 'admin1@gmail.com' for key 'email' in C:\xampp\htdocs\taposyandu\system\Database\MySQLi\Connection.php:292
Stack trace:
#0 C:\xampp\htdocs\taposyandu\system\Database\MySQLi\Connection.php(292): mysqli->query('INSERT INTO `us...', 0)
#1 C:\xampp\htdocs\taposyandu\system\Database\BaseConnection.php(693): CodeIgniter\Database\MySQLi\Connection->execute('INSERT INTO `us...')
#2 C:\xampp\htdocs\taposyandu\system\Database\BaseConnection.php(620): CodeIgniter\Database\BaseConnection->simpleQuery('INSERT INTO `us...')
#3 C:\xampp\htdocs\taposyandu\system\Database\BaseBuilder.php(1916): CodeIgniter\Database\BaseConnection->query('INSERT INTO `us...', Array, false)
#4 C:\xampp\htdocs\taposyandu\app\Models\AllModel.php(101): CodeIgniter\Database\BaseBuilder->insert(Array)
#5 C:\xampp\htdocs\taposyandu\app\Controllers\api\ManageAll.php(81): App\Models\AllModel->register('admin1', 'admin1@gmail.co...', '081252532437', 'admin123', 'admin123')
#6 C:\xampp\htdocs\taposyandu\system\CodeIgniter.php(898): App\Controllers\api\ManageAll->register_post()
#7 C:\xampp\htdocs\taposyandu\system\CodeIgniter.php(457): CodeIgniter\CodeIgniter->runController(Object(App\Controllers\api\ManageAll))
#8 C:\xampp\htdocs\taposyandu\system\CodeIgniter.php(340): CodeIgniter\CodeIgniter->handleRequest(NULL, Object(Config\Cache), false)
#9 C:\xampp\htdocs\taposyandu\public\index.php(67): CodeIgniter\CodeIgniter->run()
#10 C:\xampp\htdocs\taposyandu\system\Commands\Server\rewrite.php(43): require_once('C:\\xampp\\htdocs...')
#11 {main}
