CRITICAL - 2023-07-01 04:12:45 --> Attempt to read property "fullname" on null
in APPPATH\Views\template\index.php on line 57.
 1 APPPATH\Views\template\index.php(57): CodeIgniter\Debug\Exceptions->errorHandler(2, 'Attempt to read property "fullname" on null', 'APPPATH\\Views\\template\\index.php', 57)
 2 SYSTEMPATH\View\View.php(213): include('APPPATH\\Views\\template\\index.php')
 3 SYSTEMPATH\View\View.php(216): CodeIgniter\View\View->CodeIgniter\View\{closure}()
 4 SYSTEMPATH\View\View.php(229): CodeIgniter\View\View->render('template/index', [], true)
 5 SYSTEMPATH\Common.php(1137): CodeIgniter\View\View->render('dashboard', [], true)
 6 APPPATH\Controllers\Admin.php(61): view('dashboard', [...])
 7 SYSTEMPATH\CodeIgniter.php(898): App\Controllers\Admin->index()
 8 SYSTEMPATH\CodeIgniter.php(457): CodeIgniter\CodeIgniter->runController(Object(App\Controllers\Admin))
 9 SYSTEMPATH\CodeIgniter.php(340): CodeIgniter\CodeIgniter->handleRequest(null, Object(Config\Cache), false)
10 FCPATH\index.php(67): CodeIgniter\CodeIgniter->run()
11 SYSTEMPATH\Commands\Server\rewrite.php(43): require_once('FCPATH\\index.php')
CRITICAL - 2023-07-01 04:34:50 --> Cannot use object of type stdClass as array
in APPPATH\Controllers\Login.php on line 26.
 1 SYSTEMPATH\CodeIgniter.php(898): App\Controllers\Login->store()
 2 SYSTEMPATH\CodeIgniter.php(457): CodeIgniter\CodeIgniter->runController(Object(App\Controllers\Login))
 3 SYSTEMPATH\CodeIgniter.php(340): CodeIgniter\CodeIgniter->handleRequest(null, Object(Config\Cache), false)
 4 FCPATH\index.php(67): CodeIgniter\CodeIgniter->run()
 5 SYSTEMPATH\Commands\Server\rewrite.php(43): require_once('FCPATH\\index.php')
CRITICAL - 2023-07-01 05:01:03 --> Attempt to read property "fullname" on null
in APPPATH\Views\template\index.php on line 57.
 1 APPPATH\Views\template\index.php(57): CodeIgniter\Debug\Exceptions->errorHandler(2, 'Attempt to read property "fullname" on null', 'APPPATH\\Views\\template\\index.php', 57)
 2 SYSTEMPATH\View\View.php(213): include('APPPATH\\Views\\template\\index.php')
 3 SYSTEMPATH\View\View.php(216): CodeIgniter\View\View->CodeIgniter\View\{closure}()
 4 SYSTEMPATH\View\View.php(229): CodeIgniter\View\View->render('template/index', [], true)
 5 SYSTEMPATH\Common.php(1137): CodeIgniter\View\View->render('dashboard', [], true)
 6 APPPATH\Controllers\Admin.php(61): view('dashboard', [...])
 7 SYSTEMPATH\CodeIgniter.php(898): App\Controllers\Admin->index()
 8 SYSTEMPATH\CodeIgniter.php(457): CodeIgniter\CodeIgniter->runController(Object(App\Controllers\Admin))
 9 SYSTEMPATH\CodeIgniter.php(340): CodeIgniter\CodeIgniter->handleRequest(null, Object(Config\Cache), false)
10 FCPATH\index.php(67): CodeIgniter\CodeIgniter->run()
11 SYSTEMPATH\Commands\Server\rewrite.php(43): require_once('FCPATH\\index.php')
CRITICAL - 2023-07-01 05:15:50 --> Trying to access array offset on value of type null
in APPPATH\Views\template\index.php on line 58.
 1 APPPATH\Views\template\index.php(58): CodeIgniter\Debug\Exceptions->errorHandler(2, 'Trying to access array offset on value of type null', 'APPPATH\\Views\\template\\index.php', 58)
 2 SYSTEMPATH\View\View.php(213): include('APPPATH\\Views\\template\\index.php')
 3 SYSTEMPATH\View\View.php(216): CodeIgniter\View\View->CodeIgniter\View\{closure}()
 4 SYSTEMPATH\View\View.php(229): CodeIgniter\View\View->render('template/index', [], true)
 5 SYSTEMPATH\Common.php(1137): CodeIgniter\View\View->render('dashboard', [], true)
 6 APPPATH\Controllers\Admin.php(61): view('dashboard', [...])
 7 SYSTEMPATH\CodeIgniter.php(898): App\Controllers\Admin->index()
 8 SYSTEMPATH\CodeIgniter.php(457): CodeIgniter\CodeIgniter->runController(Object(App\Controllers\Admin))
 9 SYSTEMPATH\CodeIgniter.php(340): CodeIgniter\CodeIgniter->handleRequest(null, Object(Config\Cache), false)
10 FCPATH\index.php(67): CodeIgniter\CodeIgniter->run()
11 SYSTEMPATH\Commands\Server\rewrite.php(43): require_once('FCPATH\\index.php')
CRITICAL - 2023-07-01 05:16:38 --> Trying to access array offset on value of type null
in APPPATH\Views\template\index.php on line 58.
 1 APPPATH\Views\template\index.php(58): CodeIgniter\Debug\Exceptions->errorHandler(2, 'Trying to access array offset on value of type null', 'APPPATH\\Views\\template\\index.php', 58)
 2 SYSTEMPATH\View\View.php(213): include('APPPATH\\Views\\template\\index.php')
 3 SYSTEMPATH\View\View.php(216): CodeIgniter\View\View->CodeIgniter\View\{closure}()
 4 SYSTEMPATH\View\View.php(229): CodeIgniter\View\View->render('template/index', [], true)
 5 SYSTEMPATH\Common.php(1137): CodeIgniter\View\View->render('dashboard', [], true)
 6 APPPATH\Controllers\Admin.php(61): view('dashboard', [...])
 7 SYSTEMPATH\CodeIgniter.php(898): App\Controllers\Admin->index()
 8 SYSTEMPATH\CodeIgniter.php(457): CodeIgniter\CodeIgniter->runController(Object(App\Controllers\Admin))
 9 SYSTEMPATH\CodeIgniter.php(340): CodeIgniter\CodeIgniter->handleRequest(null, Object(Config\Cache), false)
10 FCPATH\index.php(67): CodeIgniter\CodeIgniter->run()
11 SYSTEMPATH\Commands\Server\rewrite.php(43): require_once('FCPATH\\index.php')
CRITICAL - 2023-07-01 05:20:22 --> Trying to access array offset on value of type null
in APPPATH\Views\template\index.php on line 58.
 1 APPPATH\Views\template\index.php(58): CodeIgniter\Debug\Exceptions->errorHandler(2, 'Trying to access array offset on value of type null', 'APPPATH\\Views\\template\\index.php', 58)
 2 SYSTEMPATH\View\View.php(213): include('APPPATH\\Views\\template\\index.php')
 3 SYSTEMPATH\View\View.php(216): CodeIgniter\View\View->CodeIgniter\View\{closure}()
 4 SYSTEMPATH\View\View.php(229): CodeIgniter\View\View->render('template/index', [], true)
 5 SYSTEMPATH\Common.php(1137): CodeIgniter\View\View->render('dashboard', [], true)
 6 APPPATH\Controllers\Admin.php(61): view('dashboard', [...])
 7 SYSTEMPATH\CodeIgniter.php(898): App\Controllers\Admin->index()
 8 SYSTEMPATH\CodeIgniter.php(457): CodeIgniter\CodeIgniter->runController(Object(App\Controllers\Admin))
 9 SYSTEMPATH\CodeIgniter.php(340): CodeIgniter\CodeIgniter->handleRequest(null, Object(Config\Cache), false)
10 FCPATH\index.php(67): CodeIgniter\CodeIgniter->run()
11 SYSTEMPATH\Commands\Server\rewrite.php(43): require_once('FCPATH\\index.php')
CRITICAL - 2023-07-01 05:22:52 --> Attempt to read property "fullname" on null
in APPPATH\Views\template\topbar.php on line 11.
 1 APPPATH\Views\template\topbar.php(11): CodeIgniter\Debug\Exceptions->errorHandler(2, 'Attempt to read property "fullname" on null', 'APPPATH\\Views\\template\\topbar.php', 11)
 2 SYSTEMPATH\View\View.php(213): include('APPPATH\\Views\\template\\topbar.php')
 3 SYSTEMPATH\View\View.php(216): CodeIgniter\View\View->CodeIgniter\View\{closure}()
 4 SYSTEMPATH\View\View.php(429): CodeIgniter\View\View->render('template/topbar', null, true)
 5 APPPATH\Views\template\index.php(124): CodeIgniter\View\View->include('template/topbar')
 6 SYSTEMPATH\View\View.php(213): include('APPPATH\\Views\\template\\index.php')
 7 SYSTEMPATH\View\View.php(216): CodeIgniter\View\View->CodeIgniter\View\{closure}()
 8 SYSTEMPATH\View\View.php(229): CodeIgniter\View\View->render('template/index', [], true)
 9 SYSTEMPATH\Common.php(1137): CodeIgniter\View\View->render('dashboard', [], true)
10 APPPATH\Controllers\Admin.php(61): view('dashboard', [...])
11 SYSTEMPATH\CodeIgniter.php(898): App\Controllers\Admin->index()
12 SYSTEMPATH\CodeIgniter.php(457): CodeIgniter\CodeIgniter->runController(Object(App\Controllers\Admin))
13 SYSTEMPATH\CodeIgniter.php(340): CodeIgniter\CodeIgniter->handleRequest(null, Object(Config\Cache), false)
14 FCPATH\index.php(67): CodeIgniter\CodeIgniter->run()
15 SYSTEMPATH\Commands\Server\rewrite.php(43): require_once('FCPATH\\index.php')
CRITICAL - 2023-07-01 05:24:30 --> Attempt to read property "fullname" on null
in APPPATH\Views\template\topbar.php on line 11.
 1 APPPATH\Views\template\topbar.php(11): CodeIgniter\Debug\Exceptions->errorHandler(2, 'Attempt to read property "fullname" on null', 'APPPATH\\Views\\template\\topbar.php', 11)
 2 SYSTEMPATH\View\View.php(213): include('APPPATH\\Views\\template\\topbar.php')
 3 SYSTEMPATH\View\View.php(216): CodeIgniter\View\View->CodeIgniter\View\{closure}()
 4 SYSTEMPATH\View\View.php(429): CodeIgniter\View\View->render('template/topbar', null, true)
 5 APPPATH\Views\template\index.php(124): CodeIgniter\View\View->include('template/topbar')
 6 SYSTEMPATH\View\View.php(213): include('APPPATH\\Views\\template\\index.php')
 7 SYSTEMPATH\View\View.php(216): CodeIgniter\View\View->CodeIgniter\View\{closure}()
 8 SYSTEMPATH\View\View.php(229): CodeIgniter\View\View->render('template/index', [], true)
 9 SYSTEMPATH\Common.php(1137): CodeIgniter\View\View->render('dashboard', [], true)
10 APPPATH\Controllers\Admin.php(61): view('dashboard', [...])
11 SYSTEMPATH\CodeIgniter.php(898): App\Controllers\Admin->index()
12 SYSTEMPATH\CodeIgniter.php(457): CodeIgniter\CodeIgniter->runController(Object(App\Controllers\Admin))
13 SYSTEMPATH\CodeIgniter.php(340): CodeIgniter\CodeIgniter->handleRequest(null, Object(Config\Cache), false)
14 FCPATH\index.php(67): CodeIgniter\CodeIgniter->run()
15 SYSTEMPATH\Commands\Server\rewrite.php(43): require_once('FCPATH\\index.php')
CRITICAL - 2023-07-01 05:33:14 --> Attempt to read property "fullname" on null
in APPPATH\Views\template\index.php on line 57.
 1 APPPATH\Views\template\index.php(57): CodeIgniter\Debug\Exceptions->errorHandler(2, 'Attempt to read property "fullname" on null', 'APPPATH\\Views\\template\\index.php', 57)
 2 SYSTEMPATH\View\View.php(213): include('APPPATH\\Views\\template\\index.php')
 3 SYSTEMPATH\View\View.php(216): CodeIgniter\View\View->CodeIgniter\View\{closure}()
 4 SYSTEMPATH\View\View.php(229): CodeIgniter\View\View->render('template/index', [], true)
 5 SYSTEMPATH\Common.php(1137): CodeIgniter\View\View->render('dashboard', [], true)
 6 APPPATH\Controllers\Admin.php(61): view('dashboard', [...])
 7 SYSTEMPATH\CodeIgniter.php(898): App\Controllers\Admin->index()
 8 SYSTEMPATH\CodeIgniter.php(457): CodeIgniter\CodeIgniter->runController(Object(App\Controllers\Admin))
 9 SYSTEMPATH\CodeIgniter.php(340): CodeIgniter\CodeIgniter->handleRequest(null, Object(Config\Cache), false)
10 FCPATH\index.php(67): CodeIgniter\CodeIgniter->run()
11 SYSTEMPATH\Commands\Server\rewrite.php(43): require_once('FCPATH\\index.php')
CRITICAL - 2023-07-01 06:57:43 --> Too few arguments to function Myth\Auth\Authentication\LocalAuthenticator::validate(), 0 passed in C:\xampp\htdocs\ta_posyandu\vendor\myth\auth\src\Authentication\LocalAuthenticator.php on line 21 and at least 1 expected
in VENDORPATH\myth\auth\src\Authentication\LocalAuthenticator.php on line 119.
 1 VENDORPATH\myth\auth\src\Authentication\LocalAuthenticator.php(21): Myth\Auth\Authentication\LocalAuthenticator->validate()
 2 VENDORPATH\myth\auth\src\Controllers\AuthController.php(87): Myth\Auth\Authentication\LocalAuthenticator->attempt([...], false)
 3 SYSTEMPATH\CodeIgniter.php(898): Myth\Auth\Controllers\AuthController->attemptLogin()
 4 SYSTEMPATH\CodeIgniter.php(457): CodeIgniter\CodeIgniter->runController(Object(Myth\Auth\Controllers\AuthController))
 5 SYSTEMPATH\CodeIgniter.php(340): CodeIgniter\CodeIgniter->handleRequest(null, Object(Config\Cache), false)
 6 FCPATH\index.php(67): CodeIgniter\CodeIgniter->run()
 7 SYSTEMPATH\Commands\Server\rewrite.php(43): require_once('FCPATH\\index.php')
CRITICAL - 2023-07-01 06:57:55 --> Undefined property: Myth\Auth\Authentication\LocalAuthenticator::$validate
in VENDORPATH\myth\auth\src\Authentication\LocalAuthenticator.php on line 21.
 1 VENDORPATH\myth\auth\src\Authentication\LocalAuthenticator.php(21): CodeIgniter\Debug\Exceptions->errorHandler(2, 'Undefined property: Myth\\Auth\\Authentication\\LocalAuthenticator::$validate', 'VENDORPATH\\myth\\auth\\src\\Authentication\\LocalAuthenticator.php', 21)
 2 VENDORPATH\myth\auth\src\Controllers\AuthController.php(87): Myth\Auth\Authentication\LocalAuthenticator->attempt([...], false)
 3 SYSTEMPATH\CodeIgniter.php(898): Myth\Auth\Controllers\AuthController->attemptLogin()
 4 SYSTEMPATH\CodeIgniter.php(457): CodeIgniter\CodeIgniter->runController(Object(Myth\Auth\Controllers\AuthController))
 5 SYSTEMPATH\CodeIgniter.php(340): CodeIgniter\CodeIgniter->handleRequest(null, Object(Config\Cache), false)
 6 FCPATH\index.php(67): CodeIgniter\CodeIgniter->run()
 7 SYSTEMPATH\Commands\Server\rewrite.php(43): require_once('FCPATH\\index.php')
CRITICAL - 2023-07-01 07:14:54 --> The route for "/login_action" cannot be found.
in SYSTEMPATH\Helpers\url_helper.php on line 542.
 1 SYSTEMPATH\Helpers\url_helper.php(542): CodeIgniter\Router\Exceptions\RouterException::forInvalidRoute('/login_action')
 2 APPPATH\Views\auth\login.php(73): url_to('/login_action')
 3 SYSTEMPATH\View\View.php(213): include('APPPATH\\Views\\auth\\login.php')
 4 SYSTEMPATH\View\View.php(216): CodeIgniter\View\View->CodeIgniter\View\{closure}()
 5 SYSTEMPATH\Common.php(1137): CodeIgniter\View\View->render('auth/login', [], true)
 6 APPPATH\Controllers\Login.php(10): view('auth/login')
 7 SYSTEMPATH\CodeIgniter.php(898): App\Controllers\Login->index()
 8 SYSTEMPATH\CodeIgniter.php(457): CodeIgniter\CodeIgniter->runController(Object(App\Controllers\Login))
 9 SYSTEMPATH\CodeIgniter.php(340): CodeIgniter\CodeIgniter->handleRequest(null, Object(Config\Cache), false)
10 FCPATH\index.php(67): CodeIgniter\CodeIgniter->run()
11 SYSTEMPATH\Commands\Server\rewrite.php(43): require_once('FCPATH\\index.php')
CRITICAL - 2023-07-01 07:14:55 --> The route for "/login_action" cannot be found.
in SYSTEMPATH\Helpers\url_helper.php on line 542.
 1 SYSTEMPATH\Helpers\url_helper.php(542): CodeIgniter\Router\Exceptions\RouterException::forInvalidRoute('/login_action')
 2 APPPATH\Views\auth\login.php(73): url_to('/login_action')
 3 SYSTEMPATH\View\View.php(213): include('APPPATH\\Views\\auth\\login.php')
 4 SYSTEMPATH\View\View.php(216): CodeIgniter\View\View->CodeIgniter\View\{closure}()
 5 SYSTEMPATH\Common.php(1137): CodeIgniter\View\View->render('auth/login', [], true)
 6 APPPATH\Controllers\Login.php(10): view('auth/login')
 7 SYSTEMPATH\CodeIgniter.php(898): App\Controllers\Login->index()
 8 SYSTEMPATH\CodeIgniter.php(457): CodeIgniter\CodeIgniter->runController(Object(App\Controllers\Login))
 9 SYSTEMPATH\CodeIgniter.php(340): CodeIgniter\CodeIgniter->handleRequest(null, Object(Config\Cache), false)
10 FCPATH\index.php(67): CodeIgniter\CodeIgniter->run()
11 SYSTEMPATH\Commands\Server\rewrite.php(43): require_once('FCPATH\\index.php')
CRITICAL - 2023-07-01 07:14:58 --> The route for "/login_action" cannot be found.
in SYSTEMPATH\Helpers\url_helper.php on line 542.
 1 SYSTEMPATH\Helpers\url_helper.php(542): CodeIgniter\Router\Exceptions\RouterException::forInvalidRoute('/login_action')
 2 APPPATH\Views\auth\login.php(73): url_to('/login_action')
 3 SYSTEMPATH\View\View.php(213): include('APPPATH\\Views\\auth\\login.php')
 4 SYSTEMPATH\View\View.php(216): CodeIgniter\View\View->CodeIgniter\View\{closure}()
 5 SYSTEMPATH\Common.php(1137): CodeIgniter\View\View->render('auth/login', [], true)
 6 APPPATH\Controllers\Login.php(10): view('auth/login')
 7 SYSTEMPATH\CodeIgniter.php(898): App\Controllers\Login->index()
 8 SYSTEMPATH\CodeIgniter.php(457): CodeIgniter\CodeIgniter->runController(Object(App\Controllers\Login))
 9 SYSTEMPATH\CodeIgniter.php(340): CodeIgniter\CodeIgniter->handleRequest(null, Object(Config\Cache), false)
10 FCPATH\index.php(67): CodeIgniter\CodeIgniter->run()
11 SYSTEMPATH\Commands\Server\rewrite.php(43): require_once('FCPATH\\index.php')
CRITICAL - 2023-07-01 07:14:59 --> The route for "/login_action" cannot be found.
in SYSTEMPATH\Helpers\url_helper.php on line 542.
 1 SYSTEMPATH\Helpers\url_helper.php(542): CodeIgniter\Router\Exceptions\RouterException::forInvalidRoute('/login_action')
 2 APPPATH\Views\auth\login.php(73): url_to('/login_action')
 3 SYSTEMPATH\View\View.php(213): include('APPPATH\\Views\\auth\\login.php')
 4 SYSTEMPATH\View\View.php(216): CodeIgniter\View\View->CodeIgniter\View\{closure}()
 5 SYSTEMPATH\Common.php(1137): CodeIgniter\View\View->render('auth/login', [], true)
 6 APPPATH\Controllers\Login.php(10): view('auth/login')
 7 SYSTEMPATH\CodeIgniter.php(898): App\Controllers\Login->index()
 8 SYSTEMPATH\CodeIgniter.php(457): CodeIgniter\CodeIgniter->runController(Object(App\Controllers\Login))
 9 SYSTEMPATH\CodeIgniter.php(340): CodeIgniter\CodeIgniter->handleRequest(null, Object(Config\Cache), false)
10 FCPATH\index.php(67): CodeIgniter\CodeIgniter->run()
11 SYSTEMPATH\Commands\Server\rewrite.php(43): require_once('FCPATH\\index.php')
CRITICAL - 2023-07-01 07:15:03 --> The route for "/login_action" cannot be found.
in SYSTEMPATH\Helpers\url_helper.php on line 542.
 1 SYSTEMPATH\Helpers\url_helper.php(542): CodeIgniter\Router\Exceptions\RouterException::forInvalidRoute('/login_action')
 2 APPPATH\Views\auth\login.php(73): url_to('/login_action')
 3 SYSTEMPATH\View\View.php(213): include('APPPATH\\Views\\auth\\login.php')
 4 SYSTEMPATH\View\View.php(216): CodeIgniter\View\View->CodeIgniter\View\{closure}()
 5 SYSTEMPATH\Common.php(1137): CodeIgniter\View\View->render('auth/login', [], true)
 6 APPPATH\Controllers\Login.php(10): view('auth/login')
 7 SYSTEMPATH\CodeIgniter.php(898): App\Controllers\Login->index()
 8 SYSTEMPATH\CodeIgniter.php(457): CodeIgniter\CodeIgniter->runController(Object(App\Controllers\Login))
 9 SYSTEMPATH\CodeIgniter.php(340): CodeIgniter\CodeIgniter->handleRequest(null, Object(Config\Cache), false)
10 FCPATH\index.php(67): CodeIgniter\CodeIgniter->run()
11 SYSTEMPATH\Commands\Server\rewrite.php(43): require_once('FCPATH\\index.php')
CRITICAL - 2023-07-01 07:15:14 --> The route for "/login_action" cannot be found.
in SYSTEMPATH\Helpers\url_helper.php on line 542.
 1 SYSTEMPATH\Helpers\url_helper.php(542): CodeIgniter\Router\Exceptions\RouterException::forInvalidRoute('/login_action')
 2 APPPATH\Views\auth\login.php(73): url_to('/login_action')
 3 SYSTEMPATH\View\View.php(213): include('APPPATH\\Views\\auth\\login.php')
 4 SYSTEMPATH\View\View.php(216): CodeIgniter\View\View->CodeIgniter\View\{closure}()
 5 SYSTEMPATH\Common.php(1137): CodeIgniter\View\View->render('auth/login', [], true)
 6 APPPATH\Controllers\Login.php(10): view('auth/login')
 7 SYSTEMPATH\CodeIgniter.php(898): App\Controllers\Login->index()
 8 SYSTEMPATH\CodeIgniter.php(457): CodeIgniter\CodeIgniter->runController(Object(App\Controllers\Login))
 9 SYSTEMPATH\CodeIgniter.php(340): CodeIgniter\CodeIgniter->handleRequest(null, Object(Config\Cache), false)
10 FCPATH\index.php(67): CodeIgniter\CodeIgniter->run()
11 SYSTEMPATH\Commands\Server\rewrite.php(43): require_once('FCPATH\\index.php')
CRITICAL - 2023-07-01 07:15:21 --> The route for "/login_action" cannot be found.
in SYSTEMPATH\Helpers\url_helper.php on line 542.
 1 SYSTEMPATH\Helpers\url_helper.php(542): CodeIgniter\Router\Exceptions\RouterException::forInvalidRoute('/login_action')
 2 APPPATH\Views\auth\login.php(73): url_to('/login_action')
 3 SYSTEMPATH\View\View.php(213): include('APPPATH\\Views\\auth\\login.php')
 4 SYSTEMPATH\View\View.php(216): CodeIgniter\View\View->CodeIgniter\View\{closure}()
 5 SYSTEMPATH\Common.php(1137): CodeIgniter\View\View->render('auth/login', [], true)
 6 APPPATH\Controllers\Login.php(10): view('auth/login')
 7 SYSTEMPATH\CodeIgniter.php(898): App\Controllers\Login->index()
 8 SYSTEMPATH\CodeIgniter.php(457): CodeIgniter\CodeIgniter->runController(Object(App\Controllers\Login))
 9 SYSTEMPATH\CodeIgniter.php(340): CodeIgniter\CodeIgniter->handleRequest(null, Object(Config\Cache), false)
10 FCPATH\index.php(67): CodeIgniter\CodeIgniter->run()
11 SYSTEMPATH\Commands\Server\rewrite.php(43): require_once('FCPATH\\index.php')
CRITICAL - 2023-07-01 07:15:27 --> The route for "/login_action" cannot be found.
in SYSTEMPATH\Helpers\url_helper.php on line 542.
 1 SYSTEMPATH\Helpers\url_helper.php(542): CodeIgniter\Router\Exceptions\RouterException::forInvalidRoute('/login_action')
 2 APPPATH\Views\auth\login.php(73): url_to('/login_action')
 3 SYSTEMPATH\View\View.php(213): include('APPPATH\\Views\\auth\\login.php')
 4 SYSTEMPATH\View\View.php(216): CodeIgniter\View\View->CodeIgniter\View\{closure}()
 5 SYSTEMPATH\Common.php(1137): CodeIgniter\View\View->render('auth/login', [], true)
 6 APPPATH\Controllers\Login.php(10): view('auth/login')
 7 SYSTEMPATH\CodeIgniter.php(898): App\Controllers\Login->index()
 8 SYSTEMPATH\CodeIgniter.php(457): CodeIgniter\CodeIgniter->runController(Object(App\Controllers\Login))
 9 SYSTEMPATH\CodeIgniter.php(340): CodeIgniter\CodeIgniter->handleRequest(null, Object(Config\Cache), false)
10 FCPATH\index.php(67): CodeIgniter\CodeIgniter->run()
11 SYSTEMPATH\Commands\Server\rewrite.php(43): require_once('FCPATH\\index.php')
ERROR - 2023-07-01 08:38:46 --> mysqli_sql_exception: Unknown column 'full_name' in 'field list' in C:\xampp\htdocs\ta_posyandu\system\Database\MySQLi\Connection.php:292
Stack trace:
#0 C:\xampp\htdocs\ta_posyandu\system\Database\MySQLi\Connection.php(292): mysqli->query('INSERT INTO `us...', 0)
#1 C:\xampp\htdocs\ta_posyandu\system\Database\BaseConnection.php(693): CodeIgniter\Database\MySQLi\Connection->execute('INSERT INTO `us...')
#2 C:\xampp\htdocs\ta_posyandu\system\Database\BaseConnection.php(620): CodeIgniter\Database\BaseConnection->simpleQuery('INSERT INTO `us...')
#3 C:\xampp\htdocs\ta_posyandu\system\Database\BaseBuilder.php(1916): CodeIgniter\Database\BaseConnection->query('INSERT INTO `us...', Array, false)
#4 C:\xampp\htdocs\ta_posyandu\app\Controllers\Bumil.php(223): CodeIgniter\Database\BaseBuilder->insert(Array)
#5 C:\xampp\htdocs\ta_posyandu\system\CodeIgniter.php(898): App\Controllers\Bumil->save()
#6 C:\xampp\htdocs\ta_posyandu\system\CodeIgniter.php(457): CodeIgniter\CodeIgniter->runController(Object(App\Controllers\Bumil))
#7 C:\xampp\htdocs\ta_posyandu\system\CodeIgniter.php(340): CodeIgniter\CodeIgniter->handleRequest(NULL, Object(Config\Cache), false)
#8 C:\xampp\htdocs\ta_posyandu\public\index.php(67): CodeIgniter\CodeIgniter->run()
#9 C:\xampp\htdocs\ta_posyandu\system\Commands\Server\rewrite.php(43): require_once('C:\\xampp\\htdocs...')
#10 {main}
CRITICAL - 2023-07-01 08:38:46 --> Unknown column 'full_name' in 'field list'
in SYSTEMPATH\Database\MySQLi\Connection.php on line 292.
 1 SYSTEMPATH\Database\MySQLi\Connection.php(292): mysqli->query('INSERT INTO `users` (`username`, `email`, `password_hash`, `full_name`, `usernohp`, `active`, `role`) VALUES (\'35090188127892123\', \'default@mail.com\', \'$2y$10$y12VT5t4.ew0ZmG5p87ua.XY18Spe7OkjMSX/XJvo3Ijen6Jty8xq\', \'Linda\', \'0812-3411-1777\', \'1\', \'masyarakat\')', 0)
 2 SYSTEMPATH\Database\BaseConnection.php(693): CodeIgniter\Database\MySQLi\Connection->execute('INSERT INTO `users` (`username`, `email`, `password_hash`, `full_name`, `usernohp`, `active`, `role`) VALUES (\'35090188127892123\', \'default@mail.com\', \'$2y$10$y12VT5t4.ew0ZmG5p87ua.XY18Spe7OkjMSX/XJvo3Ijen6Jty8xq\', \'Linda\', \'0812-3411-1777\', \'1\', \'masyarakat\')')
 3 SYSTEMPATH\Database\BaseConnection.php(620): CodeIgniter\Database\BaseConnection->simpleQuery('INSERT INTO `users` (`username`, `email`, `password_hash`, `full_name`, `usernohp`, `active`, `role`) VALUES (\'35090188127892123\', \'default@mail.com\', \'$2y$10$y12VT5t4.ew0ZmG5p87ua.XY18Spe7OkjMSX/XJvo3Ijen6Jty8xq\', \'Linda\', \'0812-3411-1777\', \'1\', \'masyarakat\')')
 4 SYSTEMPATH\Database\BaseBuilder.php(1916): CodeIgniter\Database\BaseConnection->query('INSERT INTO `users` (`username`, `email`, `password_hash`, `full_name`, `usernohp`, `active`, `role`) VALUES (:username:, :email:, :password_hash:, :full_name:, :usernohp:, :active:, :role:)', [...], false)
 5 APPPATH\Controllers\Bumil.php(223): CodeIgniter\Database\BaseBuilder->insert([...])
 6 SYSTEMPATH\CodeIgniter.php(898): App\Controllers\Bumil->save()
 7 SYSTEMPATH\CodeIgniter.php(457): CodeIgniter\CodeIgniter->runController(Object(App\Controllers\Bumil))
 8 SYSTEMPATH\CodeIgniter.php(340): CodeIgniter\CodeIgniter->handleRequest(null, Object(Config\Cache), false)
 9 FCPATH\index.php(67): CodeIgniter\CodeIgniter->run()
10 SYSTEMPATH\Commands\Server\rewrite.php(43): require_once('FCPATH\\index.php')
CRITICAL - 2023-07-01 09:04:26 --> Attempt to read property "id" on null
in APPPATH\Models\KesbumilModel.php on line 59.
 1 APPPATH\Models\KesbumilModel.php(59): CodeIgniter\Debug\Exceptions->errorHandler(2, 'Attempt to read property "id" on null', 'APPPATH\\Models\\KesbumilModel.php', 59)
 2 APPPATH\Controllers\Masyarakat.php(52): App\Models\KesbumilModel->getAllKesbumil()
 3 SYSTEMPATH\CodeIgniter.php(898): App\Controllers\Masyarakat->riwayatkesbumil()
 4 SYSTEMPATH\CodeIgniter.php(457): CodeIgniter\CodeIgniter->runController(Object(App\Controllers\Masyarakat))
 5 SYSTEMPATH\CodeIgniter.php(340): CodeIgniter\CodeIgniter->handleRequest(null, Object(Config\Cache), false)
 6 FCPATH\index.php(67): CodeIgniter\CodeIgniter->run()
 7 SYSTEMPATH\Commands\Server\rewrite.php(43): require_once('FCPATH\\index.php')
CRITICAL - 2023-07-01 09:04:46 --> Attempt to read property "id" on null
in APPPATH\Models\KesbumilModel.php on line 59.
 1 APPPATH\Models\KesbumilModel.php(59): CodeIgniter\Debug\Exceptions->errorHandler(2, 'Attempt to read property "id" on null', 'APPPATH\\Models\\KesbumilModel.php', 59)
 2 APPPATH\Controllers\Masyarakat.php(52): App\Models\KesbumilModel->getAllKesbumil()
 3 SYSTEMPATH\CodeIgniter.php(898): App\Controllers\Masyarakat->riwayatkesbumil()
 4 SYSTEMPATH\CodeIgniter.php(457): CodeIgniter\CodeIgniter->runController(Object(App\Controllers\Masyarakat))
 5 SYSTEMPATH\CodeIgniter.php(340): CodeIgniter\CodeIgniter->handleRequest(null, Object(Config\Cache), false)
 6 FCPATH\index.php(67): CodeIgniter\CodeIgniter->run()
 7 SYSTEMPATH\Commands\Server\rewrite.php(43): require_once('FCPATH\\index.php')
CRITICAL - 2023-07-01 09:06:46 --> Call to undefined method App\Models\KbModel::getAllKb
in SYSTEMPATH\Model.php on line 773.
 1 APPPATH\Controllers\Masyarakat.php(75): CodeIgniter\Model->__call('getAllKb', [])
 2 SYSTEMPATH\CodeIgniter.php(898): App\Controllers\Masyarakat->riwayatkb()
 3 SYSTEMPATH\CodeIgniter.php(457): CodeIgniter\CodeIgniter->runController(Object(App\Controllers\Masyarakat))
 4 SYSTEMPATH\CodeIgniter.php(340): CodeIgniter\CodeIgniter->handleRequest(null, Object(Config\Cache), false)
 5 FCPATH\index.php(67): CodeIgniter\CodeIgniter->run()
 6 SYSTEMPATH\Commands\Server\rewrite.php(43): require_once('FCPATH\\index.php')
CRITICAL - 2023-07-01 09:08:19 --> Undefined variable $penimbangan
in APPPATH\Views\masyarakat\riwayatkb.php on line 209.
 1 APPPATH\Views\masyarakat\riwayatkb.php(209): CodeIgniter\Debug\Exceptions->errorHandler(2, 'Undefined variable $penimbangan', 'APPPATH\\Views\\masyarakat\\riwayatkb.php', 209)
 2 SYSTEMPATH\View\View.php(213): include('APPPATH\\Views\\masyarakat\\riwayatkb.php')
 3 SYSTEMPATH\View\View.php(216): CodeIgniter\View\View->CodeIgniter\View\{closure}()
 4 SYSTEMPATH\Common.php(1137): CodeIgniter\View\View->render('masyarakat/riwayatkb', [], true)
 5 APPPATH\Controllers\Masyarakat.php(87): view('masyarakat/riwayatkb', [...])
 6 SYSTEMPATH\CodeIgniter.php(898): App\Controllers\Masyarakat->riwayatkb()
 7 SYSTEMPATH\CodeIgniter.php(457): CodeIgniter\CodeIgniter->runController(Object(App\Controllers\Masyarakat))
 8 SYSTEMPATH\CodeIgniter.php(340): CodeIgniter\CodeIgniter->handleRequest(null, Object(Config\Cache), false)
 9 FCPATH\index.php(67): CodeIgniter\CodeIgniter->run()
10 SYSTEMPATH\Commands\Server\rewrite.php(43): require_once('FCPATH\\index.php')
CRITICAL - 2023-07-01 09:09:57 --> Undefined property: stdClass::$anaknama
in APPPATH\Views\masyarakat\riwayatkb.php on line 212.
 1 APPPATH\Views\masyarakat\riwayatkb.php(212): CodeIgniter\Debug\Exceptions->errorHandler(2, 'Undefined property: stdClass::$anaknama', 'APPPATH\\Views\\masyarakat\\riwayatkb.php', 212)
 2 SYSTEMPATH\View\View.php(213): include('APPPATH\\Views\\masyarakat\\riwayatkb.php')
 3 SYSTEMPATH\View\View.php(216): CodeIgniter\View\View->CodeIgniter\View\{closure}()
 4 SYSTEMPATH\Common.php(1137): CodeIgniter\View\View->render('masyarakat/riwayatkb', [], true)
 5 APPPATH\Controllers\Masyarakat.php(87): view('masyarakat/riwayatkb', [...])
 6 SYSTEMPATH\CodeIgniter.php(898): App\Controllers\Masyarakat->riwayatkb()
 7 SYSTEMPATH\CodeIgniter.php(457): CodeIgniter\CodeIgniter->runController(Object(App\Controllers\Masyarakat))
 8 SYSTEMPATH\CodeIgniter.php(340): CodeIgniter\CodeIgniter->handleRequest(null, Object(Config\Cache), false)
 9 FCPATH\index.php(67): CodeIgniter\CodeIgniter->run()
10 SYSTEMPATH\Commands\Server\rewrite.php(43): require_once('FCPATH\\index.php')
CRITICAL - 2023-07-01 09:10:14 --> Attempt to read property "id" on null
in APPPATH\Models\PenimbanganModel.php on line 73.
 1 APPPATH\Models\PenimbanganModel.php(73): CodeIgniter\Debug\Exceptions->errorHandler(2, 'Attempt to read property "id" on null', 'APPPATH\\Models\\PenimbanganModel.php', 73)
 2 APPPATH\Controllers\Masyarakat.php(98): App\Models\PenimbanganModel->getAllPenimbangan()
 3 SYSTEMPATH\CodeIgniter.php(898): App\Controllers\Masyarakat->riwayatpenimbangan()
 4 SYSTEMPATH\CodeIgniter.php(457): CodeIgniter\CodeIgniter->runController(Object(App\Controllers\Masyarakat))
 5 SYSTEMPATH\CodeIgniter.php(340): CodeIgniter\CodeIgniter->handleRequest(null, Object(Config\Cache), false)
 6 FCPATH\index.php(67): CodeIgniter\CodeIgniter->run()
 7 SYSTEMPATH\Commands\Server\rewrite.php(43): require_once('FCPATH\\index.php')
CRITICAL - 2023-07-01 09:10:44 --> Call to undefined method App\Models\ImunisasiModel::getAllImunisasi
in SYSTEMPATH\Model.php on line 773.
 1 APPPATH\Controllers\Masyarakat.php(121): CodeIgniter\Model->__call('getAllImunisasi', [])
 2 SYSTEMPATH\CodeIgniter.php(898): App\Controllers\Masyarakat->riwayatimunisasi()
 3 SYSTEMPATH\CodeIgniter.php(457): CodeIgniter\CodeIgniter->runController(Object(App\Controllers\Masyarakat))
 4 SYSTEMPATH\CodeIgniter.php(340): CodeIgniter\CodeIgniter->handleRequest(null, Object(Config\Cache), false)
 5 FCPATH\index.php(67): CodeIgniter\CodeIgniter->run()
 6 SYSTEMPATH\Commands\Server\rewrite.php(43): require_once('FCPATH\\index.php')
CRITICAL - 2023-07-01 18:45:56 --> Maximum execution time of 60 seconds exceeded
in SYSTEMPATH\Debug\Exceptions.php on line 154.
 1 [internal function]: CodeIgniter\Debug\Exceptions->shutdownHandler()
ERROR - 2023-07-01 18:46:00 --> Error connecting to the database: mysqli_sql_exception: No connection could be made because the target machine actively refused it in C:\xampp\htdocs\ta_posyandu\system\Database\MySQLi\Connection.php:171
Stack trace:
#0 C:\xampp\htdocs\ta_posyandu\system\Database\MySQLi\Connection.php(171): mysqli->real_connect('localhost', 'root', '', 'taposyandu', 3306, '', 0)
#1 C:\xampp\htdocs\ta_posyandu\system\Database\BaseConnection.php(382): CodeIgniter\Database\MySQLi\Connection->connect(false)
#2 C:\xampp\htdocs\ta_posyandu\system\Database\BaseConnection.php(588): CodeIgniter\Database\BaseConnection->initialize()
#3 C:\xampp\htdocs\ta_posyandu\system\Database\BaseBuilder.php(1614): CodeIgniter\Database\BaseConnection->query('SELECT COUNT(*)...', NULL, false)
#4 C:\xampp\htdocs\ta_posyandu\system\Model.php(771): CodeIgniter\Database\BaseBuilder->countAll()
#5 C:\xampp\htdocs\ta_posyandu\app\Controllers\Admin.php(34): CodeIgniter\Model->__call('countAll', Array)
#6 C:\xampp\htdocs\ta_posyandu\system\CodeIgniter.php(898): App\Controllers\Admin->index()
#7 C:\xampp\htdocs\ta_posyandu\system\CodeIgniter.php(457): CodeIgniter\CodeIgniter->runController(Object(App\Controllers\Admin))
#8 C:\xampp\htdocs\ta_posyandu\system\CodeIgniter.php(340): CodeIgniter\CodeIgniter->handleRequest(NULL, Object(Config\Cache), false)
#9 C:\xampp\htdocs\ta_posyandu\public\index.php(67): CodeIgniter\CodeIgniter->run()
#10 C:\xampp\htdocs\ta_posyandu\system\Commands\Server\rewrite.php(43): require_once('C:\\xampp\\htdocs...')
#11 {main}

Next CodeIgniter\Database\Exceptions\DatabaseException: No connection could be made because the target machine actively refused it in C:\xampp\htdocs\ta_posyandu\system\Database\MySQLi\Connection.php:215
Stack trace:
#0 C:\xampp\htdocs\ta_posyandu\system\Database\BaseConnection.php(382): CodeIgniter\Database\MySQLi\Connection->connect(false)
#1 C:\xampp\htdocs\ta_posyandu\system\Database\BaseConnection.php(588): CodeIgniter\Database\BaseConnection->initialize()
#2 C:\xampp\htdocs\ta_posyandu\system\Database\BaseBuilder.php(1614): CodeIgniter\Database\BaseConnection->query('SELECT COUNT(*)...', NULL, false)
#3 C:\xampp\htdocs\ta_posyandu\system\Model.php(771): CodeIgniter\Database\BaseBuilder->countAll()
#4 C:\xampp\htdocs\ta_posyandu\app\Controllers\Admin.php(34): CodeIgniter\Model->__call('countAll', Array)
#5 C:\xampp\htdocs\ta_posyandu\system\CodeIgniter.php(898): App\Controllers\Admin->index()
#6 C:\xampp\htdocs\ta_posyandu\system\CodeIgniter.php(457): CodeIgniter\CodeIgniter->runController(Object(App\Controllers\Admin))
#7 C:\xampp\htdocs\ta_posyandu\system\CodeIgniter.php(340): CodeIgniter\CodeIgniter->handleRequest(NULL, Object(Config\Cache), false)
#8 C:\xampp\htdocs\ta_posyandu\public\index.php(67): CodeIgniter\CodeIgniter->run()
#9 C:\xampp\htdocs\ta_posyandu\system\Commands\Server\rewrite.php(43): require_once('C:\\xampp\\htdocs...')
#10 {main}
CRITICAL - 2023-07-01 18:46:00 --> Unable to connect to the database.
Main connection [MySQLi]: No connection could be made because the target machine actively refused it
in SYSTEMPATH\Database\BaseConnection.php on line 418.
 1 SYSTEMPATH\Database\BaseConnection.php(588): CodeIgniter\Database\BaseConnection->initialize()
 2 SYSTEMPATH\Database\BaseBuilder.php(1614): CodeIgniter\Database\BaseConnection->query('SELECT COUNT(*) AS `numrows` FROM `bidan`', null, false)
 3 SYSTEMPATH\Model.php(771): CodeIgniter\Database\BaseBuilder->countAll()
 4 APPPATH\Controllers\Admin.php(34): CodeIgniter\Model->__call('countAll', [])
 5 SYSTEMPATH\CodeIgniter.php(898): App\Controllers\Admin->index()
 6 SYSTEMPATH\CodeIgniter.php(457): CodeIgniter\CodeIgniter->runController(Object(App\Controllers\Admin))
 7 SYSTEMPATH\CodeIgniter.php(340): CodeIgniter\CodeIgniter->handleRequest(null, Object(Config\Cache), false)
 8 FCPATH\index.php(67): CodeIgniter\CodeIgniter->run()
 9 SYSTEMPATH\Commands\Server\rewrite.php(43): require_once('FCPATH\\index.php')
ERROR - 2023-07-01 18:46:22 --> Error connecting to the database: mysqli_sql_exception: No connection could be made because the target machine actively refused it in C:\xampp\htdocs\ta_posyandu\system\Database\MySQLi\Connection.php:171
Stack trace:
#0 C:\xampp\htdocs\ta_posyandu\system\Database\MySQLi\Connection.php(171): mysqli->real_connect('localhost', 'root', '', 'taposyandu', 3306, '', 0)
#1 C:\xampp\htdocs\ta_posyandu\system\Database\BaseConnection.php(382): CodeIgniter\Database\MySQLi\Connection->connect(false)
#2 C:\xampp\htdocs\ta_posyandu\system\Database\BaseConnection.php(588): CodeIgniter\Database\BaseConnection->initialize()
#3 C:\xampp\htdocs\ta_posyandu\system\Database\BaseBuilder.php(1614): CodeIgniter\Database\BaseConnection->query('SELECT COUNT(*)...', NULL, false)
#4 C:\xampp\htdocs\ta_posyandu\system\Model.php(771): CodeIgniter\Database\BaseBuilder->countAll()
#5 C:\xampp\htdocs\ta_posyandu\app\Controllers\Admin.php(34): CodeIgniter\Model->__call('countAll', Array)
#6 C:\xampp\htdocs\ta_posyandu\system\CodeIgniter.php(898): App\Controllers\Admin->index()
#7 C:\xampp\htdocs\ta_posyandu\system\CodeIgniter.php(457): CodeIgniter\CodeIgniter->runController(Object(App\Controllers\Admin))
#8 C:\xampp\htdocs\ta_posyandu\system\CodeIgniter.php(340): CodeIgniter\CodeIgniter->handleRequest(NULL, Object(Config\Cache), false)
#9 C:\xampp\htdocs\ta_posyandu\public\index.php(67): CodeIgniter\CodeIgniter->run()
#10 C:\xampp\htdocs\ta_posyandu\system\Commands\Server\rewrite.php(43): require_once('C:\\xampp\\htdocs...')
#11 {main}

Next CodeIgniter\Database\Exceptions\DatabaseException: No connection could be made because the target machine actively refused it in C:\xampp\htdocs\ta_posyandu\system\Database\MySQLi\Connection.php:215
Stack trace:
#0 C:\xampp\htdocs\ta_posyandu\system\Database\BaseConnection.php(382): CodeIgniter\Database\MySQLi\Connection->connect(false)
#1 C:\xampp\htdocs\ta_posyandu\system\Database\BaseConnection.php(588): CodeIgniter\Database\BaseConnection->initialize()
#2 C:\xampp\htdocs\ta_posyandu\system\Database\BaseBuilder.php(1614): CodeIgniter\Database\BaseConnection->query('SELECT COUNT(*)...', NULL, false)
#3 C:\xampp\htdocs\ta_posyandu\system\Model.php(771): CodeIgniter\Database\BaseBuilder->countAll()
#4 C:\xampp\htdocs\ta_posyandu\app\Controllers\Admin.php(34): CodeIgniter\Model->__call('countAll', Array)
#5 C:\xampp\htdocs\ta_posyandu\system\CodeIgniter.php(898): App\Controllers\Admin->index()
#6 C:\xampp\htdocs\ta_posyandu\system\CodeIgniter.php(457): CodeIgniter\CodeIgniter->runController(Object(App\Controllers\Admin))
#7 C:\xampp\htdocs\ta_posyandu\system\CodeIgniter.php(340): CodeIgniter\CodeIgniter->handleRequest(NULL, Object(Config\Cache), false)
#8 C:\xampp\htdocs\ta_posyandu\public\index.php(67): CodeIgniter\CodeIgniter->run()
#9 C:\xampp\htdocs\ta_posyandu\system\Commands\Server\rewrite.php(43): require_once('C:\\xampp\\htdocs...')
#10 {main}
CRITICAL - 2023-07-01 18:46:22 --> Unable to connect to the database.
Main connection [MySQLi]: No connection could be made because the target machine actively refused it
in SYSTEMPATH\Database\BaseConnection.php on line 418.
 1 SYSTEMPATH\Database\BaseConnection.php(588): CodeIgniter\Database\BaseConnection->initialize()
 2 SYSTEMPATH\Database\BaseBuilder.php(1614): CodeIgniter\Database\BaseConnection->query('SELECT COUNT(*) AS `numrows` FROM `bidan`', null, false)
 3 SYSTEMPATH\Model.php(771): CodeIgniter\Database\BaseBuilder->countAll()
 4 APPPATH\Controllers\Admin.php(34): CodeIgniter\Model->__call('countAll', [])
 5 SYSTEMPATH\CodeIgniter.php(898): App\Controllers\Admin->index()
 6 SYSTEMPATH\CodeIgniter.php(457): CodeIgniter\CodeIgniter->runController(Object(App\Controllers\Admin))
 7 SYSTEMPATH\CodeIgniter.php(340): CodeIgniter\CodeIgniter->handleRequest(null, Object(Config\Cache), false)
 8 FCPATH\index.php(67): CodeIgniter\CodeIgniter->run()
 9 SYSTEMPATH\Commands\Server\rewrite.php(43): require_once('FCPATH\\index.php')
CRITICAL - 2023-07-01 18:54:08 --> Undefined variable $penimbangan
in APPPATH\Views\masyarakat\riwayatkb.php on line 209.
 1 APPPATH\Views\masyarakat\riwayatkb.php(209): CodeIgniter\Debug\Exceptions->errorHandler(2, 'Undefined variable $penimbangan', 'APPPATH\\Views\\masyarakat\\riwayatkb.php', 209)
 2 SYSTEMPATH\View\View.php(213): include('APPPATH\\Views\\masyarakat\\riwayatkb.php')
 3 SYSTEMPATH\View\View.php(216): CodeIgniter\View\View->CodeIgniter\View\{closure}()
 4 SYSTEMPATH\Common.php(1137): CodeIgniter\View\View->render('masyarakat/riwayatkb', [], true)
 5 APPPATH\Controllers\Masyarakat.php(87): view('masyarakat/riwayatkb', [...])
 6 SYSTEMPATH\CodeIgniter.php(898): App\Controllers\Masyarakat->riwayatkb()
 7 SYSTEMPATH\CodeIgniter.php(457): CodeIgniter\CodeIgniter->runController(Object(App\Controllers\Masyarakat))
 8 SYSTEMPATH\CodeIgniter.php(340): CodeIgniter\CodeIgniter->handleRequest(null, Object(Config\Cache), false)
 9 FCPATH\index.php(67): CodeIgniter\CodeIgniter->run()
10 SYSTEMPATH\Commands\Server\rewrite.php(43): require_once('FCPATH\\index.php')
CRITICAL - 2023-07-01 18:55:28 --> Call to undefined method App\Models\ImunisasiModel::getAllImunisasi
in SYSTEMPATH\Model.php on line 773.
 1 APPPATH\Controllers\Masyarakat.php(121): CodeIgniter\Model->__call('getAllImunisasi', [])
 2 SYSTEMPATH\CodeIgniter.php(898): App\Controllers\Masyarakat->riwayatimunisasi()
 3 SYSTEMPATH\CodeIgniter.php(457): CodeIgniter\CodeIgniter->runController(Object(App\Controllers\Masyarakat))
 4 SYSTEMPATH\CodeIgniter.php(340): CodeIgniter\CodeIgniter->handleRequest(null, Object(Config\Cache), false)
 5 FCPATH\index.php(67): CodeIgniter\CodeIgniter->run()
 6 SYSTEMPATH\Commands\Server\rewrite.php(43): require_once('FCPATH\\index.php')
CRITICAL - 2023-07-01 19:39:41 --> Undefined variable $validation
in APPPATH\Views\auth\register.php on line 76.
 1 APPPATH\Views\auth\register.php(76): CodeIgniter\Debug\Exceptions->errorHandler(2, 'Undefined variable $validation', 'APPPATH\\Views\\auth\\register.php', 76)
 2 SYSTEMPATH\View\View.php(213): include('APPPATH\\Views\\auth\\register.php')
 3 SYSTEMPATH\View\View.php(216): CodeIgniter\View\View->CodeIgniter\View\{closure}()
 4 SYSTEMPATH\Common.php(1137): CodeIgniter\View\View->render('auth/register', [], true)
 5 APPPATH\Controllers\Login.php(80): view('auth/register')
 6 SYSTEMPATH\CodeIgniter.php(898): App\Controllers\Login->register()
 7 SYSTEMPATH\CodeIgniter.php(457): CodeIgniter\CodeIgniter->runController(Object(App\Controllers\Login))
 8 SYSTEMPATH\CodeIgniter.php(340): CodeIgniter\CodeIgniter->handleRequest(null, Object(Config\Cache), false)
 9 FCPATH\index.php(67): CodeIgniter\CodeIgniter->run()
10 SYSTEMPATH\Commands\Server\rewrite.php(43): require_once('FCPATH\\index.php')
CRITICAL - 2023-07-01 19:42:01 --> Undefined variable $validasi
in APPPATH\Views\auth\register.php on line 76.
 1 APPPATH\Views\auth\register.php(76): CodeIgniter\Debug\Exceptions->errorHandler(2, 'Undefined variable $validasi', 'APPPATH\\Views\\auth\\register.php', 76)
 2 SYSTEMPATH\View\View.php(213): include('APPPATH\\Views\\auth\\register.php')
 3 SYSTEMPATH\View\View.php(216): CodeIgniter\View\View->CodeIgniter\View\{closure}()
 4 SYSTEMPATH\Common.php(1137): CodeIgniter\View\View->render('auth/register', [], true)
 5 APPPATH\Controllers\Login.php(80): view('auth/register')
 6 SYSTEMPATH\CodeIgniter.php(898): App\Controllers\Login->register()
 7 SYSTEMPATH\CodeIgniter.php(457): CodeIgniter\CodeIgniter->runController(Object(App\Controllers\Login))
 8 SYSTEMPATH\CodeIgniter.php(340): CodeIgniter\CodeIgniter->handleRequest(null, Object(Config\Cache), false)
 9 FCPATH\index.php(67): CodeIgniter\CodeIgniter->run()
10 SYSTEMPATH\Commands\Server\rewrite.php(43): require_once('FCPATH\\index.php')
CRITICAL - 2023-07-01 19:45:25 --> Undefined variable $validasi
in APPPATH\Views\auth\register.php on line 76.
 1 APPPATH\Views\auth\register.php(76): CodeIgniter\Debug\Exceptions->errorHandler(2, 'Undefined variable $validasi', 'APPPATH\\Views\\auth\\register.php', 76)
 2 SYSTEMPATH\View\View.php(213): include('APPPATH\\Views\\auth\\register.php')
 3 SYSTEMPATH\View\View.php(216): CodeIgniter\View\View->CodeIgniter\View\{closure}()
 4 SYSTEMPATH\Common.php(1137): CodeIgniter\View\View->render('auth/register', [], true)
 5 APPPATH\Controllers\Login.php(80): view('auth/register')
 6 SYSTEMPATH\CodeIgniter.php(898): App\Controllers\Login->register()
 7 SYSTEMPATH\CodeIgniter.php(457): CodeIgniter\CodeIgniter->runController(Object(App\Controllers\Login))
 8 SYSTEMPATH\CodeIgniter.php(340): CodeIgniter\CodeIgniter->handleRequest(null, Object(Config\Cache), false)
 9 FCPATH\index.php(67): CodeIgniter\CodeIgniter->run()
10 SYSTEMPATH\Commands\Server\rewrite.php(43): require_once('FCPATH\\index.php')
