CRITICAL - 2024-05-27 00:24:03 --> The namespace delimiter is a backslash (\), not a slash (/). Route handler: \App\Controllers\api/ManageAll::getAgenda
in SYSTEMPATH\Router\Router.php on line 466.
 1 SYSTEMPATH\Router\Router.php(466): CodeIgniter\Router\Exceptions\RouterException::forInvalidControllerName('\\App\\Controllers\\api/ManageAll::getAgenda')
 2 SYSTEMPATH\Router\Router.php(181): CodeIgniter\Router\Router->checkRoutes('jancok')
 3 SYSTEMPATH\CodeIgniter.php(773): CodeIgniter\Router\Router->handle('jancok')
 4 SYSTEMPATH\CodeIgniter.php(406): CodeIgniter\CodeIgniter->tryToRouteIt(Object(CodeIgniter\Router\RouteCollection))
 5 SYSTEMPATH\CodeIgniter.php(340): CodeIgniter\CodeIgniter->handleRequest(null, Object(Config\Cache), false)
 6 FCPATH\index.php(67): CodeIgniter\CodeIgniter->run()
 7 SYSTEMPATH\Commands\Server\rewrite.php(43): require_once('FCPATH\\index.php')
CRITICAL - 2024-05-27 00:24:20 --> The namespace delimiter is a backslash (\), not a slash (/). Route handler: \App\Controllers\api/ManageAll::getAgenda
in SYSTEMPATH\Router\Router.php on line 466.
 1 SYSTEMPATH\Router\Router.php(466): CodeIgniter\Router\Exceptions\RouterException::forInvalidControllerName('\\App\\Controllers\\api/ManageAll::getAgenda')
 2 SYSTEMPATH\Router\Router.php(181): CodeIgniter\Router\Router->checkRoutes('jancok')
 3 SYSTEMPATH\CodeIgniter.php(773): CodeIgniter\Router\Router->handle('jancok')
 4 SYSTEMPATH\CodeIgniter.php(406): CodeIgniter\CodeIgniter->tryToRouteIt(Object(CodeIgniter\Router\RouteCollection))
 5 SYSTEMPATH\CodeIgniter.php(340): CodeIgniter\CodeIgniter->handleRequest(null, Object(Config\Cache), false)
 6 FCPATH\index.php(67): CodeIgniter\CodeIgniter->run()
 7 SYSTEMPATH\Commands\Server\rewrite.php(43): require_once('FCPATH\\index.php')
CRITICAL - 2024-05-27 00:39:55 --> Class "CI_Model" not found
in APPPATH\Models\AllModel.php on line 3.
 1 SYSTEMPATH\Autoloader\Autoloader.php(282): include_once()
 2 SYSTEMPATH\Autoloader\Autoloader.php(259): CodeIgniter\Autoloader\Autoloader->includeFile('APPPATH\\Models\\AllModel.php')
 3 SYSTEMPATH\Autoloader\Autoloader.php(237): CodeIgniter\Autoloader\Autoloader->loadInNamespace('App\\Models\\AllModel')
 4 [internal function]: CodeIgniter\Autoloader\Autoloader->loadClass('App\\Models\\AllModel')
 5 SYSTEMPATH\RESTful\BaseResource.php(53): class_exists('App\\Models\\AllModel')
 6 SYSTEMPATH\RESTful\BaseResource.php(37): CodeIgniter\RESTful\BaseResource->setModel('App\\Models\\AllModel')
 7 SYSTEMPATH\CodeIgniter.php(861): CodeIgniter\RESTful\BaseResource->initController(Object(CodeIgniter\HTTP\IncomingRequest), Object(CodeIgniter\HTTP\Response), Object(CodeIgniter\Log\Logger))
 8 SYSTEMPATH\CodeIgniter.php(448): CodeIgniter\CodeIgniter->createController()
 9 SYSTEMPATH\CodeIgniter.php(340): CodeIgniter\CodeIgniter->handleRequest(null, Object(Config\Cache), false)
10 FCPATH\index.php(67): CodeIgniter\CodeIgniter->run()
11 SYSTEMPATH\Commands\Server\rewrite.php(43): require_once('FCPATH\\index.php')
CRITICAL - 2024-05-27 00:41:36 --> Class "Model" not found
in APPPATH\Models\AllModel.php on line 3.
 1 SYSTEMPATH\Autoloader\Autoloader.php(282): include_once()
 2 SYSTEMPATH\Autoloader\Autoloader.php(259): CodeIgniter\Autoloader\Autoloader->includeFile('APPPATH\\Models\\AllModel.php')
 3 SYSTEMPATH\Autoloader\Autoloader.php(237): CodeIgniter\Autoloader\Autoloader->loadInNamespace('App\\Models\\AllModel')
 4 [internal function]: CodeIgniter\Autoloader\Autoloader->loadClass('App\\Models\\AllModel')
 5 SYSTEMPATH\RESTful\BaseResource.php(53): class_exists('App\\Models\\AllModel')
 6 SYSTEMPATH\RESTful\BaseResource.php(37): CodeIgniter\RESTful\BaseResource->setModel('App\\Models\\AllModel')
 7 SYSTEMPATH\CodeIgniter.php(861): CodeIgniter\RESTful\BaseResource->initController(Object(CodeIgniter\HTTP\IncomingRequest), Object(CodeIgniter\HTTP\Response), Object(CodeIgniter\Log\Logger))
 8 SYSTEMPATH\CodeIgniter.php(448): CodeIgniter\CodeIgniter->createController()
 9 SYSTEMPATH\CodeIgniter.php(340): CodeIgniter\CodeIgniter->handleRequest(null, Object(Config\Cache), false)
10 FCPATH\index.php(67): CodeIgniter\CodeIgniter->run()
11 SYSTEMPATH\Commands\Server\rewrite.php(43): require_once('FCPATH\\index.php')
CRITICAL - 2024-05-27 00:42:50 --> Call to a member function get_agenda() on null
in APPPATH\Controllers\api\ManageAll.php on line 25.
 1 SYSTEMPATH\CodeIgniter.php(898): App\Controllers\api\ManageAll->getAgenda()
 2 SYSTEMPATH\CodeIgniter.php(457): CodeIgniter\CodeIgniter->runController(Object(App\Controllers\api\ManageAll))
 3 SYSTEMPATH\CodeIgniter.php(340): CodeIgniter\CodeIgniter->handleRequest(null, Object(Config\Cache), false)
 4 FCPATH\index.php(67): CodeIgniter\CodeIgniter->run()
 5 SYSTEMPATH\Commands\Server\rewrite.php(43): require_once('FCPATH\\index.php')
CRITICAL - 2024-05-27 00:46:04 --> Class "App\Models\AllModel" not found
in APPPATH\Controllers\api\ManageAll.php on line 20.
 1 SYSTEMPATH\CodeIgniter.php(860): App\Controllers\api\ManageAll->__construct()
 2 SYSTEMPATH\CodeIgniter.php(448): CodeIgniter\CodeIgniter->createController()
 3 SYSTEMPATH\CodeIgniter.php(340): CodeIgniter\CodeIgniter->handleRequest(null, Object(Config\Cache), false)
 4 FCPATH\index.php(67): CodeIgniter\CodeIgniter->run()
 5 SYSTEMPATH\Commands\Server\rewrite.php(43): require_once('FCPATH\\index.php')
CRITICAL - 2024-05-27 00:50:11 --> Call to a member function get_agenda() on null
in APPPATH\Controllers\api\ManageAll.php on line 31.
 1 SYSTEMPATH\CodeIgniter.php(898): App\Controllers\api\ManageAll->getAgenda()
 2 SYSTEMPATH\CodeIgniter.php(457): CodeIgniter\CodeIgniter->runController(Object(App\Controllers\api\ManageAll))
 3 SYSTEMPATH\CodeIgniter.php(340): CodeIgniter\CodeIgniter->handleRequest(null, Object(Config\Cache), false)
 4 FCPATH\index.php(67): CodeIgniter\CodeIgniter->run()
 5 SYSTEMPATH\Commands\Server\rewrite.php(43): require_once('FCPATH\\index.php')
CRITICAL - 2024-05-27 00:51:39 --> Call to a member function get_agenda() on null
in APPPATH\Controllers\api\ManageAll.php on line 29.
 1 SYSTEMPATH\CodeIgniter.php(898): App\Controllers\api\ManageAll->getAgenda()
 2 SYSTEMPATH\CodeIgniter.php(457): CodeIgniter\CodeIgniter->runController(Object(App\Controllers\api\ManageAll))
 3 SYSTEMPATH\CodeIgniter.php(340): CodeIgniter\CodeIgniter->handleRequest(null, Object(Config\Cache), false)
 4 FCPATH\index.php(67): CodeIgniter\CodeIgniter->run()
 5 SYSTEMPATH\Commands\Server\rewrite.php(43): require_once('FCPATH\\index.php')
CRITICAL - 2024-05-27 00:53:52 --> Model tidak dapat dimuat
in APPPATH\Controllers\api\ManageAll.php on line 20.
 1 SYSTEMPATH\CodeIgniter.php(860): App\Controllers\api\ManageAll->__construct()
 2 SYSTEMPATH\CodeIgniter.php(448): CodeIgniter\CodeIgniter->createController()
 3 SYSTEMPATH\CodeIgniter.php(340): CodeIgniter\CodeIgniter->handleRequest(null, Object(Config\Cache), false)
 4 FCPATH\index.php(67): CodeIgniter\CodeIgniter->run()
 5 SYSTEMPATH\Commands\Server\rewrite.php(43): require_once('FCPATH\\index.php')
CRITICAL - 2024-05-27 01:30:09 --> You must set the database table to be used with your query.
in SYSTEMPATH\Database\BaseConnection.php on line 872.
 1 APPPATH\Models\AllModel.php(35): CodeIgniter\Database\BaseConnection->table(null)
 2 APPPATH\Controllers\api\ManageAll.php(30): App\Models\AllModel->get_agenda()
 3 SYSTEMPATH\CodeIgniter.php(898): App\Controllers\api\ManageAll->getAgenda()
 4 SYSTEMPATH\CodeIgniter.php(457): CodeIgniter\CodeIgniter->runController(Object(App\Controllers\api\ManageAll))
 5 SYSTEMPATH\CodeIgniter.php(340): CodeIgniter\CodeIgniter->handleRequest(null, Object(Config\Cache), false)
 6 FCPATH\index.php(67): CodeIgniter\CodeIgniter->run()
 7 SYSTEMPATH\Commands\Server\rewrite.php(43): require_once('FCPATH\\index.php')
CRITICAL - 2024-05-27 01:31:33 --> Call to undefined method CodeIgniter\Database\MySQLi\Builder::result()
in APPPATH\Models\AllModel.php on line 38.
 1 APPPATH\Controllers\api\ManageAll.php(30): App\Models\AllModel->get_agenda()
 2 SYSTEMPATH\CodeIgniter.php(898): App\Controllers\api\ManageAll->getAgenda()
 3 SYSTEMPATH\CodeIgniter.php(457): CodeIgniter\CodeIgniter->runController(Object(App\Controllers\api\ManageAll))
 4 SYSTEMPATH\CodeIgniter.php(340): CodeIgniter\CodeIgniter->handleRequest(null, Object(Config\Cache), false)
 5 FCPATH\index.php(67): CodeIgniter\CodeIgniter->run()
 6 SYSTEMPATH\Commands\Server\rewrite.php(43): require_once('FCPATH\\index.php')
CRITICAL - 2024-05-27 01:33:36 --> You must set the database table to be used with your query.
in SYSTEMPATH\Database\BaseConnection.php on line 872.
 1 SYSTEMPATH\Model.php(586): CodeIgniter\Database\BaseConnection->table(null)
 2 SYSTEMPATH\Model.php(734): CodeIgniter\Model->builder()
 3 APPPATH\Models\AllModel.php(35): CodeIgniter\Model->__get('model')
 4 APPPATH\Controllers\api\ManageAll.php(30): App\Models\AllModel->get_agenda()
 5 SYSTEMPATH\CodeIgniter.php(898): App\Controllers\api\ManageAll->getAgenda()
 6 SYSTEMPATH\CodeIgniter.php(457): CodeIgniter\CodeIgniter->runController(Object(App\Controllers\api\ManageAll))
 7 SYSTEMPATH\CodeIgniter.php(340): CodeIgniter\CodeIgniter->handleRequest(null, Object(Config\Cache), false)
 8 FCPATH\index.php(67): CodeIgniter\CodeIgniter->run()
 9 SYSTEMPATH\Commands\Server\rewrite.php(43): require_once('FCPATH\\index.php')
CRITICAL - 2024-05-27 01:34:43 --> You must set the database table to be used with your query.
in SYSTEMPATH\Database\BaseConnection.php on line 872.
 1 SYSTEMPATH\Model.php(586): CodeIgniter\Database\BaseConnection->table(null)
 2 SYSTEMPATH\Model.php(763): CodeIgniter\Model->builder()
 3 APPPATH\Models\AllModel.php(42): CodeIgniter\Model->__call('modifyData', [...])
 4 APPPATH\Controllers\api\ManageAll.php(30): App\Models\AllModel->get_agenda()
 5 SYSTEMPATH\CodeIgniter.php(898): App\Controllers\api\ManageAll->getAgenda()
 6 SYSTEMPATH\CodeIgniter.php(457): CodeIgniter\CodeIgniter->runController(Object(App\Controllers\api\ManageAll))
 7 SYSTEMPATH\CodeIgniter.php(340): CodeIgniter\CodeIgniter->handleRequest(null, Object(Config\Cache), false)
 8 FCPATH\index.php(67): CodeIgniter\CodeIgniter->run()
 9 SYSTEMPATH\Commands\Server\rewrite.php(43): require_once('FCPATH\\index.php')
CRITICAL - 2024-05-27 01:34:45 --> You must set the database table to be used with your query.
in SYSTEMPATH\Database\BaseConnection.php on line 872.
 1 SYSTEMPATH\Model.php(586): CodeIgniter\Database\BaseConnection->table(null)
 2 SYSTEMPATH\Model.php(763): CodeIgniter\Model->builder()
 3 APPPATH\Models\AllModel.php(42): CodeIgniter\Model->__call('modifyData', [...])
 4 APPPATH\Controllers\api\ManageAll.php(30): App\Models\AllModel->get_agenda()
 5 SYSTEMPATH\CodeIgniter.php(898): App\Controllers\api\ManageAll->getAgenda()
 6 SYSTEMPATH\CodeIgniter.php(457): CodeIgniter\CodeIgniter->runController(Object(App\Controllers\api\ManageAll))
 7 SYSTEMPATH\CodeIgniter.php(340): CodeIgniter\CodeIgniter->handleRequest(null, Object(Config\Cache), false)
 8 FCPATH\index.php(67): CodeIgniter\CodeIgniter->run()
 9 SYSTEMPATH\Commands\Server\rewrite.php(43): require_once('FCPATH\\index.php')
CRITICAL - 2024-05-27 01:37:50 --> You must set the database table to be used with your query.
in SYSTEMPATH\Database\BaseConnection.php on line 872.
 1 SYSTEMPATH\Model.php(586): CodeIgniter\Database\BaseConnection->table(null)
 2 SYSTEMPATH\Model.php(763): CodeIgniter\Model->builder()
 3 APPPATH\Models\AllModel.php(42): CodeIgniter\Model->__call('modifyData', [...])
 4 APPPATH\Controllers\api\ManageAll.php(30): App\Models\AllModel->get_agenda()
 5 SYSTEMPATH\CodeIgniter.php(898): App\Controllers\api\ManageAll->getAgenda()
 6 SYSTEMPATH\CodeIgniter.php(457): CodeIgniter\CodeIgniter->runController(Object(App\Controllers\api\ManageAll))
 7 SYSTEMPATH\CodeIgniter.php(340): CodeIgniter\CodeIgniter->handleRequest(null, Object(Config\Cache), false)
 8 FCPATH\index.php(67): CodeIgniter\CodeIgniter->run()
 9 SYSTEMPATH\Commands\Server\rewrite.php(43): require_once('FCPATH\\index.php')
CRITICAL - 2024-05-27 02:15:47 --> Call to undefined method CodeIgniter\Database\MySQLi\Result::orderBy()
in APPPATH\Models\AllModel.php on line 51.
 1 APPPATH\Controllers\api\ManageAll.php(36): App\Models\AllModel->get_penimbangan()
 2 SYSTEMPATH\CodeIgniter.php(898): App\Controllers\api\ManageAll->getPenimbangan()
 3 SYSTEMPATH\CodeIgniter.php(457): CodeIgniter\CodeIgniter->runController(Object(App\Controllers\api\ManageAll))
 4 SYSTEMPATH\CodeIgniter.php(340): CodeIgniter\CodeIgniter->handleRequest(null, Object(Config\Cache), false)
 5 FCPATH\index.php(67): CodeIgniter\CodeIgniter->run()
 6 SYSTEMPATH\Commands\Server\rewrite.php(43): require_once('FCPATH\\index.php')
CRITICAL - 2024-05-27 02:46:08 --> Call to undefined method CodeIgniter\Database\MySQLi\Builder::row()
in APPPATH\Models\AllModel.php on line 19.
 1 APPPATH\Controllers\api\ManageAll.php(27): App\Models\AllModel->login(null, null)
 2 SYSTEMPATH\CodeIgniter.php(898): App\Controllers\api\ManageAll->login()
 3 SYSTEMPATH\CodeIgniter.php(457): CodeIgniter\CodeIgniter->runController(Object(App\Controllers\api\ManageAll))
 4 SYSTEMPATH\CodeIgniter.php(340): CodeIgniter\CodeIgniter->handleRequest(null, Object(Config\Cache), false)
 5 FCPATH\index.php(67): CodeIgniter\CodeIgniter->run()
 6 SYSTEMPATH\Commands\Server\rewrite.php(43): require_once('FCPATH\\index.php')
ERROR - 2024-05-27 02:51:25 --> mysqli_sql_exception: Unknown column 'password' in 'where clause' in C:\xampp\htdocs\taposyandu\system\Database\MySQLi\Connection.php:292
Stack trace:
#0 C:\xampp\htdocs\taposyandu\system\Database\MySQLi\Connection.php(292): mysqli->query('SELECT *\nFROM `...', 0)
#1 C:\xampp\htdocs\taposyandu\system\Database\BaseConnection.php(693): CodeIgniter\Database\MySQLi\Connection->execute('SELECT *\nFROM `...')
#2 C:\xampp\htdocs\taposyandu\system\Database\BaseConnection.php(620): CodeIgniter\Database\BaseConnection->simpleQuery('SELECT *\nFROM `...')
#3 C:\xampp\htdocs\taposyandu\system\Database\BaseBuilder.php(1585): CodeIgniter\Database\BaseConnection->query('SELECT *\nFROM `...', Array, false)
#4 C:\xampp\htdocs\taposyandu\app\Models\AllModel.php(19): CodeIgniter\Database\BaseBuilder->get()
#5 C:\xampp\htdocs\taposyandu\app\Controllers\api\ManageAll.php(27): App\Models\AllModel->login(NULL, NULL)
#6 C:\xampp\htdocs\taposyandu\system\CodeIgniter.php(898): App\Controllers\api\ManageAll->login()
#7 C:\xampp\htdocs\taposyandu\system\CodeIgniter.php(457): CodeIgniter\CodeIgniter->runController(Object(App\Controllers\api\ManageAll))
#8 C:\xampp\htdocs\taposyandu\system\CodeIgniter.php(340): CodeIgniter\CodeIgniter->handleRequest(NULL, Object(Config\Cache), false)
#9 C:\xampp\htdocs\taposyandu\public\index.php(67): CodeIgniter\CodeIgniter->run()
#10 C:\xampp\htdocs\taposyandu\system\Commands\Server\rewrite.php(43): require_once('C:\\xampp\\htdocs...')
#11 {main}
CRITICAL - 2024-05-27 02:51:25 --> Unknown column 'password' in 'where clause'
in SYSTEMPATH\Database\MySQLi\Connection.php on line 292.
 1 SYSTEMPATH\Database\MySQLi\Connection.php(292): mysqli->query('SELECT *
FROM `users`
WHERE `email` IS NULL
AND `password` IS NULL', 0)
 2 SYSTEMPATH\Database\BaseConnection.php(693): CodeIgniter\Database\MySQLi\Connection->execute('SELECT *
FROM `users`
WHERE `email` IS NULL
AND `password` IS NULL')
 3 SYSTEMPATH\Database\BaseConnection.php(620): CodeIgniter\Database\BaseConnection->simpleQuery('SELECT *
FROM `users`
WHERE `email` IS NULL
AND `password` IS NULL')
 4 SYSTEMPATH\Database\BaseBuilder.php(1585): CodeIgniter\Database\BaseConnection->query('SELECT *
FROM `users`
WHERE `email` IS NULL
AND `password` IS NULL', [], false)
 5 APPPATH\Models\AllModel.php(19): CodeIgniter\Database\BaseBuilder->get()
 6 APPPATH\Controllers\api\ManageAll.php(27): App\Models\AllModel->login(null, null)
 7 SYSTEMPATH\CodeIgniter.php(898): App\Controllers\api\ManageAll->login()
 8 SYSTEMPATH\CodeIgniter.php(457): CodeIgniter\CodeIgniter->runController(Object(App\Controllers\api\ManageAll))
 9 SYSTEMPATH\CodeIgniter.php(340): CodeIgniter\CodeIgniter->handleRequest(null, Object(Config\Cache), false)
10 FCPATH\index.php(67): CodeIgniter\CodeIgniter->run()
11 SYSTEMPATH\Commands\Server\rewrite.php(43): require_once('FCPATH\\index.php')
ERROR - 2024-05-27 02:56:38 --> mysqli_sql_exception: You have an error in your SQL syntax; check the manual that corresponds to your MariaDB server version for the right syntax to use near ':0:
AND 1 IS NULL' at line 3 in C:\xampp\htdocs\taposyandu\system\Database\MySQLi\Connection.php:292
Stack trace:
#0 C:\xampp\htdocs\taposyandu\system\Database\MySQLi\Connection.php(292): mysqli->query('SELECT *\nFROM `...', 0)
#1 C:\xampp\htdocs\taposyandu\system\Database\BaseConnection.php(693): CodeIgniter\Database\MySQLi\Connection->execute('SELECT *\nFROM `...')
#2 C:\xampp\htdocs\taposyandu\system\Database\BaseConnection.php(620): CodeIgniter\Database\BaseConnection->simpleQuery('SELECT *\nFROM `...')
#3 C:\xampp\htdocs\taposyandu\system\Database\BaseBuilder.php(1585): CodeIgniter\Database\BaseConnection->query('SELECT *\nFROM `...', Array, false)
#4 C:\xampp\htdocs\taposyandu\app\Models\AllModel.php(19): CodeIgniter\Database\BaseBuilder->get()
#5 C:\xampp\htdocs\taposyandu\app\Controllers\api\ManageAll.php(27): App\Models\AllModel->login(NULL, NULL)
#6 C:\xampp\htdocs\taposyandu\system\CodeIgniter.php(898): App\Controllers\api\ManageAll->login()
#7 C:\xampp\htdocs\taposyandu\system\CodeIgniter.php(457): CodeIgniter\CodeIgniter->runController(Object(App\Controllers\api\ManageAll))
#8 C:\xampp\htdocs\taposyandu\system\CodeIgniter.php(340): CodeIgniter\CodeIgniter->handleRequest(NULL, Object(Config\Cache), false)
#9 C:\xampp\htdocs\taposyandu\public\index.php(67): CodeIgniter\CodeIgniter->run()
#10 C:\xampp\htdocs\taposyandu\system\Commands\Server\rewrite.php(43): require_once('C:\\xampp\\htdocs...')
#11 {main}
CRITICAL - 2024-05-27 02:56:38 --> You have an error in your SQL syntax; check the manual that corresponds to your MariaDB server version for the right syntax to use near ':0:
AND 1 IS NULL' at line 3
in SYSTEMPATH\Database\MySQLi\Connection.php on line 292.
 1 SYSTEMPATH\Database\MySQLi\Connection.php(292): mysqli->query('SELECT *
FROM `users`
WHERE 0 = :0:
AND 1 IS NULL', 0)
 2 SYSTEMPATH\Database\BaseConnection.php(693): CodeIgniter\Database\MySQLi\Connection->execute('SELECT *
FROM `users`
WHERE 0 = :0:
AND 1 IS NULL')
 3 SYSTEMPATH\Database\BaseConnection.php(620): CodeIgniter\Database\BaseConnection->simpleQuery('SELECT *
FROM `users`
WHERE 0 = :0:
AND 1 IS NULL')
 4 SYSTEMPATH\Database\BaseBuilder.php(1585): CodeIgniter\Database\BaseConnection->query('SELECT *
FROM `users`
WHERE 0 = :0:
AND 1 IS NULL', [...], false)
 5 APPPATH\Models\AllModel.php(19): CodeIgniter\Database\BaseBuilder->get()
 6 APPPATH\Controllers\api\ManageAll.php(27): App\Models\AllModel->login(null, null)
 7 SYSTEMPATH\CodeIgniter.php(898): App\Controllers\api\ManageAll->login()
 8 SYSTEMPATH\CodeIgniter.php(457): CodeIgniter\CodeIgniter->runController(Object(App\Controllers\api\ManageAll))
 9 SYSTEMPATH\CodeIgniter.php(340): CodeIgniter\CodeIgniter->handleRequest(null, Object(Config\Cache), false)
10 FCPATH\index.php(67): CodeIgniter\CodeIgniter->run()
11 SYSTEMPATH\Commands\Server\rewrite.php(43): require_once('FCPATH\\index.php')
CRITICAL - 2024-05-27 03:22:43 --> Call to undefined method CodeIgniter\HTTP\IncomingRequest::post()
in APPPATH\Controllers\api\ManageAll.php on line 24.
 1 SYSTEMPATH\CodeIgniter.php(898): App\Controllers\api\ManageAll->login()
 2 SYSTEMPATH\CodeIgniter.php(457): CodeIgniter\CodeIgniter->runController(Object(App\Controllers\api\ManageAll))
 3 SYSTEMPATH\CodeIgniter.php(340): CodeIgniter\CodeIgniter->handleRequest(null, Object(Config\Cache), false)
 4 FCPATH\index.php(67): CodeIgniter\CodeIgniter->run()
 5 SYSTEMPATH\Commands\Server\rewrite.php(43): require_once('FCPATH\\index.php')
CRITICAL - 2024-05-27 03:39:01 --> The namespace delimiter is a backslash (\), not a slash (/). Route handler: \App\Controllers\api/ManageAll::login
in SYSTEMPATH\Router\Router.php on line 466.
 1 SYSTEMPATH\Router\Router.php(466): CodeIgniter\Router\Exceptions\RouterException::forInvalidControllerName('\\App\\Controllers\\api/ManageAll::login')
 2 SYSTEMPATH\Router\Router.php(181): CodeIgniter\Router\Router->checkRoutes('login')
 3 SYSTEMPATH\CodeIgniter.php(773): CodeIgniter\Router\Router->handle('login')
 4 SYSTEMPATH\CodeIgniter.php(406): CodeIgniter\CodeIgniter->tryToRouteIt(Object(CodeIgniter\Router\RouteCollection))
 5 SYSTEMPATH\CodeIgniter.php(340): CodeIgniter\CodeIgniter->handleRequest(null, Object(Config\Cache), false)
 6 FCPATH\index.php(67): CodeIgniter\CodeIgniter->run()
 7 SYSTEMPATH\Commands\Server\rewrite.php(43): require_once('FCPATH\\index.php')
CRITICAL - 2024-05-27 03:46:39 --> Attempt to read property "id" on array
in APPPATH\Controllers\api\ManageAll.php on line 57.
 1 APPPATH\Controllers\api\ManageAll.php(57): CodeIgniter\Debug\Exceptions->errorHandler(2, 'Attempt to read property "id" on array', 'APPPATH\\Controllers\\api\\ManageAll.php', 57)
 2 SYSTEMPATH\CodeIgniter.php(898): App\Controllers\api\ManageAll->login()
 3 SYSTEMPATH\CodeIgniter.php(457): CodeIgniter\CodeIgniter->runController(Object(App\Controllers\api\ManageAll))
 4 SYSTEMPATH\CodeIgniter.php(340): CodeIgniter\CodeIgniter->handleRequest(null, Object(Config\Cache), false)
 5 FCPATH\index.php(67): CodeIgniter\CodeIgniter->run()
 6 SYSTEMPATH\Commands\Server\rewrite.php(43): require_once('FCPATH\\index.php')
CRITICAL - 2024-05-27 03:47:12 --> Attempt to read property "username" on array
in APPPATH\Controllers\api\ManageAll.php on line 58.
 1 APPPATH\Controllers\api\ManageAll.php(58): CodeIgniter\Debug\Exceptions->errorHandler(2, 'Attempt to read property "username" on array', 'APPPATH\\Controllers\\api\\ManageAll.php', 58)
 2 SYSTEMPATH\CodeIgniter.php(898): App\Controllers\api\ManageAll->login()
 3 SYSTEMPATH\CodeIgniter.php(457): CodeIgniter\CodeIgniter->runController(Object(App\Controllers\api\ManageAll))
 4 SYSTEMPATH\CodeIgniter.php(340): CodeIgniter\CodeIgniter->handleRequest(null, Object(Config\Cache), false)
 5 FCPATH\index.php(67): CodeIgniter\CodeIgniter->run()
 6 SYSTEMPATH\Commands\Server\rewrite.php(43): require_once('FCPATH\\index.php')
CRITICAL - 2024-05-27 03:48:33 --> Attempt to read property "id" on array
in APPPATH\Controllers\api\ManageAll.php on line 57.
 1 APPPATH\Controllers\api\ManageAll.php(57): CodeIgniter\Debug\Exceptions->errorHandler(2, 'Attempt to read property "id" on array', 'APPPATH\\Controllers\\api\\ManageAll.php', 57)
 2 SYSTEMPATH\CodeIgniter.php(898): App\Controllers\api\ManageAll->login()
 3 SYSTEMPATH\CodeIgniter.php(457): CodeIgniter\CodeIgniter->runController(Object(App\Controllers\api\ManageAll))
 4 SYSTEMPATH\CodeIgniter.php(340): CodeIgniter\CodeIgniter->handleRequest(null, Object(Config\Cache), false)
 5 FCPATH\index.php(67): CodeIgniter\CodeIgniter->run()
 6 SYSTEMPATH\Commands\Server\rewrite.php(43): require_once('FCPATH\\index.php')
CRITICAL - 2024-05-27 03:49:44 --> Attempt to read property "id" on array
in APPPATH\Controllers\api\ManageAll.php on line 57.
 1 APPPATH\Controllers\api\ManageAll.php(57): CodeIgniter\Debug\Exceptions->errorHandler(2, 'Attempt to read property "id" on array', 'APPPATH\\Controllers\\api\\ManageAll.php', 57)
 2 SYSTEMPATH\CodeIgniter.php(898): App\Controllers\api\ManageAll->login()
 3 SYSTEMPATH\CodeIgniter.php(457): CodeIgniter\CodeIgniter->runController(Object(App\Controllers\api\ManageAll))
 4 SYSTEMPATH\CodeIgniter.php(340): CodeIgniter\CodeIgniter->handleRequest(null, Object(Config\Cache), false)
 5 FCPATH\index.php(67): CodeIgniter\CodeIgniter->run()
 6 SYSTEMPATH\Commands\Server\rewrite.php(43): require_once('FCPATH\\index.php')
CRITICAL - 2024-05-27 03:50:50 --> Too few arguments to function App\Controllers\api\ManageAll::login(), 0 passed in C:\xampp\htdocs\taposyandu\system\CodeIgniter.php on line 898 and exactly 2 expected
in APPPATH\Controllers\api\ManageAll.php on line 36.
 1 SYSTEMPATH\CodeIgniter.php(898): App\Controllers\api\ManageAll->login()
 2 SYSTEMPATH\CodeIgniter.php(457): CodeIgniter\CodeIgniter->runController(Object(App\Controllers\api\ManageAll))
 3 SYSTEMPATH\CodeIgniter.php(340): CodeIgniter\CodeIgniter->handleRequest(null, Object(Config\Cache), false)
 4 FCPATH\index.php(67): CodeIgniter\CodeIgniter->run()
 5 SYSTEMPATH\Commands\Server\rewrite.php(43): require_once('FCPATH\\index.php')
CRITICAL - 2024-05-27 03:51:42 --> CodeIgniter\RESTful\ResourceController::respond(): Argument #2 ($status) must be of type ?int, array given, called in C:\xampp\htdocs\taposyandu\app\Controllers\api\ManageAll.php on line 58
in SYSTEMPATH\API\ResponseTrait.php on line 90.
 1 APPPATH\Controllers\api\ManageAll.php(58): CodeIgniter\RESTful\ResourceController->respond([...], [...])
 2 SYSTEMPATH\CodeIgniter.php(898): App\Controllers\api\ManageAll->login()
 3 SYSTEMPATH\CodeIgniter.php(457): CodeIgniter\CodeIgniter->runController(Object(App\Controllers\api\ManageAll))
 4 SYSTEMPATH\CodeIgniter.php(340): CodeIgniter\CodeIgniter->handleRequest(null, Object(Config\Cache), false)
 5 FCPATH\index.php(67): CodeIgniter\CodeIgniter->run()
 6 SYSTEMPATH\Commands\Server\rewrite.php(43): require_once('FCPATH\\index.php')
CRITICAL - 2024-05-27 03:52:26 --> CodeIgniter\RESTful\ResourceController::respond(): Argument #2 ($status) must be of type ?int, array given, called in C:\xampp\htdocs\taposyandu\app\Controllers\api\ManageAll.php on line 58
in SYSTEMPATH\API\ResponseTrait.php on line 90.
 1 APPPATH\Controllers\api\ManageAll.php(58): CodeIgniter\RESTful\ResourceController->respond('Login successful', [...])
 2 SYSTEMPATH\CodeIgniter.php(898): App\Controllers\api\ManageAll->login()
 3 SYSTEMPATH\CodeIgniter.php(457): CodeIgniter\CodeIgniter->runController(Object(App\Controllers\api\ManageAll))
 4 SYSTEMPATH\CodeIgniter.php(340): CodeIgniter\CodeIgniter->handleRequest(null, Object(Config\Cache), false)
 5 FCPATH\index.php(67): CodeIgniter\CodeIgniter->run()
 6 SYSTEMPATH\Commands\Server\rewrite.php(43): require_once('FCPATH\\index.php')
CRITICAL - 2024-05-27 04:11:45 --> Call to undefined method CodeIgniter\Database\MySQLi\Connection::get_where()
in APPPATH\Models\AllModel.php on line 38.
 1 APPPATH\Controllers\api\ManageAll.php(48): App\Models\AllModel->login('kader1@gmail.com', 'kader123')
 2 SYSTEMPATH\CodeIgniter.php(898): App\Controllers\api\ManageAll->login()
 3 SYSTEMPATH\CodeIgniter.php(457): CodeIgniter\CodeIgniter->runController(Object(App\Controllers\api\ManageAll))
 4 SYSTEMPATH\CodeIgniter.php(340): CodeIgniter\CodeIgniter->handleRequest(null, Object(Config\Cache), false)
 5 FCPATH\index.php(67): CodeIgniter\CodeIgniter->run()
 6 SYSTEMPATH\Commands\Server\rewrite.php(43): require_once('FCPATH\\index.php')
