CRITICAL - 2023-05-11 04:20:13 --> Undefined variable $title
in APPPATH\Views\template\index.php on line 10.
 1 APPPATH\Views\template\index.php(10): CodeIgniter\Debug\Exceptions->errorHandler(2, 'Undefined variable $title', 'APPPATH\\Views\\template\\index.php', 10)
 2 SYSTEMPATH\View\View.php(213): include('APPPATH\\Views\\template\\index.php')
 3 SYSTEMPATH\View\View.php(216): CodeIgniter\View\View->CodeIgniter\View\{closure}()
 4 SYSTEMPATH\View\View.php(229): CodeIgniter\View\View->render('template/index', [], true)
 5 SYSTEMPATH\Common.php(1137): CodeIgniter\View\View->render('kader/layanan/cekkesbumil', [], true)
 6 APPPATH\Controllers\Layanancekkes.php(11): view('kader/layanan/cekkesbumil')
 7 SYSTEMPATH\CodeIgniter.php(898): App\Controllers\Layanancekkes->index()
 8 SYSTEMPATH\CodeIgniter.php(457): CodeIgniter\CodeIgniter->runController(Object(App\Controllers\Layanancekkes))
 9 SYSTEMPATH\CodeIgniter.php(340): CodeIgniter\CodeIgniter->handleRequest(null, Object(Config\Cache), false)
10 FCPATH\index.php(67): CodeIgniter\CodeIgniter->run()
11 SYSTEMPATH\Commands\Server\rewrite.php(43): require_once('FCPATH\\index.php')
CRITICAL - 2023-05-11 05:04:41 --> Undefined variable $d_anak
in APPPATH\Views\kader\layanan\penimbangananak.php on line 163.
 1 APPPATH\Views\kader\layanan\penimbangananak.php(163): CodeIgniter\Debug\Exceptions->errorHandler(2, 'Undefined variable $d_anak', 'APPPATH\\Views\\kader\\layanan\\penimbangananak.php', 163)
 2 SYSTEMPATH\View\View.php(213): include('APPPATH\\Views\\kader\\layanan\\penimbangananak.php')
 3 SYSTEMPATH\View\View.php(216): CodeIgniter\View\View->CodeIgniter\View\{closure}()
 4 SYSTEMPATH\Common.php(1137): CodeIgniter\View\View->render('kader/layanan/penimbangananak', [], true)
 5 APPPATH\Controllers\Layanantimbang.php(11): view('kader/layanan/penimbangananak', [...])
 6 SYSTEMPATH\CodeIgniter.php(898): App\Controllers\Layanantimbang->index()
 7 SYSTEMPATH\CodeIgniter.php(457): CodeIgniter\CodeIgniter->runController(Object(App\Controllers\Layanantimbang))
 8 SYSTEMPATH\CodeIgniter.php(340): CodeIgniter\CodeIgniter->handleRequest(null, Object(Config\Cache), false)
 9 FCPATH\index.php(67): CodeIgniter\CodeIgniter->run()
10 SYSTEMPATH\Commands\Server\rewrite.php(43): require_once('FCPATH\\index.php')
CRITICAL - 2023-05-11 05:06:11 --> Undefined variable $d
in APPPATH\Views\kader\layanan\penimbangananak.php on line 166.
 1 APPPATH\Views\kader\layanan\penimbangananak.php(166): CodeIgniter\Debug\Exceptions->errorHandler(2, 'Undefined variable $d', 'APPPATH\\Views\\kader\\layanan\\penimbangananak.php', 166)
 2 SYSTEMPATH\View\View.php(213): include('APPPATH\\Views\\kader\\layanan\\penimbangananak.php')
 3 SYSTEMPATH\View\View.php(216): CodeIgniter\View\View->CodeIgniter\View\{closure}()
 4 SYSTEMPATH\Common.php(1137): CodeIgniter\View\View->render('kader/layanan/penimbangananak', [], true)
 5 APPPATH\Controllers\Layanantimbang.php(11): view('kader/layanan/penimbangananak', [...])
 6 SYSTEMPATH\CodeIgniter.php(898): App\Controllers\Layanantimbang->index()
 7 SYSTEMPATH\CodeIgniter.php(457): CodeIgniter\CodeIgniter->runController(Object(App\Controllers\Layanantimbang))
 8 SYSTEMPATH\CodeIgniter.php(340): CodeIgniter\CodeIgniter->handleRequest(null, Object(Config\Cache), false)
 9 FCPATH\index.php(67): CodeIgniter\CodeIgniter->run()
10 SYSTEMPATH\Commands\Server\rewrite.php(43): require_once('FCPATH\\index.php')
CRITICAL - 2023-05-11 08:43:53 --> Undefined property: CodeIgniter\View\View::$session
in APPPATH\Views\kader\layanan\penimbangananak.php on line 13.
 1 APPPATH\Views\kader\layanan\penimbangananak.php(13): CodeIgniter\Debug\Exceptions->errorHandler(2, 'Undefined property: CodeIgniter\\View\\View::$session', 'APPPATH\\Views\\kader\\layanan\\penimbangananak.php', 13)
 2 SYSTEMPATH\View\View.php(213): include('APPPATH\\Views\\kader\\layanan\\penimbangananak.php')
 3 SYSTEMPATH\View\View.php(216): CodeIgniter\View\View->CodeIgniter\View\{closure}()
 4 SYSTEMPATH\Common.php(1137): CodeIgniter\View\View->render('kader/layanan/penimbangananak', [], true)
 5 APPPATH\Controllers\Layanantimbang.php(11): view('kader/layanan/penimbangananak', [...])
 6 SYSTEMPATH\CodeIgniter.php(898): App\Controllers\Layanantimbang->index()
 7 SYSTEMPATH\CodeIgniter.php(457): CodeIgniter\CodeIgniter->runController(Object(App\Controllers\Layanantimbang))
 8 SYSTEMPATH\CodeIgniter.php(340): CodeIgniter\CodeIgniter->handleRequest(null, Object(Config\Cache), false)
 9 FCPATH\index.php(67): CodeIgniter\CodeIgniter->run()
10 SYSTEMPATH\Commands\Server\rewrite.php(43): require_once('FCPATH\\index.php')
CRITICAL - 2023-05-11 21:40:56 --> Cannot use object of type stdClass as array
in APPPATH\Views\kader\layanan\penimbangananak.php on line 188.
 1 SYSTEMPATH\View\View.php(213): include()
 2 SYSTEMPATH\View\View.php(216): CodeIgniter\View\View->CodeIgniter\View\{closure}()
 3 SYSTEMPATH\Common.php(1137): CodeIgniter\View\View->render('kader/layanan/penimbangananak', [], true)
 4 APPPATH\Controllers\Layanantimbang.php(25): view('kader/layanan/penimbangananak', [...])
 5 SYSTEMPATH\CodeIgniter.php(898): App\Controllers\Layanantimbang->index()
 6 SYSTEMPATH\CodeIgniter.php(457): CodeIgniter\CodeIgniter->runController(Object(App\Controllers\Layanantimbang))
 7 SYSTEMPATH\CodeIgniter.php(340): CodeIgniter\CodeIgniter->handleRequest(null, Object(Config\Cache), false)
 8 FCPATH\index.php(67): CodeIgniter\CodeIgniter->run()
 9 SYSTEMPATH\Commands\Server\rewrite.php(43): require_once('FCPATH\\index.php')
CRITICAL - 2023-05-11 21:49:34 --> Undefined variable $currentPage
in APPPATH\Views\kader\layanan\penimbangananak.php on line 193.
 1 APPPATH\Views\kader\layanan\penimbangananak.php(193): CodeIgniter\Debug\Exceptions->errorHandler(2, 'Undefined variable $currentPage', 'APPPATH\\Views\\kader\\layanan\\penimbangananak.php', 193)
 2 SYSTEMPATH\View\View.php(213): include('APPPATH\\Views\\kader\\layanan\\penimbangananak.php')
 3 SYSTEMPATH\View\View.php(216): CodeIgniter\View\View->CodeIgniter\View\{closure}()
 4 SYSTEMPATH\Common.php(1137): CodeIgniter\View\View->render('kader/layanan/penimbangananak', [], true)
 5 APPPATH\Controllers\Layanantimbang.php(25): view('kader/layanan/penimbangananak', [...])
 6 SYSTEMPATH\CodeIgniter.php(898): App\Controllers\Layanantimbang->index()
 7 SYSTEMPATH\CodeIgniter.php(457): CodeIgniter\CodeIgniter->runController(Object(App\Controllers\Layanantimbang))
 8 SYSTEMPATH\CodeIgniter.php(340): CodeIgniter\CodeIgniter->handleRequest(null, Object(Config\Cache), false)
 9 FCPATH\index.php(67): CodeIgniter\CodeIgniter->run()
10 SYSTEMPATH\Commands\Server\rewrite.php(43): require_once('FCPATH\\index.php')
CRITICAL - 2023-05-11 21:51:06 --> Cannot use object of type stdClass as array
in APPPATH\Views\kader\layanan\penimbangananak.php on line 207.
 1 SYSTEMPATH\View\View.php(213): include()
 2 SYSTEMPATH\View\View.php(216): CodeIgniter\View\View->CodeIgniter\View\{closure}()
 3 SYSTEMPATH\Common.php(1137): CodeIgniter\View\View->render('kader/layanan/penimbangananak', [], true)
 4 APPPATH\Controllers\Layanantimbang.php(28): view('kader/layanan/penimbangananak', [...])
 5 SYSTEMPATH\CodeIgniter.php(898): App\Controllers\Layanantimbang->index()
 6 SYSTEMPATH\CodeIgniter.php(457): CodeIgniter\CodeIgniter->runController(Object(App\Controllers\Layanantimbang))
 7 SYSTEMPATH\CodeIgniter.php(340): CodeIgniter\CodeIgniter->handleRequest(null, Object(Config\Cache), false)
 8 FCPATH\index.php(67): CodeIgniter\CodeIgniter->run()
 9 SYSTEMPATH\Commands\Server\rewrite.php(43): require_once('FCPATH\\index.php')
