CRITICAL - 2023-07-02 01:07:05 --> Attempt to read property "role" on null
in APPPATH\Controllers\Login.php on line 21.
 1 APPPATH\Controllers\Login.php(21): CodeIgniter\Debug\Exceptions->errorHandler(2, 'Attempt to read property "role" on null', 'APPPATH\\Controllers\\Login.php', 21)
 2 SYSTEMPATH\CodeIgniter.php(898): App\Controllers\Login->store()
 3 SYSTEMPATH\CodeIgniter.php(457): CodeIgniter\CodeIgniter->runController(Object(App\Controllers\Login))
 4 SYSTEMPATH\CodeIgniter.php(340): CodeIgniter\CodeIgniter->handleRequest(null, Object(Config\Cache), false)
 5 FCPATH\index.php(67): CodeIgniter\CodeIgniter->run()
 6 SYSTEMPATH\Commands\Server\rewrite.php(43): require_once('FCPATH\\index.php')
ERROR - 2023-07-02 16:19:33 --> mysqli_sql_exception: Duplicate entry 'default@mail.com' for key 'email' in C:\xampp\htdocs\ta_posyandu\system\Database\MySQLi\Connection.php:292
Stack trace:
#0 C:\xampp\htdocs\ta_posyandu\system\Database\MySQLi\Connection.php(292): mysqli->query('INSERT INTO `us...', 0)
#1 C:\xampp\htdocs\ta_posyandu\system\Database\BaseConnection.php(693): CodeIgniter\Database\MySQLi\Connection->execute('INSERT INTO `us...')
#2 C:\xampp\htdocs\ta_posyandu\system\Database\BaseConnection.php(620): CodeIgniter\Database\BaseConnection->simpleQuery('INSERT INTO `us...')
#3 C:\xampp\htdocs\ta_posyandu\system\Database\BaseBuilder.php(1916): CodeIgniter\Database\BaseConnection->query('INSERT INTO `us...', Array, false)
#4 C:\xampp\htdocs\ta_posyandu\app\Controllers\Bumil.php(226): CodeIgniter\Database\BaseBuilder->insert(Array)
#5 C:\xampp\htdocs\ta_posyandu\system\CodeIgniter.php(898): App\Controllers\Bumil->save()
#6 C:\xampp\htdocs\ta_posyandu\system\CodeIgniter.php(457): CodeIgniter\CodeIgniter->runController(Object(App\Controllers\Bumil))
#7 C:\xampp\htdocs\ta_posyandu\system\CodeIgniter.php(340): CodeIgniter\CodeIgniter->handleRequest(NULL, Object(Config\Cache), false)
#8 C:\xampp\htdocs\ta_posyandu\public\index.php(67): CodeIgniter\CodeIgniter->run()
#9 C:\xampp\htdocs\ta_posyandu\system\Commands\Server\rewrite.php(43): require_once('C:\\xampp\\htdocs...')
#10 {main}
CRITICAL - 2023-07-02 16:19:33 --> Duplicate entry 'default@mail.com' for key 'email'
in SYSTEMPATH\Database\MySQLi\Connection.php on line 292.
 1 SYSTEMPATH\Database\MySQLi\Connection.php(292): mysqli->query('INSERT INTO `users` (`username`, `email`, `password_hash`, `fullname`, `usernohp`, `active`, `role`, `created_at`, `updated_at`) VALUES (\'35090188127891212\', \'default@mail.com\', \'$2y$10$EXmg9SoaHVTakETlOSsq5OeL7PmNoMZf04A.P.1g3p8hk2lX0IrvO\', \'Agnes\', \'082167287231\', \'1\', \'masyarakat\', \'2023-07-02 16:19:33\', \'2023-07-02 16:19:33\')', 0)
 2 SYSTEMPATH\Database\BaseConnection.php(693): CodeIgniter\Database\MySQLi\Connection->execute('INSERT INTO `users` (`username`, `email`, `password_hash`, `fullname`, `usernohp`, `active`, `role`, `created_at`, `updated_at`) VALUES (\'35090188127891212\', \'default@mail.com\', \'$2y$10$EXmg9SoaHVTakETlOSsq5OeL7PmNoMZf04A.P.1g3p8hk2lX0IrvO\', \'Agnes\', \'082167287231\', \'1\', \'masyarakat\', \'2023-07-02 16:19:33\', \'2023-07-02 16:19:33\')')
 3 SYSTEMPATH\Database\BaseConnection.php(620): CodeIgniter\Database\BaseConnection->simpleQuery('INSERT INTO `users` (`username`, `email`, `password_hash`, `fullname`, `usernohp`, `active`, `role`, `created_at`, `updated_at`) VALUES (\'35090188127891212\', \'default@mail.com\', \'$2y$10$EXmg9SoaHVTakETlOSsq5OeL7PmNoMZf04A.P.1g3p8hk2lX0IrvO\', \'Agnes\', \'082167287231\', \'1\', \'masyarakat\', \'2023-07-02 16:19:33\', \'2023-07-02 16:19:33\')')
 4 SYSTEMPATH\Database\BaseBuilder.php(1916): CodeIgniter\Database\BaseConnection->query('INSERT INTO `users` (`username`, `email`, `password_hash`, `fullname`, `usernohp`, `active`, `role`, `created_at`, `updated_at`) VALUES (:username:, :email:, :password_hash:, :fullname:, :usernohp:, :active:, :role:, :created_at:, :updated_at:)', [...], false)
 5 APPPATH\Controllers\Bumil.php(226): CodeIgniter\Database\BaseBuilder->insert([...])
 6 SYSTEMPATH\CodeIgniter.php(898): App\Controllers\Bumil->save()
 7 SYSTEMPATH\CodeIgniter.php(457): CodeIgniter\CodeIgniter->runController(Object(App\Controllers\Bumil))
 8 SYSTEMPATH\CodeIgniter.php(340): CodeIgniter\CodeIgniter->handleRequest(null, Object(Config\Cache), false)
 9 FCPATH\index.php(67): CodeIgniter\CodeIgniter->run()
10 SYSTEMPATH\Commands\Server\rewrite.php(43): require_once('FCPATH\\index.php')
