CRITICAL - 2024-05-02 23:01:01 --> Undefined variable $bidan
in APPPATH\Views\admin\bidan\tambahbidan.php on line 129.
 1 APPPATH\Views\admin\bidan\tambahbidan.php(129): CodeIgniter\Debug\Exceptions->errorHandler(2, 'Undefined variable $bidan', 'APPPATH\\Views\\admin\\bidan\\tambahbidan.php', 129)
 2 SYSTEMPATH\View\View.php(213): include('APPPATH\\Views\\admin\\bidan\\tambahbidan.php')
 3 SYSTEMPATH\View\View.php(216): CodeIgniter\View\View->CodeIgniter\View\{closure}()
 4 SYSTEMPATH\Common.php(1137): CodeIgniter\View\View->render('admin/bidan/tambahbidan', [], true)
 5 APPPATH\Controllers\Bidan.php(48): view('admin/bidan/tambahbidan', [...])
 6 SYSTEMPATH\CodeIgniter.php(898): App\Controllers\Bidan->tambahbidan()
 7 SYSTEMPATH\CodeIgniter.php(457): CodeIgniter\CodeIgniter->runController(Object(App\Controllers\Bidan))
 8 SYSTEMPATH\CodeIgniter.php(340): CodeIgniter\CodeIgniter->handleRequest(null, Object(Config\Cache), false)
 9 FCPATH\index.php(67): CodeIgniter\CodeIgniter->run()
10 SYSTEMPATH\Commands\Server\rewrite.php(43): require_once('FCPATH\\index.php')
CRITICAL - 2024-05-02 23:02:20 --> Undefined variable $bidan
in APPPATH\Views\admin\bidan\tambahbidan.php on line 129.
 1 APPPATH\Views\admin\bidan\tambahbidan.php(129): CodeIgniter\Debug\Exceptions->errorHandler(2, 'Undefined variable $bidan', 'APPPATH\\Views\\admin\\bidan\\tambahbidan.php', 129)
 2 SYSTEMPATH\View\View.php(213): include('APPPATH\\Views\\admin\\bidan\\tambahbidan.php')
 3 SYSTEMPATH\View\View.php(216): CodeIgniter\View\View->CodeIgniter\View\{closure}()
 4 SYSTEMPATH\Common.php(1137): CodeIgniter\View\View->render('admin/bidan/tambahbidan', [], true)
 5 APPPATH\Controllers\Bidan.php(48): view('admin/bidan/tambahbidan', [...])
 6 SYSTEMPATH\CodeIgniter.php(898): App\Controllers\Bidan->tambahbidan()
 7 SYSTEMPATH\CodeIgniter.php(457): CodeIgniter\CodeIgniter->runController(Object(App\Controllers\Bidan))
 8 SYSTEMPATH\CodeIgniter.php(340): CodeIgniter\CodeIgniter->handleRequest(null, Object(Config\Cache), false)
 9 FCPATH\index.php(67): CodeIgniter\CodeIgniter->run()
10 SYSTEMPATH\Commands\Server\rewrite.php(43): require_once('FCPATH\\index.php')
CRITICAL - 2024-05-02 23:17:58 --> Undefined variable $row
in APPPATH\Views\admin\bidan\databidan.php on line 84.
 1 APPPATH\Views\admin\bidan\databidan.php(84): CodeIgniter\Debug\Exceptions->errorHandler(2, 'Undefined variable $row', 'APPPATH\\Views\\admin\\bidan\\databidan.php', 84)
 2 SYSTEMPATH\View\View.php(213): include('APPPATH\\Views\\admin\\bidan\\databidan.php')
 3 SYSTEMPATH\View\View.php(216): CodeIgniter\View\View->CodeIgniter\View\{closure}()
 4 SYSTEMPATH\Common.php(1137): CodeIgniter\View\View->render('admin/bidan/databidan', [], true)
 5 APPPATH\Controllers\Bidan.php(38): view('admin/bidan/databidan', [...])
 6 SYSTEMPATH\CodeIgniter.php(898): App\Controllers\Bidan->index()
 7 SYSTEMPATH\CodeIgniter.php(457): CodeIgniter\CodeIgniter->runController(Object(App\Controllers\Bidan))
 8 SYSTEMPATH\CodeIgniter.php(340): CodeIgniter\CodeIgniter->handleRequest(null, Object(Config\Cache), false)
 9 FCPATH\index.php(67): CodeIgniter\CodeIgniter->run()
10 SYSTEMPATH\Commands\Server\rewrite.php(43): require_once('FCPATH\\index.php')
CRITICAL - 2024-05-02 23:20:49 --> Undefined variable $row
in APPPATH\Views\admin\bidan\databidan.php on line 84.
 1 APPPATH\Views\admin\bidan\databidan.php(84): CodeIgniter\Debug\Exceptions->errorHandler(2, 'Undefined variable $row', 'APPPATH\\Views\\admin\\bidan\\databidan.php', 84)
 2 SYSTEMPATH\View\View.php(213): include('APPPATH\\Views\\admin\\bidan\\databidan.php')
 3 SYSTEMPATH\View\View.php(216): CodeIgniter\View\View->CodeIgniter\View\{closure}()
 4 SYSTEMPATH\Common.php(1137): CodeIgniter\View\View->render('admin/bidan/databidan', [], true)
 5 APPPATH\Controllers\Bidan.php(38): view('admin/bidan/databidan', [...])
 6 SYSTEMPATH\CodeIgniter.php(898): App\Controllers\Bidan->index()
 7 SYSTEMPATH\CodeIgniter.php(457): CodeIgniter\CodeIgniter->runController(Object(App\Controllers\Bidan))
 8 SYSTEMPATH\CodeIgniter.php(340): CodeIgniter\CodeIgniter->handleRequest(null, Object(Config\Cache), false)
 9 FCPATH\index.php(67): CodeIgniter\CodeIgniter->run()
10 SYSTEMPATH\Commands\Server\rewrite.php(43): require_once('FCPATH\\index.php')
CRITICAL - 2024-05-02 23:27:55 --> Undefined variable $row
in APPPATH\Views\admin\bidan\databidan.php on line 84.
 1 APPPATH\Views\admin\bidan\databidan.php(84): CodeIgniter\Debug\Exceptions->errorHandler(2, 'Undefined variable $row', 'APPPATH\\Views\\admin\\bidan\\databidan.php', 84)
 2 SYSTEMPATH\View\View.php(213): include('APPPATH\\Views\\admin\\bidan\\databidan.php')
 3 SYSTEMPATH\View\View.php(216): CodeIgniter\View\View->CodeIgniter\View\{closure}()
 4 SYSTEMPATH\Common.php(1137): CodeIgniter\View\View->render('admin/bidan/databidan', [], true)
 5 APPPATH\Controllers\Bidan.php(38): view('admin/bidan/databidan', [...])
 6 SYSTEMPATH\CodeIgniter.php(898): App\Controllers\Bidan->index()
 7 SYSTEMPATH\CodeIgniter.php(457): CodeIgniter\CodeIgniter->runController(Object(App\Controllers\Bidan))
 8 SYSTEMPATH\CodeIgniter.php(340): CodeIgniter\CodeIgniter->handleRequest(null, Object(Config\Cache), false)
 9 FCPATH\index.php(67): CodeIgniter\CodeIgniter->run()
10 SYSTEMPATH\Commands\Server\rewrite.php(43): require_once('FCPATH\\index.php')
CRITICAL - 2024-05-02 23:31:44 --> syntax error, unexpected variable "$dan", expecting "," or ";"
in APPPATH\Views\admin\bidan\databidan.php on line 84.
 1 SYSTEMPATH\View\View.php(216): CodeIgniter\View\View->CodeIgniter\View\{closure}()
 2 SYSTEMPATH\Common.php(1137): CodeIgniter\View\View->render('admin/bidan/databidan', [], true)
 3 APPPATH\Controllers\Bidan.php(38): view('admin/bidan/databidan', [...])
 4 SYSTEMPATH\CodeIgniter.php(898): App\Controllers\Bidan->index()
 5 SYSTEMPATH\CodeIgniter.php(457): CodeIgniter\CodeIgniter->runController(Object(App\Controllers\Bidan))
 6 SYSTEMPATH\CodeIgniter.php(340): CodeIgniter\CodeIgniter->handleRequest(null, Object(Config\Cache), false)
 7 FCPATH\index.php(67): CodeIgniter\CodeIgniter->run()
 8 SYSTEMPATH\Commands\Server\rewrite.php(43): require_once('FCPATH\\index.php')
