CRITICAL - 2023-03-10 04:33:41 --> Attempt to read property "fullname" on null
in APPPATH\Views\template\index.php on line 44.
 1 APPPATH\Views\template\index.php(44): CodeIgniter\Debug\Exceptions->errorHandler(2, 'Attempt to read property "fullname" on null', 'APPPATH\\Views\\template\\index.php', 44)
 2 SYSTEMPATH\View\View.php(213): include('APPPATH\\Views\\template\\index.php')
 3 SYSTEMPATH\View\View.php(216): CodeIgniter\View\View->CodeIgniter\View\{closure}()
 4 SYSTEMPATH\View\View.php(229): CodeIgniter\View\View->render('template/index', [], true)
 5 SYSTEMPATH\Common.php(1137): CodeIgniter\View\View->render('admin/dashboardadmin', [], true)
 6 APPPATH\Controllers\Admin.php(20): view('admin/dashboardadmin', [...])
 7 SYSTEMPATH\CodeIgniter.php(898): App\Controllers\Admin->index()
 8 SYSTEMPATH\CodeIgniter.php(457): CodeIgniter\CodeIgniter->runController(Object(App\Controllers\Admin))
 9 SYSTEMPATH\CodeIgniter.php(340): CodeIgniter\CodeIgniter->handleRequest(null, Object(Config\Cache), false)
10 FCPATH\index.php(67): CodeIgniter\CodeIgniter->run()
11 SYSTEMPATH\Commands\Server\rewrite.php(43): require_once('FCPATH\\index.php')
CRITICAL - 2023-03-10 04:33:50 --> Attempt to read property "fullname" on null
in APPPATH\Views\template\index.php on line 44.
 1 APPPATH\Views\template\index.php(44): CodeIgniter\Debug\Exceptions->errorHandler(2, 'Attempt to read property "fullname" on null', 'APPPATH\\Views\\template\\index.php', 44)
 2 SYSTEMPATH\View\View.php(213): include('APPPATH\\Views\\template\\index.php')
 3 SYSTEMPATH\View\View.php(216): CodeIgniter\View\View->CodeIgniter\View\{closure}()
 4 SYSTEMPATH\View\View.php(229): CodeIgniter\View\View->render('template/index', [], true)
 5 SYSTEMPATH\Common.php(1137): CodeIgniter\View\View->render('admin/dashboardadmin', [], true)
 6 APPPATH\Controllers\Admin.php(20): view('admin/dashboardadmin', [...])
 7 SYSTEMPATH\CodeIgniter.php(898): App\Controllers\Admin->index()
 8 SYSTEMPATH\CodeIgniter.php(457): CodeIgniter\CodeIgniter->runController(Object(App\Controllers\Admin))
 9 SYSTEMPATH\CodeIgniter.php(340): CodeIgniter\CodeIgniter->handleRequest(null, Object(Config\Cache), false)
10 FCPATH\index.php(67): CodeIgniter\CodeIgniter->run()
11 SYSTEMPATH\Commands\Server\rewrite.php(43): require_once('FCPATH\\index.php')
CRITICAL - 2023-03-10 06:00:26 --> Undefined property: stdClass::$idagenda
in APPPATH\Views\admin\dataagenda.php on line 84.
 1 APPPATH\Views\admin\dataagenda.php(84): CodeIgniter\Debug\Exceptions->errorHandler(2, 'Undefined property: stdClass::$idagenda', 'APPPATH\\Views\\admin\\dataagenda.php', 84)
 2 SYSTEMPATH\View\View.php(213): include('APPPATH\\Views\\admin\\dataagenda.php')
 3 SYSTEMPATH\View\View.php(216): CodeIgniter\View\View->CodeIgniter\View\{closure}()
 4 SYSTEMPATH\Common.php(1137): CodeIgniter\View\View->render('admin/dataagenda', [], true)
 5 APPPATH\Controllers\Agenda.php(34): view('admin/dataagenda', [...])
 6 SYSTEMPATH\CodeIgniter.php(898): App\Controllers\Agenda->index()
 7 SYSTEMPATH\CodeIgniter.php(457): CodeIgniter\CodeIgniter->runController(Object(App\Controllers\Agenda))
 8 SYSTEMPATH\CodeIgniter.php(340): CodeIgniter\CodeIgniter->handleRequest(null, Object(Config\Cache), false)
 9 FCPATH\index.php(67): CodeIgniter\CodeIgniter->run()
10 SYSTEMPATH\Commands\Server\rewrite.php(43): require_once('FCPATH\\index.php')
ERROR - 2023-03-10 06:03:52 --> mysqli_sql_exception: Column 'idagenda' in field list is ambiguous in C:\xampp\htdocs\taposyandu\system\Database\MySQLi\Connection.php:292
Stack trace:
#0 C:\xampp\htdocs\taposyandu\system\Database\MySQLi\Connection.php(292): mysqli->query('SELECT `idagend...', 0)
#1 C:\xampp\htdocs\taposyandu\system\Database\BaseConnection.php(693): CodeIgniter\Database\MySQLi\Connection->execute('SELECT `idagend...')
#2 C:\xampp\htdocs\taposyandu\system\Database\BaseConnection.php(620): CodeIgniter\Database\BaseConnection->simpleQuery('SELECT `idagend...')
#3 C:\xampp\htdocs\taposyandu\system\Database\BaseBuilder.php(1585): CodeIgniter\Database\BaseConnection->query('SELECT `idagend...', Array, false)
#4 C:\xampp\htdocs\taposyandu\app\Models\AgendaModel.php(47): CodeIgniter\Database\BaseBuilder->get()
#5 C:\xampp\htdocs\taposyandu\app\Controllers\Agenda.php(31): App\Models\AgendaModel->getData()
#6 C:\xampp\htdocs\taposyandu\system\CodeIgniter.php(898): App\Controllers\Agenda->index()
#7 C:\xampp\htdocs\taposyandu\system\CodeIgniter.php(457): CodeIgniter\CodeIgniter->runController(Object(App\Controllers\Agenda))
#8 C:\xampp\htdocs\taposyandu\system\CodeIgniter.php(340): CodeIgniter\CodeIgniter->handleRequest(NULL, Object(Config\Cache), false)
#9 C:\xampp\htdocs\taposyandu\public\index.php(67): CodeIgniter\CodeIgniter->run()
#10 C:\xampp\htdocs\taposyandu\system\Commands\Server\rewrite.php(43): require_once('C:\\xampp\\htdocs...')
#11 {main}
CRITICAL - 2023-03-10 06:03:52 --> Column 'idagenda' in field list is ambiguous
in SYSTEMPATH\Database\MySQLi\Connection.php on line 292.
 1 SYSTEMPATH\Database\MySQLi\Connection.php(292): mysqli->query('SELECT `idagenda`, `agenda`, `kategori`, `tgl`, `waktu`, `alamat`
FROM `agenda`
JOIN `posyandu` ON `agenda`.`idposyandu`=`posyandu`.`idposyandu`', 0)
 2 SYSTEMPATH\Database\BaseConnection.php(693): CodeIgniter\Database\MySQLi\Connection->execute('SELECT `idagenda`, `agenda`, `kategori`, `tgl`, `waktu`, `alamat`
FROM `agenda`
JOIN `posyandu` ON `agenda`.`idposyandu`=`posyandu`.`idposyandu`')
 3 SYSTEMPATH\Database\BaseConnection.php(620): CodeIgniter\Database\BaseConnection->simpleQuery('SELECT `idagenda`, `agenda`, `kategori`, `tgl`, `waktu`, `alamat`
FROM `agenda`
JOIN `posyandu` ON `agenda`.`idposyandu`=`posyandu`.`idposyandu`')
 4 SYSTEMPATH\Database\BaseBuilder.php(1585): CodeIgniter\Database\BaseConnection->query('SELECT `idagenda`, `agenda`, `kategori`, `tgl`, `waktu`, `alamat`
FROM `agenda`
JOIN `posyandu` ON `agenda`.`idposyandu`=`posyandu`.`idposyandu`', [], false)
 5 APPPATH\Models\AgendaModel.php(47): CodeIgniter\Database\BaseBuilder->get()
 6 APPPATH\Controllers\Agenda.php(31): App\Models\AgendaModel->getData()
 7 SYSTEMPATH\CodeIgniter.php(898): App\Controllers\Agenda->index()
 8 SYSTEMPATH\CodeIgniter.php(457): CodeIgniter\CodeIgniter->runController(Object(App\Controllers\Agenda))
 9 SYSTEMPATH\CodeIgniter.php(340): CodeIgniter\CodeIgniter->handleRequest(null, Object(Config\Cache), false)
10 FCPATH\index.php(67): CodeIgniter\CodeIgniter->run()
11 SYSTEMPATH\Commands\Server\rewrite.php(43): require_once('FCPATH\\index.php')
CRITICAL - 2023-03-10 06:33:52 --> Undefined variable $posyandu
in APPPATH\Views\admin\tambahagenda.php on line 54.
 1 APPPATH\Views\admin\tambahagenda.php(54): CodeIgniter\Debug\Exceptions->errorHandler(2, 'Undefined variable $posyandu', 'APPPATH\\Views\\admin\\tambahagenda.php', 54)
 2 SYSTEMPATH\View\View.php(213): include('APPPATH\\Views\\admin\\tambahagenda.php')
 3 SYSTEMPATH\View\View.php(216): CodeIgniter\View\View->CodeIgniter\View\{closure}()
 4 SYSTEMPATH\Common.php(1137): CodeIgniter\View\View->render('admin/tambahagenda', [], true)
 5 APPPATH\Controllers\Agenda.php(45): view('admin/tambahagenda', [...])
 6 SYSTEMPATH\CodeIgniter.php(898): App\Controllers\Agenda->tambahagenda()
 7 SYSTEMPATH\CodeIgniter.php(457): CodeIgniter\CodeIgniter->runController(Object(App\Controllers\Agenda))
 8 SYSTEMPATH\CodeIgniter.php(340): CodeIgniter\CodeIgniter->handleRequest(null, Object(Config\Cache), false)
 9 FCPATH\index.php(67): CodeIgniter\CodeIgniter->run()
10 SYSTEMPATH\Commands\Server\rewrite.php(43): require_once('FCPATH\\index.php')
CRITICAL - 2023-03-10 07:20:29 --> Undefined variable $anak
in APPPATH\Views\admin\editagenda.php on line 55.
 1 APPPATH\Views\admin\editagenda.php(55): CodeIgniter\Debug\Exceptions->errorHandler(2, 'Undefined variable $anak', 'APPPATH\\Views\\admin\\editagenda.php', 55)
 2 SYSTEMPATH\View\View.php(213): include('APPPATH\\Views\\admin\\editagenda.php')
 3 SYSTEMPATH\View\View.php(216): CodeIgniter\View\View->CodeIgniter\View\{closure}()
 4 SYSTEMPATH\Common.php(1137): CodeIgniter\View\View->render('admin/editagenda', [], true)
 5 APPPATH\Controllers\Agenda.php(138): view('admin/editagenda', [...])
 6 SYSTEMPATH\CodeIgniter.php(898): App\Controllers\Agenda->editagenda('2')
 7 SYSTEMPATH\CodeIgniter.php(457): CodeIgniter\CodeIgniter->runController(Object(App\Controllers\Agenda))
 8 SYSTEMPATH\CodeIgniter.php(340): CodeIgniter\CodeIgniter->handleRequest(null, Object(Config\Cache), false)
 9 FCPATH\index.php(67): CodeIgniter\CodeIgniter->run()
10 SYSTEMPATH\Commands\Server\rewrite.php(43): require_once('FCPATH\\index.php')
