ERROR - 2023-06-22 05:18:54 --> mysqli_sql_exception: Cannot add or update a child row: a foreign key constraint fails (`taposyandu`.`penimbangan`, CONSTRAINT `kembang_anak` FOREIGN KEY (`idanak`) REFERENCES `anak` (`idanak`)) in C:\xampp\htdocs\ta_posyandu\system\Database\MySQLi\Connection.php:292
Stack trace:
#0 C:\xampp\htdocs\ta_posyandu\system\Database\MySQLi\Connection.php(292): mysqli->query('INSERT INTO `pe...', 0)
#1 C:\xampp\htdocs\ta_posyandu\system\Database\BaseConnection.php(693): CodeIgniter\Database\MySQLi\Connection->execute('INSERT INTO `pe...')
#2 C:\xampp\htdocs\ta_posyandu\system\Database\BaseConnection.php(620): CodeIgniter\Database\BaseConnection->simpleQuery('INSERT INTO `pe...')
#3 C:\xampp\htdocs\ta_posyandu\system\Database\BaseBuilder.php(1916): CodeIgniter\Database\BaseConnection->query('INSERT INTO `pe...', Array, false)
#4 C:\xampp\htdocs\ta_posyandu\system\Model.php(278): CodeIgniter\Database\BaseBuilder->insert()
#5 C:\xampp\htdocs\ta_posyandu\system\BaseModel.php(738): CodeIgniter\Model->doInsert(Array)
#6 C:\xampp\htdocs\ta_posyandu\system\Model.php(666): CodeIgniter\BaseModel->insert(Array, true)
#7 C:\xampp\htdocs\ta_posyandu\app\Controllers\Penimbangan.php(152): CodeIgniter\Model->insert(Array)
#8 C:\xampp\htdocs\ta_posyandu\system\CodeIgniter.php(898): App\Controllers\Penimbangan->save()
#9 C:\xampp\htdocs\ta_posyandu\system\CodeIgniter.php(457): CodeIgniter\CodeIgniter->runController(Object(App\Controllers\Penimbangan))
#10 C:\xampp\htdocs\ta_posyandu\system\CodeIgniter.php(340): CodeIgniter\CodeIgniter->handleRequest(NULL, Object(Config\Cache), false)
#11 C:\xampp\htdocs\ta_posyandu\public\index.php(67): CodeIgniter\CodeIgniter->run()
#12 C:\xampp\htdocs\ta_posyandu\system\Commands\Server\rewrite.php(43): require_once('C:\\xampp\\htdocs...')
#13 {main}
ERROR - 2023-06-22 05:19:04 --> mysqli_sql_exception: Cannot add or update a child row: a foreign key constraint fails (`taposyandu`.`penimbangan`, CONSTRAINT `kembang_anak` FOREIGN KEY (`idanak`) REFERENCES `anak` (`idanak`)) in C:\xampp\htdocs\ta_posyandu\system\Database\MySQLi\Connection.php:292
Stack trace:
#0 C:\xampp\htdocs\ta_posyandu\system\Database\MySQLi\Connection.php(292): mysqli->query('INSERT INTO `pe...', 0)
#1 C:\xampp\htdocs\ta_posyandu\system\Database\BaseConnection.php(693): CodeIgniter\Database\MySQLi\Connection->execute('INSERT INTO `pe...')
#2 C:\xampp\htdocs\ta_posyandu\system\Database\BaseConnection.php(620): CodeIgniter\Database\BaseConnection->simpleQuery('INSERT INTO `pe...')
#3 C:\xampp\htdocs\ta_posyandu\system\Database\BaseBuilder.php(1916): CodeIgniter\Database\BaseConnection->query('INSERT INTO `pe...', Array, false)
#4 C:\xampp\htdocs\ta_posyandu\system\Model.php(278): CodeIgniter\Database\BaseBuilder->insert()
#5 C:\xampp\htdocs\ta_posyandu\system\BaseModel.php(738): CodeIgniter\Model->doInsert(Array)
#6 C:\xampp\htdocs\ta_posyandu\system\Model.php(666): CodeIgniter\BaseModel->insert(Array, true)
#7 C:\xampp\htdocs\ta_posyandu\app\Controllers\Penimbangan.php(152): CodeIgniter\Model->insert(Array)
#8 C:\xampp\htdocs\ta_posyandu\system\CodeIgniter.php(898): App\Controllers\Penimbangan->save()
#9 C:\xampp\htdocs\ta_posyandu\system\CodeIgniter.php(457): CodeIgniter\CodeIgniter->runController(Object(App\Controllers\Penimbangan))
#10 C:\xampp\htdocs\ta_posyandu\system\CodeIgniter.php(340): CodeIgniter\CodeIgniter->handleRequest(NULL, Object(Config\Cache), false)
#11 C:\xampp\htdocs\ta_posyandu\public\index.php(67): CodeIgniter\CodeIgniter->run()
#12 C:\xampp\htdocs\ta_posyandu\system\Commands\Server\rewrite.php(43): require_once('C:\\xampp\\htdocs...')
#13 {main}
ERROR - 2023-06-22 05:22:28 --> mysqli_sql_exception: Cannot add or update a child row: a foreign key constraint fails (`taposyandu`.`imunisasi`, CONSTRAINT `imun_anak` FOREIGN KEY (`idanak`) REFERENCES `anak` (`idanak`)) in C:\xampp\htdocs\ta_posyandu\system\Database\MySQLi\Connection.php:292
Stack trace:
#0 C:\xampp\htdocs\ta_posyandu\system\Database\MySQLi\Connection.php(292): mysqli->query('INSERT INTO `im...', 0)
#1 C:\xampp\htdocs\ta_posyandu\system\Database\BaseConnection.php(693): CodeIgniter\Database\MySQLi\Connection->execute('INSERT INTO `im...')
#2 C:\xampp\htdocs\ta_posyandu\system\Database\BaseConnection.php(620): CodeIgniter\Database\BaseConnection->simpleQuery('INSERT INTO `im...')
#3 C:\xampp\htdocs\ta_posyandu\system\Database\BaseBuilder.php(1916): CodeIgniter\Database\BaseConnection->query('INSERT INTO `im...', Array, false)
#4 C:\xampp\htdocs\ta_posyandu\system\Model.php(278): CodeIgniter\Database\BaseBuilder->insert()
#5 C:\xampp\htdocs\ta_posyandu\system\BaseModel.php(738): CodeIgniter\Model->doInsert(Array)
#6 C:\xampp\htdocs\ta_posyandu\system\Model.php(666): CodeIgniter\BaseModel->insert(Array, true)
#7 C:\xampp\htdocs\ta_posyandu\app\Controllers\Imunisasi.php(95): CodeIgniter\Model->insert(Array)
#8 C:\xampp\htdocs\ta_posyandu\system\CodeIgniter.php(898): App\Controllers\Imunisasi->save()
#9 C:\xampp\htdocs\ta_posyandu\system\CodeIgniter.php(457): CodeIgniter\CodeIgniter->runController(Object(App\Controllers\Imunisasi))
#10 C:\xampp\htdocs\ta_posyandu\system\CodeIgniter.php(340): CodeIgniter\CodeIgniter->handleRequest(NULL, Object(Config\Cache), false)
#11 C:\xampp\htdocs\ta_posyandu\public\index.php(67): CodeIgniter\CodeIgniter->run()
#12 C:\xampp\htdocs\ta_posyandu\system\Commands\Server\rewrite.php(43): require_once('C:\\xampp\\htdocs...')
#13 {main}
ERROR - 2023-06-22 05:36:27 --> mysqli_sql_exception: Cannot add or update a child row: a foreign key constraint fails (`taposyandu`.`penimbangan`, CONSTRAINT `kembang_anak` FOREIGN KEY (`idanak`) REFERENCES `anak` (`idanak`)) in C:\xampp\htdocs\ta_posyandu\system\Database\MySQLi\Connection.php:292
Stack trace:
#0 C:\xampp\htdocs\ta_posyandu\system\Database\MySQLi\Connection.php(292): mysqli->query('INSERT INTO `pe...', 0)
#1 C:\xampp\htdocs\ta_posyandu\system\Database\BaseConnection.php(693): CodeIgniter\Database\MySQLi\Connection->execute('INSERT INTO `pe...')
#2 C:\xampp\htdocs\ta_posyandu\system\Database\BaseConnection.php(620): CodeIgniter\Database\BaseConnection->simpleQuery('INSERT INTO `pe...')
#3 C:\xampp\htdocs\ta_posyandu\system\Database\BaseBuilder.php(1916): CodeIgniter\Database\BaseConnection->query('INSERT INTO `pe...', Array, false)
#4 C:\xampp\htdocs\ta_posyandu\system\Model.php(278): CodeIgniter\Database\BaseBuilder->insert()
#5 C:\xampp\htdocs\ta_posyandu\system\BaseModel.php(738): CodeIgniter\Model->doInsert(Array)
#6 C:\xampp\htdocs\ta_posyandu\system\Model.php(666): CodeIgniter\BaseModel->insert(Array, true)
#7 C:\xampp\htdocs\ta_posyandu\app\Controllers\Penimbangan.php(152): CodeIgniter\Model->insert(Array)
#8 C:\xampp\htdocs\ta_posyandu\system\CodeIgniter.php(898): App\Controllers\Penimbangan->save()
#9 C:\xampp\htdocs\ta_posyandu\system\CodeIgniter.php(457): CodeIgniter\CodeIgniter->runController(Object(App\Controllers\Penimbangan))
#10 C:\xampp\htdocs\ta_posyandu\system\CodeIgniter.php(340): CodeIgniter\CodeIgniter->handleRequest(NULL, Object(Config\Cache), false)
#11 C:\xampp\htdocs\ta_posyandu\public\index.php(67): CodeIgniter\CodeIgniter->run()
#12 C:\xampp\htdocs\ta_posyandu\system\Commands\Server\rewrite.php(43): require_once('C:\\xampp\\htdocs...')
#13 {main}
CRITICAL - 2023-06-22 06:50:02 --> Undefined variable $profil
in APPPATH\Views\dashboard.php on line 143.
 1 APPPATH\Views\dashboard.php(143): CodeIgniter\Debug\Exceptions->errorHandler(2, 'Undefined variable $profil', 'APPPATH\\Views\\dashboard.php', 143)
 2 SYSTEMPATH\View\View.php(213): include('APPPATH\\Views\\dashboard.php')
 3 SYSTEMPATH\View\View.php(216): CodeIgniter\View\View->CodeIgniter\View\{closure}()
 4 SYSTEMPATH\Common.php(1137): CodeIgniter\View\View->render('dashboard', [], true)
 5 APPPATH\Controllers\Admin.php(61): view('dashboard', [...])
 6 SYSTEMPATH\CodeIgniter.php(898): App\Controllers\Admin->index()
 7 SYSTEMPATH\CodeIgniter.php(457): CodeIgniter\CodeIgniter->runController(Object(App\Controllers\Admin))
 8 SYSTEMPATH\CodeIgniter.php(340): CodeIgniter\CodeIgniter->handleRequest(null, Object(Config\Cache), false)
 9 FCPATH\index.php(67): CodeIgniter\CodeIgniter->run()
10 SYSTEMPATH\Commands\Server\rewrite.php(43): require_once('FCPATH\\index.php')
CRITICAL - 2023-06-22 06:53:17 --> Undefined variable $profil
in APPPATH\Views\dashboard.php on line 143.
 1 APPPATH\Views\dashboard.php(143): CodeIgniter\Debug\Exceptions->errorHandler(2, 'Undefined variable $profil', 'APPPATH\\Views\\dashboard.php', 143)
 2 SYSTEMPATH\View\View.php(213): include('APPPATH\\Views\\dashboard.php')
 3 SYSTEMPATH\View\View.php(216): CodeIgniter\View\View->CodeIgniter\View\{closure}()
 4 SYSTEMPATH\Common.php(1137): CodeIgniter\View\View->render('dashboard', [], true)
 5 APPPATH\Controllers\Admin.php(61): view('dashboard', [...])
 6 SYSTEMPATH\CodeIgniter.php(898): App\Controllers\Admin->index()
 7 SYSTEMPATH\CodeIgniter.php(457): CodeIgniter\CodeIgniter->runController(Object(App\Controllers\Admin))
 8 SYSTEMPATH\CodeIgniter.php(340): CodeIgniter\CodeIgniter->handleRequest(null, Object(Config\Cache), false)
 9 FCPATH\index.php(67): CodeIgniter\CodeIgniter->run()
10 SYSTEMPATH\Commands\Server\rewrite.php(43): require_once('FCPATH\\index.php')
CRITICAL - 2023-06-22 06:55:08 --> Too few arguments to function App\Controllers\Admin::index(), 0 passed in C:\xampp\htdocs\ta_posyandu\system\CodeIgniter.php on line 898 and exactly 1 expected
in APPPATH\Controllers\Admin.php on line 23.
 1 SYSTEMPATH\CodeIgniter.php(898): App\Controllers\Admin->index()
 2 SYSTEMPATH\CodeIgniter.php(457): CodeIgniter\CodeIgniter->runController(Object(App\Controllers\Admin))
 3 SYSTEMPATH\CodeIgniter.php(340): CodeIgniter\CodeIgniter->handleRequest(null, Object(Config\Cache), false)
 4 FCPATH\index.php(67): CodeIgniter\CodeIgniter->run()
 5 SYSTEMPATH\Commands\Server\rewrite.php(43): require_once('FCPATH\\index.php')
CRITICAL - 2023-06-22 06:57:07 --> Too few arguments to function App\Controllers\Admin::index(), 0 passed in C:\xampp\htdocs\ta_posyandu\system\CodeIgniter.php on line 898 and exactly 1 expected
in APPPATH\Controllers\Admin.php on line 23.
 1 SYSTEMPATH\CodeIgniter.php(898): App\Controllers\Admin->index()
 2 SYSTEMPATH\CodeIgniter.php(457): CodeIgniter\CodeIgniter->runController(Object(App\Controllers\Admin))
 3 SYSTEMPATH\CodeIgniter.php(340): CodeIgniter\CodeIgniter->handleRequest(null, Object(Config\Cache), false)
 4 FCPATH\index.php(67): CodeIgniter\CodeIgniter->run()
 5 SYSTEMPATH\Commands\Server\rewrite.php(43): require_once('FCPATH\\index.php')
