CRITICAL - 2023-02-28 09:58:46 --> You do not have sufficient permissions to access that page.
in VENDORPATH\myth\auth\src\Filters\RoleFilter.php on line 45.
 1 SYSTEMPATH\Filters\Filters.php(173): Myth\Auth\Filters\RoleFilter->before(Object(CodeIgniter\HTTP\IncomingRequest), [...])
 2 SYSTEMPATH\CodeIgniter.php(431): CodeIgniter\Filters\Filters->run('databumil', 'before')
 3 SYSTEMPATH\CodeIgniter.php(340): CodeIgniter\CodeIgniter->handleRequest(null, Object(Config\Cache), false)
 4 FCPATH\index.php(67): CodeIgniter\CodeIgniter->run()
 5 SYSTEMPATH\Commands\Server\rewrite.php(43): require_once('FCPATH\\index.php')
CRITICAL - 2023-02-28 21:07:27 --> Undefined variable $title
in APPPATH\Views\template\index.php on line 10.
 1 APPPATH\Views\template\index.php(10): CodeIgniter\Debug\Exceptions->errorHandler(2, 'Undefined variable $title', 'APPPATH\\Views\\template\\index.php', 10)
 2 SYSTEMPATH\View\View.php(213): include('APPPATH\\Views\\template\\index.php')
 3 SYSTEMPATH\View\View.php(216): CodeIgniter\View\View->CodeIgniter\View\{closure}()
 4 SYSTEMPATH\View\View.php(229): CodeIgniter\View\View->render('template/index', [], true)
 5 SYSTEMPATH\Common.php(1137): CodeIgniter\View\View->render('admin/index', [], true)
 6 APPPATH\Controllers\Admin.php(17): view('admin/index')
 7 SYSTEMPATH\CodeIgniter.php(898): App\Controllers\Admin->index()
 8 SYSTEMPATH\CodeIgniter.php(457): CodeIgniter\CodeIgniter->runController(Object(App\Controllers\Admin))
 9 SYSTEMPATH\CodeIgniter.php(340): CodeIgniter\CodeIgniter->handleRequest(null, Object(Config\Cache), false)
10 FCPATH\index.php(67): CodeIgniter\CodeIgniter->run()
11 SYSTEMPATH\Commands\Server\rewrite.php(43): require_once('FCPATH\\index.php')
CRITICAL - 2023-02-28 21:07:58 --> Attempt to read property "fullname" on null
in APPPATH\Views\template\index.php on line 44.
 1 APPPATH\Views\template\index.php(44): CodeIgniter\Debug\Exceptions->errorHandler(2, 'Attempt to read property "fullname" on null', 'APPPATH\\Views\\template\\index.php', 44)
 2 SYSTEMPATH\View\View.php(213): include('APPPATH\\Views\\template\\index.php')
 3 SYSTEMPATH\View\View.php(216): CodeIgniter\View\View->CodeIgniter\View\{closure}()
 4 SYSTEMPATH\View\View.php(229): CodeIgniter\View\View->render('template/index', [], true)
 5 SYSTEMPATH\Common.php(1137): CodeIgniter\View\View->render('admin/index', [], true)
 6 APPPATH\Controllers\Admin.php(17): view('admin/index')
 7 SYSTEMPATH\CodeIgniter.php(898): App\Controllers\Admin->index()
 8 SYSTEMPATH\CodeIgniter.php(457): CodeIgniter\CodeIgniter->runController(Object(App\Controllers\Admin))
 9 SYSTEMPATH\CodeIgniter.php(340): CodeIgniter\CodeIgniter->handleRequest(null, Object(Config\Cache), false)
10 FCPATH\index.php(67): CodeIgniter\CodeIgniter->run()
11 SYSTEMPATH\Commands\Server\rewrite.php(43): require_once('FCPATH\\index.php')
CRITICAL - 2023-02-28 21:09:08 --> Undefined variable $title
in APPPATH\Views\template\index.php on line 10.
 1 APPPATH\Views\template\index.php(10): CodeIgniter\Debug\Exceptions->errorHandler(2, 'Undefined variable $title', 'APPPATH\\Views\\template\\index.php', 10)
 2 SYSTEMPATH\View\View.php(213): include('APPPATH\\Views\\template\\index.php')
 3 SYSTEMPATH\View\View.php(216): CodeIgniter\View\View->CodeIgniter\View\{closure}()
 4 SYSTEMPATH\View\View.php(229): CodeIgniter\View\View->render('template/index', [], true)
 5 SYSTEMPATH\Common.php(1137): CodeIgniter\View\View->render('admin/index', [], true)
 6 APPPATH\Controllers\Admin.php(17): view('admin/index')
 7 SYSTEMPATH\CodeIgniter.php(898): App\Controllers\Admin->index()
 8 SYSTEMPATH\CodeIgniter.php(457): CodeIgniter\CodeIgniter->runController(Object(App\Controllers\Admin))
 9 SYSTEMPATH\CodeIgniter.php(340): CodeIgniter\CodeIgniter->handleRequest(null, Object(Config\Cache), false)
10 FCPATH\index.php(67): CodeIgniter\CodeIgniter->run()
11 SYSTEMPATH\Commands\Server\rewrite.php(43): require_once('FCPATH\\index.php')
CRITICAL - 2023-02-28 21:11:02 --> Undefined variable $title
in APPPATH\Views\template\index.php on line 10.
 1 APPPATH\Views\template\index.php(10): CodeIgniter\Debug\Exceptions->errorHandler(2, 'Undefined variable $title', 'APPPATH\\Views\\template\\index.php', 10)
 2 SYSTEMPATH\View\View.php(213): include('APPPATH\\Views\\template\\index.php')
 3 SYSTEMPATH\View\View.php(216): CodeIgniter\View\View->CodeIgniter\View\{closure}()
 4 SYSTEMPATH\View\View.php(229): CodeIgniter\View\View->render('template/index', [], true)
 5 SYSTEMPATH\Common.php(1137): CodeIgniter\View\View->render('admin/index', [], true)
 6 APPPATH\Controllers\Admin.php(17): view('admin/index')
 7 SYSTEMPATH\CodeIgniter.php(898): App\Controllers\Admin->index()
 8 SYSTEMPATH\CodeIgniter.php(457): CodeIgniter\CodeIgniter->runController(Object(App\Controllers\Admin))
 9 SYSTEMPATH\CodeIgniter.php(340): CodeIgniter\CodeIgniter->handleRequest(null, Object(Config\Cache), false)
10 FCPATH\index.php(67): CodeIgniter\CodeIgniter->run()
11 SYSTEMPATH\Commands\Server\rewrite.php(43): require_once('FCPATH\\index.php')
CRITICAL - 2023-02-28 21:11:39 --> Undefined variable $title
in APPPATH\Views\template\index.php on line 10.
 1 APPPATH\Views\template\index.php(10): CodeIgniter\Debug\Exceptions->errorHandler(2, 'Undefined variable $title', 'APPPATH\\Views\\template\\index.php', 10)
 2 SYSTEMPATH\View\View.php(213): include('APPPATH\\Views\\template\\index.php')
 3 SYSTEMPATH\View\View.php(216): CodeIgniter\View\View->CodeIgniter\View\{closure}()
 4 SYSTEMPATH\View\View.php(229): CodeIgniter\View\View->render('template/index', [], true)
 5 SYSTEMPATH\Common.php(1137): CodeIgniter\View\View->render('admin/index', [], true)
 6 APPPATH\Controllers\Admin.php(17): view('admin/index')
 7 SYSTEMPATH\CodeIgniter.php(898): App\Controllers\Admin->index()
 8 SYSTEMPATH\CodeIgniter.php(457): CodeIgniter\CodeIgniter->runController(Object(App\Controllers\Admin))
 9 SYSTEMPATH\CodeIgniter.php(340): CodeIgniter\CodeIgniter->handleRequest(null, Object(Config\Cache), false)
10 FCPATH\index.php(67): CodeIgniter\CodeIgniter->run()
11 SYSTEMPATH\Commands\Server\rewrite.php(43): require_once('FCPATH\\index.php')
CRITICAL - 2023-02-28 21:12:24 --> Undefined variable $title
in APPPATH\Views\template\index.php on line 10.
 1 APPPATH\Views\template\index.php(10): CodeIgniter\Debug\Exceptions->errorHandler(2, 'Undefined variable $title', 'APPPATH\\Views\\template\\index.php', 10)
 2 SYSTEMPATH\View\View.php(213): include('APPPATH\\Views\\template\\index.php')
 3 SYSTEMPATH\View\View.php(216): CodeIgniter\View\View->CodeIgniter\View\{closure}()
 4 SYSTEMPATH\View\View.php(229): CodeIgniter\View\View->render('template/index', [], true)
 5 SYSTEMPATH\Common.php(1137): CodeIgniter\View\View->render('admin/index', [], true)
 6 APPPATH\Controllers\Admin.php(17): view('admin/index')
 7 SYSTEMPATH\CodeIgniter.php(898): App\Controllers\Admin->index()
 8 SYSTEMPATH\CodeIgniter.php(457): CodeIgniter\CodeIgniter->runController(Object(App\Controllers\Admin))
 9 SYSTEMPATH\CodeIgniter.php(340): CodeIgniter\CodeIgniter->handleRequest(null, Object(Config\Cache), false)
10 FCPATH\index.php(67): CodeIgniter\CodeIgniter->run()
11 SYSTEMPATH\Commands\Server\rewrite.php(43): require_once('FCPATH\\index.php')
CRITICAL - 2023-02-28 21:14:04 --> Undefined variable $title
in APPPATH\Views\template\index.php on line 10.
 1 APPPATH\Views\template\index.php(10): CodeIgniter\Debug\Exceptions->errorHandler(2, 'Undefined variable $title', 'APPPATH\\Views\\template\\index.php', 10)
 2 SYSTEMPATH\View\View.php(213): include('APPPATH\\Views\\template\\index.php')
 3 SYSTEMPATH\View\View.php(216): CodeIgniter\View\View->CodeIgniter\View\{closure}()
 4 SYSTEMPATH\View\View.php(229): CodeIgniter\View\View->render('template/index', [], true)
 5 SYSTEMPATH\Common.php(1137): CodeIgniter\View\View->render('admin/index', [], true)
 6 APPPATH\Controllers\Admin.php(17): view('admin/index')
 7 SYSTEMPATH\CodeIgniter.php(898): App\Controllers\Admin->index()
 8 SYSTEMPATH\CodeIgniter.php(457): CodeIgniter\CodeIgniter->runController(Object(App\Controllers\Admin))
 9 SYSTEMPATH\CodeIgniter.php(340): CodeIgniter\CodeIgniter->handleRequest(null, Object(Config\Cache), false)
10 FCPATH\index.php(67): CodeIgniter\CodeIgniter->run()
11 SYSTEMPATH\Commands\Server\rewrite.php(43): require_once('FCPATH\\index.php')
CRITICAL - 2023-02-28 21:14:15 --> Undefined variable $title
in APPPATH\Views\template\index.php on line 10.
 1 APPPATH\Views\template\index.php(10): CodeIgniter\Debug\Exceptions->errorHandler(2, 'Undefined variable $title', 'APPPATH\\Views\\template\\index.php', 10)
 2 SYSTEMPATH\View\View.php(213): include('APPPATH\\Views\\template\\index.php')
 3 SYSTEMPATH\View\View.php(216): CodeIgniter\View\View->CodeIgniter\View\{closure}()
 4 SYSTEMPATH\View\View.php(229): CodeIgniter\View\View->render('template/index', [], true)
 5 SYSTEMPATH\Common.php(1137): CodeIgniter\View\View->render('admin/index', [], true)
 6 APPPATH\Controllers\Admin.php(17): view('admin/index')
 7 SYSTEMPATH\CodeIgniter.php(898): App\Controllers\Admin->index()
 8 SYSTEMPATH\CodeIgniter.php(457): CodeIgniter\CodeIgniter->runController(Object(App\Controllers\Admin))
 9 SYSTEMPATH\CodeIgniter.php(340): CodeIgniter\CodeIgniter->handleRequest(null, Object(Config\Cache), false)
10 FCPATH\index.php(67): CodeIgniter\CodeIgniter->run()
11 SYSTEMPATH\Commands\Server\rewrite.php(43): require_once('FCPATH\\index.php')
CRITICAL - 2023-02-28 21:15:45 --> Undefined variable $title
in APPPATH\Views\template\index.php on line 10.
 1 APPPATH\Views\template\index.php(10): CodeIgniter\Debug\Exceptions->errorHandler(2, 'Undefined variable $title', 'APPPATH\\Views\\template\\index.php', 10)
 2 SYSTEMPATH\View\View.php(213): include('APPPATH\\Views\\template\\index.php')
 3 SYSTEMPATH\View\View.php(216): CodeIgniter\View\View->CodeIgniter\View\{closure}()
 4 SYSTEMPATH\View\View.php(229): CodeIgniter\View\View->render('template/index', [], true)
 5 SYSTEMPATH\Common.php(1137): CodeIgniter\View\View->render('admin/index', [], true)
 6 APPPATH\Controllers\Admin.php(17): view('admin/index')
 7 SYSTEMPATH\CodeIgniter.php(898): App\Controllers\Admin->index()
 8 SYSTEMPATH\CodeIgniter.php(457): CodeIgniter\CodeIgniter->runController(Object(App\Controllers\Admin))
 9 SYSTEMPATH\CodeIgniter.php(340): CodeIgniter\CodeIgniter->handleRequest(null, Object(Config\Cache), false)
10 FCPATH\index.php(67): CodeIgniter\CodeIgniter->run()
11 SYSTEMPATH\Commands\Server\rewrite.php(43): require_once('FCPATH\\index.php')
CRITICAL - 2023-02-28 21:16:33 --> Undefined variable $title
in APPPATH\Views\template\index.php on line 10.
 1 APPPATH\Views\template\index.php(10): CodeIgniter\Debug\Exceptions->errorHandler(2, 'Undefined variable $title', 'APPPATH\\Views\\template\\index.php', 10)
 2 SYSTEMPATH\View\View.php(213): include('APPPATH\\Views\\template\\index.php')
 3 SYSTEMPATH\View\View.php(216): CodeIgniter\View\View->CodeIgniter\View\{closure}()
 4 SYSTEMPATH\View\View.php(229): CodeIgniter\View\View->render('template/index', [], true)
 5 SYSTEMPATH\Common.php(1137): CodeIgniter\View\View->render('admin/index', [], true)
 6 APPPATH\Controllers\Admin.php(17): view('admin/index')
 7 SYSTEMPATH\CodeIgniter.php(898): App\Controllers\Admin->index()
 8 SYSTEMPATH\CodeIgniter.php(457): CodeIgniter\CodeIgniter->runController(Object(App\Controllers\Admin))
 9 SYSTEMPATH\CodeIgniter.php(340): CodeIgniter\CodeIgniter->handleRequest(null, Object(Config\Cache), false)
10 FCPATH\index.php(67): CodeIgniter\CodeIgniter->run()
11 SYSTEMPATH\Commands\Server\rewrite.php(43): require_once('FCPATH\\index.php')
CRITICAL - 2023-02-28 21:18:05 --> Undefined variable $title
in APPPATH\Views\template\index.php on line 10.
 1 APPPATH\Views\template\index.php(10): CodeIgniter\Debug\Exceptions->errorHandler(2, 'Undefined variable $title', 'APPPATH\\Views\\template\\index.php', 10)
 2 SYSTEMPATH\View\View.php(213): include('APPPATH\\Views\\template\\index.php')
 3 SYSTEMPATH\View\View.php(216): CodeIgniter\View\View->CodeIgniter\View\{closure}()
 4 SYSTEMPATH\View\View.php(229): CodeIgniter\View\View->render('template/index', [], true)
 5 SYSTEMPATH\Common.php(1137): CodeIgniter\View\View->render('admin/index', [], true)
 6 APPPATH\Controllers\Admin.php(17): view('admin/index')
 7 SYSTEMPATH\CodeIgniter.php(898): App\Controllers\Admin->index()
 8 SYSTEMPATH\CodeIgniter.php(457): CodeIgniter\CodeIgniter->runController(Object(App\Controllers\Admin))
 9 SYSTEMPATH\CodeIgniter.php(340): CodeIgniter\CodeIgniter->handleRequest(null, Object(Config\Cache), false)
10 FCPATH\index.php(67): CodeIgniter\CodeIgniter->run()
11 SYSTEMPATH\Commands\Server\rewrite.php(43): require_once('FCPATH\\index.php')
CRITICAL - 2023-02-28 21:18:22 --> Undefined variable $title
in APPPATH\Views\template\index.php on line 10.
 1 APPPATH\Views\template\index.php(10): CodeIgniter\Debug\Exceptions->errorHandler(2, 'Undefined variable $title', 'APPPATH\\Views\\template\\index.php', 10)
 2 SYSTEMPATH\View\View.php(213): include('APPPATH\\Views\\template\\index.php')
 3 SYSTEMPATH\View\View.php(216): CodeIgniter\View\View->CodeIgniter\View\{closure}()
 4 SYSTEMPATH\View\View.php(229): CodeIgniter\View\View->render('template/index', [], true)
 5 SYSTEMPATH\Common.php(1137): CodeIgniter\View\View->render('admin/index', [], true)
 6 APPPATH\Controllers\Admin.php(17): view('admin/index')
 7 SYSTEMPATH\CodeIgniter.php(898): App\Controllers\Admin->index()
 8 SYSTEMPATH\CodeIgniter.php(457): CodeIgniter\CodeIgniter->runController(Object(App\Controllers\Admin))
 9 SYSTEMPATH\CodeIgniter.php(340): CodeIgniter\CodeIgniter->handleRequest(null, Object(Config\Cache), false)
10 FCPATH\index.php(67): CodeIgniter\CodeIgniter->run()
11 SYSTEMPATH\Commands\Server\rewrite.php(43): require_once('FCPATH\\index.php')
CRITICAL - 2023-02-28 21:29:12 --> Undefined variable $title
in APPPATH\Views\template\index.php on line 10.
 1 APPPATH\Views\template\index.php(10): CodeIgniter\Debug\Exceptions->errorHandler(2, 'Undefined variable $title', 'APPPATH\\Views\\template\\index.php', 10)
 2 SYSTEMPATH\View\View.php(213): include('APPPATH\\Views\\template\\index.php')
 3 SYSTEMPATH\View\View.php(216): CodeIgniter\View\View->CodeIgniter\View\{closure}()
 4 SYSTEMPATH\View\View.php(229): CodeIgniter\View\View->render('template/index', [], true)
 5 SYSTEMPATH\Common.php(1137): CodeIgniter\View\View->render('admin/dashboardadmin', [], true)
 6 APPPATH\Controllers\Admin.php(17): view('admin/dashboardadmin')
 7 SYSTEMPATH\CodeIgniter.php(898): App\Controllers\Admin->dashboard()
 8 SYSTEMPATH\CodeIgniter.php(457): CodeIgniter\CodeIgniter->runController(Object(App\Controllers\Admin))
 9 SYSTEMPATH\CodeIgniter.php(340): CodeIgniter\CodeIgniter->handleRequest(null, Object(Config\Cache), false)
10 FCPATH\index.php(67): CodeIgniter\CodeIgniter->run()
11 SYSTEMPATH\Commands\Server\rewrite.php(43): require_once('FCPATH\\index.php')
CRITICAL - 2023-02-28 22:00:08 --> Attempt to read property "username" on array
in APPPATH\Views\admin\detailuser.php on line 34.
 1 APPPATH\Views\admin\detailuser.php(34): CodeIgniter\Debug\Exceptions->errorHandler(2, 'Attempt to read property "username" on array', 'APPPATH\\Views\\admin\\detailuser.php', 34)
 2 SYSTEMPATH\View\View.php(213): include('APPPATH\\Views\\admin\\detailuser.php')
 3 SYSTEMPATH\View\View.php(216): CodeIgniter\View\View->CodeIgniter\View\{closure}()
 4 SYSTEMPATH\Common.php(1137): CodeIgniter\View\View->render('admin/detailuser', [], true)
 5 APPPATH\Controllers\Admin.php(144): view('admin/detailuser', [...])
 6 SYSTEMPATH\CodeIgniter.php(898): App\Controllers\Admin->detailuser('1')
 7 SYSTEMPATH\CodeIgniter.php(457): CodeIgniter\CodeIgniter->runController(Object(App\Controllers\Admin))
 8 SYSTEMPATH\CodeIgniter.php(340): CodeIgniter\CodeIgniter->handleRequest(null, Object(Config\Cache), false)
 9 FCPATH\index.php(67): CodeIgniter\CodeIgniter->run()
10 SYSTEMPATH\Commands\Server\rewrite.php(43): require_once('FCPATH\\index.php')
CRITICAL - 2023-02-28 23:08:47 --> Attempt to read property "username" on array
in APPPATH\Views\admin\detailuser.php on line 34.
 1 APPPATH\Views\admin\detailuser.php(34): CodeIgniter\Debug\Exceptions->errorHandler(2, 'Attempt to read property "username" on array', 'APPPATH\\Views\\admin\\detailuser.php', 34)
 2 SYSTEMPATH\View\View.php(213): include('APPPATH\\Views\\admin\\detailuser.php')
 3 SYSTEMPATH\View\View.php(216): CodeIgniter\View\View->CodeIgniter\View\{closure}()
 4 SYSTEMPATH\Common.php(1137): CodeIgniter\View\View->render('admin/detailuser', [], true)
 5 APPPATH\Controllers\Admin.php(144): view('admin/detailuser', [...])
 6 SYSTEMPATH\CodeIgniter.php(898): App\Controllers\Admin->detailuser('1')
 7 SYSTEMPATH\CodeIgniter.php(457): CodeIgniter\CodeIgniter->runController(Object(App\Controllers\Admin))
 8 SYSTEMPATH\CodeIgniter.php(340): CodeIgniter\CodeIgniter->handleRequest(null, Object(Config\Cache), false)
 9 FCPATH\index.php(67): CodeIgniter\CodeIgniter->run()
10 SYSTEMPATH\Commands\Server\rewrite.php(43): require_once('FCPATH\\index.php')
CRITICAL - 2023-02-28 23:09:29 --> Undefined array key "username"
in APPPATH\Views\admin\detailuser.php on line 34.
 1 APPPATH\Views\admin\detailuser.php(34): CodeIgniter\Debug\Exceptions->errorHandler(2, 'Undefined array key "username"', 'APPPATH\\Views\\admin\\detailuser.php', 34)
 2 SYSTEMPATH\View\View.php(213): include('APPPATH\\Views\\admin\\detailuser.php')
 3 SYSTEMPATH\View\View.php(216): CodeIgniter\View\View->CodeIgniter\View\{closure}()
 4 SYSTEMPATH\Common.php(1137): CodeIgniter\View\View->render('admin/detailuser', [], true)
 5 APPPATH\Controllers\Admin.php(144): view('admin/detailuser', [...])
 6 SYSTEMPATH\CodeIgniter.php(898): App\Controllers\Admin->detailuser('1')
 7 SYSTEMPATH\CodeIgniter.php(457): CodeIgniter\CodeIgniter->runController(Object(App\Controllers\Admin))
 8 SYSTEMPATH\CodeIgniter.php(340): CodeIgniter\CodeIgniter->handleRequest(null, Object(Config\Cache), false)
 9 FCPATH\index.php(67): CodeIgniter\CodeIgniter->run()
10 SYSTEMPATH\Commands\Server\rewrite.php(43): require_once('FCPATH\\index.php')
CRITICAL - 2023-02-28 23:11:08 --> Undefined array key "fullname"
in APPPATH\Views\admin\detailuser.php on line 46.
 1 APPPATH\Views\admin\detailuser.php(46): CodeIgniter\Debug\Exceptions->errorHandler(2, 'Undefined array key "fullname"', 'APPPATH\\Views\\admin\\detailuser.php', 46)
 2 SYSTEMPATH\View\View.php(213): include('APPPATH\\Views\\admin\\detailuser.php')
 3 SYSTEMPATH\View\View.php(216): CodeIgniter\View\View->CodeIgniter\View\{closure}()
 4 SYSTEMPATH\Common.php(1137): CodeIgniter\View\View->render('admin/detailuser', [], true)
 5 APPPATH\Controllers\Admin.php(144): view('admin/detailuser', [...])
 6 SYSTEMPATH\CodeIgniter.php(898): App\Controllers\Admin->detailuser('1')
 7 SYSTEMPATH\CodeIgniter.php(457): CodeIgniter\CodeIgniter->runController(Object(App\Controllers\Admin))
 8 SYSTEMPATH\CodeIgniter.php(340): CodeIgniter\CodeIgniter->handleRequest(null, Object(Config\Cache), false)
 9 FCPATH\index.php(67): CodeIgniter\CodeIgniter->run()
10 SYSTEMPATH\Commands\Server\rewrite.php(43): require_once('FCPATH\\index.php')
CRITICAL - 2023-02-28 23:44:54 --> Class "2" not found
in SYSTEMPATH\Database\BaseResult.php on line 134.
 1 SYSTEMPATH\Database\BaseResult.php(106): CodeIgniter\Database\BaseResult->getCustomResultObject('2')
 2 APPPATH\Controllers\Admin.php(141): CodeIgniter\Database\BaseResult->getResult('2')
 3 SYSTEMPATH\CodeIgniter.php(898): App\Controllers\Admin->detailuser('2')
 4 SYSTEMPATH\CodeIgniter.php(457): CodeIgniter\CodeIgniter->runController(Object(App\Controllers\Admin))
 5 SYSTEMPATH\CodeIgniter.php(340): CodeIgniter\CodeIgniter->handleRequest(null, Object(Config\Cache), false)
 6 FCPATH\index.php(67): CodeIgniter\CodeIgniter->run()
 7 SYSTEMPATH\Commands\Server\rewrite.php(43): require_once('FCPATH\\index.php')
ERROR - 2023-02-28 23:46:22 --> mysqli_sql_exception: Unknown column 'user.id' in 'order clause' in C:\xampp\htdocs\taposyandu\system\Database\MySQLi\Connection.php:292
Stack trace:
#0 C:\xampp\htdocs\taposyandu\system\Database\MySQLi\Connection.php(292): mysqli->query('SELECT `users`....', 0)
#1 C:\xampp\htdocs\taposyandu\system\Database\BaseConnection.php(693): CodeIgniter\Database\MySQLi\Connection->execute('SELECT `users`....')
#2 C:\xampp\htdocs\taposyandu\system\Database\BaseConnection.php(620): CodeIgniter\Database\BaseConnection->simpleQuery('SELECT `users`....')
#3 C:\xampp\htdocs\taposyandu\system\Database\BaseBuilder.php(1585): CodeIgniter\Database\BaseConnection->query('SELECT `users`....', Array, false)
#4 C:\xampp\htdocs\taposyandu\app\Controllers\Admin.php(133): CodeIgniter\Database\BaseBuilder->get()
#5 C:\xampp\htdocs\taposyandu\system\CodeIgniter.php(898): App\Controllers\Admin->detailuser('2')
#6 C:\xampp\htdocs\taposyandu\system\CodeIgniter.php(457): CodeIgniter\CodeIgniter->runController(Object(App\Controllers\Admin))
#7 C:\xampp\htdocs\taposyandu\system\CodeIgniter.php(340): CodeIgniter\CodeIgniter->handleRequest(NULL, Object(Config\Cache), false)
#8 C:\xampp\htdocs\taposyandu\public\index.php(67): CodeIgniter\CodeIgniter->run()
#9 C:\xampp\htdocs\taposyandu\system\Commands\Server\rewrite.php(43): require_once('C:\\xampp\\htdocs...')
#10 {main}
CRITICAL - 2023-02-28 23:46:22 --> Unknown column 'user.id' in 'order clause'
in SYSTEMPATH\Database\MySQLi\Connection.php on line 292.
 1 SYSTEMPATH\Database\MySQLi\Connection.php(292): mysqli->query('SELECT `users`.`id`, `username`, `email`, `password_hash`, `fullname`, `usernohp`, `name`
FROM `users`
JOIN `auth_groups_users` ON `auth_groups_users`.`user_id` = `users`.`id`
JOIN `auth_groups` ON `auth_groups`.`id` = `auth_groups_users`.`group_id`
ORDER BY `user`.`id` DESC', 0)
 2 SYSTEMPATH\Database\BaseConnection.php(693): CodeIgniter\Database\MySQLi\Connection->execute('SELECT `users`.`id`, `username`, `email`, `password_hash`, `fullname`, `usernohp`, `name`
FROM `users`
JOIN `auth_groups_users` ON `auth_groups_users`.`user_id` = `users`.`id`
JOIN `auth_groups` ON `auth_groups`.`id` = `auth_groups_users`.`group_id`
ORDER BY `user`.`id` DESC')
 3 SYSTEMPATH\Database\BaseConnection.php(620): CodeIgniter\Database\BaseConnection->simpleQuery('SELECT `users`.`id`, `username`, `email`, `password_hash`, `fullname`, `usernohp`, `name`
FROM `users`
JOIN `auth_groups_users` ON `auth_groups_users`.`user_id` = `users`.`id`
JOIN `auth_groups` ON `auth_groups`.`id` = `auth_groups_users`.`group_id`
ORDER BY `user`.`id` DESC')
 4 SYSTEMPATH\Database\BaseBuilder.php(1585): CodeIgniter\Database\BaseConnection->query('SELECT `users`.`id`, `username`, `email`, `password_hash`, `fullname`, `usernohp`, `name`
FROM `users`
JOIN `auth_groups_users` ON `auth_groups_users`.`user_id` = `users`.`id`
JOIN `auth_groups` ON `auth_groups`.`id` = `auth_groups_users`.`group_id`
ORDER BY `user`.`id` DESC', [], false)
 5 APPPATH\Controllers\Admin.php(133): CodeIgniter\Database\BaseBuilder->get()
 6 SYSTEMPATH\CodeIgniter.php(898): App\Controllers\Admin->detailuser('2')
 7 SYSTEMPATH\CodeIgniter.php(457): CodeIgniter\CodeIgniter->runController(Object(App\Controllers\Admin))
 8 SYSTEMPATH\CodeIgniter.php(340): CodeIgniter\CodeIgniter->handleRequest(null, Object(Config\Cache), false)
 9 FCPATH\index.php(67): CodeIgniter\CodeIgniter->run()
10 SYSTEMPATH\Commands\Server\rewrite.php(43): require_once('FCPATH\\index.php')
CRITICAL - 2023-02-28 23:48:48 --> Cannot use object of type stdClass as array
in APPPATH\Views\admin\detailuser.php on line 36.
 1 SYSTEMPATH\View\View.php(213): include()
 2 SYSTEMPATH\View\View.php(216): CodeIgniter\View\View->CodeIgniter\View\{closure}()
 3 SYSTEMPATH\Common.php(1137): CodeIgniter\View\View->render('admin/detailuser', [], true)
 4 APPPATH\Controllers\Admin.php(147): view('admin/detailuser', [...])
 5 SYSTEMPATH\CodeIgniter.php(898): App\Controllers\Admin->detailuser('2')
 6 SYSTEMPATH\CodeIgniter.php(457): CodeIgniter\CodeIgniter->runController(Object(App\Controllers\Admin))
 7 SYSTEMPATH\CodeIgniter.php(340): CodeIgniter\CodeIgniter->handleRequest(null, Object(Config\Cache), false)
 8 FCPATH\index.php(67): CodeIgniter\CodeIgniter->run()
 9 SYSTEMPATH\Commands\Server\rewrite.php(43): require_once('FCPATH\\index.php')
CRITICAL - 2023-02-28 23:49:27 --> Cannot use object of type stdClass as array
in APPPATH\Views\admin\detailuser.php on line 36.
 1 SYSTEMPATH\View\View.php(213): include()
 2 SYSTEMPATH\View\View.php(216): CodeIgniter\View\View->CodeIgniter\View\{closure}()
 3 SYSTEMPATH\Common.php(1137): CodeIgniter\View\View->render('admin/detailuser', [], true)
 4 APPPATH\Controllers\Admin.php(147): view('admin/detailuser', [...])
 5 SYSTEMPATH\CodeIgniter.php(898): App\Controllers\Admin->detailuser('2')
 6 SYSTEMPATH\CodeIgniter.php(457): CodeIgniter\CodeIgniter->runController(Object(App\Controllers\Admin))
 7 SYSTEMPATH\CodeIgniter.php(340): CodeIgniter\CodeIgniter->handleRequest(null, Object(Config\Cache), false)
 8 FCPATH\index.php(67): CodeIgniter\CodeIgniter->run()
 9 SYSTEMPATH\Commands\Server\rewrite.php(43): require_once('FCPATH\\index.php')
CRITICAL - 2023-02-28 23:49:54 --> Attempt to read property "id" on array
in APPPATH\Views\admin\detailuser.php on line 36.
 1 APPPATH\Views\admin\detailuser.php(36): CodeIgniter\Debug\Exceptions->errorHandler(2, 'Attempt to read property "id" on array', 'APPPATH\\Views\\admin\\detailuser.php', 36)
 2 SYSTEMPATH\View\View.php(213): include('APPPATH\\Views\\admin\\detailuser.php')
 3 SYSTEMPATH\View\View.php(216): CodeIgniter\View\View->CodeIgniter\View\{closure}()
 4 SYSTEMPATH\Common.php(1137): CodeIgniter\View\View->render('admin/detailuser', [], true)
 5 APPPATH\Controllers\Admin.php(147): view('admin/detailuser', [...])
 6 SYSTEMPATH\CodeIgniter.php(898): App\Controllers\Admin->detailuser('2')
 7 SYSTEMPATH\CodeIgniter.php(457): CodeIgniter\CodeIgniter->runController(Object(App\Controllers\Admin))
 8 SYSTEMPATH\CodeIgniter.php(340): CodeIgniter\CodeIgniter->handleRequest(null, Object(Config\Cache), false)
 9 FCPATH\index.php(67): CodeIgniter\CodeIgniter->run()
10 SYSTEMPATH\Commands\Server\rewrite.php(43): require_once('FCPATH\\index.php')
CRITICAL - 2023-02-28 23:50:44 --> Attempt to read property "id" on array
in APPPATH\Views\admin\detailuser.php on line 36.
 1 APPPATH\Views\admin\detailuser.php(36): CodeIgniter\Debug\Exceptions->errorHandler(2, 'Attempt to read property "id" on array', 'APPPATH\\Views\\admin\\detailuser.php', 36)
 2 SYSTEMPATH\View\View.php(213): include('APPPATH\\Views\\admin\\detailuser.php')
 3 SYSTEMPATH\View\View.php(216): CodeIgniter\View\View->CodeIgniter\View\{closure}()
 4 SYSTEMPATH\Common.php(1137): CodeIgniter\View\View->render('admin/detailuser', [], true)
 5 APPPATH\Controllers\Admin.php(147): view('admin/detailuser', [...])
 6 SYSTEMPATH\CodeIgniter.php(898): App\Controllers\Admin->detailuser('2')
 7 SYSTEMPATH\CodeIgniter.php(457): CodeIgniter\CodeIgniter->runController(Object(App\Controllers\Admin))
 8 SYSTEMPATH\CodeIgniter.php(340): CodeIgniter\CodeIgniter->handleRequest(null, Object(Config\Cache), false)
 9 FCPATH\index.php(67): CodeIgniter\CodeIgniter->run()
10 SYSTEMPATH\Commands\Server\rewrite.php(43): require_once('FCPATH\\index.php')
CRITICAL - 2023-02-28 23:51:24 --> syntax error, unexpected token "[", expecting identifier or variable or "{" or "$"
in APPPATH\Views\admin\detailuser.php on line 36.
 1 SYSTEMPATH\View\View.php(216): CodeIgniter\View\View->CodeIgniter\View\{closure}()
 2 SYSTEMPATH\Common.php(1137): CodeIgniter\View\View->render('admin/detailuser', [], true)
 3 APPPATH\Controllers\Admin.php(147): view('admin/detailuser', [...])
 4 SYSTEMPATH\CodeIgniter.php(898): App\Controllers\Admin->detailuser('2')
 5 SYSTEMPATH\CodeIgniter.php(457): CodeIgniter\CodeIgniter->runController(Object(App\Controllers\Admin))
 6 SYSTEMPATH\CodeIgniter.php(340): CodeIgniter\CodeIgniter->handleRequest(null, Object(Config\Cache), false)
 7 FCPATH\index.php(67): CodeIgniter\CodeIgniter->run()
 8 SYSTEMPATH\Commands\Server\rewrite.php(43): require_once('FCPATH\\index.php')
CRITICAL - 2023-02-28 23:52:19 --> Undefined array key "id"
in APPPATH\Views\admin\detailuser.php on line 36.
 1 APPPATH\Views\admin\detailuser.php(36): CodeIgniter\Debug\Exceptions->errorHandler(2, 'Undefined array key "id"', 'APPPATH\\Views\\admin\\detailuser.php', 36)
 2 SYSTEMPATH\View\View.php(213): include('APPPATH\\Views\\admin\\detailuser.php')
 3 SYSTEMPATH\View\View.php(216): CodeIgniter\View\View->CodeIgniter\View\{closure}()
 4 SYSTEMPATH\Common.php(1137): CodeIgniter\View\View->render('admin/detailuser', [], true)
 5 APPPATH\Controllers\Admin.php(147): view('admin/detailuser', [...])
 6 SYSTEMPATH\CodeIgniter.php(898): App\Controllers\Admin->detailuser('2')
 7 SYSTEMPATH\CodeIgniter.php(457): CodeIgniter\CodeIgniter->runController(Object(App\Controllers\Admin))
 8 SYSTEMPATH\CodeIgniter.php(340): CodeIgniter\CodeIgniter->handleRequest(null, Object(Config\Cache), false)
 9 FCPATH\index.php(67): CodeIgniter\CodeIgniter->run()
10 SYSTEMPATH\Commands\Server\rewrite.php(43): require_once('FCPATH\\index.php')
CRITICAL - 2023-02-28 23:53:34 --> Undefined array key "id"
in APPPATH\Views\admin\detailuser.php on line 36.
 1 APPPATH\Views\admin\detailuser.php(36): CodeIgniter\Debug\Exceptions->errorHandler(2, 'Undefined array key "id"', 'APPPATH\\Views\\admin\\detailuser.php', 36)
 2 SYSTEMPATH\View\View.php(213): include('APPPATH\\Views\\admin\\detailuser.php')
 3 SYSTEMPATH\View\View.php(216): CodeIgniter\View\View->CodeIgniter\View\{closure}()
 4 SYSTEMPATH\Common.php(1137): CodeIgniter\View\View->render('admin/detailuser', [], true)
 5 APPPATH\Controllers\Admin.php(147): view('admin/detailuser', [...])
 6 SYSTEMPATH\CodeIgniter.php(898): App\Controllers\Admin->detailuser('2')
 7 SYSTEMPATH\CodeIgniter.php(457): CodeIgniter\CodeIgniter->runController(Object(App\Controllers\Admin))
 8 SYSTEMPATH\CodeIgniter.php(340): CodeIgniter\CodeIgniter->handleRequest(null, Object(Config\Cache), false)
 9 FCPATH\index.php(67): CodeIgniter\CodeIgniter->run()
10 SYSTEMPATH\Commands\Server\rewrite.php(43): require_once('FCPATH\\index.php')
