CRITICAL - 2024-05-12 00:30:32 --> Attempt to read property "obatcacing" on array
in APPPATH\Views\kader\imun\detailimunanak.php on line 48.
 1 APPPATH\Views\kader\imun\detailimunanak.php(48): CodeIgniter\Debug\Exceptions->errorHandler(2, 'Attempt to read property "obatcacing" on array', 'APPPATH\\Views\\kader\\imun\\detailimunanak.php', 48)
 2 SYSTEMPATH\View\View.php(213): include('APPPATH\\Views\\kader\\imun\\detailimunanak.php')
 3 SYSTEMPATH\View\View.php(216): CodeIgniter\View\View->CodeIgniter\View\{closure}()
 4 SYSTEMPATH\Common.php(1137): CodeIgniter\View\View->render('kader/imun/detailimunanak', [], true)
 5 APPPATH\Controllers\Imunisasi.php(166): view('kader/imun/detailimunanak', [...])
 6 SYSTEMPATH\CodeIgniter.php(898): App\Controllers\Imunisasi->detailimunanak('19')
 7 SYSTEMPATH\CodeIgniter.php(457): CodeIgniter\CodeIgniter->runController(Object(App\Controllers\Imunisasi))
 8 SYSTEMPATH\CodeIgniter.php(340): CodeIgniter\CodeIgniter->handleRequest(null, Object(Config\Cache), false)
 9 FCPATH\index.php(67): CodeIgniter\CodeIgniter->run()
10 SYSTEMPATH\Commands\Server\rewrite.php(43): require_once('FCPATH\\index.php')
CRITICAL - 2024-05-12 00:36:17 --> Undefined array key "ibunama"
in APPPATH\Views\admin\notif\tambahnotif.php on line 140.
 1 APPPATH\Views\admin\notif\tambahnotif.php(140): CodeIgniter\Debug\Exceptions->errorHandler(2, 'Undefined array key "ibunama"', 'APPPATH\\Views\\admin\\notif\\tambahnotif.php', 140)
 2 SYSTEMPATH\View\View.php(213): include('APPPATH\\Views\\admin\\notif\\tambahnotif.php')
 3 SYSTEMPATH\View\View.php(216): CodeIgniter\View\View->CodeIgniter\View\{closure}()
 4 SYSTEMPATH\Common.php(1137): CodeIgniter\View\View->render('admin/notif/tambahnotif', [], true)
 5 APPPATH\Controllers\Notif.php(55): view('admin/notif/tambahnotif', [...])
 6 SYSTEMPATH\CodeIgniter.php(898): App\Controllers\Notif->tambahnotif()
 7 SYSTEMPATH\CodeIgniter.php(457): CodeIgniter\CodeIgniter->runController(Object(App\Controllers\Notif))
 8 SYSTEMPATH\CodeIgniter.php(340): CodeIgniter\CodeIgniter->handleRequest(null, Object(Config\Cache), false)
 9 FCPATH\index.php(67): CodeIgniter\CodeIgniter->run()
10 SYSTEMPATH\Commands\Server\rewrite.php(43): require_once('FCPATH\\index.php')
CRITICAL - 2024-05-12 00:50:40 --> Attempt to read property "idanak" on array
in APPPATH\Views\admin\notif\tambahnotif.php on line 142.
 1 APPPATH\Views\admin\notif\tambahnotif.php(142): CodeIgniter\Debug\Exceptions->errorHandler(2, 'Attempt to read property "idanak" on array', 'APPPATH\\Views\\admin\\notif\\tambahnotif.php', 142)
 2 SYSTEMPATH\View\View.php(213): include('APPPATH\\Views\\admin\\notif\\tambahnotif.php')
 3 SYSTEMPATH\View\View.php(216): CodeIgniter\View\View->CodeIgniter\View\{closure}()
 4 SYSTEMPATH\Common.php(1137): CodeIgniter\View\View->render('admin/notif/tambahnotif', [], true)
 5 APPPATH\Controllers\Notif.php(55): view('admin/notif/tambahnotif', [...])
 6 SYSTEMPATH\CodeIgniter.php(898): App\Controllers\Notif->tambahnotif()
 7 SYSTEMPATH\CodeIgniter.php(457): CodeIgniter\CodeIgniter->runController(Object(App\Controllers\Notif))
 8 SYSTEMPATH\CodeIgniter.php(340): CodeIgniter\CodeIgniter->handleRequest(null, Object(Config\Cache), false)
 9 FCPATH\index.php(67): CodeIgniter\CodeIgniter->run()
10 SYSTEMPATH\Commands\Server\rewrite.php(43): require_once('FCPATH\\index.php')
CRITICAL - 2024-05-12 00:52:15 --> Attempt to read property "idanak" on array
in APPPATH\Views\admin\notif\tambahnotif.php on line 142.
 1 APPPATH\Views\admin\notif\tambahnotif.php(142): CodeIgniter\Debug\Exceptions->errorHandler(2, 'Attempt to read property "idanak" on array', 'APPPATH\\Views\\admin\\notif\\tambahnotif.php', 142)
 2 SYSTEMPATH\View\View.php(213): include('APPPATH\\Views\\admin\\notif\\tambahnotif.php')
 3 SYSTEMPATH\View\View.php(216): CodeIgniter\View\View->CodeIgniter\View\{closure}()
 4 SYSTEMPATH\Common.php(1137): CodeIgniter\View\View->render('admin/notif/tambahnotif', [], true)
 5 APPPATH\Controllers\Notif.php(55): view('admin/notif/tambahnotif', [...])
 6 SYSTEMPATH\CodeIgniter.php(898): App\Controllers\Notif->tambahnotif()
 7 SYSTEMPATH\CodeIgniter.php(457): CodeIgniter\CodeIgniter->runController(Object(App\Controllers\Notif))
 8 SYSTEMPATH\CodeIgniter.php(340): CodeIgniter\CodeIgniter->handleRequest(null, Object(Config\Cache), false)
 9 FCPATH\index.php(67): CodeIgniter\CodeIgniter->run()
10 SYSTEMPATH\Commands\Server\rewrite.php(43): require_once('FCPATH\\index.php')
CRITICAL - 2024-05-12 01:00:20 --> Undefined array key "ibunama"
in APPPATH\Views\admin\notif\tambahnotif.php on line 140.
 1 APPPATH\Views\admin\notif\tambahnotif.php(140): CodeIgniter\Debug\Exceptions->errorHandler(2, 'Undefined array key "ibunama"', 'APPPATH\\Views\\admin\\notif\\tambahnotif.php', 140)
 2 SYSTEMPATH\View\View.php(213): include('APPPATH\\Views\\admin\\notif\\tambahnotif.php')
 3 SYSTEMPATH\View\View.php(216): CodeIgniter\View\View->CodeIgniter\View\{closure}()
 4 SYSTEMPATH\Common.php(1137): CodeIgniter\View\View->render('admin/notif/tambahnotif', [], true)
 5 APPPATH\Controllers\Notif.php(55): view('admin/notif/tambahnotif', [...])
 6 SYSTEMPATH\CodeIgniter.php(898): App\Controllers\Notif->tambahnotif()
 7 SYSTEMPATH\CodeIgniter.php(457): CodeIgniter\CodeIgniter->runController(Object(App\Controllers\Notif))
 8 SYSTEMPATH\CodeIgniter.php(340): CodeIgniter\CodeIgniter->handleRequest(null, Object(Config\Cache), false)
 9 FCPATH\index.php(67): CodeIgniter\CodeIgniter->run()
10 SYSTEMPATH\Commands\Server\rewrite.php(43): require_once('FCPATH\\index.php')
CRITICAL - 2024-05-12 01:00:36 --> Undefined array key "ibunama"
in APPPATH\Views\admin\notif\tambahnotif.php on line 140.
 1 APPPATH\Views\admin\notif\tambahnotif.php(140): CodeIgniter\Debug\Exceptions->errorHandler(2, 'Undefined array key "ibunama"', 'APPPATH\\Views\\admin\\notif\\tambahnotif.php', 140)
 2 SYSTEMPATH\View\View.php(213): include('APPPATH\\Views\\admin\\notif\\tambahnotif.php')
 3 SYSTEMPATH\View\View.php(216): CodeIgniter\View\View->CodeIgniter\View\{closure}()
 4 SYSTEMPATH\Common.php(1137): CodeIgniter\View\View->render('admin/notif/tambahnotif', [], true)
 5 APPPATH\Controllers\Notif.php(55): view('admin/notif/tambahnotif', [...])
 6 SYSTEMPATH\CodeIgniter.php(898): App\Controllers\Notif->tambahnotif()
 7 SYSTEMPATH\CodeIgniter.php(457): CodeIgniter\CodeIgniter->runController(Object(App\Controllers\Notif))
 8 SYSTEMPATH\CodeIgniter.php(340): CodeIgniter\CodeIgniter->handleRequest(null, Object(Config\Cache), false)
 9 FCPATH\index.php(67): CodeIgniter\CodeIgniter->run()
10 SYSTEMPATH\Commands\Server\rewrite.php(43): require_once('FCPATH\\index.php')
CRITICAL - 2024-05-12 01:00:39 --> Undefined array key "ibunama"
in APPPATH\Views\admin\notif\tambahnotif.php on line 140.
 1 APPPATH\Views\admin\notif\tambahnotif.php(140): CodeIgniter\Debug\Exceptions->errorHandler(2, 'Undefined array key "ibunama"', 'APPPATH\\Views\\admin\\notif\\tambahnotif.php', 140)
 2 SYSTEMPATH\View\View.php(213): include('APPPATH\\Views\\admin\\notif\\tambahnotif.php')
 3 SYSTEMPATH\View\View.php(216): CodeIgniter\View\View->CodeIgniter\View\{closure}()
 4 SYSTEMPATH\Common.php(1137): CodeIgniter\View\View->render('admin/notif/tambahnotif', [], true)
 5 APPPATH\Controllers\Notif.php(55): view('admin/notif/tambahnotif', [...])
 6 SYSTEMPATH\CodeIgniter.php(898): App\Controllers\Notif->tambahnotif()
 7 SYSTEMPATH\CodeIgniter.php(457): CodeIgniter\CodeIgniter->runController(Object(App\Controllers\Notif))
 8 SYSTEMPATH\CodeIgniter.php(340): CodeIgniter\CodeIgniter->handleRequest(null, Object(Config\Cache), false)
 9 FCPATH\index.php(67): CodeIgniter\CodeIgniter->run()
10 SYSTEMPATH\Commands\Server\rewrite.php(43): require_once('FCPATH\\index.php')
CRITICAL - 2024-05-12 01:00:41 --> Undefined array key "ibunama"
in APPPATH\Views\admin\notif\tambahnotif.php on line 140.
 1 APPPATH\Views\admin\notif\tambahnotif.php(140): CodeIgniter\Debug\Exceptions->errorHandler(2, 'Undefined array key "ibunama"', 'APPPATH\\Views\\admin\\notif\\tambahnotif.php', 140)
 2 SYSTEMPATH\View\View.php(213): include('APPPATH\\Views\\admin\\notif\\tambahnotif.php')
 3 SYSTEMPATH\View\View.php(216): CodeIgniter\View\View->CodeIgniter\View\{closure}()
 4 SYSTEMPATH\Common.php(1137): CodeIgniter\View\View->render('admin/notif/tambahnotif', [], true)
 5 APPPATH\Controllers\Notif.php(55): view('admin/notif/tambahnotif', [...])
 6 SYSTEMPATH\CodeIgniter.php(898): App\Controllers\Notif->tambahnotif()
 7 SYSTEMPATH\CodeIgniter.php(457): CodeIgniter\CodeIgniter->runController(Object(App\Controllers\Notif))
 8 SYSTEMPATH\CodeIgniter.php(340): CodeIgniter\CodeIgniter->handleRequest(null, Object(Config\Cache), false)
 9 FCPATH\index.php(67): CodeIgniter\CodeIgniter->run()
10 SYSTEMPATH\Commands\Server\rewrite.php(43): require_once('FCPATH\\index.php')
CRITICAL - 2024-05-12 01:00:43 --> Undefined array key "ibunama"
in APPPATH\Views\admin\notif\tambahnotif.php on line 140.
 1 APPPATH\Views\admin\notif\tambahnotif.php(140): CodeIgniter\Debug\Exceptions->errorHandler(2, 'Undefined array key "ibunama"', 'APPPATH\\Views\\admin\\notif\\tambahnotif.php', 140)
 2 SYSTEMPATH\View\View.php(213): include('APPPATH\\Views\\admin\\notif\\tambahnotif.php')
 3 SYSTEMPATH\View\View.php(216): CodeIgniter\View\View->CodeIgniter\View\{closure}()
 4 SYSTEMPATH\Common.php(1137): CodeIgniter\View\View->render('admin/notif/tambahnotif', [], true)
 5 APPPATH\Controllers\Notif.php(55): view('admin/notif/tambahnotif', [...])
 6 SYSTEMPATH\CodeIgniter.php(898): App\Controllers\Notif->tambahnotif()
 7 SYSTEMPATH\CodeIgniter.php(457): CodeIgniter\CodeIgniter->runController(Object(App\Controllers\Notif))
 8 SYSTEMPATH\CodeIgniter.php(340): CodeIgniter\CodeIgniter->handleRequest(null, Object(Config\Cache), false)
 9 FCPATH\index.php(67): CodeIgniter\CodeIgniter->run()
10 SYSTEMPATH\Commands\Server\rewrite.php(43): require_once('FCPATH\\index.php')
CRITICAL - 2024-05-12 01:00:43 --> Undefined array key "ibunama"
in APPPATH\Views\admin\notif\tambahnotif.php on line 140.
 1 APPPATH\Views\admin\notif\tambahnotif.php(140): CodeIgniter\Debug\Exceptions->errorHandler(2, 'Undefined array key "ibunama"', 'APPPATH\\Views\\admin\\notif\\tambahnotif.php', 140)
 2 SYSTEMPATH\View\View.php(213): include('APPPATH\\Views\\admin\\notif\\tambahnotif.php')
 3 SYSTEMPATH\View\View.php(216): CodeIgniter\View\View->CodeIgniter\View\{closure}()
 4 SYSTEMPATH\Common.php(1137): CodeIgniter\View\View->render('admin/notif/tambahnotif', [], true)
 5 APPPATH\Controllers\Notif.php(55): view('admin/notif/tambahnotif', [...])
 6 SYSTEMPATH\CodeIgniter.php(898): App\Controllers\Notif->tambahnotif()
 7 SYSTEMPATH\CodeIgniter.php(457): CodeIgniter\CodeIgniter->runController(Object(App\Controllers\Notif))
 8 SYSTEMPATH\CodeIgniter.php(340): CodeIgniter\CodeIgniter->handleRequest(null, Object(Config\Cache), false)
 9 FCPATH\index.php(67): CodeIgniter\CodeIgniter->run()
10 SYSTEMPATH\Commands\Server\rewrite.php(43): require_once('FCPATH\\index.php')
CRITICAL - 2024-05-12 01:01:19 --> Undefined array key "ibunama"
in APPPATH\Views\admin\notif\tambahnotif.php on line 140.
 1 APPPATH\Views\admin\notif\tambahnotif.php(140): CodeIgniter\Debug\Exceptions->errorHandler(2, 'Undefined array key "ibunama"', 'APPPATH\\Views\\admin\\notif\\tambahnotif.php', 140)
 2 SYSTEMPATH\View\View.php(213): include('APPPATH\\Views\\admin\\notif\\tambahnotif.php')
 3 SYSTEMPATH\View\View.php(216): CodeIgniter\View\View->CodeIgniter\View\{closure}()
 4 SYSTEMPATH\Common.php(1137): CodeIgniter\View\View->render('admin/notif/tambahnotif', [], true)
 5 APPPATH\Controllers\Notif.php(55): view('admin/notif/tambahnotif', [...])
 6 SYSTEMPATH\CodeIgniter.php(898): App\Controllers\Notif->tambahnotif()
 7 SYSTEMPATH\CodeIgniter.php(457): CodeIgniter\CodeIgniter->runController(Object(App\Controllers\Notif))
 8 SYSTEMPATH\CodeIgniter.php(340): CodeIgniter\CodeIgniter->handleRequest(null, Object(Config\Cache), false)
 9 FCPATH\index.php(67): CodeIgniter\CodeIgniter->run()
10 SYSTEMPATH\Commands\Server\rewrite.php(43): require_once('FCPATH\\index.php')
CRITICAL - 2024-05-12 01:01:28 --> Attempt to read property "idanak" on array
in APPPATH\Views\admin\notif\tambahnotif.php on line 142.
 1 APPPATH\Views\admin\notif\tambahnotif.php(142): CodeIgniter\Debug\Exceptions->errorHandler(2, 'Attempt to read property "idanak" on array', 'APPPATH\\Views\\admin\\notif\\tambahnotif.php', 142)
 2 SYSTEMPATH\View\View.php(213): include('APPPATH\\Views\\admin\\notif\\tambahnotif.php')
 3 SYSTEMPATH\View\View.php(216): CodeIgniter\View\View->CodeIgniter\View\{closure}()
 4 SYSTEMPATH\Common.php(1137): CodeIgniter\View\View->render('admin/notif/tambahnotif', [], true)
 5 APPPATH\Controllers\Notif.php(55): view('admin/notif/tambahnotif', [...])
 6 SYSTEMPATH\CodeIgniter.php(898): App\Controllers\Notif->tambahnotif()
 7 SYSTEMPATH\CodeIgniter.php(457): CodeIgniter\CodeIgniter->runController(Object(App\Controllers\Notif))
 8 SYSTEMPATH\CodeIgniter.php(340): CodeIgniter\CodeIgniter->handleRequest(null, Object(Config\Cache), false)
 9 FCPATH\index.php(67): CodeIgniter\CodeIgniter->run()
10 SYSTEMPATH\Commands\Server\rewrite.php(43): require_once('FCPATH\\index.php')
CRITICAL - 2024-05-12 01:06:40 --> Attempt to read property "idanak" on array
in APPPATH\Views\admin\notif\tambahnotif.php on line 142.
 1 APPPATH\Views\admin\notif\tambahnotif.php(142): CodeIgniter\Debug\Exceptions->errorHandler(2, 'Attempt to read property "idanak" on array', 'APPPATH\\Views\\admin\\notif\\tambahnotif.php', 142)
 2 SYSTEMPATH\View\View.php(213): include('APPPATH\\Views\\admin\\notif\\tambahnotif.php')
 3 SYSTEMPATH\View\View.php(216): CodeIgniter\View\View->CodeIgniter\View\{closure}()
 4 SYSTEMPATH\Common.php(1137): CodeIgniter\View\View->render('admin/notif/tambahnotif', [], true)
 5 APPPATH\Controllers\Notif.php(55): view('admin/notif/tambahnotif', [...])
 6 SYSTEMPATH\CodeIgniter.php(898): App\Controllers\Notif->tambahnotif()
 7 SYSTEMPATH\CodeIgniter.php(457): CodeIgniter\CodeIgniter->runController(Object(App\Controllers\Notif))
 8 SYSTEMPATH\CodeIgniter.php(340): CodeIgniter\CodeIgniter->handleRequest(null, Object(Config\Cache), false)
 9 FCPATH\index.php(67): CodeIgniter\CodeIgniter->run()
10 SYSTEMPATH\Commands\Server\rewrite.php(43): require_once('FCPATH\\index.php')
CRITICAL - 2024-05-12 01:08:46 --> Attempt to read property "idanak" on array
in APPPATH\Views\admin\notif\tambahnotif.php on line 142.
 1 APPPATH\Views\admin\notif\tambahnotif.php(142): CodeIgniter\Debug\Exceptions->errorHandler(2, 'Attempt to read property "idanak" on array', 'APPPATH\\Views\\admin\\notif\\tambahnotif.php', 142)
 2 SYSTEMPATH\View\View.php(213): include('APPPATH\\Views\\admin\\notif\\tambahnotif.php')
 3 SYSTEMPATH\View\View.php(216): CodeIgniter\View\View->CodeIgniter\View\{closure}()
 4 SYSTEMPATH\Common.php(1137): CodeIgniter\View\View->render('admin/notif/tambahnotif', [], true)
 5 APPPATH\Controllers\Notif.php(55): view('admin/notif/tambahnotif', [...])
 6 SYSTEMPATH\CodeIgniter.php(898): App\Controllers\Notif->tambahnotif()
 7 SYSTEMPATH\CodeIgniter.php(457): CodeIgniter\CodeIgniter->runController(Object(App\Controllers\Notif))
 8 SYSTEMPATH\CodeIgniter.php(340): CodeIgniter\CodeIgniter->handleRequest(null, Object(Config\Cache), false)
 9 FCPATH\index.php(67): CodeIgniter\CodeIgniter->run()
10 SYSTEMPATH\Commands\Server\rewrite.php(43): require_once('FCPATH\\index.php')
CRITICAL - 2024-05-12 01:13:21 --> Attempt to read property "idanak" on array
in APPPATH\Views\admin\notif\tambahnotif.php on line 142.
 1 APPPATH\Views\admin\notif\tambahnotif.php(142): CodeIgniter\Debug\Exceptions->errorHandler(2, 'Attempt to read property "idanak" on array', 'APPPATH\\Views\\admin\\notif\\tambahnotif.php', 142)
 2 SYSTEMPATH\View\View.php(213): include('APPPATH\\Views\\admin\\notif\\tambahnotif.php')
 3 SYSTEMPATH\View\View.php(216): CodeIgniter\View\View->CodeIgniter\View\{closure}()
 4 SYSTEMPATH\Common.php(1137): CodeIgniter\View\View->render('admin/notif/tambahnotif', [], true)
 5 APPPATH\Controllers\Notif.php(55): view('admin/notif/tambahnotif', [...])
 6 SYSTEMPATH\CodeIgniter.php(898): App\Controllers\Notif->tambahnotif()
 7 SYSTEMPATH\CodeIgniter.php(457): CodeIgniter\CodeIgniter->runController(Object(App\Controllers\Notif))
 8 SYSTEMPATH\CodeIgniter.php(340): CodeIgniter\CodeIgniter->handleRequest(null, Object(Config\Cache), false)
 9 FCPATH\index.php(67): CodeIgniter\CodeIgniter->run()
10 SYSTEMPATH\Commands\Server\rewrite.php(43): require_once('FCPATH\\index.php')
CRITICAL - 2024-05-12 01:13:23 --> Attempt to read property "idanak" on array
in APPPATH\Views\admin\notif\tambahnotif.php on line 142.
 1 APPPATH\Views\admin\notif\tambahnotif.php(142): CodeIgniter\Debug\Exceptions->errorHandler(2, 'Attempt to read property "idanak" on array', 'APPPATH\\Views\\admin\\notif\\tambahnotif.php', 142)
 2 SYSTEMPATH\View\View.php(213): include('APPPATH\\Views\\admin\\notif\\tambahnotif.php')
 3 SYSTEMPATH\View\View.php(216): CodeIgniter\View\View->CodeIgniter\View\{closure}()
 4 SYSTEMPATH\Common.php(1137): CodeIgniter\View\View->render('admin/notif/tambahnotif', [], true)
 5 APPPATH\Controllers\Notif.php(55): view('admin/notif/tambahnotif', [...])
 6 SYSTEMPATH\CodeIgniter.php(898): App\Controllers\Notif->tambahnotif()
 7 SYSTEMPATH\CodeIgniter.php(457): CodeIgniter\CodeIgniter->runController(Object(App\Controllers\Notif))
 8 SYSTEMPATH\CodeIgniter.php(340): CodeIgniter\CodeIgniter->handleRequest(null, Object(Config\Cache), false)
 9 FCPATH\index.php(67): CodeIgniter\CodeIgniter->run()
10 SYSTEMPATH\Commands\Server\rewrite.php(43): require_once('FCPATH\\index.php')
CRITICAL - 2024-05-12 01:14:26 --> Attempt to read property "anaknama" on array
in APPPATH\Views\admin\notif\tambahnotif.php on line 142.
 1 APPPATH\Views\admin\notif\tambahnotif.php(142): CodeIgniter\Debug\Exceptions->errorHandler(2, 'Attempt to read property "anaknama" on array', 'APPPATH\\Views\\admin\\notif\\tambahnotif.php', 142)
 2 SYSTEMPATH\View\View.php(213): include('APPPATH\\Views\\admin\\notif\\tambahnotif.php')
 3 SYSTEMPATH\View\View.php(216): CodeIgniter\View\View->CodeIgniter\View\{closure}()
 4 SYSTEMPATH\Common.php(1137): CodeIgniter\View\View->render('admin/notif/tambahnotif', [], true)
 5 APPPATH\Controllers\Notif.php(55): view('admin/notif/tambahnotif', [...])
 6 SYSTEMPATH\CodeIgniter.php(898): App\Controllers\Notif->tambahnotif()
 7 SYSTEMPATH\CodeIgniter.php(457): CodeIgniter\CodeIgniter->runController(Object(App\Controllers\Notif))
 8 SYSTEMPATH\CodeIgniter.php(340): CodeIgniter\CodeIgniter->handleRequest(null, Object(Config\Cache), false)
 9 FCPATH\index.php(67): CodeIgniter\CodeIgniter->run()
10 SYSTEMPATH\Commands\Server\rewrite.php(43): require_once('FCPATH\\index.php')
CRITICAL - 2024-05-12 01:34:39 --> Undefined variable $jenisimun
in APPPATH\Views\admin\notif\tambahnotif.php on line 98.
 1 APPPATH\Views\admin\notif\tambahnotif.php(98): CodeIgniter\Debug\Exceptions->errorHandler(2, 'Undefined variable $jenisimun', 'APPPATH\\Views\\admin\\notif\\tambahnotif.php', 98)
 2 SYSTEMPATH\View\View.php(213): include('APPPATH\\Views\\admin\\notif\\tambahnotif.php')
 3 SYSTEMPATH\View\View.php(216): CodeIgniter\View\View->CodeIgniter\View\{closure}()
 4 SYSTEMPATH\Common.php(1137): CodeIgniter\View\View->render('admin/notif/tambahnotif', [], true)
 5 APPPATH\Controllers\Notif.php(55): view('admin/notif/tambahnotif', [...])
 6 SYSTEMPATH\CodeIgniter.php(898): App\Controllers\Notif->tambahnotif()
 7 SYSTEMPATH\CodeIgniter.php(457): CodeIgniter\CodeIgniter->runController(Object(App\Controllers\Notif))
 8 SYSTEMPATH\CodeIgniter.php(340): CodeIgniter\CodeIgniter->handleRequest(null, Object(Config\Cache), false)
 9 FCPATH\index.php(67): CodeIgniter\CodeIgniter->run()
10 SYSTEMPATH\Commands\Server\rewrite.php(43): require_once('FCPATH\\index.php')
CRITICAL - 2024-05-12 01:35:41 --> Undefined variable $jenisImun
in APPPATH\Views\admin\notif\tambahnotif.php on line 98.
 1 APPPATH\Views\admin\notif\tambahnotif.php(98): CodeIgniter\Debug\Exceptions->errorHandler(2, 'Undefined variable $jenisImun', 'APPPATH\\Views\\admin\\notif\\tambahnotif.php', 98)
 2 SYSTEMPATH\View\View.php(213): include('APPPATH\\Views\\admin\\notif\\tambahnotif.php')
 3 SYSTEMPATH\View\View.php(216): CodeIgniter\View\View->CodeIgniter\View\{closure}()
 4 SYSTEMPATH\Common.php(1137): CodeIgniter\View\View->render('admin/notif/tambahnotif', [], true)
 5 APPPATH\Controllers\Notif.php(55): view('admin/notif/tambahnotif', [...])
 6 SYSTEMPATH\CodeIgniter.php(898): App\Controllers\Notif->tambahnotif()
 7 SYSTEMPATH\CodeIgniter.php(457): CodeIgniter\CodeIgniter->runController(Object(App\Controllers\Notif))
 8 SYSTEMPATH\CodeIgniter.php(340): CodeIgniter\CodeIgniter->handleRequest(null, Object(Config\Cache), false)
 9 FCPATH\index.php(67): CodeIgniter\CodeIgniter->run()
10 SYSTEMPATH\Commands\Server\rewrite.php(43): require_once('FCPATH\\index.php')
CRITICAL - 2024-05-12 01:38:27 --> Undefined variable $jenisimun
in APPPATH\Controllers\Notif.php on line 48.
 1 APPPATH\Controllers\Notif.php(48): CodeIgniter\Debug\Exceptions->errorHandler(2, 'Undefined variable $jenisimun', 'APPPATH\\Controllers\\Notif.php', 48)
 2 SYSTEMPATH\CodeIgniter.php(898): App\Controllers\Notif->tambahnotif()
 3 SYSTEMPATH\CodeIgniter.php(457): CodeIgniter\CodeIgniter->runController(Object(App\Controllers\Notif))
 4 SYSTEMPATH\CodeIgniter.php(340): CodeIgniter\CodeIgniter->handleRequest(null, Object(Config\Cache), false)
 5 FCPATH\index.php(67): CodeIgniter\CodeIgniter->run()
 6 SYSTEMPATH\Commands\Server\rewrite.php(43): require_once('FCPATH\\index.php')
CRITICAL - 2024-05-12 01:46:00 --> Undefined variable $jenisimun
in APPPATH\Controllers\Notif.php on line 50.
 1 APPPATH\Controllers\Notif.php(50): CodeIgniter\Debug\Exceptions->errorHandler(2, 'Undefined variable $jenisimun', 'APPPATH\\Controllers\\Notif.php', 50)
 2 SYSTEMPATH\CodeIgniter.php(898): App\Controllers\Notif->tambahnotif()
 3 SYSTEMPATH\CodeIgniter.php(457): CodeIgniter\CodeIgniter->runController(Object(App\Controllers\Notif))
 4 SYSTEMPATH\CodeIgniter.php(340): CodeIgniter\CodeIgniter->handleRequest(null, Object(Config\Cache), false)
 5 FCPATH\index.php(67): CodeIgniter\CodeIgniter->run()
 6 SYSTEMPATH\Commands\Server\rewrite.php(43): require_once('FCPATH\\index.php')
CRITICAL - 2024-05-12 01:47:07 --> Undefined variable $jenisimun
in APPPATH\Controllers\Notif.php on line 50.
 1 APPPATH\Controllers\Notif.php(50): CodeIgniter\Debug\Exceptions->errorHandler(2, 'Undefined variable $jenisimun', 'APPPATH\\Controllers\\Notif.php', 50)
 2 SYSTEMPATH\CodeIgniter.php(898): App\Controllers\Notif->tambahnotif()
 3 SYSTEMPATH\CodeIgniter.php(457): CodeIgniter\CodeIgniter->runController(Object(App\Controllers\Notif))
 4 SYSTEMPATH\CodeIgniter.php(340): CodeIgniter\CodeIgniter->handleRequest(null, Object(Config\Cache), false)
 5 FCPATH\index.php(67): CodeIgniter\CodeIgniter->run()
 6 SYSTEMPATH\Commands\Server\rewrite.php(43): require_once('FCPATH\\index.php')
CRITICAL - 2024-05-12 01:47:57 --> Undefined variable $jenisImun
in APPPATH\Views\admin\notif\tambahnotif.php on line 98.
 1 APPPATH\Views\admin\notif\tambahnotif.php(98): CodeIgniter\Debug\Exceptions->errorHandler(2, 'Undefined variable $jenisImun', 'APPPATH\\Views\\admin\\notif\\tambahnotif.php', 98)
 2 SYSTEMPATH\View\View.php(213): include('APPPATH\\Views\\admin\\notif\\tambahnotif.php')
 3 SYSTEMPATH\View\View.php(216): CodeIgniter\View\View->CodeIgniter\View\{closure}()
 4 SYSTEMPATH\Common.php(1137): CodeIgniter\View\View->render('admin/notif/tambahnotif', [], true)
 5 APPPATH\Controllers\Notif.php(58): view('admin/notif/tambahnotif', [...])
 6 SYSTEMPATH\CodeIgniter.php(898): App\Controllers\Notif->tambahnotif()
 7 SYSTEMPATH\CodeIgniter.php(457): CodeIgniter\CodeIgniter->runController(Object(App\Controllers\Notif))
 8 SYSTEMPATH\CodeIgniter.php(340): CodeIgniter\CodeIgniter->handleRequest(null, Object(Config\Cache), false)
 9 FCPATH\index.php(67): CodeIgniter\CodeIgniter->run()
10 SYSTEMPATH\Commands\Server\rewrite.php(43): require_once('FCPATH\\index.php')
ERROR - 2024-05-12 02:20:07 --> mysqli_sql_exception: Unknown column 'tgllhr' in 'field list' in C:\xampp\htdocs\taposyandu\system\Database\MySQLi\Connection.php:292
Stack trace:
#0 C:\xampp\htdocs\taposyandu\system\Database\MySQLi\Connection.php(292): mysqli->query('INSERT INTO `no...', 0)
#1 C:\xampp\htdocs\taposyandu\system\Database\BaseConnection.php(693): CodeIgniter\Database\MySQLi\Connection->execute('INSERT INTO `no...')
#2 C:\xampp\htdocs\taposyandu\system\Database\BaseConnection.php(620): CodeIgniter\Database\BaseConnection->simpleQuery('INSERT INTO `no...')
#3 C:\xampp\htdocs\taposyandu\system\Database\BaseBuilder.php(1916): CodeIgniter\Database\BaseConnection->query('INSERT INTO `no...', Array, false)
#4 C:\xampp\htdocs\taposyandu\system\Model.php(278): CodeIgniter\Database\BaseBuilder->insert()
#5 C:\xampp\htdocs\taposyandu\system\BaseModel.php(738): CodeIgniter\Model->doInsert(Array)
#6 C:\xampp\htdocs\taposyandu\system\Model.php(666): CodeIgniter\BaseModel->insert(Array, true)
#7 C:\xampp\htdocs\taposyandu\app\Controllers\Notif.php(74): CodeIgniter\Model->insert(Array)
#8 C:\xampp\htdocs\taposyandu\system\CodeIgniter.php(898): App\Controllers\Notif->save()
#9 C:\xampp\htdocs\taposyandu\system\CodeIgniter.php(457): CodeIgniter\CodeIgniter->runController(Object(App\Controllers\Notif))
#10 C:\xampp\htdocs\taposyandu\system\CodeIgniter.php(340): CodeIgniter\CodeIgniter->handleRequest(NULL, Object(Config\Cache), false)
#11 C:\xampp\htdocs\taposyandu\public\index.php(67): CodeIgniter\CodeIgniter->run()
#12 C:\xampp\htdocs\taposyandu\system\Commands\Server\rewrite.php(43): require_once('C:\\xampp\\htdocs...')
#13 {main}
ERROR - 2024-05-12 02:21:18 --> mysqli_sql_exception: Unknown column 'tglimun' in 'field list' in C:\xampp\htdocs\taposyandu\system\Database\MySQLi\Connection.php:292
Stack trace:
#0 C:\xampp\htdocs\taposyandu\system\Database\MySQLi\Connection.php(292): mysqli->query('INSERT INTO `no...', 0)
#1 C:\xampp\htdocs\taposyandu\system\Database\BaseConnection.php(693): CodeIgniter\Database\MySQLi\Connection->execute('INSERT INTO `no...')
#2 C:\xampp\htdocs\taposyandu\system\Database\BaseConnection.php(620): CodeIgniter\Database\BaseConnection->simpleQuery('INSERT INTO `no...')
#3 C:\xampp\htdocs\taposyandu\system\Database\BaseBuilder.php(1916): CodeIgniter\Database\BaseConnection->query('INSERT INTO `no...', Array, false)
#4 C:\xampp\htdocs\taposyandu\system\Model.php(278): CodeIgniter\Database\BaseBuilder->insert()
#5 C:\xampp\htdocs\taposyandu\system\BaseModel.php(738): CodeIgniter\Model->doInsert(Array)
#6 C:\xampp\htdocs\taposyandu\system\Model.php(666): CodeIgniter\BaseModel->insert(Array, true)
#7 C:\xampp\htdocs\taposyandu\app\Controllers\Notif.php(74): CodeIgniter\Model->insert(Array)
#8 C:\xampp\htdocs\taposyandu\system\CodeIgniter.php(898): App\Controllers\Notif->save()
#9 C:\xampp\htdocs\taposyandu\system\CodeIgniter.php(457): CodeIgniter\CodeIgniter->runController(Object(App\Controllers\Notif))
#10 C:\xampp\htdocs\taposyandu\system\CodeIgniter.php(340): CodeIgniter\CodeIgniter->handleRequest(NULL, Object(Config\Cache), false)
#11 C:\xampp\htdocs\taposyandu\public\index.php(67): CodeIgniter\CodeIgniter->run()
#12 C:\xampp\htdocs\taposyandu\system\Commands\Server\rewrite.php(43): require_once('C:\\xampp\\htdocs...')
#13 {main}
CRITICAL - 2024-05-12 02:27:11 --> Attempt to read property "obatcacing" on array
in APPPATH\Views\kader\imun\detailimunanak.php on line 48.
 1 APPPATH\Views\kader\imun\detailimunanak.php(48): CodeIgniter\Debug\Exceptions->errorHandler(2, 'Attempt to read property "obatcacing" on array', 'APPPATH\\Views\\kader\\imun\\detailimunanak.php', 48)
 2 SYSTEMPATH\View\View.php(213): include('APPPATH\\Views\\kader\\imun\\detailimunanak.php')
 3 SYSTEMPATH\View\View.php(216): CodeIgniter\View\View->CodeIgniter\View\{closure}()
 4 SYSTEMPATH\Common.php(1137): CodeIgniter\View\View->render('kader/imun/detailimunanak', [], true)
 5 APPPATH\Controllers\Imunisasi.php(166): view('kader/imun/detailimunanak', [...])
 6 SYSTEMPATH\CodeIgniter.php(898): App\Controllers\Imunisasi->detailimunanak('19')
 7 SYSTEMPATH\CodeIgniter.php(457): CodeIgniter\CodeIgniter->runController(Object(App\Controllers\Imunisasi))
 8 SYSTEMPATH\CodeIgniter.php(340): CodeIgniter\CodeIgniter->handleRequest(null, Object(Config\Cache), false)
 9 FCPATH\index.php(67): CodeIgniter\CodeIgniter->run()
10 SYSTEMPATH\Commands\Server\rewrite.php(43): require_once('FCPATH\\index.php')
CRITICAL - 2024-05-12 02:43:29 --> Call to undefined method App\Models\NotifModel::getIdAnak
in SYSTEMPATH\Model.php on line 773.
 1 APPPATH\Controllers\Notif.php(84): CodeIgniter\Model->__call('getIdAnak', [...])
 2 SYSTEMPATH\CodeIgniter.php(898): App\Controllers\Notif->detailnotif('1')
 3 SYSTEMPATH\CodeIgniter.php(457): CodeIgniter\CodeIgniter->runController(Object(App\Controllers\Notif))
 4 SYSTEMPATH\CodeIgniter.php(340): CodeIgniter\CodeIgniter->handleRequest(null, Object(Config\Cache), false)
 5 FCPATH\index.php(67): CodeIgniter\CodeIgniter->run()
 6 SYSTEMPATH\Commands\Server\rewrite.php(43): require_once('FCPATH\\index.php')
CRITICAL - 2024-05-12 02:52:22 --> Call to undefined method App\Models\NotifModel::getIdAnak
in SYSTEMPATH\Model.php on line 773.
 1 APPPATH\Controllers\Notif.php(84): CodeIgniter\Model->__call('getIdAnak', [...])
 2 SYSTEMPATH\CodeIgniter.php(898): App\Controllers\Notif->detailnotif('1')
 3 SYSTEMPATH\CodeIgniter.php(457): CodeIgniter\CodeIgniter->runController(Object(App\Controllers\Notif))
 4 SYSTEMPATH\CodeIgniter.php(340): CodeIgniter\CodeIgniter->handleRequest(null, Object(Config\Cache), false)
 5 FCPATH\index.php(67): CodeIgniter\CodeIgniter->run()
 6 SYSTEMPATH\Commands\Server\rewrite.php(43): require_once('FCPATH\\index.php')
CRITICAL - 2024-05-12 03:03:52 --> Call to undefined method App\Models\NotifModel::getIdNotif
in SYSTEMPATH\Model.php on line 773.
 1 APPPATH\Controllers\Notif.php(98): CodeIgniter\Model->__call('getIdNotif', [...])
 2 SYSTEMPATH\CodeIgniter.php(898): App\Controllers\Notif->editnotif('1')
 3 SYSTEMPATH\CodeIgniter.php(457): CodeIgniter\CodeIgniter->runController(Object(App\Controllers\Notif))
 4 SYSTEMPATH\CodeIgniter.php(340): CodeIgniter\CodeIgniter->handleRequest(null, Object(Config\Cache), false)
 5 FCPATH\index.php(67): CodeIgniter\CodeIgniter->run()
 6 SYSTEMPATH\Commands\Server\rewrite.php(43): require_once('FCPATH\\index.php')
CRITICAL - 2024-05-12 03:04:29 --> Undefined array key "idortu"
in APPPATH\Views\admin\notif\editnotif.php on line 45.
 1 APPPATH\Views\admin\notif\editnotif.php(45): CodeIgniter\Debug\Exceptions->errorHandler(2, 'Undefined array key "idortu"', 'APPPATH\\Views\\admin\\notif\\editnotif.php', 45)
 2 SYSTEMPATH\View\View.php(213): include('APPPATH\\Views\\admin\\notif\\editnotif.php')
 3 SYSTEMPATH\View\View.php(216): CodeIgniter\View\View->CodeIgniter\View\{closure}()
 4 SYSTEMPATH\Common.php(1137): CodeIgniter\View\View->render('admin/notif/editnotif', [], true)
 5 APPPATH\Controllers\Notif.php(108): view('admin/notif/editnotif', [...])
 6 SYSTEMPATH\CodeIgniter.php(898): App\Controllers\Notif->editnotif('1')
 7 SYSTEMPATH\CodeIgniter.php(457): CodeIgniter\CodeIgniter->runController(Object(App\Controllers\Notif))
 8 SYSTEMPATH\CodeIgniter.php(340): CodeIgniter\CodeIgniter->handleRequest(null, Object(Config\Cache), false)
 9 FCPATH\index.php(67): CodeIgniter\CodeIgniter->run()
10 SYSTEMPATH\Commands\Server\rewrite.php(43): require_once('FCPATH\\index.php')
CRITICAL - 2024-05-12 03:06:30 --> Undefined array key "idortu"
in APPPATH\Views\admin\notif\editnotif.php on line 45.
 1 APPPATH\Views\admin\notif\editnotif.php(45): CodeIgniter\Debug\Exceptions->errorHandler(2, 'Undefined array key "idortu"', 'APPPATH\\Views\\admin\\notif\\editnotif.php', 45)
 2 SYSTEMPATH\View\View.php(213): include('APPPATH\\Views\\admin\\notif\\editnotif.php')
 3 SYSTEMPATH\View\View.php(216): CodeIgniter\View\View->CodeIgniter\View\{closure}()
 4 SYSTEMPATH\Common.php(1137): CodeIgniter\View\View->render('admin/notif/editnotif', [], true)
 5 APPPATH\Controllers\Notif.php(108): view('admin/notif/editnotif', [...])
 6 SYSTEMPATH\CodeIgniter.php(898): App\Controllers\Notif->editnotif('1')
 7 SYSTEMPATH\CodeIgniter.php(457): CodeIgniter\CodeIgniter->runController(Object(App\Controllers\Notif))
 8 SYSTEMPATH\CodeIgniter.php(340): CodeIgniter\CodeIgniter->handleRequest(null, Object(Config\Cache), false)
 9 FCPATH\index.php(67): CodeIgniter\CodeIgniter->run()
10 SYSTEMPATH\Commands\Server\rewrite.php(43): require_once('FCPATH\\index.php')
CRITICAL - 2024-05-12 03:06:45 --> Undefined array key "anaknama"
in APPPATH\Views\admin\notif\editnotif.php on line 46.
 1 APPPATH\Views\admin\notif\editnotif.php(46): CodeIgniter\Debug\Exceptions->errorHandler(2, 'Undefined array key "anaknama"', 'APPPATH\\Views\\admin\\notif\\editnotif.php', 46)
 2 SYSTEMPATH\View\View.php(213): include('APPPATH\\Views\\admin\\notif\\editnotif.php')
 3 SYSTEMPATH\View\View.php(216): CodeIgniter\View\View->CodeIgniter\View\{closure}()
 4 SYSTEMPATH\Common.php(1137): CodeIgniter\View\View->render('admin/notif/editnotif', [], true)
 5 APPPATH\Controllers\Notif.php(108): view('admin/notif/editnotif', [...])
 6 SYSTEMPATH\CodeIgniter.php(898): App\Controllers\Notif->editnotif('1')
 7 SYSTEMPATH\CodeIgniter.php(457): CodeIgniter\CodeIgniter->runController(Object(App\Controllers\Notif))
 8 SYSTEMPATH\CodeIgniter.php(340): CodeIgniter\CodeIgniter->handleRequest(null, Object(Config\Cache), false)
 9 FCPATH\index.php(67): CodeIgniter\CodeIgniter->run()
10 SYSTEMPATH\Commands\Server\rewrite.php(43): require_once('FCPATH\\index.php')
CRITICAL - 2024-05-12 03:10:33 --> Undefined array key "idortu"
in APPPATH\Views\admin\notif\editnotif.php on line 45.
 1 APPPATH\Views\admin\notif\editnotif.php(45): CodeIgniter\Debug\Exceptions->errorHandler(2, 'Undefined array key "idortu"', 'APPPATH\\Views\\admin\\notif\\editnotif.php', 45)
 2 SYSTEMPATH\View\View.php(213): include('APPPATH\\Views\\admin\\notif\\editnotif.php')
 3 SYSTEMPATH\View\View.php(216): CodeIgniter\View\View->CodeIgniter\View\{closure}()
 4 SYSTEMPATH\Common.php(1137): CodeIgniter\View\View->render('admin/notif/editnotif', [], true)
 5 APPPATH\Controllers\Notif.php(109): view('admin/notif/editnotif', [...])
 6 SYSTEMPATH\CodeIgniter.php(898): App\Controllers\Notif->editnotif('1')
 7 SYSTEMPATH\CodeIgniter.php(457): CodeIgniter\CodeIgniter->runController(Object(App\Controllers\Notif))
 8 SYSTEMPATH\CodeIgniter.php(340): CodeIgniter\CodeIgniter->handleRequest(null, Object(Config\Cache), false)
 9 FCPATH\index.php(67): CodeIgniter\CodeIgniter->run()
10 SYSTEMPATH\Commands\Server\rewrite.php(43): require_once('FCPATH\\index.php')
CRITICAL - 2024-05-12 03:11:11 --> Undefined array key "idortu"
in APPPATH\Views\admin\notif\editnotif.php on line 45.
 1 APPPATH\Views\admin\notif\editnotif.php(45): CodeIgniter\Debug\Exceptions->errorHandler(2, 'Undefined array key "idortu"', 'APPPATH\\Views\\admin\\notif\\editnotif.php', 45)
 2 SYSTEMPATH\View\View.php(213): include('APPPATH\\Views\\admin\\notif\\editnotif.php')
 3 SYSTEMPATH\View\View.php(216): CodeIgniter\View\View->CodeIgniter\View\{closure}()
 4 SYSTEMPATH\Common.php(1137): CodeIgniter\View\View->render('admin/notif/editnotif', [], true)
 5 APPPATH\Controllers\Notif.php(109): view('admin/notif/editnotif', [...])
 6 SYSTEMPATH\CodeIgniter.php(898): App\Controllers\Notif->editnotif('2')
 7 SYSTEMPATH\CodeIgniter.php(457): CodeIgniter\CodeIgniter->runController(Object(App\Controllers\Notif))
 8 SYSTEMPATH\CodeIgniter.php(340): CodeIgniter\CodeIgniter->handleRequest(null, Object(Config\Cache), false)
 9 FCPATH\index.php(67): CodeIgniter\CodeIgniter->run()
10 SYSTEMPATH\Commands\Server\rewrite.php(43): require_once('FCPATH\\index.php')
CRITICAL - 2024-05-12 03:12:11 --> Undefined array key "anaknama"
in APPPATH\Views\admin\notif\editnotif.php on line 46.
 1 APPPATH\Views\admin\notif\editnotif.php(46): CodeIgniter\Debug\Exceptions->errorHandler(2, 'Undefined array key "anaknama"', 'APPPATH\\Views\\admin\\notif\\editnotif.php', 46)
 2 SYSTEMPATH\View\View.php(213): include('APPPATH\\Views\\admin\\notif\\editnotif.php')
 3 SYSTEMPATH\View\View.php(216): CodeIgniter\View\View->CodeIgniter\View\{closure}()
 4 SYSTEMPATH\Common.php(1137): CodeIgniter\View\View->render('admin/notif/editnotif', [], true)
 5 APPPATH\Controllers\Notif.php(109): view('admin/notif/editnotif', [...])
 6 SYSTEMPATH\CodeIgniter.php(898): App\Controllers\Notif->editnotif('2')
 7 SYSTEMPATH\CodeIgniter.php(457): CodeIgniter\CodeIgniter->runController(Object(App\Controllers\Notif))
 8 SYSTEMPATH\CodeIgniter.php(340): CodeIgniter\CodeIgniter->handleRequest(null, Object(Config\Cache), false)
 9 FCPATH\index.php(67): CodeIgniter\CodeIgniter->run()
10 SYSTEMPATH\Commands\Server\rewrite.php(43): require_once('FCPATH\\index.php')
CRITICAL - 2024-05-12 03:12:42 --> Undefined array key "tgllhr"
in APPPATH\Views\admin\notif\editnotif.php on line 57.
 1 APPPATH\Views\admin\notif\editnotif.php(57): CodeIgniter\Debug\Exceptions->errorHandler(2, 'Undefined array key "tgllhr"', 'APPPATH\\Views\\admin\\notif\\editnotif.php', 57)
 2 SYSTEMPATH\View\View.php(213): include('APPPATH\\Views\\admin\\notif\\editnotif.php')
 3 SYSTEMPATH\View\View.php(216): CodeIgniter\View\View->CodeIgniter\View\{closure}()
 4 SYSTEMPATH\Common.php(1137): CodeIgniter\View\View->render('admin/notif/editnotif', [], true)
 5 APPPATH\Controllers\Notif.php(109): view('admin/notif/editnotif', [...])
 6 SYSTEMPATH\CodeIgniter.php(898): App\Controllers\Notif->editnotif('2')
 7 SYSTEMPATH\CodeIgniter.php(457): CodeIgniter\CodeIgniter->runController(Object(App\Controllers\Notif))
 8 SYSTEMPATH\CodeIgniter.php(340): CodeIgniter\CodeIgniter->handleRequest(null, Object(Config\Cache), false)
 9 FCPATH\index.php(67): CodeIgniter\CodeIgniter->run()
10 SYSTEMPATH\Commands\Server\rewrite.php(43): require_once('FCPATH\\index.php')
CRITICAL - 2024-05-12 03:15:35 --> Undefined array key "anaknama"
in APPPATH\Views\admin\notif\editnotif.php on line 43.
 1 APPPATH\Views\admin\notif\editnotif.php(43): CodeIgniter\Debug\Exceptions->errorHandler(2, 'Undefined array key "anaknama"', 'APPPATH\\Views\\admin\\notif\\editnotif.php', 43)
 2 SYSTEMPATH\View\View.php(213): include('APPPATH\\Views\\admin\\notif\\editnotif.php')
 3 SYSTEMPATH\View\View.php(216): CodeIgniter\View\View->CodeIgniter\View\{closure}()
 4 SYSTEMPATH\Common.php(1137): CodeIgniter\View\View->render('admin/notif/editnotif', [], true)
 5 APPPATH\Controllers\Notif.php(109): view('admin/notif/editnotif', [...])
 6 SYSTEMPATH\CodeIgniter.php(898): App\Controllers\Notif->editnotif('2')
 7 SYSTEMPATH\CodeIgniter.php(457): CodeIgniter\CodeIgniter->runController(Object(App\Controllers\Notif))
 8 SYSTEMPATH\CodeIgniter.php(340): CodeIgniter\CodeIgniter->handleRequest(null, Object(Config\Cache), false)
 9 FCPATH\index.php(67): CodeIgniter\CodeIgniter->run()
10 SYSTEMPATH\Commands\Server\rewrite.php(43): require_once('FCPATH\\index.php')
CRITICAL - 2024-05-12 03:23:28 --> Undefined property: stdClass::$usia
in APPPATH\Views\admin\notif\datanotif.php on line 73.
 1 APPPATH\Views\admin\notif\datanotif.php(73): CodeIgniter\Debug\Exceptions->errorHandler(2, 'Undefined property: stdClass::$usia', 'APPPATH\\Views\\admin\\notif\\datanotif.php', 73)
 2 SYSTEMPATH\View\View.php(213): include('APPPATH\\Views\\admin\\notif\\datanotif.php')
 3 SYSTEMPATH\View\View.php(216): CodeIgniter\View\View->CodeIgniter\View\{closure}()
 4 SYSTEMPATH\Common.php(1137): CodeIgniter\View\View->render('admin/notif/datanotif', [], true)
 5 APPPATH\Controllers\Notif.php(41): view('admin/notif/datanotif', [...])
 6 SYSTEMPATH\CodeIgniter.php(898): App\Controllers\Notif->index()
 7 SYSTEMPATH\CodeIgniter.php(457): CodeIgniter\CodeIgniter->runController(Object(App\Controllers\Notif))
 8 SYSTEMPATH\CodeIgniter.php(340): CodeIgniter\CodeIgniter->handleRequest(null, Object(Config\Cache), false)
 9 FCPATH\index.php(67): CodeIgniter\CodeIgniter->run()
10 SYSTEMPATH\Commands\Server\rewrite.php(43): require_once('FCPATH\\index.php')
