CRITICAL - 2023-02-14 01:34:48 --> Undefined variable $pemesanan
in APPPATH\Views\kader\editanak.php on line 84.
 1 APPPATH\Views\kader\editanak.php(84): CodeIgniter\Debug\Exceptions->errorHandler(2, 'Undefined variable $pemesanan', 'APPPATH\\Views\\kader\\editanak.php', 84)
 2 SYSTEMPATH\View\View.php(213): include('APPPATH\\Views\\kader\\editanak.php')
 3 SYSTEMPATH\View\View.php(216): CodeIgniter\View\View->CodeIgniter\View\{closure}()
 4 SYSTEMPATH\Common.php(1137): CodeIgniter\View\View->render('kader/editanak', [], true)
 5 APPPATH\Controllers\Anak.php(173): view('kader/editanak', [...])
 6 SYSTEMPATH\CodeIgniter.php(898): App\Controllers\Anak->editanak('2')
 7 SYSTEMPATH\CodeIgniter.php(457): CodeIgniter\CodeIgniter->runController(Object(App\Controllers\Anak))
 8 SYSTEMPATH\CodeIgniter.php(340): CodeIgniter\CodeIgniter->handleRequest(null, Object(Config\Cache), false)
 9 FCPATH\index.php(67): CodeIgniter\CodeIgniter->run()
10 SYSTEMPATH\Commands\Server\rewrite.php(43): require_once('FCPATH\\index.php')
CRITICAL - 2023-02-14 01:35:11 --> Undefined array key 0
in APPPATH\Views\kader\editanak.php on line 84.
 1 APPPATH\Views\kader\editanak.php(84): CodeIgniter\Debug\Exceptions->errorHandler(2, 'Undefined array key 0', 'APPPATH\\Views\\kader\\editanak.php', 84)
 2 SYSTEMPATH\View\View.php(213): include('APPPATH\\Views\\kader\\editanak.php')
 3 SYSTEMPATH\View\View.php(216): CodeIgniter\View\View->CodeIgniter\View\{closure}()
 4 SYSTEMPATH\Common.php(1137): CodeIgniter\View\View->render('kader/editanak', [], true)
 5 APPPATH\Controllers\Anak.php(173): view('kader/editanak', [...])
 6 SYSTEMPATH\CodeIgniter.php(898): App\Controllers\Anak->editanak('2')
 7 SYSTEMPATH\CodeIgniter.php(457): CodeIgniter\CodeIgniter->runController(Object(App\Controllers\Anak))
 8 SYSTEMPATH\CodeIgniter.php(340): CodeIgniter\CodeIgniter->handleRequest(null, Object(Config\Cache), false)
 9 FCPATH\index.php(67): CodeIgniter\CodeIgniter->run()
10 SYSTEMPATH\Commands\Server\rewrite.php(43): require_once('FCPATH\\index.php')
CRITICAL - 2023-02-14 01:35:34 --> Attempt to read property "jk" on array
in APPPATH\Views\kader\editanak.php on line 84.
 1 APPPATH\Views\kader\editanak.php(84): CodeIgniter\Debug\Exceptions->errorHandler(2, 'Attempt to read property "jk" on array', 'APPPATH\\Views\\kader\\editanak.php', 84)
 2 SYSTEMPATH\View\View.php(213): include('APPPATH\\Views\\kader\\editanak.php')
 3 SYSTEMPATH\View\View.php(216): CodeIgniter\View\View->CodeIgniter\View\{closure}()
 4 SYSTEMPATH\Common.php(1137): CodeIgniter\View\View->render('kader/editanak', [], true)
 5 APPPATH\Controllers\Anak.php(173): view('kader/editanak', [...])
 6 SYSTEMPATH\CodeIgniter.php(898): App\Controllers\Anak->editanak('2')
 7 SYSTEMPATH\CodeIgniter.php(457): CodeIgniter\CodeIgniter->runController(Object(App\Controllers\Anak))
 8 SYSTEMPATH\CodeIgniter.php(340): CodeIgniter\CodeIgniter->handleRequest(null, Object(Config\Cache), false)
 9 FCPATH\index.php(67): CodeIgniter\CodeIgniter->run()
10 SYSTEMPATH\Commands\Server\rewrite.php(43): require_once('FCPATH\\index.php')
ERROR - 2023-02-14 02:16:29 --> mysqli_sql_exception: Unknown column 'suamigoldar' in 'field list' in C:\xampp\htdocs\taposyandu\system\Database\MySQLi\Connection.php:292
Stack trace:
#0 C:\xampp\htdocs\taposyandu\system\Database\MySQLi\Connection.php(292): mysqli->query('SELECT `idbumil...', 0)
#1 C:\xampp\htdocs\taposyandu\system\Database\BaseConnection.php(693): CodeIgniter\Database\MySQLi\Connection->execute('SELECT `idbumil...')
#2 C:\xampp\htdocs\taposyandu\system\Database\BaseConnection.php(620): CodeIgniter\Database\BaseConnection->simpleQuery('SELECT `idbumil...')
#3 C:\xampp\htdocs\taposyandu\system\Database\BaseBuilder.php(1585): CodeIgniter\Database\BaseConnection->query('SELECT `idbumil...', Array, false)
#4 C:\xampp\htdocs\taposyandu\app\Models\BumilModel.php(29): CodeIgniter\Database\BaseBuilder->get()
#5 C:\xampp\htdocs\taposyandu\app\Controllers\Bumil.php(31): App\Models\BumilModel->getAllData()
#6 C:\xampp\htdocs\taposyandu\system\CodeIgniter.php(898): App\Controllers\Bumil->index()
#7 C:\xampp\htdocs\taposyandu\system\CodeIgniter.php(457): CodeIgniter\CodeIgniter->runController(Object(App\Controllers\Bumil))
#8 C:\xampp\htdocs\taposyandu\system\CodeIgniter.php(340): CodeIgniter\CodeIgniter->handleRequest(NULL, Object(Config\Cache), false)
#9 C:\xampp\htdocs\taposyandu\public\index.php(67): CodeIgniter\CodeIgniter->run()
#10 C:\xampp\htdocs\taposyandu\system\Commands\Server\rewrite.php(43): require_once('C:\\xampp\\htdocs...')
#11 {main}
CRITICAL - 2023-02-14 02:16:29 --> Unknown column 'suamigoldar' in 'field list'
in SYSTEMPATH\Database\MySQLi\Connection.php on line 292.
 1 SYSTEMPATH\Database\MySQLi\Connection.php(292): mysqli->query('SELECT `idbumil`, `nik`, `bumilnama`, `bumilgoldar`, `suamigoldar`, `anakke`, `bumilalamat`, `bumilnohp`, `suaminohp`, `ayahnama`
FROM `bumil`
JOIN `keluarga` ON `bumil`.`nokk`=`keluarga`.`nokk`', 0)
 2 SYSTEMPATH\Database\BaseConnection.php(693): CodeIgniter\Database\MySQLi\Connection->execute('SELECT `idbumil`, `nik`, `bumilnama`, `bumilgoldar`, `suamigoldar`, `anakke`, `bumilalamat`, `bumilnohp`, `suaminohp`, `ayahnama`
FROM `bumil`
JOIN `keluarga` ON `bumil`.`nokk`=`keluarga`.`nokk`')
 3 SYSTEMPATH\Database\BaseConnection.php(620): CodeIgniter\Database\BaseConnection->simpleQuery('SELECT `idbumil`, `nik`, `bumilnama`, `bumilgoldar`, `suamigoldar`, `anakke`, `bumilalamat`, `bumilnohp`, `suaminohp`, `ayahnama`
FROM `bumil`
JOIN `keluarga` ON `bumil`.`nokk`=`keluarga`.`nokk`')
 4 SYSTEMPATH\Database\BaseBuilder.php(1585): CodeIgniter\Database\BaseConnection->query('SELECT `idbumil`, `nik`, `bumilnama`, `bumilgoldar`, `suamigoldar`, `anakke`, `bumilalamat`, `bumilnohp`, `suaminohp`, `ayahnama`
FROM `bumil`
JOIN `keluarga` ON `bumil`.`nokk`=`keluarga`.`nokk`', [], false)
 5 APPPATH\Models\BumilModel.php(29): CodeIgniter\Database\BaseBuilder->get()
 6 APPPATH\Controllers\Bumil.php(31): App\Models\BumilModel->getAllData()
 7 SYSTEMPATH\CodeIgniter.php(898): App\Controllers\Bumil->index()
 8 SYSTEMPATH\CodeIgniter.php(457): CodeIgniter\CodeIgniter->runController(Object(App\Controllers\Bumil))
 9 SYSTEMPATH\CodeIgniter.php(340): CodeIgniter\CodeIgniter->handleRequest(null, Object(Config\Cache), false)
10 FCPATH\index.php(67): CodeIgniter\CodeIgniter->run()
11 SYSTEMPATH\Commands\Server\rewrite.php(43): require_once('FCPATH\\index.php')
CRITICAL - 2023-02-14 02:34:20 --> Undefined variable $nokk
in APPPATH\Views\kader\editkeluarga.php on line 44.
 1 APPPATH\Views\kader\editkeluarga.php(44): CodeIgniter\Debug\Exceptions->errorHandler(2, 'Undefined variable $nokk', 'APPPATH\\Views\\kader\\editkeluarga.php', 44)
 2 SYSTEMPATH\View\View.php(213): include('APPPATH\\Views\\kader\\editkeluarga.php')
 3 SYSTEMPATH\View\View.php(216): CodeIgniter\View\View->CodeIgniter\View\{closure}()
 4 SYSTEMPATH\Common.php(1137): CodeIgniter\View\View->render('kader/editkeluarga', [], true)
 5 APPPATH\Controllers\Keluarga.php(203): view('kader/editkeluarga', [...])
 6 SYSTEMPATH\CodeIgniter.php(898): App\Controllers\Keluarga->editkeluarga('2')
 7 SYSTEMPATH\CodeIgniter.php(457): CodeIgniter\CodeIgniter->runController(Object(App\Controllers\Keluarga))
 8 SYSTEMPATH\CodeIgniter.php(340): CodeIgniter\CodeIgniter->handleRequest(null, Object(Config\Cache), false)
 9 FCPATH\index.php(67): CodeIgniter\CodeIgniter->run()
10 SYSTEMPATH\Commands\Server\rewrite.php(43): require_once('FCPATH\\index.php')
CRITICAL - 2023-02-14 02:34:53 --> Undefined variable $nokk
in APPPATH\Views\kader\editkeluarga.php on line 44.
 1 APPPATH\Views\kader\editkeluarga.php(44): CodeIgniter\Debug\Exceptions->errorHandler(2, 'Undefined variable $nokk', 'APPPATH\\Views\\kader\\editkeluarga.php', 44)
 2 SYSTEMPATH\View\View.php(213): include('APPPATH\\Views\\kader\\editkeluarga.php')
 3 SYSTEMPATH\View\View.php(216): CodeIgniter\View\View->CodeIgniter\View\{closure}()
 4 SYSTEMPATH\Common.php(1137): CodeIgniter\View\View->render('kader/editkeluarga', [], true)
 5 APPPATH\Controllers\Keluarga.php(203): view('kader/editkeluarga', [...])
 6 SYSTEMPATH\CodeIgniter.php(898): App\Controllers\Keluarga->editkeluarga('2')
 7 SYSTEMPATH\CodeIgniter.php(457): CodeIgniter\CodeIgniter->runController(Object(App\Controllers\Keluarga))
 8 SYSTEMPATH\CodeIgniter.php(340): CodeIgniter\CodeIgniter->handleRequest(null, Object(Config\Cache), false)
 9 FCPATH\index.php(67): CodeIgniter\CodeIgniter->run()
10 SYSTEMPATH\Commands\Server\rewrite.php(43): require_once('FCPATH\\index.php')
CRITICAL - 2023-02-14 02:36:33 --> Undefined array key "jmllhanak"
in APPPATH\Views\kader\editkeluarga.php on line 204.
 1 APPPATH\Views\kader\editkeluarga.php(204): CodeIgniter\Debug\Exceptions->errorHandler(2, 'Undefined array key "jmllhanak"', 'APPPATH\\Views\\kader\\editkeluarga.php', 204)
 2 SYSTEMPATH\View\View.php(213): include('APPPATH\\Views\\kader\\editkeluarga.php')
 3 SYSTEMPATH\View\View.php(216): CodeIgniter\View\View->CodeIgniter\View\{closure}()
 4 SYSTEMPATH\Common.php(1137): CodeIgniter\View\View->render('kader/editkeluarga', [], true)
 5 APPPATH\Controllers\Keluarga.php(203): view('kader/editkeluarga', [...])
 6 SYSTEMPATH\CodeIgniter.php(898): App\Controllers\Keluarga->editkeluarga('2')
 7 SYSTEMPATH\CodeIgniter.php(457): CodeIgniter\CodeIgniter->runController(Object(App\Controllers\Keluarga))
 8 SYSTEMPATH\CodeIgniter.php(340): CodeIgniter\CodeIgniter->handleRequest(null, Object(Config\Cache), false)
 9 FCPATH\index.php(67): CodeIgniter\CodeIgniter->run()
10 SYSTEMPATH\Commands\Server\rewrite.php(43): require_once('FCPATH\\index.php')
CRITICAL - 2023-02-14 02:49:50 --> Undefined variable $anak
in APPPATH\Views\kader\editkeluarga.php on line 94.
 1 APPPATH\Views\kader\editkeluarga.php(94): CodeIgniter\Debug\Exceptions->errorHandler(2, 'Undefined variable $anak', 'APPPATH\\Views\\kader\\editkeluarga.php', 94)
 2 SYSTEMPATH\View\View.php(213): include('APPPATH\\Views\\kader\\editkeluarga.php')
 3 SYSTEMPATH\View\View.php(216): CodeIgniter\View\View->CodeIgniter\View\{closure}()
 4 SYSTEMPATH\Common.php(1137): CodeIgniter\View\View->render('kader/editkeluarga', [], true)
 5 APPPATH\Controllers\Keluarga.php(203): view('kader/editkeluarga', [...])
 6 SYSTEMPATH\CodeIgniter.php(898): App\Controllers\Keluarga->editkeluarga('2')
 7 SYSTEMPATH\CodeIgniter.php(457): CodeIgniter\CodeIgniter->runController(Object(App\Controllers\Keluarga))
 8 SYSTEMPATH\CodeIgniter.php(340): CodeIgniter\CodeIgniter->handleRequest(null, Object(Config\Cache), false)
 9 FCPATH\index.php(67): CodeIgniter\CodeIgniter->run()
10 SYSTEMPATH\Commands\Server\rewrite.php(43): require_once('FCPATH\\index.php')
ERROR - 2023-02-14 03:41:05 --> mysqli_sql_exception: Unknown column 'suamigoldar' in 'field list' in C:\xampp\htdocs\taposyandu\system\Database\MySQLi\Connection.php:292
Stack trace:
#0 C:\xampp\htdocs\taposyandu\system\Database\MySQLi\Connection.php(292): mysqli->query('SELECT `idbumil...', 0)
#1 C:\xampp\htdocs\taposyandu\system\Database\BaseConnection.php(693): CodeIgniter\Database\MySQLi\Connection->execute('SELECT `idbumil...')
#2 C:\xampp\htdocs\taposyandu\system\Database\BaseConnection.php(620): CodeIgniter\Database\BaseConnection->simpleQuery('SELECT `idbumil...')
#3 C:\xampp\htdocs\taposyandu\system\Database\BaseBuilder.php(1585): CodeIgniter\Database\BaseConnection->query('SELECT `idbumil...', Array, false)
#4 C:\xampp\htdocs\taposyandu\app\Models\BumilModel.php(29): CodeIgniter\Database\BaseBuilder->get()
#5 C:\xampp\htdocs\taposyandu\app\Controllers\Bumil.php(31): App\Models\BumilModel->getAllData()
#6 C:\xampp\htdocs\taposyandu\system\CodeIgniter.php(898): App\Controllers\Bumil->index()
#7 C:\xampp\htdocs\taposyandu\system\CodeIgniter.php(457): CodeIgniter\CodeIgniter->runController(Object(App\Controllers\Bumil))
#8 C:\xampp\htdocs\taposyandu\system\CodeIgniter.php(340): CodeIgniter\CodeIgniter->handleRequest(NULL, Object(Config\Cache), false)
#9 C:\xampp\htdocs\taposyandu\public\index.php(67): CodeIgniter\CodeIgniter->run()
#10 C:\xampp\htdocs\taposyandu\system\Commands\Server\rewrite.php(43): require_once('C:\\xampp\\htdocs...')
#11 {main}
CRITICAL - 2023-02-14 03:41:05 --> Unknown column 'suamigoldar' in 'field list'
in SYSTEMPATH\Database\MySQLi\Connection.php on line 292.
 1 SYSTEMPATH\Database\MySQLi\Connection.php(292): mysqli->query('SELECT `idbumil`, `nik`, `bumilnama`, `bumilgoldar`, `suamigoldar`, `anakke`, `bumilalamat`, `bumilnohp`, `suaminohp`, `ayahnama`
FROM `bumil`
JOIN `keluarga` ON `bumil`.`nokk`=`keluarga`.`nokk`', 0)
 2 SYSTEMPATH\Database\BaseConnection.php(693): CodeIgniter\Database\MySQLi\Connection->execute('SELECT `idbumil`, `nik`, `bumilnama`, `bumilgoldar`, `suamigoldar`, `anakke`, `bumilalamat`, `bumilnohp`, `suaminohp`, `ayahnama`
FROM `bumil`
JOIN `keluarga` ON `bumil`.`nokk`=`keluarga`.`nokk`')
 3 SYSTEMPATH\Database\BaseConnection.php(620): CodeIgniter\Database\BaseConnection->simpleQuery('SELECT `idbumil`, `nik`, `bumilnama`, `bumilgoldar`, `suamigoldar`, `anakke`, `bumilalamat`, `bumilnohp`, `suaminohp`, `ayahnama`
FROM `bumil`
JOIN `keluarga` ON `bumil`.`nokk`=`keluarga`.`nokk`')
 4 SYSTEMPATH\Database\BaseBuilder.php(1585): CodeIgniter\Database\BaseConnection->query('SELECT `idbumil`, `nik`, `bumilnama`, `bumilgoldar`, `suamigoldar`, `anakke`, `bumilalamat`, `bumilnohp`, `suaminohp`, `ayahnama`
FROM `bumil`
JOIN `keluarga` ON `bumil`.`nokk`=`keluarga`.`nokk`', [], false)
 5 APPPATH\Models\BumilModel.php(29): CodeIgniter\Database\BaseBuilder->get()
 6 APPPATH\Controllers\Bumil.php(31): App\Models\BumilModel->getAllData()
 7 SYSTEMPATH\CodeIgniter.php(898): App\Controllers\Bumil->index()
 8 SYSTEMPATH\CodeIgniter.php(457): CodeIgniter\CodeIgniter->runController(Object(App\Controllers\Bumil))
 9 SYSTEMPATH\CodeIgniter.php(340): CodeIgniter\CodeIgniter->handleRequest(null, Object(Config\Cache), false)
10 FCPATH\index.php(67): CodeIgniter\CodeIgniter->run()
11 SYSTEMPATH\Commands\Server\rewrite.php(43): require_once('FCPATH\\index.php')
CRITICAL - 2023-02-14 09:12:24 --> Unsupported operand types: string / string
in APPPATH\Views\template\index.php on line 10.
 1 SYSTEMPATH\View\View.php(213): include()
 2 SYSTEMPATH\View\View.php(216): CodeIgniter\View\View->CodeIgniter\View\{closure}()
 3 SYSTEMPATH\View\View.php(229): CodeIgniter\View\View->render('template/index', [], true)
 4 SYSTEMPATH\Common.php(1137): CodeIgniter\View\View->render('kader/datakeluarga', [], true)
 5 APPPATH\Controllers\Keluarga.php(32): view('kader/datakeluarga', [...])
 6 SYSTEMPATH\CodeIgniter.php(898): App\Controllers\Keluarga->index()
 7 SYSTEMPATH\CodeIgniter.php(457): CodeIgniter\CodeIgniter->runController(Object(App\Controllers\Keluarga))
 8 SYSTEMPATH\CodeIgniter.php(340): CodeIgniter\CodeIgniter->handleRequest(null, Object(Config\Cache), false)
 9 FCPATH\index.php(67): CodeIgniter\CodeIgniter->run()
10 SYSTEMPATH\Commands\Server\rewrite.php(43): require_once('FCPATH\\index.php')
CRITICAL - 2023-02-14 09:14:19 --> You do not have sufficient permissions to access that page.
in VENDORPATH\myth\auth\src\Filters\RoleFilter.php on line 45.
 1 SYSTEMPATH\Filters\Filters.php(173): Myth\Auth\Filters\RoleFilter->before(Object(CodeIgniter\HTTP\IncomingRequest), [...])
 2 SYSTEMPATH\CodeIgniter.php(431): CodeIgniter\Filters\Filters->run('datakegiatan', 'before')
 3 SYSTEMPATH\CodeIgniter.php(340): CodeIgniter\CodeIgniter->handleRequest(null, Object(Config\Cache), false)
 4 FCPATH\index.php(67): CodeIgniter\CodeIgniter->run()
 5 SYSTEMPATH\Commands\Server\rewrite.php(43): require_once('FCPATH\\index.php')
CRITICAL - 2023-02-14 09:17:03 --> You do not have sufficient permissions to access that page.
in VENDORPATH\myth\auth\src\Filters\RoleFilter.php on line 45.
 1 SYSTEMPATH\Filters\Filters.php(173): Myth\Auth\Filters\RoleFilter->before(Object(CodeIgniter\HTTP\IncomingRequest), [...])
 2 SYSTEMPATH\CodeIgniter.php(431): CodeIgniter\Filters\Filters->run('datakegiatan', 'before')
 3 SYSTEMPATH\CodeIgniter.php(340): CodeIgniter\CodeIgniter->handleRequest(null, Object(Config\Cache), false)
 4 FCPATH\index.php(67): CodeIgniter\CodeIgniter->run()
 5 SYSTEMPATH\Commands\Server\rewrite.php(43): require_once('FCPATH\\index.php')
CRITICAL - 2023-02-14 09:20:14 --> You do not have sufficient permissions to access that page.
in VENDORPATH\myth\auth\src\Filters\RoleFilter.php on line 45.
 1 SYSTEMPATH\Filters\Filters.php(173): Myth\Auth\Filters\RoleFilter->before(Object(CodeIgniter\HTTP\IncomingRequest), [...])
 2 SYSTEMPATH\CodeIgniter.php(431): CodeIgniter\Filters\Filters->run('detailposyandu/1', 'before')
 3 SYSTEMPATH\CodeIgniter.php(340): CodeIgniter\CodeIgniter->handleRequest(null, Object(Config\Cache), false)
 4 FCPATH\index.php(67): CodeIgniter\CodeIgniter->run()
 5 SYSTEMPATH\Commands\Server\rewrite.php(43): require_once('FCPATH\\index.php')
CRITICAL - 2023-02-14 09:20:43 --> You do not have sufficient permissions to access that page.
in VENDORPATH\myth\auth\src\Filters\RoleFilter.php on line 45.
 1 SYSTEMPATH\Filters\Filters.php(173): Myth\Auth\Filters\RoleFilter->before(Object(CodeIgniter\HTTP\IncomingRequest), [...])
 2 SYSTEMPATH\CodeIgniter.php(431): CodeIgniter\Filters\Filters->run('detailposyandu/1', 'before')
 3 SYSTEMPATH\CodeIgniter.php(340): CodeIgniter\CodeIgniter->handleRequest(null, Object(Config\Cache), false)
 4 FCPATH\index.php(67): CodeIgniter\CodeIgniter->run()
 5 SYSTEMPATH\Commands\Server\rewrite.php(43): require_once('FCPATH\\index.php')
ERROR - 2023-02-14 09:22:46 --> mysqli_sql_exception: Unknown column 'suamigoldar' in 'field list' in C:\xampp\htdocs\taposyandu\system\Database\MySQLi\Connection.php:292
Stack trace:
#0 C:\xampp\htdocs\taposyandu\system\Database\MySQLi\Connection.php(292): mysqli->query('SELECT `idbumil...', 0)
#1 C:\xampp\htdocs\taposyandu\system\Database\BaseConnection.php(693): CodeIgniter\Database\MySQLi\Connection->execute('SELECT `idbumil...')
#2 C:\xampp\htdocs\taposyandu\system\Database\BaseConnection.php(620): CodeIgniter\Database\BaseConnection->simpleQuery('SELECT `idbumil...')
#3 C:\xampp\htdocs\taposyandu\system\Database\BaseBuilder.php(1585): CodeIgniter\Database\BaseConnection->query('SELECT `idbumil...', Array, false)
#4 C:\xampp\htdocs\taposyandu\app\Models\BumilModel.php(29): CodeIgniter\Database\BaseBuilder->get()
#5 C:\xampp\htdocs\taposyandu\app\Controllers\Bumil.php(31): App\Models\BumilModel->getAllData()
#6 C:\xampp\htdocs\taposyandu\system\CodeIgniter.php(898): App\Controllers\Bumil->index()
#7 C:\xampp\htdocs\taposyandu\system\CodeIgniter.php(457): CodeIgniter\CodeIgniter->runController(Object(App\Controllers\Bumil))
#8 C:\xampp\htdocs\taposyandu\system\CodeIgniter.php(340): CodeIgniter\CodeIgniter->handleRequest(NULL, Object(Config\Cache), false)
#9 C:\xampp\htdocs\taposyandu\public\index.php(67): CodeIgniter\CodeIgniter->run()
#10 C:\xampp\htdocs\taposyandu\system\Commands\Server\rewrite.php(43): require_once('C:\\xampp\\htdocs...')
#11 {main}
CRITICAL - 2023-02-14 09:22:46 --> Unknown column 'suamigoldar' in 'field list'
in SYSTEMPATH\Database\MySQLi\Connection.php on line 292.
 1 SYSTEMPATH\Database\MySQLi\Connection.php(292): mysqli->query('SELECT `idbumil`, `nik`, `bumilnama`, `bumilgoldar`, `suamigoldar`, `anakke`, `bumilalamat`, `bumilnohp`, `suaminohp`, `ayahnama`
FROM `bumil`
JOIN `keluarga` ON `bumil`.`nokk`=`keluarga`.`nokk`', 0)
 2 SYSTEMPATH\Database\BaseConnection.php(693): CodeIgniter\Database\MySQLi\Connection->execute('SELECT `idbumil`, `nik`, `bumilnama`, `bumilgoldar`, `suamigoldar`, `anakke`, `bumilalamat`, `bumilnohp`, `suaminohp`, `ayahnama`
FROM `bumil`
JOIN `keluarga` ON `bumil`.`nokk`=`keluarga`.`nokk`')
 3 SYSTEMPATH\Database\BaseConnection.php(620): CodeIgniter\Database\BaseConnection->simpleQuery('SELECT `idbumil`, `nik`, `bumilnama`, `bumilgoldar`, `suamigoldar`, `anakke`, `bumilalamat`, `bumilnohp`, `suaminohp`, `ayahnama`
FROM `bumil`
JOIN `keluarga` ON `bumil`.`nokk`=`keluarga`.`nokk`')
 4 SYSTEMPATH\Database\BaseBuilder.php(1585): CodeIgniter\Database\BaseConnection->query('SELECT `idbumil`, `nik`, `bumilnama`, `bumilgoldar`, `suamigoldar`, `anakke`, `bumilalamat`, `bumilnohp`, `suaminohp`, `ayahnama`
FROM `bumil`
JOIN `keluarga` ON `bumil`.`nokk`=`keluarga`.`nokk`', [], false)
 5 APPPATH\Models\BumilModel.php(29): CodeIgniter\Database\BaseBuilder->get()
 6 APPPATH\Controllers\Bumil.php(31): App\Models\BumilModel->getAllData()
 7 SYSTEMPATH\CodeIgniter.php(898): App\Controllers\Bumil->index()
 8 SYSTEMPATH\CodeIgniter.php(457): CodeIgniter\CodeIgniter->runController(Object(App\Controllers\Bumil))
 9 SYSTEMPATH\CodeIgniter.php(340): CodeIgniter\CodeIgniter->handleRequest(null, Object(Config\Cache), false)
10 FCPATH\index.php(67): CodeIgniter\CodeIgniter->run()
11 SYSTEMPATH\Commands\Server\rewrite.php(43): require_once('FCPATH\\index.php')
ERROR - 2023-02-14 09:25:58 --> mysqli_sql_exception: Unknown column 'suamigoldar' in 'field list' in C:\xampp\htdocs\taposyandu\system\Database\MySQLi\Connection.php:292
Stack trace:
#0 C:\xampp\htdocs\taposyandu\system\Database\MySQLi\Connection.php(292): mysqli->query('SELECT `idbumil...', 0)
#1 C:\xampp\htdocs\taposyandu\system\Database\BaseConnection.php(693): CodeIgniter\Database\MySQLi\Connection->execute('SELECT `idbumil...')
#2 C:\xampp\htdocs\taposyandu\system\Database\BaseConnection.php(620): CodeIgniter\Database\BaseConnection->simpleQuery('SELECT `idbumil...')
#3 C:\xampp\htdocs\taposyandu\system\Database\BaseBuilder.php(1585): CodeIgniter\Database\BaseConnection->query('SELECT `idbumil...', Array, false)
#4 C:\xampp\htdocs\taposyandu\app\Models\BumilModel.php(29): CodeIgniter\Database\BaseBuilder->get()
#5 C:\xampp\htdocs\taposyandu\app\Controllers\Bumil.php(31): App\Models\BumilModel->getAllData()
#6 C:\xampp\htdocs\taposyandu\system\CodeIgniter.php(898): App\Controllers\Bumil->index()
#7 C:\xampp\htdocs\taposyandu\system\CodeIgniter.php(457): CodeIgniter\CodeIgniter->runController(Object(App\Controllers\Bumil))
#8 C:\xampp\htdocs\taposyandu\system\CodeIgniter.php(340): CodeIgniter\CodeIgniter->handleRequest(NULL, Object(Config\Cache), false)
#9 C:\xampp\htdocs\taposyandu\public\index.php(67): CodeIgniter\CodeIgniter->run()
#10 C:\xampp\htdocs\taposyandu\system\Commands\Server\rewrite.php(43): require_once('C:\\xampp\\htdocs...')
#11 {main}
CRITICAL - 2023-02-14 09:25:59 --> Unknown column 'suamigoldar' in 'field list'
in SYSTEMPATH\Database\MySQLi\Connection.php on line 292.
 1 SYSTEMPATH\Database\MySQLi\Connection.php(292): mysqli->query('SELECT `idbumil`, `nik`, `bumilnama`, `bumilgoldar`, `suamigoldar`, `anakke`, `bumilalamat`, `bumilnohp`, `suaminohp`, `ayahnama`
FROM `bumil`
JOIN `keluarga` ON `bumil`.`nokk`=`keluarga`.`nokk`', 0)
 2 SYSTEMPATH\Database\BaseConnection.php(693): CodeIgniter\Database\MySQLi\Connection->execute('SELECT `idbumil`, `nik`, `bumilnama`, `bumilgoldar`, `suamigoldar`, `anakke`, `bumilalamat`, `bumilnohp`, `suaminohp`, `ayahnama`
FROM `bumil`
JOIN `keluarga` ON `bumil`.`nokk`=`keluarga`.`nokk`')
 3 SYSTEMPATH\Database\BaseConnection.php(620): CodeIgniter\Database\BaseConnection->simpleQuery('SELECT `idbumil`, `nik`, `bumilnama`, `bumilgoldar`, `suamigoldar`, `anakke`, `bumilalamat`, `bumilnohp`, `suaminohp`, `ayahnama`
FROM `bumil`
JOIN `keluarga` ON `bumil`.`nokk`=`keluarga`.`nokk`')
 4 SYSTEMPATH\Database\BaseBuilder.php(1585): CodeIgniter\Database\BaseConnection->query('SELECT `idbumil`, `nik`, `bumilnama`, `bumilgoldar`, `suamigoldar`, `anakke`, `bumilalamat`, `bumilnohp`, `suaminohp`, `ayahnama`
FROM `bumil`
JOIN `keluarga` ON `bumil`.`nokk`=`keluarga`.`nokk`', [], false)
 5 APPPATH\Models\BumilModel.php(29): CodeIgniter\Database\BaseBuilder->get()
 6 APPPATH\Controllers\Bumil.php(31): App\Models\BumilModel->getAllData()
 7 SYSTEMPATH\CodeIgniter.php(898): App\Controllers\Bumil->index()
 8 SYSTEMPATH\CodeIgniter.php(457): CodeIgniter\CodeIgniter->runController(Object(App\Controllers\Bumil))
 9 SYSTEMPATH\CodeIgniter.php(340): CodeIgniter\CodeIgniter->handleRequest(null, Object(Config\Cache), false)
10 FCPATH\index.php(67): CodeIgniter\CodeIgniter->run()
11 SYSTEMPATH\Commands\Server\rewrite.php(43): require_once('FCPATH\\index.php')
ERROR - 2023-02-14 09:49:02 --> mysqli_sql_exception: Unknown column 'suamigoldar' in 'field list' in C:\xampp\htdocs\taposyandu\system\Database\MySQLi\Connection.php:292
Stack trace:
#0 C:\xampp\htdocs\taposyandu\system\Database\MySQLi\Connection.php(292): mysqli->query('SELECT `idbumil...', 0)
#1 C:\xampp\htdocs\taposyandu\system\Database\BaseConnection.php(693): CodeIgniter\Database\MySQLi\Connection->execute('SELECT `idbumil...')
#2 C:\xampp\htdocs\taposyandu\system\Database\BaseConnection.php(620): CodeIgniter\Database\BaseConnection->simpleQuery('SELECT `idbumil...')
#3 C:\xampp\htdocs\taposyandu\system\Database\BaseBuilder.php(1585): CodeIgniter\Database\BaseConnection->query('SELECT `idbumil...', Array, false)
#4 C:\xampp\htdocs\taposyandu\app\Models\BumilModel.php(29): CodeIgniter\Database\BaseBuilder->get()
#5 C:\xampp\htdocs\taposyandu\app\Controllers\Bumil.php(31): App\Models\BumilModel->getAllData()
#6 C:\xampp\htdocs\taposyandu\system\CodeIgniter.php(898): App\Controllers\Bumil->index()
#7 C:\xampp\htdocs\taposyandu\system\CodeIgniter.php(457): CodeIgniter\CodeIgniter->runController(Object(App\Controllers\Bumil))
#8 C:\xampp\htdocs\taposyandu\system\CodeIgniter.php(340): CodeIgniter\CodeIgniter->handleRequest(NULL, Object(Config\Cache), false)
#9 C:\xampp\htdocs\taposyandu\public\index.php(67): CodeIgniter\CodeIgniter->run()
#10 C:\xampp\htdocs\taposyandu\system\Commands\Server\rewrite.php(43): require_once('C:\\xampp\\htdocs...')
#11 {main}
CRITICAL - 2023-02-14 09:49:02 --> Unknown column 'suamigoldar' in 'field list'
in SYSTEMPATH\Database\MySQLi\Connection.php on line 292.
 1 SYSTEMPATH\Database\MySQLi\Connection.php(292): mysqli->query('SELECT `idbumil`, `nik`, `bumilnama`, `bumilgoldar`, `suamigoldar`, `anakke`, `bumilalamat`, `bumilnohp`, `suaminohp`, `ayahnama`
FROM `bumil`
JOIN `keluarga` ON `bumil`.`nokk`=`keluarga`.`nokk`', 0)
 2 SYSTEMPATH\Database\BaseConnection.php(693): CodeIgniter\Database\MySQLi\Connection->execute('SELECT `idbumil`, `nik`, `bumilnama`, `bumilgoldar`, `suamigoldar`, `anakke`, `bumilalamat`, `bumilnohp`, `suaminohp`, `ayahnama`
FROM `bumil`
JOIN `keluarga` ON `bumil`.`nokk`=`keluarga`.`nokk`')
 3 SYSTEMPATH\Database\BaseConnection.php(620): CodeIgniter\Database\BaseConnection->simpleQuery('SELECT `idbumil`, `nik`, `bumilnama`, `bumilgoldar`, `suamigoldar`, `anakke`, `bumilalamat`, `bumilnohp`, `suaminohp`, `ayahnama`
FROM `bumil`
JOIN `keluarga` ON `bumil`.`nokk`=`keluarga`.`nokk`')
 4 SYSTEMPATH\Database\BaseBuilder.php(1585): CodeIgniter\Database\BaseConnection->query('SELECT `idbumil`, `nik`, `bumilnama`, `bumilgoldar`, `suamigoldar`, `anakke`, `bumilalamat`, `bumilnohp`, `suaminohp`, `ayahnama`
FROM `bumil`
JOIN `keluarga` ON `bumil`.`nokk`=`keluarga`.`nokk`', [], false)
 5 APPPATH\Models\BumilModel.php(29): CodeIgniter\Database\BaseBuilder->get()
 6 APPPATH\Controllers\Bumil.php(31): App\Models\BumilModel->getAllData()
 7 SYSTEMPATH\CodeIgniter.php(898): App\Controllers\Bumil->index()
 8 SYSTEMPATH\CodeIgniter.php(457): CodeIgniter\CodeIgniter->runController(Object(App\Controllers\Bumil))
 9 SYSTEMPATH\CodeIgniter.php(340): CodeIgniter\CodeIgniter->handleRequest(null, Object(Config\Cache), false)
10 FCPATH\index.php(67): CodeIgniter\CodeIgniter->run()
11 SYSTEMPATH\Commands\Server\rewrite.php(43): require_once('FCPATH\\index.php')
