CRITICAL - 2023-05-04 20:06:11 --> Maximum execution time of 60 seconds exceeded
in SYSTEMPATH\Autoloader\Autoloader.php on line 281.
 1 [internal function]: CodeIgniter\Debug\Exceptions->shutdownHandler()
CRITICAL - 2023-05-04 21:14:20 --> Attempt to read property "ibunik" on string
in APPPATH\Views\admin\detailkesbumil.php on line 35.
 1 APPPATH\Views\admin\detailkesbumil.php(35): CodeIgniter\Debug\Exceptions->errorHandler(2, 'Attempt to read property "ibunik" on string', 'APPPATH\\Views\\admin\\detailkesbumil.php', 35)
 2 SYSTEMPATH\View\View.php(213): include('APPPATH\\Views\\admin\\detailkesbumil.php')
 3 SYSTEMPATH\View\View.php(216): CodeIgniter\View\View->CodeIgniter\View\{closure}()
 4 SYSTEMPATH\Common.php(1137): CodeIgniter\View\View->render('admin/detailkesbumil', [], true)
 5 APPPATH\Controllers\Kesbumil.php(186): view('admin/detailkesbumil', [...])
 6 SYSTEMPATH\CodeIgniter.php(898): App\Controllers\Kesbumil->detailkesbumil('1')
 7 SYSTEMPATH\CodeIgniter.php(457): CodeIgniter\CodeIgniter->runController(Object(App\Controllers\Kesbumil))
 8 SYSTEMPATH\CodeIgniter.php(340): CodeIgniter\CodeIgniter->handleRequest(null, Object(Config\Cache), false)
 9 FCPATH\index.php(67): CodeIgniter\CodeIgniter->run()
10 SYSTEMPATH\Commands\Server\rewrite.php(43): require_once('FCPATH\\index.php')
CRITICAL - 2023-05-04 21:15:32 --> Attempt to read property "ibunik" on string
in APPPATH\Views\admin\detailkesbumil.php on line 35.
 1 APPPATH\Views\admin\detailkesbumil.php(35): CodeIgniter\Debug\Exceptions->errorHandler(2, 'Attempt to read property "ibunik" on string', 'APPPATH\\Views\\admin\\detailkesbumil.php', 35)
 2 SYSTEMPATH\View\View.php(213): include('APPPATH\\Views\\admin\\detailkesbumil.php')
 3 SYSTEMPATH\View\View.php(216): CodeIgniter\View\View->CodeIgniter\View\{closure}()
 4 SYSTEMPATH\Common.php(1137): CodeIgniter\View\View->render('admin/detailkesbumil', [], true)
 5 APPPATH\Controllers\Kesbumil.php(186): view('admin/detailkesbumil', [...])
 6 SYSTEMPATH\CodeIgniter.php(898): App\Controllers\Kesbumil->detailkesbumil('1')
 7 SYSTEMPATH\CodeIgniter.php(457): CodeIgniter\CodeIgniter->runController(Object(App\Controllers\Kesbumil))
 8 SYSTEMPATH\CodeIgniter.php(340): CodeIgniter\CodeIgniter->handleRequest(null, Object(Config\Cache), false)
 9 FCPATH\index.php(67): CodeIgniter\CodeIgniter->run()
10 SYSTEMPATH\Commands\Server\rewrite.php(43): require_once('FCPATH\\index.php')
ERROR - 2023-05-04 22:33:57 --> mysqli_sql_exception: Not unique table/alias: 'anak' in C:\xampp\htdocs\taposyandu\system\Database\MySQLi\Connection.php:292
Stack trace:
#0 C:\xampp\htdocs\taposyandu\system\Database\MySQLi\Connection.php(292): mysqli->query('SELECT `anak`.*...', 0)
#1 C:\xampp\htdocs\taposyandu\system\Database\BaseConnection.php(693): CodeIgniter\Database\MySQLi\Connection->execute('SELECT `anak`.*...')
#2 C:\xampp\htdocs\taposyandu\system\Database\BaseConnection.php(620): CodeIgniter\Database\BaseConnection->simpleQuery('SELECT `anak`.*...')
#3 C:\xampp\htdocs\taposyandu\system\Database\BaseBuilder.php(1585): CodeIgniter\Database\BaseConnection->query('SELECT `anak`.*...', Array, false)
#4 C:\xampp\htdocs\taposyandu\app\Models\AnakModel.php(50): CodeIgniter\Database\BaseBuilder->get()
#5 C:\xampp\htdocs\taposyandu\app\Controllers\Anak.php(163): App\Models\AnakModel->getBumil('4')
#6 C:\xampp\htdocs\taposyandu\system\CodeIgniter.php(898): App\Controllers\Anak->detailanak('4')
#7 C:\xampp\htdocs\taposyandu\system\CodeIgniter.php(457): CodeIgniter\CodeIgniter->runController(Object(App\Controllers\Anak))
#8 C:\xampp\htdocs\taposyandu\system\CodeIgniter.php(340): CodeIgniter\CodeIgniter->handleRequest(NULL, Object(Config\Cache), false)
#9 C:\xampp\htdocs\taposyandu\public\index.php(67): CodeIgniter\CodeIgniter->run()
#10 C:\xampp\htdocs\taposyandu\system\Commands\Server\rewrite.php(43): require_once('C:\\xampp\\htdocs...')
#11 {main}
CRITICAL - 2023-05-04 22:33:57 --> Not unique table/alias: 'anak'
in SYSTEMPATH\Database\MySQLi\Connection.php on line 292.
 1 SYSTEMPATH\Database\MySQLi\Connection.php(292): mysqli->query('SELECT `anak`.*, `bumil`.`ayahnama`, `bumil`.`ibunama`
FROM `anak`
LEFT JOIN `anak` ON `anak`.`idanak` = `anak`.`idanak`
ORDER BY `bumil`.`idbumil` DESC', 0)
 2 SYSTEMPATH\Database\BaseConnection.php(693): CodeIgniter\Database\MySQLi\Connection->execute('SELECT `anak`.*, `bumil`.`ayahnama`, `bumil`.`ibunama`
FROM `anak`
LEFT JOIN `anak` ON `anak`.`idanak` = `anak`.`idanak`
ORDER BY `bumil`.`idbumil` DESC')
 3 SYSTEMPATH\Database\BaseConnection.php(620): CodeIgniter\Database\BaseConnection->simpleQuery('SELECT `anak`.*, `bumil`.`ayahnama`, `bumil`.`ibunama`
FROM `anak`
LEFT JOIN `anak` ON `anak`.`idanak` = `anak`.`idanak`
ORDER BY `bumil`.`idbumil` DESC')
 4 SYSTEMPATH\Database\BaseBuilder.php(1585): CodeIgniter\Database\BaseConnection->query('SELECT `anak`.*, `bumil`.`ayahnama`, `bumil`.`ibunama`
FROM `anak`
LEFT JOIN `anak` ON `anak`.`idanak` = `anak`.`idanak`
ORDER BY `bumil`.`idbumil` DESC', [], false)
 5 APPPATH\Models\AnakModel.php(50): CodeIgniter\Database\BaseBuilder->get()
 6 APPPATH\Controllers\Anak.php(163): App\Models\AnakModel->getBumil('4')
 7 SYSTEMPATH\CodeIgniter.php(898): App\Controllers\Anak->detailanak('4')
 8 SYSTEMPATH\CodeIgniter.php(457): CodeIgniter\CodeIgniter->runController(Object(App\Controllers\Anak))
 9 SYSTEMPATH\CodeIgniter.php(340): CodeIgniter\CodeIgniter->handleRequest(null, Object(Config\Cache), false)
10 FCPATH\index.php(67): CodeIgniter\CodeIgniter->run()
11 SYSTEMPATH\Commands\Server\rewrite.php(43): require_once('FCPATH\\index.php')
