CRITICAL - 2024-05-10 01:47:58 --> Undefined variable $bumil
in APPPATH\Views\kader\timbang\detailpenimbanganak.php on line 62.
 1 APPPATH\Views\kader\timbang\detailpenimbanganak.php(62): CodeIgniter\Debug\Exceptions->errorHandler(2, 'Undefined variable $bumil', 'APPPATH\\Views\\kader\\timbang\\detailpenimbanganak.php', 62)
 2 SYSTEMPATH\View\View.php(213): include('APPPATH\\Views\\kader\\timbang\\detailpenimbanganak.php')
 3 SYSTEMPATH\View\View.php(216): CodeIgniter\View\View->CodeIgniter\View\{closure}()
 4 SYSTEMPATH\Common.php(1137): CodeIgniter\View\View->render('kader/timbang/detailpenimbanganak', [], true)
 5 APPPATH\Controllers\Penimbangan.php(174): view('kader/timbang/detailpenimbanganak', [...])
 6 SYSTEMPATH\CodeIgniter.php(898): App\Controllers\Penimbangan->detailpenimbanganak('1')
 7 SYSTEMPATH\CodeIgniter.php(457): CodeIgniter\CodeIgniter->runController(Object(App\Controllers\Penimbangan))
 8 SYSTEMPATH\CodeIgniter.php(340): CodeIgniter\CodeIgniter->handleRequest(null, Object(Config\Cache), false)
 9 FCPATH\index.php(67): CodeIgniter\CodeIgniter->run()
10 SYSTEMPATH\Commands\Server\rewrite.php(43): require_once('FCPATH\\index.php')
CRITICAL - 2024-05-10 13:58:34 --> Undefined array key "status"
in APPPATH\Views\kader\ortu\detailortu.php on line 32.
 1 APPPATH\Views\kader\ortu\detailortu.php(32): CodeIgniter\Debug\Exceptions->errorHandler(2, 'Undefined array key "status"', 'APPPATH\\Views\\kader\\ortu\\detailortu.php', 32)
 2 SYSTEMPATH\View\View.php(213): include('APPPATH\\Views\\kader\\ortu\\detailortu.php')
 3 SYSTEMPATH\View\View.php(216): CodeIgniter\View\View->CodeIgniter\View\{closure}()
 4 SYSTEMPATH\Common.php(1137): CodeIgniter\View\View->render('kader/ortu/detailortu', [], true)
 5 APPPATH\Controllers\Ortu.php(238): view('kader/ortu/detailortu', [...])
 6 SYSTEMPATH\CodeIgniter.php(898): App\Controllers\Ortu->detailortu('1')
 7 SYSTEMPATH\CodeIgniter.php(457): CodeIgniter\CodeIgniter->runController(Object(App\Controllers\Ortu))
 8 SYSTEMPATH\CodeIgniter.php(340): CodeIgniter\CodeIgniter->handleRequest(null, Object(Config\Cache), false)
 9 FCPATH\index.php(67): CodeIgniter\CodeIgniter->run()
10 SYSTEMPATH\Commands\Server\rewrite.php(43): require_once('FCPATH\\index.php')
CRITICAL - 2024-05-10 13:59:14 --> Undefined array key "status"
in APPPATH\Views\kader\ortu\detailortu.php on line 32.
 1 APPPATH\Views\kader\ortu\detailortu.php(32): CodeIgniter\Debug\Exceptions->errorHandler(2, 'Undefined array key "status"', 'APPPATH\\Views\\kader\\ortu\\detailortu.php', 32)
 2 SYSTEMPATH\View\View.php(213): include('APPPATH\\Views\\kader\\ortu\\detailortu.php')
 3 SYSTEMPATH\View\View.php(216): CodeIgniter\View\View->CodeIgniter\View\{closure}()
 4 SYSTEMPATH\Common.php(1137): CodeIgniter\View\View->render('kader/ortu/detailortu', [], true)
 5 APPPATH\Controllers\Ortu.php(238): view('kader/ortu/detailortu', [...])
 6 SYSTEMPATH\CodeIgniter.php(898): App\Controllers\Ortu->detailortu('1')
 7 SYSTEMPATH\CodeIgniter.php(457): CodeIgniter\CodeIgniter->runController(Object(App\Controllers\Ortu))
 8 SYSTEMPATH\CodeIgniter.php(340): CodeIgniter\CodeIgniter->handleRequest(null, Object(Config\Cache), false)
 9 FCPATH\index.php(67): CodeIgniter\CodeIgniter->run()
10 SYSTEMPATH\Commands\Server\rewrite.php(43): require_once('FCPATH\\index.php')
CRITICAL - 2024-05-10 13:59:54 --> Undefined array key "anakke"
in APPPATH\Views\kader\ortu\detailortu.php on line 79.
 1 APPPATH\Views\kader\ortu\detailortu.php(79): CodeIgniter\Debug\Exceptions->errorHandler(2, 'Undefined array key "anakke"', 'APPPATH\\Views\\kader\\ortu\\detailortu.php', 79)
 2 SYSTEMPATH\View\View.php(213): include('APPPATH\\Views\\kader\\ortu\\detailortu.php')
 3 SYSTEMPATH\View\View.php(216): CodeIgniter\View\View->CodeIgniter\View\{closure}()
 4 SYSTEMPATH\Common.php(1137): CodeIgniter\View\View->render('kader/ortu/detailortu', [], true)
 5 APPPATH\Controllers\Ortu.php(238): view('kader/ortu/detailortu', [...])
 6 SYSTEMPATH\CodeIgniter.php(898): App\Controllers\Ortu->detailortu('1')
 7 SYSTEMPATH\CodeIgniter.php(457): CodeIgniter\CodeIgniter->runController(Object(App\Controllers\Ortu))
 8 SYSTEMPATH\CodeIgniter.php(340): CodeIgniter\CodeIgniter->handleRequest(null, Object(Config\Cache), false)
 9 FCPATH\index.php(67): CodeIgniter\CodeIgniter->run()
10 SYSTEMPATH\Commands\Server\rewrite.php(43): require_once('FCPATH\\index.php')
CRITICAL - 2024-05-10 02:01:19 --> Undefined variable $bumil
in APPPATH\Views\kader\anak\detailanak.php on line 65.
 1 APPPATH\Views\kader\anak\detailanak.php(65): CodeIgniter\Debug\Exceptions->errorHandler(2, 'Undefined variable $bumil', 'APPPATH\\Views\\kader\\anak\\detailanak.php', 65)
 2 SYSTEMPATH\View\View.php(213): include('APPPATH\\Views\\kader\\anak\\detailanak.php')
 3 SYSTEMPATH\View\View.php(216): CodeIgniter\View\View->CodeIgniter\View\{closure}()
 4 SYSTEMPATH\Common.php(1137): CodeIgniter\View\View->render('kader/anak/detailanak', [], true)
 5 APPPATH\Controllers\Anak.php(173): view('kader/anak/detailanak', [...])
 6 SYSTEMPATH\CodeIgniter.php(898): App\Controllers\Anak->detailanak('9')
 7 SYSTEMPATH\CodeIgniter.php(457): CodeIgniter\CodeIgniter->runController(Object(App\Controllers\Anak))
 8 SYSTEMPATH\CodeIgniter.php(340): CodeIgniter\CodeIgniter->handleRequest(null, Object(Config\Cache), false)
 9 FCPATH\index.php(67): CodeIgniter\CodeIgniter->run()
10 SYSTEMPATH\Commands\Server\rewrite.php(43): require_once('FCPATH\\index.php')
CRITICAL - 2024-05-10 14:25:52 --> Undefined property: stdClass::$status
in APPPATH\Views\kader\ortu\pdfortu.php on line 130.
 1 APPPATH\Views\kader\ortu\pdfortu.php(130): CodeIgniter\Debug\Exceptions->errorHandler(2, 'Undefined property: stdClass::$status', 'APPPATH\\Views\\kader\\ortu\\pdfortu.php', 130)
 2 SYSTEMPATH\View\View.php(213): include('APPPATH\\Views\\kader\\ortu\\pdfortu.php')
 3 SYSTEMPATH\View\View.php(216): CodeIgniter\View\View->CodeIgniter\View\{closure}()
 4 SYSTEMPATH\Common.php(1137): CodeIgniter\View\View->render('kader/ortu/pdfortu', [], true)
 5 APPPATH\Controllers\Ortu.php(463): view('kader/ortu/pdfortu', [...])
 6 SYSTEMPATH\CodeIgniter.php(898): App\Controllers\Ortu->pdf()
 7 SYSTEMPATH\CodeIgniter.php(457): CodeIgniter\CodeIgniter->runController(Object(App\Controllers\Ortu))
 8 SYSTEMPATH\CodeIgniter.php(340): CodeIgniter\CodeIgniter->handleRequest(null, Object(Config\Cache), false)
 9 FCPATH\index.php(67): CodeIgniter\CodeIgniter->run()
10 SYSTEMPATH\Commands\Server\rewrite.php(43): require_once('FCPATH\\index.php')
CRITICAL - 2024-05-10 03:09:03 --> Undefined variable $currentPage
in APPPATH\Views\admin\notif\tambahnotif.php on line 129.
 1 APPPATH\Views\admin\notif\tambahnotif.php(129): CodeIgniter\Debug\Exceptions->errorHandler(2, 'Undefined variable $currentPage', 'APPPATH\\Views\\admin\\notif\\tambahnotif.php', 129)
 2 SYSTEMPATH\View\View.php(213): include('APPPATH\\Views\\admin\\notif\\tambahnotif.php')
 3 SYSTEMPATH\View\View.php(216): CodeIgniter\View\View->CodeIgniter\View\{closure}()
 4 SYSTEMPATH\Common.php(1137): CodeIgniter\View\View->render('admin/notif/tambahnotif', [], true)
 5 APPPATH\Controllers\Notif.php(54): view('admin/notif/tambahnotif', [...])
 6 SYSTEMPATH\CodeIgniter.php(898): App\Controllers\Notif->tambahnotif()
 7 SYSTEMPATH\CodeIgniter.php(457): CodeIgniter\CodeIgniter->runController(Object(App\Controllers\Notif))
 8 SYSTEMPATH\CodeIgniter.php(340): CodeIgniter\CodeIgniter->handleRequest(null, Object(Config\Cache), false)
 9 FCPATH\index.php(67): CodeIgniter\CodeIgniter->run()
10 SYSTEMPATH\Commands\Server\rewrite.php(43): require_once('FCPATH\\index.php')
CRITICAL - 2024-05-10 03:11:24 --> Undefined variable $currentPage
in APPPATH\Views\admin\notif\tambahnotif.php on line 129.
 1 APPPATH\Views\admin\notif\tambahnotif.php(129): CodeIgniter\Debug\Exceptions->errorHandler(2, 'Undefined variable $currentPage', 'APPPATH\\Views\\admin\\notif\\tambahnotif.php', 129)
 2 SYSTEMPATH\View\View.php(213): include('APPPATH\\Views\\admin\\notif\\tambahnotif.php')
 3 SYSTEMPATH\View\View.php(216): CodeIgniter\View\View->CodeIgniter\View\{closure}()
 4 SYSTEMPATH\Common.php(1137): CodeIgniter\View\View->render('admin/notif/tambahnotif', [], true)
 5 APPPATH\Controllers\Notif.php(54): view('admin/notif/tambahnotif', [...])
 6 SYSTEMPATH\CodeIgniter.php(898): App\Controllers\Notif->tambahnotif()
 7 SYSTEMPATH\CodeIgniter.php(457): CodeIgniter\CodeIgniter->runController(Object(App\Controllers\Notif))
 8 SYSTEMPATH\CodeIgniter.php(340): CodeIgniter\CodeIgniter->handleRequest(null, Object(Config\Cache), false)
 9 FCPATH\index.php(67): CodeIgniter\CodeIgniter->run()
10 SYSTEMPATH\Commands\Server\rewrite.php(43): require_once('FCPATH\\index.php')
CRITICAL - 2024-05-10 03:14:00 --> Attempt to read property "anaknama" on array
in APPPATH\Views\admin\notif\tambahnotif.php on line 137.
 1 APPPATH\Views\admin\notif\tambahnotif.php(137): CodeIgniter\Debug\Exceptions->errorHandler(2, 'Attempt to read property "anaknama" on array', 'APPPATH\\Views\\admin\\notif\\tambahnotif.php', 137)
 2 SYSTEMPATH\View\View.php(213): include('APPPATH\\Views\\admin\\notif\\tambahnotif.php')
 3 SYSTEMPATH\View\View.php(216): CodeIgniter\View\View->CodeIgniter\View\{closure}()
 4 SYSTEMPATH\Common.php(1137): CodeIgniter\View\View->render('admin/notif/tambahnotif', [], true)
 5 APPPATH\Controllers\Notif.php(54): view('admin/notif/tambahnotif', [...])
 6 SYSTEMPATH\CodeIgniter.php(898): App\Controllers\Notif->tambahnotif()
 7 SYSTEMPATH\CodeIgniter.php(457): CodeIgniter\CodeIgniter->runController(Object(App\Controllers\Notif))
 8 SYSTEMPATH\CodeIgniter.php(340): CodeIgniter\CodeIgniter->handleRequest(null, Object(Config\Cache), false)
 9 FCPATH\index.php(67): CodeIgniter\CodeIgniter->run()
10 SYSTEMPATH\Commands\Server\rewrite.php(43): require_once('FCPATH\\index.php')
CRITICAL - 2024-05-10 03:17:35 --> Undefined array key "ibunama"
in APPPATH\Views\admin\notif\tambahnotif.php on line 140.
 1 APPPATH\Views\admin\notif\tambahnotif.php(140): CodeIgniter\Debug\Exceptions->errorHandler(2, 'Undefined array key "ibunama"', 'APPPATH\\Views\\admin\\notif\\tambahnotif.php', 140)
 2 SYSTEMPATH\View\View.php(213): include('APPPATH\\Views\\admin\\notif\\tambahnotif.php')
 3 SYSTEMPATH\View\View.php(216): CodeIgniter\View\View->CodeIgniter\View\{closure}()
 4 SYSTEMPATH\Common.php(1137): CodeIgniter\View\View->render('admin/notif/tambahnotif', [], true)
 5 APPPATH\Controllers\Notif.php(54): view('admin/notif/tambahnotif', [...])
 6 SYSTEMPATH\CodeIgniter.php(898): App\Controllers\Notif->tambahnotif()
 7 SYSTEMPATH\CodeIgniter.php(457): CodeIgniter\CodeIgniter->runController(Object(App\Controllers\Notif))
 8 SYSTEMPATH\CodeIgniter.php(340): CodeIgniter\CodeIgniter->handleRequest(null, Object(Config\Cache), false)
 9 FCPATH\index.php(67): CodeIgniter\CodeIgniter->run()
10 SYSTEMPATH\Commands\Server\rewrite.php(43): require_once('FCPATH\\index.php')
