ERROR - 2023-02-20 11:50:32 --> mysqli_sql_exception: Column 'idposyandu' in field list is ambiguous in C:\xampp\htdocs\taposyandu\system\Database\MySQLi\Connection.php:292
Stack trace:
#0 C:\xampp\htdocs\taposyandu\system\Database\MySQLi\Connection.php(292): mysqli->query('SELECT `idposya...', 0)
#1 C:\xampp\htdocs\taposyandu\system\Database\BaseConnection.php(693): CodeIgniter\Database\MySQLi\Connection->execute('SELECT `idposya...')
#2 C:\xampp\htdocs\taposyandu\system\Database\BaseConnection.php(620): CodeIgniter\Database\BaseConnection->simpleQuery('SELECT `idposya...')
#3 C:\xampp\htdocs\taposyandu\system\Database\BaseBuilder.php(1585): CodeIgniter\Database\BaseConnection->query('SELECT `idposya...', Array, false)
#4 C:\xampp\htdocs\taposyandu\app\Models\PosyanduModel.php(32): CodeIgniter\Database\BaseBuilder->get()
#5 C:\xampp\htdocs\taposyandu\app\Controllers\Posyandu.php(34): App\Models\PosyanduModel->getAllData()
#6 C:\xampp\htdocs\taposyandu\system\CodeIgniter.php(898): App\Controllers\Posyandu->index()
#7 C:\xampp\htdocs\taposyandu\system\CodeIgniter.php(457): CodeIgniter\CodeIgniter->runController(Object(App\Controllers\Posyandu))
#8 C:\xampp\htdocs\taposyandu\system\CodeIgniter.php(340): CodeIgniter\CodeIgniter->handleRequest(NULL, Object(Config\Cache), false)
#9 C:\xampp\htdocs\taposyandu\public\index.php(67): CodeIgniter\CodeIgniter->run()
#10 C:\xampp\htdocs\taposyandu\system\Commands\Server\rewrite.php(43): require_once('C:\\xampp\\htdocs...')
#11 {main}
CRITICAL - 2023-02-20 11:50:32 --> Column 'idposyandu' in field list is ambiguous
in SYSTEMPATH\Database\MySQLi\Connection.php on line 292.
 1 SYSTEMPATH\Database\MySQLi\Connection.php(292): mysqli->query('SELECT `idposyandu`, `idkegiatan`, `idbidan`, `idkader`, `posyandu`, `kategori`, `kegiatan`.`tempat`, `kegiatan`.`alamat`, `posnohp`, `ketuapos`, `bidan`.`bidannama`, `kader`.`kadernama`
FROM `posyandu`
JOIN `kegiatan` ON `posyandu`.`idkegiatan`=`kegiatan`.`idkegiatan`
JOIN `bidan` ON `posyandu`.`idbidan`=`bidan`.`idbidan`
JOIN `kader` ON `posyandu`.`idkader`=`kader`.`idkader`', 0)
 2 SYSTEMPATH\Database\BaseConnection.php(693): CodeIgniter\Database\MySQLi\Connection->execute('SELECT `idposyandu`, `idkegiatan`, `idbidan`, `idkader`, `posyandu`, `kategori`, `kegiatan`.`tempat`, `kegiatan`.`alamat`, `posnohp`, `ketuapos`, `bidan`.`bidannama`, `kader`.`kadernama`
FROM `posyandu`
JOIN `kegiatan` ON `posyandu`.`idkegiatan`=`kegiatan`.`idkegiatan`
JOIN `bidan` ON `posyandu`.`idbidan`=`bidan`.`idbidan`
JOIN `kader` ON `posyandu`.`idkader`=`kader`.`idkader`')
 3 SYSTEMPATH\Database\BaseConnection.php(620): CodeIgniter\Database\BaseConnection->simpleQuery('SELECT `idposyandu`, `idkegiatan`, `idbidan`, `idkader`, `posyandu`, `kategori`, `kegiatan`.`tempat`, `kegiatan`.`alamat`, `posnohp`, `ketuapos`, `bidan`.`bidannama`, `kader`.`kadernama`
FROM `posyandu`
JOIN `kegiatan` ON `posyandu`.`idkegiatan`=`kegiatan`.`idkegiatan`
JOIN `bidan` ON `posyandu`.`idbidan`=`bidan`.`idbidan`
JOIN `kader` ON `posyandu`.`idkader`=`kader`.`idkader`')
 4 SYSTEMPATH\Database\BaseBuilder.php(1585): CodeIgniter\Database\BaseConnection->query('SELECT `idposyandu`, `idkegiatan`, `idbidan`, `idkader`, `posyandu`, `kategori`, `kegiatan`.`tempat`, `kegiatan`.`alamat`, `posnohp`, `ketuapos`, `bidan`.`bidannama`, `kader`.`kadernama`
FROM `posyandu`
JOIN `kegiatan` ON `posyandu`.`idkegiatan`=`kegiatan`.`idkegiatan`
JOIN `bidan` ON `posyandu`.`idbidan`=`bidan`.`idbidan`
JOIN `kader` ON `posyandu`.`idkader`=`kader`.`idkader`', [], false)
 5 APPPATH\Models\PosyanduModel.php(32): CodeIgniter\Database\BaseBuilder->get()
 6 APPPATH\Controllers\Posyandu.php(34): App\Models\PosyanduModel->getAllData()
 7 SYSTEMPATH\CodeIgniter.php(898): App\Controllers\Posyandu->index()
 8 SYSTEMPATH\CodeIgniter.php(457): CodeIgniter\CodeIgniter->runController(Object(App\Controllers\Posyandu))
 9 SYSTEMPATH\CodeIgniter.php(340): CodeIgniter\CodeIgniter->handleRequest(null, Object(Config\Cache), false)
10 FCPATH\index.php(67): CodeIgniter\CodeIgniter->run()
11 SYSTEMPATH\Commands\Server\rewrite.php(43): require_once('FCPATH\\index.php')
ERROR - 2023-02-20 11:57:16 --> mysqli_sql_exception: Unknown column 'posyandu.idkegiatan' in 'on clause' in C:\xampp\htdocs\taposyandu\system\Database\MySQLi\Connection.php:292
Stack trace:
#0 C:\xampp\htdocs\taposyandu\system\Database\MySQLi\Connection.php(292): mysqli->query('SELECT `bidan`....', 0)
#1 C:\xampp\htdocs\taposyandu\system\Database\BaseConnection.php(693): CodeIgniter\Database\MySQLi\Connection->execute('SELECT `bidan`....')
#2 C:\xampp\htdocs\taposyandu\system\Database\BaseConnection.php(620): CodeIgniter\Database\BaseConnection->simpleQuery('SELECT `bidan`....')
#3 C:\xampp\htdocs\taposyandu\system\Database\BaseBuilder.php(1585): CodeIgniter\Database\BaseConnection->query('SELECT `bidan`....', Array, false)
#4 C:\xampp\htdocs\taposyandu\app\Models\PosyanduModel.php(62): CodeIgniter\Database\BaseBuilder->get()
#5 C:\xampp\htdocs\taposyandu\app\Controllers\Posyandu.php(132): App\Models\PosyanduModel->getIdBidan('1')
#6 C:\xampp\htdocs\taposyandu\system\CodeIgniter.php(898): App\Controllers\Posyandu->detailposyandu('1')
#7 C:\xampp\htdocs\taposyandu\system\CodeIgniter.php(457): CodeIgniter\CodeIgniter->runController(Object(App\Controllers\Posyandu))
#8 C:\xampp\htdocs\taposyandu\system\CodeIgniter.php(340): CodeIgniter\CodeIgniter->handleRequest(NULL, Object(Config\Cache), false)
#9 C:\xampp\htdocs\taposyandu\public\index.php(67): CodeIgniter\CodeIgniter->run()
#10 C:\xampp\htdocs\taposyandu\system\Commands\Server\rewrite.php(43): require_once('C:\\xampp\\htdocs...')
#11 {main}
CRITICAL - 2023-02-20 11:57:16 --> Unknown column 'posyandu.idkegiatan' in 'on clause'
in SYSTEMPATH\Database\MySQLi\Connection.php on line 292.
 1 SYSTEMPATH\Database\MySQLi\Connection.php(292): mysqli->query('SELECT `bidan`.`idbidan`, `kegiatan`.`idkegiatan`, `posyandu`.`idposyandu`, `kader`.`idkader`, `kategori`, `kegiatan`.`tempat`, `kegiatan`.`alamat`, `posnohp`, `ketuapos`, `bidan`.`bidannama`, `kader`.`kadernama`
FROM `bidan`
JOIN `kegiatan` ON `posyandu`.`idkegiatan`=`kegiatan`.`idkegiatan`
JOIN `posyandu` ON `posyandu`.`idbidan`=`bidan`.`idbidan`
JOIN `kader` ON `posyandu`.`idkader`=`kader`.`idkader`
WHERE `bidan`.`idbidan` = \'1\'', 0)
 2 SYSTEMPATH\Database\BaseConnection.php(693): CodeIgniter\Database\MySQLi\Connection->execute('SELECT `bidan`.`idbidan`, `kegiatan`.`idkegiatan`, `posyandu`.`idposyandu`, `kader`.`idkader`, `kategori`, `kegiatan`.`tempat`, `kegiatan`.`alamat`, `posnohp`, `ketuapos`, `bidan`.`bidannama`, `kader`.`kadernama`
FROM `bidan`
JOIN `kegiatan` ON `posyandu`.`idkegiatan`=`kegiatan`.`idkegiatan`
JOIN `posyandu` ON `posyandu`.`idbidan`=`bidan`.`idbidan`
JOIN `kader` ON `posyandu`.`idkader`=`kader`.`idkader`
WHERE `bidan`.`idbidan` = \'1\'')
 3 SYSTEMPATH\Database\BaseConnection.php(620): CodeIgniter\Database\BaseConnection->simpleQuery('SELECT `bidan`.`idbidan`, `kegiatan`.`idkegiatan`, `posyandu`.`idposyandu`, `kader`.`idkader`, `kategori`, `kegiatan`.`tempat`, `kegiatan`.`alamat`, `posnohp`, `ketuapos`, `bidan`.`bidannama`, `kader`.`kadernama`
FROM `bidan`
JOIN `kegiatan` ON `posyandu`.`idkegiatan`=`kegiatan`.`idkegiatan`
JOIN `posyandu` ON `posyandu`.`idbidan`=`bidan`.`idbidan`
JOIN `kader` ON `posyandu`.`idkader`=`kader`.`idkader`
WHERE `bidan`.`idbidan` = \'1\'')
 4 SYSTEMPATH\Database\BaseBuilder.php(1585): CodeIgniter\Database\BaseConnection->query('SELECT `bidan`.`idbidan`, `kegiatan`.`idkegiatan`, `posyandu`.`idposyandu`, `kader`.`idkader`, `kategori`, `kegiatan`.`tempat`, `kegiatan`.`alamat`, `posnohp`, `ketuapos`, `bidan`.`bidannama`, `kader`.`kadernama`
FROM `bidan`
JOIN `kegiatan` ON `posyandu`.`idkegiatan`=`kegiatan`.`idkegiatan`
JOIN `posyandu` ON `posyandu`.`idbidan`=`bidan`.`idbidan`
JOIN `kader` ON `posyandu`.`idkader`=`kader`.`idkader`
WHERE `bidan`.`idbidan` = :bidan.idbidan:', [...], false)
 5 APPPATH\Models\PosyanduModel.php(62): CodeIgniter\Database\BaseBuilder->get()
 6 APPPATH\Controllers\Posyandu.php(132): App\Models\PosyanduModel->getIdBidan('1')
 7 SYSTEMPATH\CodeIgniter.php(898): App\Controllers\Posyandu->detailposyandu('1')
 8 SYSTEMPATH\CodeIgniter.php(457): CodeIgniter\CodeIgniter->runController(Object(App\Controllers\Posyandu))
 9 SYSTEMPATH\CodeIgniter.php(340): CodeIgniter\CodeIgniter->handleRequest(null, Object(Config\Cache), false)
10 FCPATH\index.php(67): CodeIgniter\CodeIgniter->run()
11 SYSTEMPATH\Commands\Server\rewrite.php(43): require_once('FCPATH\\index.php')
ERROR - 2023-02-20 11:58:46 --> mysqli_sql_exception: Unknown column 'posyandu.idposyandu' in 'on clause' in C:\xampp\htdocs\taposyandu\system\Database\MySQLi\Connection.php:292
Stack trace:
#0 C:\xampp\htdocs\taposyandu\system\Database\MySQLi\Connection.php(292): mysqli->query('SELECT `bidan`....', 0)
#1 C:\xampp\htdocs\taposyandu\system\Database\BaseConnection.php(693): CodeIgniter\Database\MySQLi\Connection->execute('SELECT `bidan`....')
#2 C:\xampp\htdocs\taposyandu\system\Database\BaseConnection.php(620): CodeIgniter\Database\BaseConnection->simpleQuery('SELECT `bidan`....')
#3 C:\xampp\htdocs\taposyandu\system\Database\BaseBuilder.php(1585): CodeIgniter\Database\BaseConnection->query('SELECT `bidan`....', Array, false)
#4 C:\xampp\htdocs\taposyandu\app\Models\PosyanduModel.php(62): CodeIgniter\Database\BaseBuilder->get()
#5 C:\xampp\htdocs\taposyandu\app\Controllers\Posyandu.php(132): App\Models\PosyanduModel->getIdBidan('1')
#6 C:\xampp\htdocs\taposyandu\system\CodeIgniter.php(898): App\Controllers\Posyandu->detailposyandu('1')
#7 C:\xampp\htdocs\taposyandu\system\CodeIgniter.php(457): CodeIgniter\CodeIgniter->runController(Object(App\Controllers\Posyandu))
#8 C:\xampp\htdocs\taposyandu\system\CodeIgniter.php(340): CodeIgniter\CodeIgniter->handleRequest(NULL, Object(Config\Cache), false)
#9 C:\xampp\htdocs\taposyandu\public\index.php(67): CodeIgniter\CodeIgniter->run()
#10 C:\xampp\htdocs\taposyandu\system\Commands\Server\rewrite.php(43): require_once('C:\\xampp\\htdocs...')
#11 {main}
CRITICAL - 2023-02-20 11:58:46 --> Unknown column 'posyandu.idposyandu' in 'on clause'
in SYSTEMPATH\Database\MySQLi\Connection.php on line 292.
 1 SYSTEMPATH\Database\MySQLi\Connection.php(292): mysqli->query('SELECT `bidan`.`idbidan`, `kegiatan`.`idkegiatan`, `posyandu`.`idposyandu`, `kader`.`idkader`, `kategori`, `kegiatan`.`tempat`, `kegiatan`.`alamat`, `posnohp`, `ketuapos`, `bidan`.`bidannama`, `kader`.`kadernama`
FROM `bidan`
JOIN `kegiatan` ON `posyandu`.`idposyandu`=`kegiatan`.`idposyandu`
JOIN `posyandu` ON `posyandu`.`idbidan`=`bidan`.`idbidan`
JOIN `kader` ON `posyandu`.`idkader`=`kader`.`idkader`
WHERE `bidan`.`idbidan` = \'1\'', 0)
 2 SYSTEMPATH\Database\BaseConnection.php(693): CodeIgniter\Database\MySQLi\Connection->execute('SELECT `bidan`.`idbidan`, `kegiatan`.`idkegiatan`, `posyandu`.`idposyandu`, `kader`.`idkader`, `kategori`, `kegiatan`.`tempat`, `kegiatan`.`alamat`, `posnohp`, `ketuapos`, `bidan`.`bidannama`, `kader`.`kadernama`
FROM `bidan`
JOIN `kegiatan` ON `posyandu`.`idposyandu`=`kegiatan`.`idposyandu`
JOIN `posyandu` ON `posyandu`.`idbidan`=`bidan`.`idbidan`
JOIN `kader` ON `posyandu`.`idkader`=`kader`.`idkader`
WHERE `bidan`.`idbidan` = \'1\'')
 3 SYSTEMPATH\Database\BaseConnection.php(620): CodeIgniter\Database\BaseConnection->simpleQuery('SELECT `bidan`.`idbidan`, `kegiatan`.`idkegiatan`, `posyandu`.`idposyandu`, `kader`.`idkader`, `kategori`, `kegiatan`.`tempat`, `kegiatan`.`alamat`, `posnohp`, `ketuapos`, `bidan`.`bidannama`, `kader`.`kadernama`
FROM `bidan`
JOIN `kegiatan` ON `posyandu`.`idposyandu`=`kegiatan`.`idposyandu`
JOIN `posyandu` ON `posyandu`.`idbidan`=`bidan`.`idbidan`
JOIN `kader` ON `posyandu`.`idkader`=`kader`.`idkader`
WHERE `bidan`.`idbidan` = \'1\'')
 4 SYSTEMPATH\Database\BaseBuilder.php(1585): CodeIgniter\Database\BaseConnection->query('SELECT `bidan`.`idbidan`, `kegiatan`.`idkegiatan`, `posyandu`.`idposyandu`, `kader`.`idkader`, `kategori`, `kegiatan`.`tempat`, `kegiatan`.`alamat`, `posnohp`, `ketuapos`, `bidan`.`bidannama`, `kader`.`kadernama`
FROM `bidan`
JOIN `kegiatan` ON `posyandu`.`idposyandu`=`kegiatan`.`idposyandu`
JOIN `posyandu` ON `posyandu`.`idbidan`=`bidan`.`idbidan`
JOIN `kader` ON `posyandu`.`idkader`=`kader`.`idkader`
WHERE `bidan`.`idbidan` = :bidan.idbidan:', [...], false)
 5 APPPATH\Models\PosyanduModel.php(62): CodeIgniter\Database\BaseBuilder->get()
 6 APPPATH\Controllers\Posyandu.php(132): App\Models\PosyanduModel->getIdBidan('1')
 7 SYSTEMPATH\CodeIgniter.php(898): App\Controllers\Posyandu->detailposyandu('1')
 8 SYSTEMPATH\CodeIgniter.php(457): CodeIgniter\CodeIgniter->runController(Object(App\Controllers\Posyandu))
 9 SYSTEMPATH\CodeIgniter.php(340): CodeIgniter\CodeIgniter->handleRequest(null, Object(Config\Cache), false)
10 FCPATH\index.php(67): CodeIgniter\CodeIgniter->run()
11 SYSTEMPATH\Commands\Server\rewrite.php(43): require_once('FCPATH\\index.php')
ERROR - 2023-02-20 11:58:50 --> mysqli_sql_exception: Unknown column 'posyandu.idposyandu' in 'on clause' in C:\xampp\htdocs\taposyandu\system\Database\MySQLi\Connection.php:292
Stack trace:
#0 C:\xampp\htdocs\taposyandu\system\Database\MySQLi\Connection.php(292): mysqli->query('SELECT `bidan`....', 0)
#1 C:\xampp\htdocs\taposyandu\system\Database\BaseConnection.php(693): CodeIgniter\Database\MySQLi\Connection->execute('SELECT `bidan`....')
#2 C:\xampp\htdocs\taposyandu\system\Database\BaseConnection.php(620): CodeIgniter\Database\BaseConnection->simpleQuery('SELECT `bidan`....')
#3 C:\xampp\htdocs\taposyandu\system\Database\BaseBuilder.php(1585): CodeIgniter\Database\BaseConnection->query('SELECT `bidan`....', Array, false)
#4 C:\xampp\htdocs\taposyandu\app\Models\PosyanduModel.php(62): CodeIgniter\Database\BaseBuilder->get()
#5 C:\xampp\htdocs\taposyandu\app\Controllers\Posyandu.php(132): App\Models\PosyanduModel->getIdBidan('1')
#6 C:\xampp\htdocs\taposyandu\system\CodeIgniter.php(898): App\Controllers\Posyandu->detailposyandu('1')
#7 C:\xampp\htdocs\taposyandu\system\CodeIgniter.php(457): CodeIgniter\CodeIgniter->runController(Object(App\Controllers\Posyandu))
#8 C:\xampp\htdocs\taposyandu\system\CodeIgniter.php(340): CodeIgniter\CodeIgniter->handleRequest(NULL, Object(Config\Cache), false)
#9 C:\xampp\htdocs\taposyandu\public\index.php(67): CodeIgniter\CodeIgniter->run()
#10 C:\xampp\htdocs\taposyandu\system\Commands\Server\rewrite.php(43): require_once('C:\\xampp\\htdocs...')
#11 {main}
CRITICAL - 2023-02-20 11:58:51 --> Unknown column 'posyandu.idposyandu' in 'on clause'
in SYSTEMPATH\Database\MySQLi\Connection.php on line 292.
 1 SYSTEMPATH\Database\MySQLi\Connection.php(292): mysqli->query('SELECT `bidan`.`idbidan`, `kegiatan`.`idkegiatan`, `posyandu`.`idposyandu`, `kader`.`idkader`, `kategori`, `kegiatan`.`tempat`, `kegiatan`.`alamat`, `posnohp`, `ketuapos`, `bidan`.`bidannama`, `kader`.`kadernama`
FROM `bidan`
JOIN `kegiatan` ON `posyandu`.`idposyandu`=`kegiatan`.`idposyandu`
JOIN `posyandu` ON `posyandu`.`idbidan`=`bidan`.`idbidan`
JOIN `kader` ON `posyandu`.`idkader`=`kader`.`idkader`
WHERE `bidan`.`idbidan` = \'1\'', 0)
 2 SYSTEMPATH\Database\BaseConnection.php(693): CodeIgniter\Database\MySQLi\Connection->execute('SELECT `bidan`.`idbidan`, `kegiatan`.`idkegiatan`, `posyandu`.`idposyandu`, `kader`.`idkader`, `kategori`, `kegiatan`.`tempat`, `kegiatan`.`alamat`, `posnohp`, `ketuapos`, `bidan`.`bidannama`, `kader`.`kadernama`
FROM `bidan`
JOIN `kegiatan` ON `posyandu`.`idposyandu`=`kegiatan`.`idposyandu`
JOIN `posyandu` ON `posyandu`.`idbidan`=`bidan`.`idbidan`
JOIN `kader` ON `posyandu`.`idkader`=`kader`.`idkader`
WHERE `bidan`.`idbidan` = \'1\'')
 3 SYSTEMPATH\Database\BaseConnection.php(620): CodeIgniter\Database\BaseConnection->simpleQuery('SELECT `bidan`.`idbidan`, `kegiatan`.`idkegiatan`, `posyandu`.`idposyandu`, `kader`.`idkader`, `kategori`, `kegiatan`.`tempat`, `kegiatan`.`alamat`, `posnohp`, `ketuapos`, `bidan`.`bidannama`, `kader`.`kadernama`
FROM `bidan`
JOIN `kegiatan` ON `posyandu`.`idposyandu`=`kegiatan`.`idposyandu`
JOIN `posyandu` ON `posyandu`.`idbidan`=`bidan`.`idbidan`
JOIN `kader` ON `posyandu`.`idkader`=`kader`.`idkader`
WHERE `bidan`.`idbidan` = \'1\'')
 4 SYSTEMPATH\Database\BaseBuilder.php(1585): CodeIgniter\Database\BaseConnection->query('SELECT `bidan`.`idbidan`, `kegiatan`.`idkegiatan`, `posyandu`.`idposyandu`, `kader`.`idkader`, `kategori`, `kegiatan`.`tempat`, `kegiatan`.`alamat`, `posnohp`, `ketuapos`, `bidan`.`bidannama`, `kader`.`kadernama`
FROM `bidan`
JOIN `kegiatan` ON `posyandu`.`idposyandu`=`kegiatan`.`idposyandu`
JOIN `posyandu` ON `posyandu`.`idbidan`=`bidan`.`idbidan`
JOIN `kader` ON `posyandu`.`idkader`=`kader`.`idkader`
WHERE `bidan`.`idbidan` = :bidan.idbidan:', [...], false)
 5 APPPATH\Models\PosyanduModel.php(62): CodeIgniter\Database\BaseBuilder->get()
 6 APPPATH\Controllers\Posyandu.php(132): App\Models\PosyanduModel->getIdBidan('1')
 7 SYSTEMPATH\CodeIgniter.php(898): App\Controllers\Posyandu->detailposyandu('1')
 8 SYSTEMPATH\CodeIgniter.php(457): CodeIgniter\CodeIgniter->runController(Object(App\Controllers\Posyandu))
 9 SYSTEMPATH\CodeIgniter.php(340): CodeIgniter\CodeIgniter->handleRequest(null, Object(Config\Cache), false)
10 FCPATH\index.php(67): CodeIgniter\CodeIgniter->run()
11 SYSTEMPATH\Commands\Server\rewrite.php(43): require_once('FCPATH\\index.php')
CRITICAL - 2023-02-20 12:46:50 --> Call to undefined method App\Models\PosyanduModel::getPosyandu
in SYSTEMPATH\Model.php on line 773.
 1 APPPATH\Controllers\Posyandu.php(151): CodeIgniter\Model->__call('getPosyandu', [...])
 2 SYSTEMPATH\CodeIgniter.php(898): App\Controllers\Posyandu->editposyandu('1')
 3 SYSTEMPATH\CodeIgniter.php(457): CodeIgniter\CodeIgniter->runController(Object(App\Controllers\Posyandu))
 4 SYSTEMPATH\CodeIgniter.php(340): CodeIgniter\CodeIgniter->handleRequest(null, Object(Config\Cache), false)
 5 FCPATH\index.php(67): CodeIgniter\CodeIgniter->run()
 6 SYSTEMPATH\Commands\Server\rewrite.php(43): require_once('FCPATH\\index.php')
