CRITICAL - 2023-01-15 07:03:28 --> Invalid file: admin/templates/tempalte.php
in SYSTEMPATH\Exceptions\FrameworkException.php on line 33.
 1 SYSTEMPATH\View\View.php(201): CodeIgniter\Exceptions\FrameworkException::forInvalidFile('admin/templates/tempalte.php')
 2 SYSTEMPATH\View\View.php(229): CodeIgniter\View\View->render('admin/templates/tempalte', [], true)
 3 SYSTEMPATH\Common.php(1137): CodeIgniter\View\View->render('admin/index', [], true)
 4 APPPATH\Controllers\Login.php(21): view('admin/index')
 5 SYSTEMPATH\CodeIgniter.php(898): App\Controllers\Login->admin()
 6 SYSTEMPATH\CodeIgniter.php(457): CodeIgniter\CodeIgniter->runController(Object(App\Controllers\Login))
 7 SYSTEMPATH\CodeIgniter.php(340): CodeIgniter\CodeIgniter->handleRequest(null, Object(Config\Cache), false)
 8 FCPATH\index.php(67): CodeIgniter\CodeIgniter->run()
 9 SYSTEMPATH\Commands\Server\rewrite.php(43): require_once('FCPATH\\index.php')
CRITICAL - 2023-01-15 11:07:06 --> Undefined array key "login"
in VENDORPATH\myth\auth\src\Controllers\AuthController.php on line 58.
 1 VENDORPATH\myth\auth\src\Controllers\AuthController.php(58): CodeIgniter\Debug\Exceptions->errorHandler(2, 'Undefined array key "login"', 'VENDORPATH\\myth\\auth\\src\\Controllers\\AuthController.php', 58)
 2 SYSTEMPATH\CodeIgniter.php(898): Myth\Auth\Controllers\AuthController->login()
 3 SYSTEMPATH\CodeIgniter.php(457): CodeIgniter\CodeIgniter->runController(Object(Myth\Auth\Controllers\AuthController))
 4 SYSTEMPATH\CodeIgniter.php(340): CodeIgniter\CodeIgniter->handleRequest(null, Object(Config\Cache), false)
 5 FCPATH\index.php(67): CodeIgniter\CodeIgniter->run()
 6 SYSTEMPATH\Commands\Server\rewrite.php(43): require_once('FCPATH\\index.php')
CRITICAL - 2023-01-15 11:14:35 --> Undefined array key "login"
in VENDORPATH\myth\auth\src\Controllers\AuthController.php on line 58.
 1 VENDORPATH\myth\auth\src\Controllers\AuthController.php(58): CodeIgniter\Debug\Exceptions->errorHandler(2, 'Undefined array key "login"', 'VENDORPATH\\myth\\auth\\src\\Controllers\\AuthController.php', 58)
 2 SYSTEMPATH\CodeIgniter.php(898): Myth\Auth\Controllers\AuthController->login()
 3 SYSTEMPATH\CodeIgniter.php(457): CodeIgniter\CodeIgniter->runController(Object(Myth\Auth\Controllers\AuthController))
 4 SYSTEMPATH\CodeIgniter.php(340): CodeIgniter\CodeIgniter->handleRequest(null, Object(Config\Cache), false)
 5 FCPATH\index.php(67): CodeIgniter\CodeIgniter->run()
 6 SYSTEMPATH\Commands\Server\rewrite.php(43): require_once('FCPATH\\index.php')
CRITICAL - 2023-01-15 11:14:52 --> Undefined array key "login"
in VENDORPATH\myth\auth\src\Controllers\AuthController.php on line 58.
 1 VENDORPATH\myth\auth\src\Controllers\AuthController.php(58): CodeIgniter\Debug\Exceptions->errorHandler(2, 'Undefined array key "login"', 'VENDORPATH\\myth\\auth\\src\\Controllers\\AuthController.php', 58)
 2 SYSTEMPATH\CodeIgniter.php(898): Myth\Auth\Controllers\AuthController->login()
 3 SYSTEMPATH\CodeIgniter.php(457): CodeIgniter\CodeIgniter->runController(Object(Myth\Auth\Controllers\AuthController))
 4 SYSTEMPATH\CodeIgniter.php(340): CodeIgniter\CodeIgniter->handleRequest(null, Object(Config\Cache), false)
 5 FCPATH\index.php(67): CodeIgniter\CodeIgniter->run()
 6 SYSTEMPATH\Commands\Server\rewrite.php(43): require_once('FCPATH\\index.php')
CRITICAL - 2023-01-15 12:26:30 --> Class name must be a valid object or a string
in VENDORPATH\myth\auth\src\Config\Services.php on line 81.
 1 SYSTEMPATH\Config\BaseService.php(253): Myth\Auth\Config\Services::activator(Object(Myth\Auth\Config\Auth), false)
 2 SYSTEMPATH\Config\BaseService.php(194): CodeIgniter\Config\BaseService::__callStatic('activator', [...])
 3 VENDORPATH\myth\auth\src\Config\Services.php(74): CodeIgniter\Config\BaseService::getSharedInstance('activator', null)
 4 SYSTEMPATH\Config\BaseService.php(253): Myth\Auth\Config\Services::activator()
 5 SYSTEMPATH\Common.php(962): CodeIgniter\Config\BaseService::__callStatic('activator', [])
 6 VENDORPATH\myth\auth\src\Controllers\AuthController.php(184): service('activator')
 7 SYSTEMPATH\CodeIgniter.php(898): Myth\Auth\Controllers\AuthController->attemptRegister()
 8 SYSTEMPATH\CodeIgniter.php(457): CodeIgniter\CodeIgniter->runController(Object(Myth\Auth\Controllers\AuthController))
 9 SYSTEMPATH\CodeIgniter.php(340): CodeIgniter\CodeIgniter->handleRequest(null, Object(Config\Cache), false)
10 FCPATH\index.php(67): CodeIgniter\CodeIgniter->run()
11 SYSTEMPATH\Commands\Server\rewrite.php(43): require_once('FCPATH\\index.php')
CRITICAL - 2023-01-15 12:30:22 --> Class "" not found
in VENDORPATH\myth\auth\src\Config\Services.php on line 81.
 1 SYSTEMPATH\Config\BaseService.php(253): Myth\Auth\Config\Services::activator(Object(Myth\Auth\Config\Auth), false)
 2 SYSTEMPATH\Config\BaseService.php(194): CodeIgniter\Config\BaseService::__callStatic('activator', [...])
 3 VENDORPATH\myth\auth\src\Config\Services.php(74): CodeIgniter\Config\BaseService::getSharedInstance('activator', null)
 4 SYSTEMPATH\Config\BaseService.php(253): Myth\Auth\Config\Services::activator()
 5 SYSTEMPATH\Common.php(962): CodeIgniter\Config\BaseService::__callStatic('activator', [])
 6 VENDORPATH\myth\auth\src\Controllers\AuthController.php(184): service('activator')
 7 SYSTEMPATH\CodeIgniter.php(898): Myth\Auth\Controllers\AuthController->attemptRegister()
 8 SYSTEMPATH\CodeIgniter.php(457): CodeIgniter\CodeIgniter->runController(Object(Myth\Auth\Controllers\AuthController))
 9 SYSTEMPATH\CodeIgniter.php(340): CodeIgniter\CodeIgniter->handleRequest(null, Object(Config\Cache), false)
10 FCPATH\index.php(67): CodeIgniter\CodeIgniter->run()
11 SYSTEMPATH\Commands\Server\rewrite.php(43): require_once('FCPATH\\index.php')
CRITICAL - 2023-01-15 12:33:35 --> Class name must be a valid object or a string
in VENDORPATH\myth\auth\src\Config\Services.php on line 81.
 1 SYSTEMPATH\Config\BaseService.php(253): Myth\Auth\Config\Services::activator(Object(Myth\Auth\Config\Auth), false)
 2 SYSTEMPATH\Config\BaseService.php(194): CodeIgniter\Config\BaseService::__callStatic('activator', [...])
 3 VENDORPATH\myth\auth\src\Config\Services.php(74): CodeIgniter\Config\BaseService::getSharedInstance('activator', null)
 4 SYSTEMPATH\Config\BaseService.php(253): Myth\Auth\Config\Services::activator()
 5 SYSTEMPATH\Common.php(962): CodeIgniter\Config\BaseService::__callStatic('activator', [])
 6 VENDORPATH\myth\auth\src\Controllers\AuthController.php(184): service('activator')
 7 SYSTEMPATH\CodeIgniter.php(898): Myth\Auth\Controllers\AuthController->attemptRegister()
 8 SYSTEMPATH\CodeIgniter.php(457): CodeIgniter\CodeIgniter->runController(Object(Myth\Auth\Controllers\AuthController))
 9 SYSTEMPATH\CodeIgniter.php(340): CodeIgniter\CodeIgniter->handleRequest(null, Object(Config\Cache), false)
10 FCPATH\index.php(67): CodeIgniter\CodeIgniter->run()
11 SYSTEMPATH\Commands\Server\rewrite.php(43): require_once('FCPATH\\index.php')
CRITICAL - 2023-01-15 12:35:02 --> Class name must be a valid object or a string
in VENDORPATH\myth\auth\src\Config\Services.php on line 81.
 1 SYSTEMPATH\Config\BaseService.php(253): Myth\Auth\Config\Services::activator(Object(Myth\Auth\Config\Auth), false)
 2 SYSTEMPATH\Config\BaseService.php(194): CodeIgniter\Config\BaseService::__callStatic('activator', [...])
 3 VENDORPATH\myth\auth\src\Config\Services.php(74): CodeIgniter\Config\BaseService::getSharedInstance('activator', null)
 4 SYSTEMPATH\Config\BaseService.php(253): Myth\Auth\Config\Services::activator()
 5 SYSTEMPATH\Common.php(962): CodeIgniter\Config\BaseService::__callStatic('activator', [])
 6 VENDORPATH\myth\auth\src\Controllers\AuthController.php(184): service('activator')
 7 SYSTEMPATH\CodeIgniter.php(898): Myth\Auth\Controllers\AuthController->attemptRegister()
 8 SYSTEMPATH\CodeIgniter.php(457): CodeIgniter\CodeIgniter->runController(Object(Myth\Auth\Controllers\AuthController))
 9 SYSTEMPATH\CodeIgniter.php(340): CodeIgniter\CodeIgniter->handleRequest(null, Object(Config\Cache), false)
10 FCPATH\index.php(67): CodeIgniter\CodeIgniter->run()
11 SYSTEMPATH\Commands\Server\rewrite.php(43): require_once('FCPATH\\index.php')
CRITICAL - 2023-01-15 12:35:42 --> Class name must be a valid object or a string
in VENDORPATH\myth\auth\src\Config\Services.php on line 81.
 1 SYSTEMPATH\Config\BaseService.php(253): Myth\Auth\Config\Services::activator(Object(Myth\Auth\Config\Auth), false)
 2 SYSTEMPATH\Config\BaseService.php(194): CodeIgniter\Config\BaseService::__callStatic('activator', [...])
 3 VENDORPATH\myth\auth\src\Config\Services.php(74): CodeIgniter\Config\BaseService::getSharedInstance('activator', null)
 4 SYSTEMPATH\Config\BaseService.php(253): Myth\Auth\Config\Services::activator()
 5 SYSTEMPATH\Common.php(962): CodeIgniter\Config\BaseService::__callStatic('activator', [])
 6 VENDORPATH\myth\auth\src\Controllers\AuthController.php(184): service('activator')
 7 SYSTEMPATH\CodeIgniter.php(898): Myth\Auth\Controllers\AuthController->attemptRegister()
 8 SYSTEMPATH\CodeIgniter.php(457): CodeIgniter\CodeIgniter->runController(Object(Myth\Auth\Controllers\AuthController))
 9 SYSTEMPATH\CodeIgniter.php(340): CodeIgniter\CodeIgniter->handleRequest(null, Object(Config\Cache), false)
10 FCPATH\index.php(67): CodeIgniter\CodeIgniter->run()
11 SYSTEMPATH\Commands\Server\rewrite.php(43): require_once('FCPATH\\index.php')
CRITICAL - 2023-01-15 12:39:05 --> Class name must be a valid object or a string
in VENDORPATH\myth\auth\src\Config\Services.php on line 81.
 1 SYSTEMPATH\Config\BaseService.php(253): Myth\Auth\Config\Services::activator(Object(Myth\Auth\Config\Auth), false)
 2 SYSTEMPATH\Config\BaseService.php(194): CodeIgniter\Config\BaseService::__callStatic('activator', [...])
 3 VENDORPATH\myth\auth\src\Config\Services.php(74): CodeIgniter\Config\BaseService::getSharedInstance('activator', null)
 4 SYSTEMPATH\Config\BaseService.php(253): Myth\Auth\Config\Services::activator()
 5 SYSTEMPATH\Common.php(962): CodeIgniter\Config\BaseService::__callStatic('activator', [])
 6 VENDORPATH\myth\auth\src\Controllers\AuthController.php(184): service('activator')
 7 SYSTEMPATH\CodeIgniter.php(898): Myth\Auth\Controllers\AuthController->attemptRegister()
 8 SYSTEMPATH\CodeIgniter.php(457): CodeIgniter\CodeIgniter->runController(Object(Myth\Auth\Controllers\AuthController))
 9 SYSTEMPATH\CodeIgniter.php(340): CodeIgniter\CodeIgniter->handleRequest(null, Object(Config\Cache), false)
10 FCPATH\index.php(67): CodeIgniter\CodeIgniter->run()
11 SYSTEMPATH\Commands\Server\rewrite.php(43): require_once('FCPATH\\index.php')
CRITICAL - 2023-01-15 12:41:48 --> Class name must be a valid object or a string
in VENDORPATH\myth\auth\src\Config\Services.php on line 81.
 1 SYSTEMPATH\Config\BaseService.php(253): Myth\Auth\Config\Services::activator(Object(Myth\Auth\Config\Auth), false)
 2 SYSTEMPATH\Config\BaseService.php(194): CodeIgniter\Config\BaseService::__callStatic('activator', [...])
 3 VENDORPATH\myth\auth\src\Config\Services.php(74): CodeIgniter\Config\BaseService::getSharedInstance('activator', null)
 4 SYSTEMPATH\Config\BaseService.php(253): Myth\Auth\Config\Services::activator()
 5 SYSTEMPATH\Common.php(962): CodeIgniter\Config\BaseService::__callStatic('activator', [])
 6 VENDORPATH\myth\auth\src\Controllers\AuthController.php(184): service('activator')
 7 SYSTEMPATH\CodeIgniter.php(898): Myth\Auth\Controllers\AuthController->attemptRegister()
 8 SYSTEMPATH\CodeIgniter.php(457): CodeIgniter\CodeIgniter->runController(Object(Myth\Auth\Controllers\AuthController))
 9 SYSTEMPATH\CodeIgniter.php(340): CodeIgniter\CodeIgniter->handleRequest(null, Object(Config\Cache), false)
10 FCPATH\index.php(67): CodeIgniter\CodeIgniter->run()
11 SYSTEMPATH\Commands\Server\rewrite.php(43): require_once('FCPATH\\index.php')
CRITICAL - 2023-01-15 12:43:19 --> Class name must be a valid object or a string
in VENDORPATH\myth\auth\src\Config\Services.php on line 81.
 1 SYSTEMPATH\Config\BaseService.php(253): Myth\Auth\Config\Services::activator(Object(Myth\Auth\Config\Auth), false)
 2 SYSTEMPATH\Config\BaseService.php(194): CodeIgniter\Config\BaseService::__callStatic('activator', [...])
 3 VENDORPATH\myth\auth\src\Config\Services.php(74): CodeIgniter\Config\BaseService::getSharedInstance('activator', null)
 4 SYSTEMPATH\Config\BaseService.php(253): Myth\Auth\Config\Services::activator()
 5 SYSTEMPATH\Common.php(962): CodeIgniter\Config\BaseService::__callStatic('activator', [])
 6 VENDORPATH\myth\auth\src\Controllers\AuthController.php(184): service('activator')
 7 SYSTEMPATH\CodeIgniter.php(898): Myth\Auth\Controllers\AuthController->attemptRegister()
 8 SYSTEMPATH\CodeIgniter.php(457): CodeIgniter\CodeIgniter->runController(Object(Myth\Auth\Controllers\AuthController))
 9 SYSTEMPATH\CodeIgniter.php(340): CodeIgniter\CodeIgniter->handleRequest(null, Object(Config\Cache), false)
10 FCPATH\index.php(67): CodeIgniter\CodeIgniter->run()
11 SYSTEMPATH\Commands\Server\rewrite.php(43): require_once('FCPATH\\index.php')
