ERROR - 2023-06-23 06:11:14 --> mysqli_sql_exception: Cannot add or update a child row: a foreign key constraint fails (`taposyandu`.`kesbumil`, CONSTRAINT `kes_bumil` FOREIGN KEY (`idbumil`) REFERENCES `bumil` (`idbumil`)) in C:\xampp\htdocs\ta_posyandu\system\Database\MySQLi\Connection.php:292
Stack trace:
#0 C:\xampp\htdocs\ta_posyandu\system\Database\MySQLi\Connection.php(292): mysqli->query('INSERT INTO `ke...', 0)
#1 C:\xampp\htdocs\ta_posyandu\system\Database\BaseConnection.php(693): CodeIgniter\Database\MySQLi\Connection->execute('INSERT INTO `ke...')
#2 C:\xampp\htdocs\ta_posyandu\system\Database\BaseConnection.php(620): CodeIgniter\Database\BaseConnection->simpleQuery('INSERT INTO `ke...')
#3 C:\xampp\htdocs\ta_posyandu\system\Database\BaseBuilder.php(1916): CodeIgniter\Database\BaseConnection->query('INSERT INTO `ke...', Array, false)
#4 C:\xampp\htdocs\ta_posyandu\system\Model.php(278): CodeIgniter\Database\BaseBuilder->insert()
#5 C:\xampp\htdocs\ta_posyandu\system\BaseModel.php(738): CodeIgniter\Model->doInsert(Array)
#6 C:\xampp\htdocs\ta_posyandu\system\Model.php(666): CodeIgniter\BaseModel->insert(Array, true)
#7 C:\xampp\htdocs\ta_posyandu\app\Controllers\Kesbumil.php(193): CodeIgniter\Model->insert(Array)
#8 C:\xampp\htdocs\ta_posyandu\system\CodeIgniter.php(898): App\Controllers\Kesbumil->save()
#9 C:\xampp\htdocs\ta_posyandu\system\CodeIgniter.php(457): CodeIgniter\CodeIgniter->runController(Object(App\Controllers\Kesbumil))
#10 C:\xampp\htdocs\ta_posyandu\system\CodeIgniter.php(340): CodeIgniter\CodeIgniter->handleRequest(NULL, Object(Config\Cache), false)
#11 C:\xampp\htdocs\ta_posyandu\public\index.php(67): CodeIgniter\CodeIgniter->run()
#12 C:\xampp\htdocs\ta_posyandu\system\Commands\Server\rewrite.php(43): require_once('C:\\xampp\\htdocs...')
#13 {main}
ERROR - 2023-06-23 06:11:34 --> mysqli_sql_exception: Cannot add or update a child row: a foreign key constraint fails (`taposyandu`.`kesbumil`, CONSTRAINT `kes_bumil` FOREIGN KEY (`idbumil`) REFERENCES `bumil` (`idbumil`)) in C:\xampp\htdocs\ta_posyandu\system\Database\MySQLi\Connection.php:292
Stack trace:
#0 C:\xampp\htdocs\ta_posyandu\system\Database\MySQLi\Connection.php(292): mysqli->query('INSERT INTO `ke...', 0)
#1 C:\xampp\htdocs\ta_posyandu\system\Database\BaseConnection.php(693): CodeIgniter\Database\MySQLi\Connection->execute('INSERT INTO `ke...')
#2 C:\xampp\htdocs\ta_posyandu\system\Database\BaseConnection.php(620): CodeIgniter\Database\BaseConnection->simpleQuery('INSERT INTO `ke...')
#3 C:\xampp\htdocs\ta_posyandu\system\Database\BaseBuilder.php(1916): CodeIgniter\Database\BaseConnection->query('INSERT INTO `ke...', Array, false)
#4 C:\xampp\htdocs\ta_posyandu\system\Model.php(278): CodeIgniter\Database\BaseBuilder->insert()
#5 C:\xampp\htdocs\ta_posyandu\system\BaseModel.php(738): CodeIgniter\Model->doInsert(Array)
#6 C:\xampp\htdocs\ta_posyandu\system\Model.php(666): CodeIgniter\BaseModel->insert(Array, true)
#7 C:\xampp\htdocs\ta_posyandu\app\Controllers\Kesbumil.php(193): CodeIgniter\Model->insert(Array)
#8 C:\xampp\htdocs\ta_posyandu\system\CodeIgniter.php(898): App\Controllers\Kesbumil->save()
#9 C:\xampp\htdocs\ta_posyandu\system\CodeIgniter.php(457): CodeIgniter\CodeIgniter->runController(Object(App\Controllers\Kesbumil))
#10 C:\xampp\htdocs\ta_posyandu\system\CodeIgniter.php(340): CodeIgniter\CodeIgniter->handleRequest(NULL, Object(Config\Cache), false)
#11 C:\xampp\htdocs\ta_posyandu\public\index.php(67): CodeIgniter\CodeIgniter->run()
#12 C:\xampp\htdocs\ta_posyandu\system\Commands\Server\rewrite.php(43): require_once('C:\\xampp\\htdocs...')
#13 {main}
ERROR - 2023-06-23 06:20:22 --> mysqli_sql_exception: Cannot add or update a child row: a foreign key constraint fails (`taposyandu`.`penimbangan`, CONSTRAINT `kembang_anak` FOREIGN KEY (`idanak`) REFERENCES `anak` (`idanak`)) in C:\xampp\htdocs\ta_posyandu\system\Database\MySQLi\Connection.php:292
Stack trace:
#0 C:\xampp\htdocs\ta_posyandu\system\Database\MySQLi\Connection.php(292): mysqli->query('INSERT INTO `pe...', 0)
#1 C:\xampp\htdocs\ta_posyandu\system\Database\BaseConnection.php(693): CodeIgniter\Database\MySQLi\Connection->execute('INSERT INTO `pe...')
#2 C:\xampp\htdocs\ta_posyandu\system\Database\BaseConnection.php(620): CodeIgniter\Database\BaseConnection->simpleQuery('INSERT INTO `pe...')
#3 C:\xampp\htdocs\ta_posyandu\system\Database\BaseBuilder.php(1916): CodeIgniter\Database\BaseConnection->query('INSERT INTO `pe...', Array, false)
#4 C:\xampp\htdocs\ta_posyandu\system\Model.php(278): CodeIgniter\Database\BaseBuilder->insert()
#5 C:\xampp\htdocs\ta_posyandu\system\BaseModel.php(738): CodeIgniter\Model->doInsert(Array)
#6 C:\xampp\htdocs\ta_posyandu\system\Model.php(666): CodeIgniter\BaseModel->insert(Array, true)
#7 C:\xampp\htdocs\ta_posyandu\app\Controllers\Penimbangan.php(156): CodeIgniter\Model->insert(Array)
#8 C:\xampp\htdocs\ta_posyandu\system\CodeIgniter.php(898): App\Controllers\Penimbangan->save()
#9 C:\xampp\htdocs\ta_posyandu\system\CodeIgniter.php(457): CodeIgniter\CodeIgniter->runController(Object(App\Controllers\Penimbangan))
#10 C:\xampp\htdocs\ta_posyandu\system\CodeIgniter.php(340): CodeIgniter\CodeIgniter->handleRequest(NULL, Object(Config\Cache), false)
#11 C:\xampp\htdocs\ta_posyandu\public\index.php(67): CodeIgniter\CodeIgniter->run()
#12 C:\xampp\htdocs\ta_posyandu\system\Commands\Server\rewrite.php(43): require_once('C:\\xampp\\htdocs...')
#13 {main}
ERROR - 2023-06-23 08:11:29 --> mysqli_sql_exception: Cannot add or update a child row: a foreign key constraint fails (`taposyandu`.`kesbumil`, CONSTRAINT `kes_bumil` FOREIGN KEY (`idbumil`) REFERENCES `bumil` (`idbumil`)) in C:\xampp\htdocs\ta_posyandu\system\Database\MySQLi\Connection.php:292
Stack trace:
#0 C:\xampp\htdocs\ta_posyandu\system\Database\MySQLi\Connection.php(292): mysqli->query('INSERT INTO `ke...', 0)
#1 C:\xampp\htdocs\ta_posyandu\system\Database\BaseConnection.php(693): CodeIgniter\Database\MySQLi\Connection->execute('INSERT INTO `ke...')
#2 C:\xampp\htdocs\ta_posyandu\system\Database\BaseConnection.php(620): CodeIgniter\Database\BaseConnection->simpleQuery('INSERT INTO `ke...')
#3 C:\xampp\htdocs\ta_posyandu\system\Database\BaseBuilder.php(1916): CodeIgniter\Database\BaseConnection->query('INSERT INTO `ke...', Array, false)
#4 C:\xampp\htdocs\ta_posyandu\system\Model.php(278): CodeIgniter\Database\BaseBuilder->insert()
#5 C:\xampp\htdocs\ta_posyandu\system\BaseModel.php(738): CodeIgniter\Model->doInsert(Array)
#6 C:\xampp\htdocs\ta_posyandu\system\Model.php(666): CodeIgniter\BaseModel->insert(Array, true)
#7 C:\xampp\htdocs\ta_posyandu\app\Controllers\Kesbumil.php(193): CodeIgniter\Model->insert(Array)
#8 C:\xampp\htdocs\ta_posyandu\system\CodeIgniter.php(898): App\Controllers\Kesbumil->save()
#9 C:\xampp\htdocs\ta_posyandu\system\CodeIgniter.php(457): CodeIgniter\CodeIgniter->runController(Object(App\Controllers\Kesbumil))
#10 C:\xampp\htdocs\ta_posyandu\system\CodeIgniter.php(340): CodeIgniter\CodeIgniter->handleRequest(NULL, Object(Config\Cache), false)
#11 C:\xampp\htdocs\ta_posyandu\public\index.php(67): CodeIgniter\CodeIgniter->run()
#12 C:\xampp\htdocs\ta_posyandu\system\Commands\Server\rewrite.php(43): require_once('C:\\xampp\\htdocs...')
#13 {main}
ERROR - 2023-06-23 08:33:46 --> mysqli_sql_exception: Cannot add or update a child row: a foreign key constraint fails (`taposyandu`.`kesbumil`, CONSTRAINT `kes_bumil` FOREIGN KEY (`idbumil`) REFERENCES `bumil` (`idbumil`)) in C:\xampp\htdocs\ta_posyandu\system\Database\MySQLi\Connection.php:292
Stack trace:
#0 C:\xampp\htdocs\ta_posyandu\system\Database\MySQLi\Connection.php(292): mysqli->query('INSERT INTO `ke...', 0)
#1 C:\xampp\htdocs\ta_posyandu\system\Database\BaseConnection.php(693): CodeIgniter\Database\MySQLi\Connection->execute('INSERT INTO `ke...')
#2 C:\xampp\htdocs\ta_posyandu\system\Database\BaseConnection.php(620): CodeIgniter\Database\BaseConnection->simpleQuery('INSERT INTO `ke...')
#3 C:\xampp\htdocs\ta_posyandu\system\Database\BaseBuilder.php(1916): CodeIgniter\Database\BaseConnection->query('INSERT INTO `ke...', Array, false)
#4 C:\xampp\htdocs\ta_posyandu\system\Model.php(278): CodeIgniter\Database\BaseBuilder->insert()
#5 C:\xampp\htdocs\ta_posyandu\system\BaseModel.php(738): CodeIgniter\Model->doInsert(Array)
#6 C:\xampp\htdocs\ta_posyandu\system\Model.php(666): CodeIgniter\BaseModel->insert(Array, true)
#7 C:\xampp\htdocs\ta_posyandu\app\Controllers\Kesbumil.php(193): CodeIgniter\Model->insert(Array)
#8 C:\xampp\htdocs\ta_posyandu\system\CodeIgniter.php(898): App\Controllers\Kesbumil->save()
#9 C:\xampp\htdocs\ta_posyandu\system\CodeIgniter.php(457): CodeIgniter\CodeIgniter->runController(Object(App\Controllers\Kesbumil))
#10 C:\xampp\htdocs\ta_posyandu\system\CodeIgniter.php(340): CodeIgniter\CodeIgniter->handleRequest(NULL, Object(Config\Cache), false)
#11 C:\xampp\htdocs\ta_posyandu\public\index.php(67): CodeIgniter\CodeIgniter->run()
#12 C:\xampp\htdocs\ta_posyandu\system\Commands\Server\rewrite.php(43): require_once('C:\\xampp\\htdocs...')
#13 {main}
CRITICAL - 2023-06-23 11:51:10 --> Undefined variable $timbang
in APPPATH\Views\masyarakat\riwayatkesbumil.php on line 67.
 1 APPPATH\Views\masyarakat\riwayatkesbumil.php(67): CodeIgniter\Debug\Exceptions->errorHandler(2, 'Undefined variable $timbang', 'APPPATH\\Views\\masyarakat\\riwayatkesbumil.php', 67)
 2 SYSTEMPATH\View\View.php(213): include('APPPATH\\Views\\masyarakat\\riwayatkesbumil.php')
 3 SYSTEMPATH\View\View.php(216): CodeIgniter\View\View->CodeIgniter\View\{closure}()
 4 SYSTEMPATH\Common.php(1137): CodeIgniter\View\View->render('masyarakat/riwayatkesbumil', [], true)
 5 APPPATH\Controllers\Masyarakat.php(64): view('masyarakat/riwayatkesbumil', [...])
 6 SYSTEMPATH\CodeIgniter.php(898): App\Controllers\Masyarakat->riwayatkesbumil()
 7 SYSTEMPATH\CodeIgniter.php(457): CodeIgniter\CodeIgniter->runController(Object(App\Controllers\Masyarakat))
 8 SYSTEMPATH\CodeIgniter.php(340): CodeIgniter\CodeIgniter->handleRequest(null, Object(Config\Cache), false)
 9 FCPATH\index.php(67): CodeIgniter\CodeIgniter->run()
10 SYSTEMPATH\Commands\Server\rewrite.php(43): require_once('FCPATH\\index.php')
CRITICAL - 2023-06-23 11:52:11 --> Undefined property: stdClass::$hasil_tb
in APPPATH\Views\masyarakat\riwayatkesbumil.php on line 72.
 1 APPPATH\Views\masyarakat\riwayatkesbumil.php(72): CodeIgniter\Debug\Exceptions->errorHandler(2, 'Undefined property: stdClass::$hasil_tb', 'APPPATH\\Views\\masyarakat\\riwayatkesbumil.php', 72)
 2 SYSTEMPATH\View\View.php(213): include('APPPATH\\Views\\masyarakat\\riwayatkesbumil.php')
 3 SYSTEMPATH\View\View.php(216): CodeIgniter\View\View->CodeIgniter\View\{closure}()
 4 SYSTEMPATH\Common.php(1137): CodeIgniter\View\View->render('masyarakat/riwayatkesbumil', [], true)
 5 APPPATH\Controllers\Masyarakat.php(64): view('masyarakat/riwayatkesbumil', [...])
 6 SYSTEMPATH\CodeIgniter.php(898): App\Controllers\Masyarakat->riwayatkesbumil()
 7 SYSTEMPATH\CodeIgniter.php(457): CodeIgniter\CodeIgniter->runController(Object(App\Controllers\Masyarakat))
 8 SYSTEMPATH\CodeIgniter.php(340): CodeIgniter\CodeIgniter->handleRequest(null, Object(Config\Cache), false)
 9 FCPATH\index.php(67): CodeIgniter\CodeIgniter->run()
10 SYSTEMPATH\Commands\Server\rewrite.php(43): require_once('FCPATH\\index.php')
CRITICAL - 2023-06-23 11:55:33 --> Call to undefined method App\Models\KbModel::getAllKb
in SYSTEMPATH\Model.php on line 773.
 1 APPPATH\Controllers\Masyarakat.php(75): CodeIgniter\Model->__call('getAllKb', [])
 2 SYSTEMPATH\CodeIgniter.php(898): App\Controllers\Masyarakat->riwayatkb()
 3 SYSTEMPATH\CodeIgniter.php(457): CodeIgniter\CodeIgniter->runController(Object(App\Controllers\Masyarakat))
 4 SYSTEMPATH\CodeIgniter.php(340): CodeIgniter\CodeIgniter->handleRequest(null, Object(Config\Cache), false)
 5 FCPATH\index.php(67): CodeIgniter\CodeIgniter->run()
 6 SYSTEMPATH\Commands\Server\rewrite.php(43): require_once('FCPATH\\index.php')
