CRITICAL - 2024-03-10 00:16:34 --> Undefined variable $bidan
in APPPATH\Views\admin\bidan\tambahbidan.php on line 129.
 1 APPPATH\Views\admin\bidan\tambahbidan.php(129): CodeIgniter\Debug\Exceptions->errorHandler(2, 'Undefined variable $bidan', 'APPPATH\\Views\\admin\\bidan\\tambahbidan.php', 129)
 2 SYSTEMPATH\View\View.php(213): include('APPPATH\\Views\\admin\\bidan\\tambahbidan.php')
 3 SYSTEMPATH\View\View.php(216): CodeIgniter\View\View->CodeIgniter\View\{closure}()
 4 SYSTEMPATH\Common.php(1137): CodeIgniter\View\View->render('admin/bidan/tambahbidan', [], true)
 5 APPPATH\Controllers\Bidan.php(48): view('admin/bidan/tambahbidan', [...])
 6 SYSTEMPATH\CodeIgniter.php(898): App\Controllers\Bidan->tambahbidan()
 7 SYSTEMPATH\CodeIgniter.php(457): CodeIgniter\CodeIgniter->runController(Object(App\Controllers\Bidan))
 8 SYSTEMPATH\CodeIgniter.php(340): CodeIgniter\CodeIgniter->handleRequest(null, Object(Config\Cache), false)
 9 FCPATH\index.php(67): CodeIgniter\CodeIgniter->run()
10 SYSTEMPATH\Commands\Server\rewrite.php(43): require_once('FCPATH\\index.php')
CRITICAL - 2024-03-10 00:57:31 --> Attempt to read property "obatcacing" on array
in APPPATH\Views\kader\imun\detailimunanak.php on line 48.
 1 APPPATH\Views\kader\imun\detailimunanak.php(48): CodeIgniter\Debug\Exceptions->errorHandler(2, 'Attempt to read property "obatcacing" on array', 'APPPATH\\Views\\kader\\imun\\detailimunanak.php', 48)
 2 SYSTEMPATH\View\View.php(213): include('APPPATH\\Views\\kader\\imun\\detailimunanak.php')
 3 SYSTEMPATH\View\View.php(216): CodeIgniter\View\View->CodeIgniter\View\{closure}()
 4 SYSTEMPATH\Common.php(1137): CodeIgniter\View\View->render('kader/imun/detailimunanak', [], true)
 5 APPPATH\Controllers\Imunisasi.php(166): view('kader/imun/detailimunanak', [...])
 6 SYSTEMPATH\CodeIgniter.php(898): App\Controllers\Imunisasi->detailimunanak('18')
 7 SYSTEMPATH\CodeIgniter.php(457): CodeIgniter\CodeIgniter->runController(Object(App\Controllers\Imunisasi))
 8 SYSTEMPATH\CodeIgniter.php(340): CodeIgniter\CodeIgniter->handleRequest(null, Object(Config\Cache), false)
 9 FCPATH\index.php(67): CodeIgniter\CodeIgniter->run()
10 SYSTEMPATH\Commands\Server\rewrite.php(43): require_once('FCPATH\\index.php')
CRITICAL - 2024-03-10 00:57:40 --> Attempt to read property "obatcacing" on array
in APPPATH\Views\kader\imun\detailimunanak.php on line 48.
 1 APPPATH\Views\kader\imun\detailimunanak.php(48): CodeIgniter\Debug\Exceptions->errorHandler(2, 'Attempt to read property "obatcacing" on array', 'APPPATH\\Views\\kader\\imun\\detailimunanak.php', 48)
 2 SYSTEMPATH\View\View.php(213): include('APPPATH\\Views\\kader\\imun\\detailimunanak.php')
 3 SYSTEMPATH\View\View.php(216): CodeIgniter\View\View->CodeIgniter\View\{closure}()
 4 SYSTEMPATH\Common.php(1137): CodeIgniter\View\View->render('kader/imun/detailimunanak', [], true)
 5 APPPATH\Controllers\Imunisasi.php(166): view('kader/imun/detailimunanak', [...])
 6 SYSTEMPATH\CodeIgniter.php(898): App\Controllers\Imunisasi->detailimunanak('4')
 7 SYSTEMPATH\CodeIgniter.php(457): CodeIgniter\CodeIgniter->runController(Object(App\Controllers\Imunisasi))
 8 SYSTEMPATH\CodeIgniter.php(340): CodeIgniter\CodeIgniter->handleRequest(null, Object(Config\Cache), false)
 9 FCPATH\index.php(67): CodeIgniter\CodeIgniter->run()
10 SYSTEMPATH\Commands\Server\rewrite.php(43): require_once('FCPATH\\index.php')
