CRITICAL - 2023-06-24 03:06:32 --> Invalid file: laporan/detaillaporankomdat.php
in SYSTEMPATH\Exceptions\FrameworkException.php on line 33.
 1 SYSTEMPATH\View\View.php(201): CodeIgniter\Exceptions\FrameworkException::forInvalidFile('laporan/detaillaporankomdat.php')
 2 SYSTEMPATH\Common.php(1137): CodeIgniter\View\View->render('laporan/detaillaporankomdat', [], true)
 3 APPPATH\Controllers\Laporankomdat.php(136): view('laporan/detaillaporankomdat', [...])
 4 SYSTEMPATH\CodeIgniter.php(898): App\Controllers\Laporankomdat->detaillaporankomdat('2')
 5 SYSTEMPATH\CodeIgniter.php(457): CodeIgniter\CodeIgniter->runController(Object(App\Controllers\Laporankomdat))
 6 SYSTEMPATH\CodeIgniter.php(340): CodeIgniter\CodeIgniter->handleRequest(null, Object(Config\Cache), false)
 7 FCPATH\index.php(67): CodeIgniter\CodeIgniter->run()
 8 SYSTEMPATH\Commands\Server\rewrite.php(43): require_once('FCPATH\\index.php')
CRITICAL - 2023-06-24 03:07:45 --> Invalid file: laporan/editlaporankomdat.php
in SYSTEMPATH\Exceptions\FrameworkException.php on line 33.
 1 SYSTEMPATH\View\View.php(201): CodeIgniter\Exceptions\FrameworkException::forInvalidFile('laporan/editlaporankomdat.php')
 2 SYSTEMPATH\Common.php(1137): CodeIgniter\View\View->render('laporan/editlaporankomdat', [], true)
 3 APPPATH\Controllers\Laporankomdat.php(147): view('laporan/editlaporankomdat', [...])
 4 SYSTEMPATH\CodeIgniter.php(898): App\Controllers\Laporankomdat->editlaporankomdat('2')
 5 SYSTEMPATH\CodeIgniter.php(457): CodeIgniter\CodeIgniter->runController(Object(App\Controllers\Laporankomdat))
 6 SYSTEMPATH\CodeIgniter.php(340): CodeIgniter\CodeIgniter->handleRequest(null, Object(Config\Cache), false)
 7 FCPATH\index.php(67): CodeIgniter\CodeIgniter->run()
 8 SYSTEMPATH\Commands\Server\rewrite.php(43): require_once('FCPATH\\index.php')
CRITICAL - 2023-06-24 04:35:51 --> Too few arguments to function App\Controllers\Laporankomdat::pdf(), 0 passed in C:\xampp\htdocs\ta_posyandu\system\CodeIgniter.php on line 898 and exactly 1 expected
in APPPATH\Controllers\Laporankomdat.php on line 180.
 1 SYSTEMPATH\CodeIgniter.php(898): App\Controllers\Laporankomdat->pdf()
 2 SYSTEMPATH\CodeIgniter.php(457): CodeIgniter\CodeIgniter->runController(Object(App\Controllers\Laporankomdat))
 3 SYSTEMPATH\CodeIgniter.php(340): CodeIgniter\CodeIgniter->handleRequest(null, Object(Config\Cache), false)
 4 FCPATH\index.php(67): CodeIgniter\CodeIgniter->run()
 5 SYSTEMPATH\Commands\Server\rewrite.php(43): require_once('FCPATH\\index.php')
CRITICAL - 2023-06-24 04:58:22 --> Attempt to read property "kia1" on string
in APPPATH\Views\laporan\pdfkomdat.php on line 72.
 1 APPPATH\Views\laporan\pdfkomdat.php(72): CodeIgniter\Debug\Exceptions->errorHandler(2, 'Attempt to read property "kia1" on string', 'APPPATH\\Views\\laporan\\pdfkomdat.php', 72)
 2 SYSTEMPATH\View\View.php(213): include('APPPATH\\Views\\laporan\\pdfkomdat.php')
 3 SYSTEMPATH\View\View.php(216): CodeIgniter\View\View->CodeIgniter\View\{closure}()
 4 SYSTEMPATH\Common.php(1137): CodeIgniter\View\View->render('laporan/pdfkomdat', [], true)
 5 APPPATH\Controllers\Laporankomdat.php(202): view('laporan/pdfkomdat', [...])
 6 SYSTEMPATH\CodeIgniter.php(898): App\Controllers\Laporankomdat->pdf('2')
 7 SYSTEMPATH\CodeIgniter.php(457): CodeIgniter\CodeIgniter->runController(Object(App\Controllers\Laporankomdat))
 8 SYSTEMPATH\CodeIgniter.php(340): CodeIgniter\CodeIgniter->handleRequest(null, Object(Config\Cache), false)
 9 FCPATH\index.php(67): CodeIgniter\CodeIgniter->run()
10 SYSTEMPATH\Commands\Server\rewrite.php(43): require_once('FCPATH\\index.php')
CRITICAL - 2023-06-24 05:00:39 --> Cannot access offset of type string on string
in APPPATH\Views\laporan\pdfkomdat.php on line 72.
 1 SYSTEMPATH\View\View.php(213): include()
 2 SYSTEMPATH\View\View.php(216): CodeIgniter\View\View->CodeIgniter\View\{closure}()
 3 SYSTEMPATH\Common.php(1137): CodeIgniter\View\View->render('laporan/pdfkomdat', [], true)
 4 APPPATH\Controllers\Laporankomdat.php(202): view('laporan/pdfkomdat', [...])
 5 SYSTEMPATH\CodeIgniter.php(898): App\Controllers\Laporankomdat->pdf('2')
 6 SYSTEMPATH\CodeIgniter.php(457): CodeIgniter\CodeIgniter->runController(Object(App\Controllers\Laporankomdat))
 7 SYSTEMPATH\CodeIgniter.php(340): CodeIgniter\CodeIgniter->handleRequest(null, Object(Config\Cache), false)
 8 FCPATH\index.php(67): CodeIgniter\CodeIgniter->run()
 9 SYSTEMPATH\Commands\Server\rewrite.php(43): require_once('FCPATH\\index.php')
CRITICAL - 2023-06-24 05:01:09 --> Cannot access offset of type string on string
in APPPATH\Views\laporan\pdfkomdat.php on line 72.
 1 SYSTEMPATH\View\View.php(213): include()
 2 SYSTEMPATH\View\View.php(216): CodeIgniter\View\View->CodeIgniter\View\{closure}()
 3 SYSTEMPATH\Common.php(1137): CodeIgniter\View\View->render('laporan/pdfkomdat', [], true)
 4 APPPATH\Controllers\Laporankomdat.php(202): view('laporan/pdfkomdat', [...])
 5 SYSTEMPATH\CodeIgniter.php(898): App\Controllers\Laporankomdat->pdf('2')
 6 SYSTEMPATH\CodeIgniter.php(457): CodeIgniter\CodeIgniter->runController(Object(App\Controllers\Laporankomdat))
 7 SYSTEMPATH\CodeIgniter.php(340): CodeIgniter\CodeIgniter->handleRequest(null, Object(Config\Cache), false)
 8 FCPATH\index.php(67): CodeIgniter\CodeIgniter->run()
 9 SYSTEMPATH\Commands\Server\rewrite.php(43): require_once('FCPATH\\index.php')
ERROR - 2023-06-24 05:12:21 --> mysqli_sql_exception: Unknown column 'laporan.idkader' in 'on clause' in C:\xampp\htdocs\ta_posyandu\system\Database\MySQLi\Connection.php:292
Stack trace:
#0 C:\xampp\htdocs\ta_posyandu\system\Database\MySQLi\Connection.php(292): mysqli->query('SELECT `kader`....', 0)
#1 C:\xampp\htdocs\ta_posyandu\system\Database\BaseConnection.php(693): CodeIgniter\Database\MySQLi\Connection->execute('SELECT `kader`....')
#2 C:\xampp\htdocs\ta_posyandu\system\Database\BaseConnection.php(620): CodeIgniter\Database\BaseConnection->simpleQuery('SELECT `kader`....')
#3 C:\xampp\htdocs\ta_posyandu\system\Database\BaseBuilder.php(1585): CodeIgniter\Database\BaseConnection->query('SELECT `kader`....', Array, false)
#4 C:\xampp\htdocs\ta_posyandu\app\Models\LaporankomdatModel.php(50): CodeIgniter\Database\BaseBuilder->get()
#5 C:\xampp\htdocs\ta_posyandu\app\Controllers\Laporankomdat.php(186): App\Models\LaporankomdatModel->getIdKader('2')
#6 C:\xampp\htdocs\ta_posyandu\system\CodeIgniter.php(898): App\Controllers\Laporankomdat->pdf('2')
#7 C:\xampp\htdocs\ta_posyandu\system\CodeIgniter.php(457): CodeIgniter\CodeIgniter->runController(Object(App\Controllers\Laporankomdat))
#8 C:\xampp\htdocs\ta_posyandu\system\CodeIgniter.php(340): CodeIgniter\CodeIgniter->handleRequest(NULL, Object(Config\Cache), false)
#9 C:\xampp\htdocs\ta_posyandu\public\index.php(67): CodeIgniter\CodeIgniter->run()
#10 C:\xampp\htdocs\ta_posyandu\system\Commands\Server\rewrite.php(43): require_once('C:\\xampp\\htdocs...')
#11 {main}
CRITICAL - 2023-06-24 05:12:21 --> Unknown column 'laporan.idkader' in 'on clause'
in SYSTEMPATH\Database\MySQLi\Connection.php on line 292.
 1 SYSTEMPATH\Database\MySQLi\Connection.php(292): mysqli->query('SELECT `kader`.`idkader` as `idkader`, `agenda`.`idagenda` as `idagenda`, `agenda`.`tglagenda`, `laporan`.*, `kader`.`kadernama`
FROM `kader`
LEFT JOIN `laporan` ON `laporan`.`idkader` = `kader`.`idkader`
LEFT JOIN `agenda` ON `agenda`.`idagenda` = `laporan`.`idagenda`
WHERE `kader`.`idkader` = \'2\'
ORDER BY `kader`.`idkader` DESC', 0)
 2 SYSTEMPATH\Database\BaseConnection.php(693): CodeIgniter\Database\MySQLi\Connection->execute('SELECT `kader`.`idkader` as `idkader`, `agenda`.`idagenda` as `idagenda`, `agenda`.`tglagenda`, `laporan`.*, `kader`.`kadernama`
FROM `kader`
LEFT JOIN `laporan` ON `laporan`.`idkader` = `kader`.`idkader`
LEFT JOIN `agenda` ON `agenda`.`idagenda` = `laporan`.`idagenda`
WHERE `kader`.`idkader` = \'2\'
ORDER BY `kader`.`idkader` DESC')
 3 SYSTEMPATH\Database\BaseConnection.php(620): CodeIgniter\Database\BaseConnection->simpleQuery('SELECT `kader`.`idkader` as `idkader`, `agenda`.`idagenda` as `idagenda`, `agenda`.`tglagenda`, `laporan`.*, `kader`.`kadernama`
FROM `kader`
LEFT JOIN `laporan` ON `laporan`.`idkader` = `kader`.`idkader`
LEFT JOIN `agenda` ON `agenda`.`idagenda` = `laporan`.`idagenda`
WHERE `kader`.`idkader` = \'2\'
ORDER BY `kader`.`idkader` DESC')
 4 SYSTEMPATH\Database\BaseBuilder.php(1585): CodeIgniter\Database\BaseConnection->query('SELECT `kader`.`idkader` as `idkader`, `agenda`.`idagenda` as `idagenda`, `agenda`.`tglagenda`, `laporan`.*, `kader`.`kadernama`
FROM `kader`
LEFT JOIN `laporan` ON `laporan`.`idkader` = `kader`.`idkader`
LEFT JOIN `agenda` ON `agenda`.`idagenda` = `laporan`.`idagenda`
WHERE `kader`.`idkader` = :kader.idkader:
ORDER BY `kader`.`idkader` DESC', [...], false)
 5 APPPATH\Models\LaporankomdatModel.php(50): CodeIgniter\Database\BaseBuilder->get()
 6 APPPATH\Controllers\Laporankomdat.php(186): App\Models\LaporankomdatModel->getIdKader('2')
 7 SYSTEMPATH\CodeIgniter.php(898): App\Controllers\Laporankomdat->pdf('2')
 8 SYSTEMPATH\CodeIgniter.php(457): CodeIgniter\CodeIgniter->runController(Object(App\Controllers\Laporankomdat))
 9 SYSTEMPATH\CodeIgniter.php(340): CodeIgniter\CodeIgniter->handleRequest(null, Object(Config\Cache), false)
10 FCPATH\index.php(67): CodeIgniter\CodeIgniter->run()
11 SYSTEMPATH\Commands\Server\rewrite.php(43): require_once('FCPATH\\index.php')
ERROR - 2023-06-24 05:34:36 --> mysqli_sql_exception: Unknown column 'agenda.idagenda' in 'on clause' in C:\xampp\htdocs\ta_posyandu\system\Database\MySQLi\Connection.php:292
Stack trace:
#0 C:\xampp\htdocs\ta_posyandu\system\Database\MySQLi\Connection.php(292): mysqli->query('SELECT `kader`....', 0)
#1 C:\xampp\htdocs\ta_posyandu\system\Database\BaseConnection.php(693): CodeIgniter\Database\MySQLi\Connection->execute('SELECT `kader`....')
#2 C:\xampp\htdocs\ta_posyandu\system\Database\BaseConnection.php(620): CodeIgniter\Database\BaseConnection->simpleQuery('SELECT `kader`....')
#3 C:\xampp\htdocs\ta_posyandu\system\Database\BaseBuilder.php(1585): CodeIgniter\Database\BaseConnection->query('SELECT `kader`....', Array, false)
#4 C:\xampp\htdocs\ta_posyandu\app\Models\LaporankomdatModel.php(53): CodeIgniter\Database\BaseBuilder->get()
#5 C:\xampp\htdocs\ta_posyandu\app\Controllers\Laporankomdat.php(185): App\Models\LaporankomdatModel->getIdKader('2')
#6 C:\xampp\htdocs\ta_posyandu\system\CodeIgniter.php(898): App\Controllers\Laporankomdat->pdf('2')
#7 C:\xampp\htdocs\ta_posyandu\system\CodeIgniter.php(457): CodeIgniter\CodeIgniter->runController(Object(App\Controllers\Laporankomdat))
#8 C:\xampp\htdocs\ta_posyandu\system\CodeIgniter.php(340): CodeIgniter\CodeIgniter->handleRequest(NULL, Object(Config\Cache), false)
#9 C:\xampp\htdocs\ta_posyandu\public\index.php(67): CodeIgniter\CodeIgniter->run()
#10 C:\xampp\htdocs\ta_posyandu\system\Commands\Server\rewrite.php(43): require_once('C:\\xampp\\htdocs...')
#11 {main}
CRITICAL - 2023-06-24 05:34:36 --> Unknown column 'agenda.idagenda' in 'on clause'
in SYSTEMPATH\Database\MySQLi\Connection.php on line 292.
 1 SYSTEMPATH\Database\MySQLi\Connection.php(292): mysqli->query('SELECT `kader`.`idkader`, `kader`.`kadernama`, `laporan`.*, `agenda`.`idagenda`, `agenda`.`tglagenda`
FROM `kader`
LEFT JOIN `laporan` ON `agenda`.`idagenda` = `laporan`.`idagenda`
LEFT JOIN `agenda` ON `agenda`.`idagenda` = `laporan`.`idagenda`
WHERE `laporan`.`idlaporan` = \'2\'
ORDER BY `laporan`.`idlaporan` ASC', 0)
 2 SYSTEMPATH\Database\BaseConnection.php(693): CodeIgniter\Database\MySQLi\Connection->execute('SELECT `kader`.`idkader`, `kader`.`kadernama`, `laporan`.*, `agenda`.`idagenda`, `agenda`.`tglagenda`
FROM `kader`
LEFT JOIN `laporan` ON `agenda`.`idagenda` = `laporan`.`idagenda`
LEFT JOIN `agenda` ON `agenda`.`idagenda` = `laporan`.`idagenda`
WHERE `laporan`.`idlaporan` = \'2\'
ORDER BY `laporan`.`idlaporan` ASC')
 3 SYSTEMPATH\Database\BaseConnection.php(620): CodeIgniter\Database\BaseConnection->simpleQuery('SELECT `kader`.`idkader`, `kader`.`kadernama`, `laporan`.*, `agenda`.`idagenda`, `agenda`.`tglagenda`
FROM `kader`
LEFT JOIN `laporan` ON `agenda`.`idagenda` = `laporan`.`idagenda`
LEFT JOIN `agenda` ON `agenda`.`idagenda` = `laporan`.`idagenda`
WHERE `laporan`.`idlaporan` = \'2\'
ORDER BY `laporan`.`idlaporan` ASC')
 4 SYSTEMPATH\Database\BaseBuilder.php(1585): CodeIgniter\Database\BaseConnection->query('SELECT `kader`.`idkader`, `kader`.`kadernama`, `laporan`.*, `agenda`.`idagenda`, `agenda`.`tglagenda`
FROM `kader`
LEFT JOIN `laporan` ON `agenda`.`idagenda` = `laporan`.`idagenda`
LEFT JOIN `agenda` ON `agenda`.`idagenda` = `laporan`.`idagenda`
WHERE `laporan`.`idlaporan` = :laporan.idlaporan:
ORDER BY `laporan`.`idlaporan` ASC', [...], false)
 5 APPPATH\Models\LaporankomdatModel.php(53): CodeIgniter\Database\BaseBuilder->get()
 6 APPPATH\Controllers\Laporankomdat.php(185): App\Models\LaporankomdatModel->getIdKader('2')
 7 SYSTEMPATH\CodeIgniter.php(898): App\Controllers\Laporankomdat->pdf('2')
 8 SYSTEMPATH\CodeIgniter.php(457): CodeIgniter\CodeIgniter->runController(Object(App\Controllers\Laporankomdat))
 9 SYSTEMPATH\CodeIgniter.php(340): CodeIgniter\CodeIgniter->handleRequest(null, Object(Config\Cache), false)
10 FCPATH\index.php(67): CodeIgniter\CodeIgniter->run()
11 SYSTEMPATH\Commands\Server\rewrite.php(43): require_once('FCPATH\\index.php')
CRITICAL - 2023-06-24 05:45:22 --> Cannot access offset of type string on string
in APPPATH\Views\laporan\pdfkomdat.php on line 72.
 1 SYSTEMPATH\View\View.php(213): include()
 2 SYSTEMPATH\View\View.php(216): CodeIgniter\View\View->CodeIgniter\View\{closure}()
 3 SYSTEMPATH\Common.php(1137): CodeIgniter\View\View->render('laporan/pdfkomdat', [], true)
 4 APPPATH\Controllers\Laporankomdat.php(205): view('laporan/pdfkomdat', [...])
 5 SYSTEMPATH\CodeIgniter.php(898): App\Controllers\Laporankomdat->pdf('2')
 6 SYSTEMPATH\CodeIgniter.php(457): CodeIgniter\CodeIgniter->runController(Object(App\Controllers\Laporankomdat))
 7 SYSTEMPATH\CodeIgniter.php(340): CodeIgniter\CodeIgniter->handleRequest(null, Object(Config\Cache), false)
 8 FCPATH\index.php(67): CodeIgniter\CodeIgniter->run()
 9 SYSTEMPATH\Commands\Server\rewrite.php(43): require_once('FCPATH\\index.php')
CRITICAL - 2023-06-24 05:48:43 --> Attempt to read property "kia1" on string
in APPPATH\Views\laporan\pdfkomdat.php on line 72.
 1 APPPATH\Views\laporan\pdfkomdat.php(72): CodeIgniter\Debug\Exceptions->errorHandler(2, 'Attempt to read property "kia1" on string', 'APPPATH\\Views\\laporan\\pdfkomdat.php', 72)
 2 SYSTEMPATH\View\View.php(213): include('APPPATH\\Views\\laporan\\pdfkomdat.php')
 3 SYSTEMPATH\View\View.php(216): CodeIgniter\View\View->CodeIgniter\View\{closure}()
 4 SYSTEMPATH\Common.php(1137): CodeIgniter\View\View->render('laporan/pdfkomdat', [], true)
 5 APPPATH\Controllers\Laporankomdat.php(205): view('laporan/pdfkomdat', [...])
 6 SYSTEMPATH\CodeIgniter.php(898): App\Controllers\Laporankomdat->pdf('2')
 7 SYSTEMPATH\CodeIgniter.php(457): CodeIgniter\CodeIgniter->runController(Object(App\Controllers\Laporankomdat))
 8 SYSTEMPATH\CodeIgniter.php(340): CodeIgniter\CodeIgniter->handleRequest(null, Object(Config\Cache), false)
 9 FCPATH\index.php(67): CodeIgniter\CodeIgniter->run()
10 SYSTEMPATH\Commands\Server\rewrite.php(43): require_once('FCPATH\\index.php')
CRITICAL - 2023-06-24 06:09:01 --> Undefined variable $value
in APPPATH\Views\laporan\pdfkomdat.php on line 43.
 1 APPPATH\Views\laporan\pdfkomdat.php(43): CodeIgniter\Debug\Exceptions->errorHandler(2, 'Undefined variable $value', 'APPPATH\\Views\\laporan\\pdfkomdat.php', 43)
 2 SYSTEMPATH\View\View.php(213): include('APPPATH\\Views\\laporan\\pdfkomdat.php')
 3 SYSTEMPATH\View\View.php(216): CodeIgniter\View\View->CodeIgniter\View\{closure}()
 4 SYSTEMPATH\Common.php(1137): CodeIgniter\View\View->render('laporan/pdfkomdat', [], true)
 5 APPPATH\Controllers\Laporankomdat.php(205): view('laporan/pdfkomdat', [...])
 6 SYSTEMPATH\CodeIgniter.php(898): App\Controllers\Laporankomdat->pdf('2')
 7 SYSTEMPATH\CodeIgniter.php(457): CodeIgniter\CodeIgniter->runController(Object(App\Controllers\Laporankomdat))
 8 SYSTEMPATH\CodeIgniter.php(340): CodeIgniter\CodeIgniter->handleRequest(null, Object(Config\Cache), false)
 9 FCPATH\index.php(67): CodeIgniter\CodeIgniter->run()
10 SYSTEMPATH\Commands\Server\rewrite.php(43): require_once('FCPATH\\index.php')
CRITICAL - 2023-06-24 06:09:34 --> Attempt to read property "tgl" on string
in APPPATH\Views\laporan\pdfkomdat.php on line 44.
 1 APPPATH\Views\laporan\pdfkomdat.php(44): CodeIgniter\Debug\Exceptions->errorHandler(2, 'Attempt to read property "tgl" on string', 'APPPATH\\Views\\laporan\\pdfkomdat.php', 44)
 2 SYSTEMPATH\View\View.php(213): include('APPPATH\\Views\\laporan\\pdfkomdat.php')
 3 SYSTEMPATH\View\View.php(216): CodeIgniter\View\View->CodeIgniter\View\{closure}()
 4 SYSTEMPATH\Common.php(1137): CodeIgniter\View\View->render('laporan/pdfkomdat', [], true)
 5 APPPATH\Controllers\Laporankomdat.php(205): view('laporan/pdfkomdat', [...])
 6 SYSTEMPATH\CodeIgniter.php(898): App\Controllers\Laporankomdat->pdf('2')
 7 SYSTEMPATH\CodeIgniter.php(457): CodeIgniter\CodeIgniter->runController(Object(App\Controllers\Laporankomdat))
 8 SYSTEMPATH\CodeIgniter.php(340): CodeIgniter\CodeIgniter->handleRequest(null, Object(Config\Cache), false)
 9 FCPATH\index.php(67): CodeIgniter\CodeIgniter->run()
10 SYSTEMPATH\Commands\Server\rewrite.php(43): require_once('FCPATH\\index.php')
CRITICAL - 2023-06-24 06:10:10 --> Cannot access offset of type string on string
in APPPATH\Views\laporan\pdfkomdat.php on line 44.
 1 SYSTEMPATH\View\View.php(213): include()
 2 SYSTEMPATH\View\View.php(216): CodeIgniter\View\View->CodeIgniter\View\{closure}()
 3 SYSTEMPATH\Common.php(1137): CodeIgniter\View\View->render('laporan/pdfkomdat', [], true)
 4 APPPATH\Controllers\Laporankomdat.php(205): view('laporan/pdfkomdat', [...])
 5 SYSTEMPATH\CodeIgniter.php(898): App\Controllers\Laporankomdat->pdf('2')
 6 SYSTEMPATH\CodeIgniter.php(457): CodeIgniter\CodeIgniter->runController(Object(App\Controllers\Laporankomdat))
 7 SYSTEMPATH\CodeIgniter.php(340): CodeIgniter\CodeIgniter->handleRequest(null, Object(Config\Cache), false)
 8 FCPATH\index.php(67): CodeIgniter\CodeIgniter->run()
 9 SYSTEMPATH\Commands\Server\rewrite.php(43): require_once('FCPATH\\index.php')
CRITICAL - 2023-06-24 06:16:54 --> Cannot access offset of type string on string
in APPPATH\Views\laporan\pdfkomdat.php on line 44.
 1 SYSTEMPATH\View\View.php(213): include()
 2 SYSTEMPATH\View\View.php(216): CodeIgniter\View\View->CodeIgniter\View\{closure}()
 3 SYSTEMPATH\Common.php(1137): CodeIgniter\View\View->render('laporan/pdfkomdat', [], true)
 4 APPPATH\Controllers\Laporankomdat.php(203): view('laporan/pdfkomdat', [...])
 5 SYSTEMPATH\CodeIgniter.php(898): App\Controllers\Laporankomdat->pdf('2')
 6 SYSTEMPATH\CodeIgniter.php(457): CodeIgniter\CodeIgniter->runController(Object(App\Controllers\Laporankomdat))
 7 SYSTEMPATH\CodeIgniter.php(340): CodeIgniter\CodeIgniter->handleRequest(null, Object(Config\Cache), false)
 8 FCPATH\index.php(67): CodeIgniter\CodeIgniter->run()
 9 SYSTEMPATH\Commands\Server\rewrite.php(43): require_once('FCPATH\\index.php')
CRITICAL - 2023-06-24 06:17:33 --> Attempt to read property "tgl" on string
in APPPATH\Views\laporan\pdfkomdat.php on line 44.
 1 APPPATH\Views\laporan\pdfkomdat.php(44): CodeIgniter\Debug\Exceptions->errorHandler(2, 'Attempt to read property "tgl" on string', 'APPPATH\\Views\\laporan\\pdfkomdat.php', 44)
 2 SYSTEMPATH\View\View.php(213): include('APPPATH\\Views\\laporan\\pdfkomdat.php')
 3 SYSTEMPATH\View\View.php(216): CodeIgniter\View\View->CodeIgniter\View\{closure}()
 4 SYSTEMPATH\Common.php(1137): CodeIgniter\View\View->render('laporan/pdfkomdat', [], true)
 5 APPPATH\Controllers\Laporankomdat.php(203): view('laporan/pdfkomdat', [...])
 6 SYSTEMPATH\CodeIgniter.php(898): App\Controllers\Laporankomdat->pdf('2')
 7 SYSTEMPATH\CodeIgniter.php(457): CodeIgniter\CodeIgniter->runController(Object(App\Controllers\Laporankomdat))
 8 SYSTEMPATH\CodeIgniter.php(340): CodeIgniter\CodeIgniter->handleRequest(null, Object(Config\Cache), false)
 9 FCPATH\index.php(67): CodeIgniter\CodeIgniter->run()
10 SYSTEMPATH\Commands\Server\rewrite.php(43): require_once('FCPATH\\index.php')
CRITICAL - 2023-06-24 06:18:03 --> Cannot access offset of type string on string
in APPPATH\Views\laporan\pdfkomdat.php on line 44.
 1 SYSTEMPATH\View\View.php(213): include()
 2 SYSTEMPATH\View\View.php(216): CodeIgniter\View\View->CodeIgniter\View\{closure}()
 3 SYSTEMPATH\Common.php(1137): CodeIgniter\View\View->render('laporan/pdfkomdat', [], true)
 4 APPPATH\Controllers\Laporankomdat.php(203): view('laporan/pdfkomdat', [...])
 5 SYSTEMPATH\CodeIgniter.php(898): App\Controllers\Laporankomdat->pdf('2')
 6 SYSTEMPATH\CodeIgniter.php(457): CodeIgniter\CodeIgniter->runController(Object(App\Controllers\Laporankomdat))
 7 SYSTEMPATH\CodeIgniter.php(340): CodeIgniter\CodeIgniter->handleRequest(null, Object(Config\Cache), false)
 8 FCPATH\index.php(67): CodeIgniter\CodeIgniter->run()
 9 SYSTEMPATH\Commands\Server\rewrite.php(43): require_once('FCPATH\\index.php')
CRITICAL - 2023-06-24 06:23:07 --> Attempt to read property "kia1" on array
in APPPATH\Views\laporan\pdfkomdat.php on line 53.
 1 APPPATH\Views\laporan\pdfkomdat.php(53): CodeIgniter\Debug\Exceptions->errorHandler(2, 'Attempt to read property "kia1" on array', 'APPPATH\\Views\\laporan\\pdfkomdat.php', 53)
 2 SYSTEMPATH\View\View.php(213): include('APPPATH\\Views\\laporan\\pdfkomdat.php')
 3 SYSTEMPATH\View\View.php(216): CodeIgniter\View\View->CodeIgniter\View\{closure}()
 4 SYSTEMPATH\Common.php(1137): CodeIgniter\View\View->render('laporan/pdfkomdat', [], true)
 5 APPPATH\Controllers\Laporankomdat.php(213): view('laporan/pdfkomdat', [...])
 6 SYSTEMPATH\CodeIgniter.php(898): App\Controllers\Laporankomdat->pdf('2')
 7 SYSTEMPATH\CodeIgniter.php(457): CodeIgniter\CodeIgniter->runController(Object(App\Controllers\Laporankomdat))
 8 SYSTEMPATH\CodeIgniter.php(340): CodeIgniter\CodeIgniter->handleRequest(null, Object(Config\Cache), false)
 9 FCPATH\index.php(67): CodeIgniter\CodeIgniter->run()
10 SYSTEMPATH\Commands\Server\rewrite.php(43): require_once('FCPATH\\index.php')
CRITICAL - 2023-06-24 06:24:06 --> syntax error, unexpected integer "2", expecting "," or ";"
in APPPATH\Views\laporan\pdfkomdat.php on line 72.
 1 SYSTEMPATH\View\View.php(216): CodeIgniter\View\View->CodeIgniter\View\{closure}()
 2 SYSTEMPATH\Common.php(1137): CodeIgniter\View\View->render('laporan/pdfkomdat', [], true)
 3 APPPATH\Controllers\Laporankomdat.php(213): view('laporan/pdfkomdat', [...])
 4 SYSTEMPATH\CodeIgniter.php(898): App\Controllers\Laporankomdat->pdf('2')
 5 SYSTEMPATH\CodeIgniter.php(457): CodeIgniter\CodeIgniter->runController(Object(App\Controllers\Laporankomdat))
 6 SYSTEMPATH\CodeIgniter.php(340): CodeIgniter\CodeIgniter->handleRequest(null, Object(Config\Cache), false)
 7 FCPATH\index.php(67): CodeIgniter\CodeIgniter->run()
 8 SYSTEMPATH\Commands\Server\rewrite.php(43): require_once('FCPATH\\index.php')
CRITICAL - 2023-06-24 06:40:44 --> Invalid file: kader/timbang/pdftimbang.php
in SYSTEMPATH\Exceptions\FrameworkException.php on line 33.
 1 SYSTEMPATH\View\View.php(201): CodeIgniter\Exceptions\FrameworkException::forInvalidFile('kader/timbang/pdftimbang.php')
 2 SYSTEMPATH\Common.php(1137): CodeIgniter\View\View->render('kader/timbang/pdftimbang', [], true)
 3 APPPATH\Controllers\Penimbangan.php(300): view('kader/timbang/pdftimbang', [...])
 4 SYSTEMPATH\CodeIgniter.php(898): App\Controllers\Penimbangan->pdf()
 5 SYSTEMPATH\CodeIgniter.php(457): CodeIgniter\CodeIgniter->runController(Object(App\Controllers\Penimbangan))
 6 SYSTEMPATH\CodeIgniter.php(340): CodeIgniter\CodeIgniter->handleRequest(null, Object(Config\Cache), false)
 7 FCPATH\index.php(67): CodeIgniter\CodeIgniter->run()
 8 SYSTEMPATH\Commands\Server\rewrite.php(43): require_once('FCPATH\\index.php')
CRITICAL - 2023-06-24 06:46:01 --> Undefined property: stdClass::$kettb
in APPPATH\Views\admin\kesbumil\pdfkesbumil.php on line 109.
 1 APPPATH\Views\admin\kesbumil\pdfkesbumil.php(109): CodeIgniter\Debug\Exceptions->errorHandler(2, 'Undefined property: stdClass::$kettb', 'APPPATH\\Views\\admin\\kesbumil\\pdfkesbumil.php', 109)
 2 SYSTEMPATH\View\View.php(213): include('APPPATH\\Views\\admin\\kesbumil\\pdfkesbumil.php')
 3 SYSTEMPATH\View\View.php(216): CodeIgniter\View\View->CodeIgniter\View\{closure}()
 4 SYSTEMPATH\Common.php(1137): CodeIgniter\View\View->render('admin/kesbumil/pdfkesbumil', [], true)
 5 APPPATH\Controllers\Kesbumil.php(388): view('admin/kesbumil/pdfkesbumil', [...])
 6 SYSTEMPATH\CodeIgniter.php(898): App\Controllers\Kesbumil->pdf()
 7 SYSTEMPATH\CodeIgniter.php(457): CodeIgniter\CodeIgniter->runController(Object(App\Controllers\Kesbumil))
 8 SYSTEMPATH\CodeIgniter.php(340): CodeIgniter\CodeIgniter->handleRequest(null, Object(Config\Cache), false)
 9 FCPATH\index.php(67): CodeIgniter\CodeIgniter->run()
10 SYSTEMPATH\Commands\Server\rewrite.php(43): require_once('FCPATH\\index.php')
CRITICAL - 2023-06-24 06:48:01 --> Undefined property: stdClass::$kettb
in APPPATH\Views\admin\kesbumil\pdfkesbumil.php on line 109.
 1 APPPATH\Views\admin\kesbumil\pdfkesbumil.php(109): CodeIgniter\Debug\Exceptions->errorHandler(2, 'Undefined property: stdClass::$kettb', 'APPPATH\\Views\\admin\\kesbumil\\pdfkesbumil.php', 109)
 2 SYSTEMPATH\View\View.php(213): include('APPPATH\\Views\\admin\\kesbumil\\pdfkesbumil.php')
 3 SYSTEMPATH\View\View.php(216): CodeIgniter\View\View->CodeIgniter\View\{closure}()
 4 SYSTEMPATH\Common.php(1137): CodeIgniter\View\View->render('admin/kesbumil/pdfkesbumil', [], true)
 5 APPPATH\Controllers\Kesbumil.php(388): view('admin/kesbumil/pdfkesbumil', [...])
 6 SYSTEMPATH\CodeIgniter.php(898): App\Controllers\Kesbumil->pdf()
 7 SYSTEMPATH\CodeIgniter.php(457): CodeIgniter\CodeIgniter->runController(Object(App\Controllers\Kesbumil))
 8 SYSTEMPATH\CodeIgniter.php(340): CodeIgniter\CodeIgniter->handleRequest(null, Object(Config\Cache), false)
 9 FCPATH\index.php(67): CodeIgniter\CodeIgniter->run()
10 SYSTEMPATH\Commands\Server\rewrite.php(43): require_once('FCPATH\\index.php')
CRITICAL - 2023-06-24 07:59:04 --> Invalid file: admin/imun/pdfimun.php
in SYSTEMPATH\Exceptions\FrameworkException.php on line 33.
 1 SYSTEMPATH\View\View.php(201): CodeIgniter\Exceptions\FrameworkException::forInvalidFile('admin/imun/pdfimun.php')
 2 SYSTEMPATH\Common.php(1137): CodeIgniter\View\View->render('admin/imun/pdfimun', [], true)
 3 APPPATH\Controllers\Imunisasi.php(236): view('admin/imun/pdfimun', [...])
 4 SYSTEMPATH\CodeIgniter.php(898): App\Controllers\Imunisasi->pdf()
 5 SYSTEMPATH\CodeIgniter.php(457): CodeIgniter\CodeIgniter->runController(Object(App\Controllers\Imunisasi))
 6 SYSTEMPATH\CodeIgniter.php(340): CodeIgniter\CodeIgniter->handleRequest(null, Object(Config\Cache), false)
 7 FCPATH\index.php(67): CodeIgniter\CodeIgniter->run()
 8 SYSTEMPATH\Commands\Server\rewrite.php(43): require_once('FCPATH\\index.php')
