ERROR - 2024-05-03 01:22:21 --> mysqli_sql_exception: Cannot delete or update a parent row: a foreign key constraint fails (`posyandu`.`absenanak`, CONSTRAINT `ab_agen` FOREIGN KEY (`idagenda`) REFERENCES `agenda` (`idagenda`)) in C:\xampp\htdocs\taposyandu\system\Database\MySQLi\Connection.php:292
Stack trace:
#0 C:\xampp\htdocs\taposyandu\system\Database\MySQLi\Connection.php(292): mysqli->query('DELETE FROM `ag...', 0)
#1 C:\xampp\htdocs\taposyandu\system\Database\BaseConnection.php(693): CodeIgniter\Database\MySQLi\Connection->execute('DELETE FROM `ag...')
#2 C:\xampp\htdocs\taposyandu\system\Database\BaseConnection.php(620): CodeIgniter\Database\BaseConnection->simpleQuery('DELETE FROM `ag...')
#3 C:\xampp\htdocs\taposyandu\system\Database\BaseBuilder.php(2390): CodeIgniter\Database\BaseConnection->query('DELETE FROM `ag...', Array, false)
#4 C:\xampp\htdocs\taposyandu\system\Model.php(400): CodeIgniter\Database\BaseBuilder->delete()
#5 C:\xampp\htdocs\taposyandu\system\BaseModel.php(963): CodeIgniter\Model->doDelete(Array, false)
#6 C:\xampp\htdocs\taposyandu\app\Controllers\Agenda.php(204): CodeIgniter\BaseModel->delete(Array)
#7 C:\xampp\htdocs\taposyandu\system\CodeIgniter.php(898): App\Controllers\Agenda->hapusagenda('7')
#8 C:\xampp\htdocs\taposyandu\system\CodeIgniter.php(457): CodeIgniter\CodeIgniter->runController(Object(App\Controllers\Agenda))
#9 C:\xampp\htdocs\taposyandu\system\CodeIgniter.php(340): CodeIgniter\CodeIgniter->handleRequest(NULL, Object(Config\Cache), false)
#10 C:\xampp\htdocs\taposyandu\public\index.php(67): CodeIgniter\CodeIgniter->run()
#11 C:\xampp\htdocs\taposyandu\system\Commands\Server\rewrite.php(43): require_once('C:\\xampp\\htdocs...')
#12 {main}
CRITICAL - 2024-05-03 01:22:21 --> Cannot delete or update a parent row: a foreign key constraint fails (`posyandu`.`absenanak`, CONSTRAINT `ab_agen` FOREIGN KEY (`idagenda`) REFERENCES `agenda` (`idagenda`))
in SYSTEMPATH\Database\MySQLi\Connection.php on line 292.
 1 SYSTEMPATH\Database\MySQLi\Connection.php(292): mysqli->query('DELETE FROM `agenda`
WHERE `idagenda` IN (\'7\')', 0)
 2 SYSTEMPATH\Database\BaseConnection.php(693): CodeIgniter\Database\MySQLi\Connection->execute('DELETE FROM `agenda`
WHERE `idagenda` IN (\'7\')')
 3 SYSTEMPATH\Database\BaseConnection.php(620): CodeIgniter\Database\BaseConnection->simpleQuery('DELETE FROM `agenda`
WHERE `idagenda` IN (\'7\')')
 4 SYSTEMPATH\Database\BaseBuilder.php(2390): CodeIgniter\Database\BaseConnection->query('DELETE FROM `agenda`
WHERE `idagenda` IN :idagenda:', [...], false)
 5 SYSTEMPATH\Model.php(400): CodeIgniter\Database\BaseBuilder->delete()
 6 SYSTEMPATH\BaseModel.php(963): CodeIgniter\Model->doDelete([...], false)
 7 APPPATH\Controllers\Agenda.php(204): CodeIgniter\BaseModel->delete([...])
 8 SYSTEMPATH\CodeIgniter.php(898): App\Controllers\Agenda->hapusagenda('7')
 9 SYSTEMPATH\CodeIgniter.php(457): CodeIgniter\CodeIgniter->runController(Object(App\Controllers\Agenda))
10 SYSTEMPATH\CodeIgniter.php(340): CodeIgniter\CodeIgniter->handleRequest(null, Object(Config\Cache), false)
11 FCPATH\index.php(67): CodeIgniter\CodeIgniter->run()
12 SYSTEMPATH\Commands\Server\rewrite.php(43): require_once('FCPATH\\index.php')
CRITICAL - 2024-05-03 01:30:03 --> Attempt to read property "errno" on bool
in SYSTEMPATH\Database\MySQLi\Connection.php on line 555.
 1 SYSTEMPATH\Database\MySQLi\Connection.php(555): CodeIgniter\Debug\Exceptions->errorHandler(2, 'Attempt to read property "errno" on bool', 'SYSTEMPATH\\Database\\MySQLi\\Connection.php', 555)
 2 SYSTEMPATH\Model.php(452): CodeIgniter\Database\MySQLi\Connection->error()
 3 SYSTEMPATH\BaseModel.php(1059): CodeIgniter\Model->doErrors()
 4 APPPATH\Controllers\Agenda.php(185): CodeIgniter\BaseModel->errors()
 5 SYSTEMPATH\CodeIgniter.php(898): App\Controllers\Agenda->update('5')
 6 SYSTEMPATH\CodeIgniter.php(457): CodeIgniter\CodeIgniter->runController(Object(App\Controllers\Agenda))
 7 SYSTEMPATH\CodeIgniter.php(340): CodeIgniter\CodeIgniter->handleRequest(null, Object(Config\Cache), false)
 8 FCPATH\index.php(67): CodeIgniter\CodeIgniter->run()
 9 SYSTEMPATH\Commands\Server\rewrite.php(43): require_once('FCPATH\\index.php')
CRITICAL - 2024-05-03 01:30:57 --> Attempt to read property "errno" on bool
in SYSTEMPATH\Database\MySQLi\Connection.php on line 555.
 1 SYSTEMPATH\Database\MySQLi\Connection.php(555): CodeIgniter\Debug\Exceptions->errorHandler(2, 'Attempt to read property "errno" on bool', 'SYSTEMPATH\\Database\\MySQLi\\Connection.php', 555)
 2 SYSTEMPATH\Model.php(452): CodeIgniter\Database\MySQLi\Connection->error()
 3 SYSTEMPATH\BaseModel.php(1059): CodeIgniter\Model->doErrors()
 4 APPPATH\Controllers\Agenda.php(185): CodeIgniter\BaseModel->errors()
 5 SYSTEMPATH\CodeIgniter.php(898): App\Controllers\Agenda->update('5')
 6 SYSTEMPATH\CodeIgniter.php(457): CodeIgniter\CodeIgniter->runController(Object(App\Controllers\Agenda))
 7 SYSTEMPATH\CodeIgniter.php(340): CodeIgniter\CodeIgniter->handleRequest(null, Object(Config\Cache), false)
 8 FCPATH\index.php(67): CodeIgniter\CodeIgniter->run()
 9 SYSTEMPATH\Commands\Server\rewrite.php(43): require_once('FCPATH\\index.php')
