CRITICAL - 2024-05-15 00:50:35 --> Attempt to read property "obatcacing" on array
in APPPATH\Views\kader\imun\detailimunanak.php on line 48.
 1 APPPATH\Views\kader\imun\detailimunanak.php(48): CodeIgniter\Debug\Exceptions->errorHandler(2, 'Attempt to read property "obatcacing" on array', 'APPPATH\\Views\\kader\\imun\\detailimunanak.php', 48)
 2 SYSTEMPATH\View\View.php(213): include('APPPATH\\Views\\kader\\imun\\detailimunanak.php')
 3 SYSTEMPATH\View\View.php(216): CodeIgniter\View\View->CodeIgniter\View\{closure}()
 4 SYSTEMPATH\Common.php(1137): CodeIgniter\View\View->render('kader/imun/detailimunanak', [], true)
 5 APPPATH\Controllers\Imunisasi.php(166): view('kader/imun/detailimunanak', [...])
 6 SYSTEMPATH\CodeIgniter.php(898): App\Controllers\Imunisasi->detailimunanak('19')
 7 SYSTEMPATH\CodeIgniter.php(457): CodeIgniter\CodeIgniter->runController(Object(App\Controllers\Imunisasi))
 8 SYSTEMPATH\CodeIgniter.php(340): CodeIgniter\CodeIgniter->handleRequest(null, Object(Config\Cache), false)
 9 FCPATH\index.php(67): CodeIgniter\CodeIgniter->run()
10 SYSTEMPATH\Commands\Server\rewrite.php(43): require_once('FCPATH\\index.php')
CRITICAL - 2024-05-15 03:34:21 --> Undefined property: stdClass::$b
in APPPATH\Views\kader\timbang\detailpenimbanganak.php on line 102.
 1 APPPATH\Views\kader\timbang\detailpenimbanganak.php(102): CodeIgniter\Debug\Exceptions->errorHandler(2, 'Undefined property: stdClass::$b', 'APPPATH\\Views\\kader\\timbang\\detailpenimbanganak.php', 102)
 2 SYSTEMPATH\View\View.php(213): include('APPPATH\\Views\\kader\\timbang\\detailpenimbanganak.php')
 3 SYSTEMPATH\View\View.php(216): CodeIgniter\View\View->CodeIgniter\View\{closure}()
 4 SYSTEMPATH\Common.php(1137): CodeIgniter\View\View->render('kader/timbang/detailpenimbanganak', [], true)
 5 APPPATH\Controllers\Penimbangan.php(175): view('kader/timbang/detailpenimbanganak', [...])
 6 SYSTEMPATH\CodeIgniter.php(898): App\Controllers\Penimbangan->detailpenimbanganak('7')
 7 SYSTEMPATH\CodeIgniter.php(457): CodeIgniter\CodeIgniter->runController(Object(App\Controllers\Penimbangan))
 8 SYSTEMPATH\CodeIgniter.php(340): CodeIgniter\CodeIgniter->handleRequest(null, Object(Config\Cache), false)
 9 FCPATH\index.php(67): CodeIgniter\CodeIgniter->run()
10 SYSTEMPATH\Commands\Server\rewrite.php(43): require_once('FCPATH\\index.php')
CRITICAL - 2024-05-15 03:34:36 --> Undefined property: stdClass::$b
in APPPATH\Views\kader\timbang\detailpenimbanganak.php on line 102.
 1 APPPATH\Views\kader\timbang\detailpenimbanganak.php(102): CodeIgniter\Debug\Exceptions->errorHandler(2, 'Undefined property: stdClass::$b', 'APPPATH\\Views\\kader\\timbang\\detailpenimbanganak.php', 102)
 2 SYSTEMPATH\View\View.php(213): include('APPPATH\\Views\\kader\\timbang\\detailpenimbanganak.php')
 3 SYSTEMPATH\View\View.php(216): CodeIgniter\View\View->CodeIgniter\View\{closure}()
 4 SYSTEMPATH\Common.php(1137): CodeIgniter\View\View->render('kader/timbang/detailpenimbanganak', [], true)
 5 APPPATH\Controllers\Penimbangan.php(175): view('kader/timbang/detailpenimbanganak', [...])
 6 SYSTEMPATH\CodeIgniter.php(898): App\Controllers\Penimbangan->detailpenimbanganak('7')
 7 SYSTEMPATH\CodeIgniter.php(457): CodeIgniter\CodeIgniter->runController(Object(App\Controllers\Penimbangan))
 8 SYSTEMPATH\CodeIgniter.php(340): CodeIgniter\CodeIgniter->handleRequest(null, Object(Config\Cache), false)
 9 FCPATH\index.php(67): CodeIgniter\CodeIgniter->run()
10 SYSTEMPATH\Commands\Server\rewrite.php(43): require_once('FCPATH\\index.php')
CRITICAL - 2024-05-15 03:34:38 --> Undefined property: stdClass::$b
in APPPATH\Views\kader\timbang\detailpenimbanganak.php on line 102.
 1 APPPATH\Views\kader\timbang\detailpenimbanganak.php(102): CodeIgniter\Debug\Exceptions->errorHandler(2, 'Undefined property: stdClass::$b', 'APPPATH\\Views\\kader\\timbang\\detailpenimbanganak.php', 102)
 2 SYSTEMPATH\View\View.php(213): include('APPPATH\\Views\\kader\\timbang\\detailpenimbanganak.php')
 3 SYSTEMPATH\View\View.php(216): CodeIgniter\View\View->CodeIgniter\View\{closure}()
 4 SYSTEMPATH\Common.php(1137): CodeIgniter\View\View->render('kader/timbang/detailpenimbanganak', [], true)
 5 APPPATH\Controllers\Penimbangan.php(175): view('kader/timbang/detailpenimbanganak', [...])
 6 SYSTEMPATH\CodeIgniter.php(898): App\Controllers\Penimbangan->detailpenimbanganak('7')
 7 SYSTEMPATH\CodeIgniter.php(457): CodeIgniter\CodeIgniter->runController(Object(App\Controllers\Penimbangan))
 8 SYSTEMPATH\CodeIgniter.php(340): CodeIgniter\CodeIgniter->handleRequest(null, Object(Config\Cache), false)
 9 FCPATH\index.php(67): CodeIgniter\CodeIgniter->run()
10 SYSTEMPATH\Commands\Server\rewrite.php(43): require_once('FCPATH\\index.php')
