CRITICAL - 2023-02-06 04:22:50 --> Call to a member function getError() on null
in APPPATH\Controllers\Bidan.php on line 93.
 1 SYSTEMPATH\CodeIgniter.php(898): App\Controllers\Bidan->save()
 2 SYSTEMPATH\CodeIgniter.php(457): CodeIgniter\CodeIgniter->runController(Object(App\Controllers\Bidan))
 3 SYSTEMPATH\CodeIgniter.php(340): CodeIgniter\CodeIgniter->handleRequest(null, Object(Config\Cache), false)
 4 FCPATH\index.php(67): CodeIgniter\CodeIgniter->run()
 5 SYSTEMPATH\Commands\Server\rewrite.php(43): require_once('FCPATH\\index.php')
CRITICAL - 2023-02-06 04:23:22 --> Call to a member function getError() on null
in APPPATH\Controllers\Bidan.php on line 93.
 1 SYSTEMPATH\CodeIgniter.php(898): App\Controllers\Bidan->save()
 2 SYSTEMPATH\CodeIgniter.php(457): CodeIgniter\CodeIgniter->runController(Object(App\Controllers\Bidan))
 3 SYSTEMPATH\CodeIgniter.php(340): CodeIgniter\CodeIgniter->handleRequest(null, Object(Config\Cache), false)
 4 FCPATH\index.php(67): CodeIgniter\CodeIgniter->run()
 5 SYSTEMPATH\Commands\Server\rewrite.php(43): require_once('FCPATH\\index.php')
CRITICAL - 2023-02-06 04:23:41 --> Call to a member function getError() on null
in APPPATH\Controllers\Bidan.php on line 88.
 1 SYSTEMPATH\CodeIgniter.php(898): App\Controllers\Bidan->save()
 2 SYSTEMPATH\CodeIgniter.php(457): CodeIgniter\CodeIgniter->runController(Object(App\Controllers\Bidan))
 3 SYSTEMPATH\CodeIgniter.php(340): CodeIgniter\CodeIgniter->handleRequest(null, Object(Config\Cache), false)
 4 FCPATH\index.php(67): CodeIgniter\CodeIgniter->run()
 5 SYSTEMPATH\Commands\Server\rewrite.php(43): require_once('FCPATH\\index.php')
CRITICAL - 2023-02-06 04:24:31 --> Call to a member function getError() on null
in APPPATH\Controllers\Bidan.php on line 88.
 1 SYSTEMPATH\CodeIgniter.php(898): App\Controllers\Bidan->save()
 2 SYSTEMPATH\CodeIgniter.php(457): CodeIgniter\CodeIgniter->runController(Object(App\Controllers\Bidan))
 3 SYSTEMPATH\CodeIgniter.php(340): CodeIgniter\CodeIgniter->handleRequest(null, Object(Config\Cache), false)
 4 FCPATH\index.php(67): CodeIgniter\CodeIgniter->run()
 5 SYSTEMPATH\Commands\Server\rewrite.php(43): require_once('FCPATH\\index.php')
CRITICAL - 2023-02-06 08:52:48 --> Undefined array key "foto"
in APPPATH\Views\admin\detailkader.php on line 29.
 1 APPPATH\Views\admin\detailkader.php(29): CodeIgniter\Debug\Exceptions->errorHandler(2, 'Undefined array key "foto"', 'APPPATH\\Views\\admin\\detailkader.php', 29)
 2 SYSTEMPATH\View\View.php(213): include('APPPATH\\Views\\admin\\detailkader.php')
 3 SYSTEMPATH\View\View.php(216): CodeIgniter\View\View->CodeIgniter\View\{closure}()
 4 SYSTEMPATH\Common.php(1137): CodeIgniter\View\View->render('admin/detailkader', [], true)
 5 APPPATH\Controllers\Kader.php(106): view('admin/detailkader', [...])
 6 SYSTEMPATH\CodeIgniter.php(898): App\Controllers\Kader->detailkader('adadas')
 7 SYSTEMPATH\CodeIgniter.php(457): CodeIgniter\CodeIgniter->runController(Object(App\Controllers\Kader))
 8 SYSTEMPATH\CodeIgniter.php(340): CodeIgniter\CodeIgniter->handleRequest(null, Object(Config\Cache), false)
 9 FCPATH\index.php(67): CodeIgniter\CodeIgniter->run()
10 SYSTEMPATH\Commands\Server\rewrite.php(43): require_once('FCPATH\\index.php')
CRITICAL - 2023-02-06 09:34:13 --> Undefined array key "puskesmas"
in APPPATH\Views\admin\detailpuskesmas.php on line 34.
 1 APPPATH\Views\admin\detailpuskesmas.php(34): CodeIgniter\Debug\Exceptions->errorHandler(2, 'Undefined array key "puskesmas"', 'APPPATH\\Views\\admin\\detailpuskesmas.php', 34)
 2 SYSTEMPATH\View\View.php(213): include('APPPATH\\Views\\admin\\detailpuskesmas.php')
 3 SYSTEMPATH\View\View.php(216): CodeIgniter\View\View->CodeIgniter\View\{closure}()
 4 SYSTEMPATH\Common.php(1137): CodeIgniter\View\View->render('admin/detailpuskesmas', [], true)
 5 APPPATH\Controllers\Puskesmas.php(119): view('admin/detailpuskesmas', [...])
 6 SYSTEMPATH\CodeIgniter.php(898): App\Controllers\Puskesmas->detailpuskesmas('1')
 7 SYSTEMPATH\CodeIgniter.php(457): CodeIgniter\CodeIgniter->runController(Object(App\Controllers\Puskesmas))
 8 SYSTEMPATH\CodeIgniter.php(340): CodeIgniter\CodeIgniter->handleRequest(null, Object(Config\Cache), false)
 9 FCPATH\index.php(67): CodeIgniter\CodeIgniter->run()
10 SYSTEMPATH\Commands\Server\rewrite.php(43): require_once('FCPATH\\index.php')
CRITICAL - 2023-02-06 09:35:37 --> Undefined array key "puskesmas"
in APPPATH\Views\admin\detailpuskesmas.php on line 34.
 1 APPPATH\Views\admin\detailpuskesmas.php(34): CodeIgniter\Debug\Exceptions->errorHandler(2, 'Undefined array key "puskesmas"', 'APPPATH\\Views\\admin\\detailpuskesmas.php', 34)
 2 SYSTEMPATH\View\View.php(213): include('APPPATH\\Views\\admin\\detailpuskesmas.php')
 3 SYSTEMPATH\View\View.php(216): CodeIgniter\View\View->CodeIgniter\View\{closure}()
 4 SYSTEMPATH\Common.php(1137): CodeIgniter\View\View->render('admin/detailpuskesmas', [], true)
 5 APPPATH\Controllers\Puskesmas.php(119): view('admin/detailpuskesmas', [...])
 6 SYSTEMPATH\CodeIgniter.php(898): App\Controllers\Puskesmas->detailpuskesmas('1')
 7 SYSTEMPATH\CodeIgniter.php(457): CodeIgniter\CodeIgniter->runController(Object(App\Controllers\Puskesmas))
 8 SYSTEMPATH\CodeIgniter.php(340): CodeIgniter\CodeIgniter->handleRequest(null, Object(Config\Cache), false)
 9 FCPATH\index.php(67): CodeIgniter\CodeIgniter->run()
10 SYSTEMPATH\Commands\Server\rewrite.php(43): require_once('FCPATH\\index.php')
CRITICAL - 2023-02-06 09:36:47 --> Attempt to read property "puskesmas" on array
in APPPATH\Views\admin\detailpuskesmas.php on line 34.
 1 APPPATH\Views\admin\detailpuskesmas.php(34): CodeIgniter\Debug\Exceptions->errorHandler(2, 'Attempt to read property "puskesmas" on array', 'APPPATH\\Views\\admin\\detailpuskesmas.php', 34)
 2 SYSTEMPATH\View\View.php(213): include('APPPATH\\Views\\admin\\detailpuskesmas.php')
 3 SYSTEMPATH\View\View.php(216): CodeIgniter\View\View->CodeIgniter\View\{closure}()
 4 SYSTEMPATH\Common.php(1137): CodeIgniter\View\View->render('admin/detailpuskesmas', [], true)
 5 APPPATH\Controllers\Puskesmas.php(119): view('admin/detailpuskesmas', [...])
 6 SYSTEMPATH\CodeIgniter.php(898): App\Controllers\Puskesmas->detailpuskesmas('1')
 7 SYSTEMPATH\CodeIgniter.php(457): CodeIgniter\CodeIgniter->runController(Object(App\Controllers\Puskesmas))
 8 SYSTEMPATH\CodeIgniter.php(340): CodeIgniter\CodeIgniter->handleRequest(null, Object(Config\Cache), false)
 9 FCPATH\index.php(67): CodeIgniter\CodeIgniter->run()
10 SYSTEMPATH\Commands\Server\rewrite.php(43): require_once('FCPATH\\index.php')
CRITICAL - 2023-02-06 09:38:31 --> Attempt to read property "puskesmas" on array
in APPPATH\Views\admin\detailpuskesmas.php on line 34.
 1 APPPATH\Views\admin\detailpuskesmas.php(34): CodeIgniter\Debug\Exceptions->errorHandler(2, 'Attempt to read property "puskesmas" on array', 'APPPATH\\Views\\admin\\detailpuskesmas.php', 34)
 2 SYSTEMPATH\View\View.php(213): include('APPPATH\\Views\\admin\\detailpuskesmas.php')
 3 SYSTEMPATH\View\View.php(216): CodeIgniter\View\View->CodeIgniter\View\{closure}()
 4 SYSTEMPATH\Common.php(1137): CodeIgniter\View\View->render('admin/detailpuskesmas', [], true)
 5 APPPATH\Controllers\Puskesmas.php(117): view('admin/detailpuskesmas', [...])
 6 SYSTEMPATH\CodeIgniter.php(898): App\Controllers\Puskesmas->detailpuskesmas('1')
 7 SYSTEMPATH\CodeIgniter.php(457): CodeIgniter\CodeIgniter->runController(Object(App\Controllers\Puskesmas))
 8 SYSTEMPATH\CodeIgniter.php(340): CodeIgniter\CodeIgniter->handleRequest(null, Object(Config\Cache), false)
 9 FCPATH\index.php(67): CodeIgniter\CodeIgniter->run()
10 SYSTEMPATH\Commands\Server\rewrite.php(43): require_once('FCPATH\\index.php')
CRITICAL - 2023-02-06 09:41:38 --> Attempt to read property "puskesmas" on array
in APPPATH\Views\admin\detailpuskesmas.php on line 34.
 1 APPPATH\Views\admin\detailpuskesmas.php(34): CodeIgniter\Debug\Exceptions->errorHandler(2, 'Attempt to read property "puskesmas" on array', 'APPPATH\\Views\\admin\\detailpuskesmas.php', 34)
 2 SYSTEMPATH\View\View.php(213): include('APPPATH\\Views\\admin\\detailpuskesmas.php')
 3 SYSTEMPATH\View\View.php(216): CodeIgniter\View\View->CodeIgniter\View\{closure}()
 4 SYSTEMPATH\Common.php(1137): CodeIgniter\View\View->render('admin/detailpuskesmas', [], true)
 5 APPPATH\Controllers\Puskesmas.php(117): view('admin/detailpuskesmas', [...])
 6 SYSTEMPATH\CodeIgniter.php(898): App\Controllers\Puskesmas->detailpuskesmas('1')
 7 SYSTEMPATH\CodeIgniter.php(457): CodeIgniter\CodeIgniter->runController(Object(App\Controllers\Puskesmas))
 8 SYSTEMPATH\CodeIgniter.php(340): CodeIgniter\CodeIgniter->handleRequest(null, Object(Config\Cache), false)
 9 FCPATH\index.php(67): CodeIgniter\CodeIgniter->run()
10 SYSTEMPATH\Commands\Server\rewrite.php(43): require_once('FCPATH\\index.php')
CRITICAL - 2023-02-06 09:43:38 --> Attempt to read property "alamat" on array
in APPPATH\Views\admin\detailpuskesmas.php on line 36.
 1 APPPATH\Views\admin\detailpuskesmas.php(36): CodeIgniter\Debug\Exceptions->errorHandler(2, 'Attempt to read property "alamat" on array', 'APPPATH\\Views\\admin\\detailpuskesmas.php', 36)
 2 SYSTEMPATH\View\View.php(213): include('APPPATH\\Views\\admin\\detailpuskesmas.php')
 3 SYSTEMPATH\View\View.php(216): CodeIgniter\View\View->CodeIgniter\View\{closure}()
 4 SYSTEMPATH\Common.php(1137): CodeIgniter\View\View->render('admin/detailpuskesmas', [], true)
 5 APPPATH\Controllers\Puskesmas.php(117): view('admin/detailpuskesmas', [...])
 6 SYSTEMPATH\CodeIgniter.php(898): App\Controllers\Puskesmas->detailpuskesmas('1')
 7 SYSTEMPATH\CodeIgniter.php(457): CodeIgniter\CodeIgniter->runController(Object(App\Controllers\Puskesmas))
 8 SYSTEMPATH\CodeIgniter.php(340): CodeIgniter\CodeIgniter->handleRequest(null, Object(Config\Cache), false)
 9 FCPATH\index.php(67): CodeIgniter\CodeIgniter->run()
10 SYSTEMPATH\Commands\Server\rewrite.php(43): require_once('FCPATH\\index.php')
ERROR - 2023-02-06 09:45:43 --> mysqli_sql_exception: Unknown column 'created_at' in 'field list' in C:\xampp\htdocs\ci4\system\Database\MySQLi\Connection.php:292
Stack trace:
#0 C:\xampp\htdocs\ci4\system\Database\MySQLi\Connection.php(292): mysqli->query('INSERT INTO `pu...', 0)
#1 C:\xampp\htdocs\ci4\system\Database\BaseConnection.php(693): CodeIgniter\Database\MySQLi\Connection->execute('INSERT INTO `pu...')
#2 C:\xampp\htdocs\ci4\system\Database\BaseConnection.php(620): CodeIgniter\Database\BaseConnection->simpleQuery('INSERT INTO `pu...')
#3 C:\xampp\htdocs\ci4\system\Database\BaseBuilder.php(1916): CodeIgniter\Database\BaseConnection->query('INSERT INTO `pu...', Array, false)
#4 C:\xampp\htdocs\ci4\system\Model.php(278): CodeIgniter\Database\BaseBuilder->insert()
#5 C:\xampp\htdocs\ci4\system\BaseModel.php(738): CodeIgniter\Model->doInsert(Array)
#6 C:\xampp\htdocs\ci4\system\Model.php(666): CodeIgniter\BaseModel->insert(Array, false)
#7 C:\xampp\htdocs\ci4\system\BaseModel.php(658): CodeIgniter\Model->insert(Array, false)
#8 C:\xampp\htdocs\ci4\app\Controllers\Puskesmas.php(180): CodeIgniter\BaseModel->save(Array)
#9 C:\xampp\htdocs\ci4\system\CodeIgniter.php(898): App\Controllers\Puskesmas->update('1')
#10 C:\xampp\htdocs\ci4\system\CodeIgniter.php(457): CodeIgniter\CodeIgniter->runController(Object(App\Controllers\Puskesmas))
#11 C:\xampp\htdocs\ci4\system\CodeIgniter.php(340): CodeIgniter\CodeIgniter->handleRequest(NULL, Object(Config\Cache), false)
#12 C:\xampp\htdocs\ci4\public\index.php(67): CodeIgniter\CodeIgniter->run()
#13 C:\xampp\htdocs\ci4\system\Commands\Server\rewrite.php(43): require_once('C:\\xampp\\htdocs...')
#14 {main}
CRITICAL - 2023-02-06 09:45:43 --> Unknown column 'created_at' in 'field list'
in SYSTEMPATH\Database\MySQLi\Connection.php on line 292.
 1 SYSTEMPATH\Database\MySQLi\Connection.php(292): mysqli->query('INSERT INTO `puskesmas` (`puskesmas`, `alamat`, `nohp`, `created_at`, `updated_at`) VALUES (\'UPTD Puskesmas Adan-Adan\', \'Jln. Soekarno Hatta, Ds. Adan-Adan, Kec. Gurah, Kab. Kedirioooooooo\', \'(0354) 7415023u\', \'2023-02-06 09:45:43\', \'2023-02-06 09:45:43\')', 0)
 2 SYSTEMPATH\Database\BaseConnection.php(693): CodeIgniter\Database\MySQLi\Connection->execute('INSERT INTO `puskesmas` (`puskesmas`, `alamat`, `nohp`, `created_at`, `updated_at`) VALUES (\'UPTD Puskesmas Adan-Adan\', \'Jln. Soekarno Hatta, Ds. Adan-Adan, Kec. Gurah, Kab. Kedirioooooooo\', \'(0354) 7415023u\', \'2023-02-06 09:45:43\', \'2023-02-06 09:45:43\')')
 3 SYSTEMPATH\Database\BaseConnection.php(620): CodeIgniter\Database\BaseConnection->simpleQuery('INSERT INTO `puskesmas` (`puskesmas`, `alamat`, `nohp`, `created_at`, `updated_at`) VALUES (\'UPTD Puskesmas Adan-Adan\', \'Jln. Soekarno Hatta, Ds. Adan-Adan, Kec. Gurah, Kab. Kedirioooooooo\', \'(0354) 7415023u\', \'2023-02-06 09:45:43\', \'2023-02-06 09:45:43\')')
 4 SYSTEMPATH\Database\BaseBuilder.php(1916): CodeIgniter\Database\BaseConnection->query('INSERT INTO `puskesmas` (`puskesmas`, `alamat`, `nohp`, `created_at`, `updated_at`) VALUES (:puskesmas:, :alamat:, :nohp:, :created_at:, :updated_at:)', [...], false)
 5 SYSTEMPATH\Model.php(278): CodeIgniter\Database\BaseBuilder->insert()
 6 SYSTEMPATH\BaseModel.php(738): CodeIgniter\Model->doInsert([...])
 7 SYSTEMPATH\Model.php(666): CodeIgniter\BaseModel->insert([...], false)
 8 SYSTEMPATH\BaseModel.php(658): CodeIgniter\Model->insert([...], false)
 9 APPPATH\Controllers\Puskesmas.php(180): CodeIgniter\BaseModel->save([...])
10 SYSTEMPATH\CodeIgniter.php(898): App\Controllers\Puskesmas->update('1')
11 SYSTEMPATH\CodeIgniter.php(457): CodeIgniter\CodeIgniter->runController(Object(App\Controllers\Puskesmas))
12 SYSTEMPATH\CodeIgniter.php(340): CodeIgniter\CodeIgniter->handleRequest(null, Object(Config\Cache), false)
13 FCPATH\index.php(67): CodeIgniter\CodeIgniter->run()
14 SYSTEMPATH\Commands\Server\rewrite.php(43): require_once('FCPATH\\index.php')
CRITICAL - 2023-02-06 09:54:16 --> Attempt to read property "puskesmas" on array
in APPPATH\Views\admin\datapuskesmas.php on line 71.
 1 APPPATH\Views\admin\datapuskesmas.php(71): CodeIgniter\Debug\Exceptions->errorHandler(2, 'Attempt to read property "puskesmas" on array', 'APPPATH\\Views\\admin\\datapuskesmas.php', 71)
 2 SYSTEMPATH\View\View.php(213): include('APPPATH\\Views\\admin\\datapuskesmas.php')
 3 SYSTEMPATH\View\View.php(216): CodeIgniter\View\View->CodeIgniter\View\{closure}()
 4 SYSTEMPATH\Common.php(1137): CodeIgniter\View\View->render('admin/datapuskesmas', [], true)
 5 APPPATH\Controllers\Puskesmas.php(34): view('admin/datapuskesmas', [...])
 6 SYSTEMPATH\CodeIgniter.php(898): App\Controllers\Puskesmas->index()
 7 SYSTEMPATH\CodeIgniter.php(457): CodeIgniter\CodeIgniter->runController(Object(App\Controllers\Puskesmas))
 8 SYSTEMPATH\CodeIgniter.php(340): CodeIgniter\CodeIgniter->handleRequest(null, Object(Config\Cache), false)
 9 FCPATH\index.php(67): CodeIgniter\CodeIgniter->run()
10 SYSTEMPATH\Commands\Server\rewrite.php(43): require_once('FCPATH\\index.php')
CRITICAL - 2023-02-06 09:56:08 --> Attempt to read property "puskesmas" on array
in APPPATH\Views\admin\datapuskesmas.php on line 71.
 1 APPPATH\Views\admin\datapuskesmas.php(71): CodeIgniter\Debug\Exceptions->errorHandler(2, 'Attempt to read property "puskesmas" on array', 'APPPATH\\Views\\admin\\datapuskesmas.php', 71)
 2 SYSTEMPATH\View\View.php(213): include('APPPATH\\Views\\admin\\datapuskesmas.php')
 3 SYSTEMPATH\View\View.php(216): CodeIgniter\View\View->CodeIgniter\View\{closure}()
 4 SYSTEMPATH\Common.php(1137): CodeIgniter\View\View->render('admin/datapuskesmas', [], true)
 5 APPPATH\Controllers\Puskesmas.php(35): view('admin/datapuskesmas', [...])
 6 SYSTEMPATH\CodeIgniter.php(898): App\Controllers\Puskesmas->index()
 7 SYSTEMPATH\CodeIgniter.php(457): CodeIgniter\CodeIgniter->runController(Object(App\Controllers\Puskesmas))
 8 SYSTEMPATH\CodeIgniter.php(340): CodeIgniter\CodeIgniter->handleRequest(null, Object(Config\Cache), false)
 9 FCPATH\index.php(67): CodeIgniter\CodeIgniter->run()
10 SYSTEMPATH\Commands\Server\rewrite.php(43): require_once('FCPATH\\index.php')
CRITICAL - 2023-02-06 09:56:26 --> Attempt to read property "puskesmas" on array
in APPPATH\Views\admin\datapuskesmas.php on line 71.
 1 APPPATH\Views\admin\datapuskesmas.php(71): CodeIgniter\Debug\Exceptions->errorHandler(2, 'Attempt to read property "puskesmas" on array', 'APPPATH\\Views\\admin\\datapuskesmas.php', 71)
 2 SYSTEMPATH\View\View.php(213): include('APPPATH\\Views\\admin\\datapuskesmas.php')
 3 SYSTEMPATH\View\View.php(216): CodeIgniter\View\View->CodeIgniter\View\{closure}()
 4 SYSTEMPATH\Common.php(1137): CodeIgniter\View\View->render('admin/datapuskesmas', [], true)
 5 APPPATH\Controllers\Puskesmas.php(35): view('admin/datapuskesmas', [...])
 6 SYSTEMPATH\CodeIgniter.php(898): App\Controllers\Puskesmas->index()
 7 SYSTEMPATH\CodeIgniter.php(457): CodeIgniter\CodeIgniter->runController(Object(App\Controllers\Puskesmas))
 8 SYSTEMPATH\CodeIgniter.php(340): CodeIgniter\CodeIgniter->handleRequest(null, Object(Config\Cache), false)
 9 FCPATH\index.php(67): CodeIgniter\CodeIgniter->run()
10 SYSTEMPATH\Commands\Server\rewrite.php(43): require_once('FCPATH\\index.php')
