CRITICAL - 2024-05-16 01:42:45 --> Attempt to read property "bulan" on array
in APPPATH\Views\kader\anak\kmsanak.php on line 22.
 1 APPPATH\Views\kader\anak\kmsanak.php(22): CodeIgniter\Debug\Exceptions->errorHandler(2, 'Attempt to read property "bulan" on array', 'APPPATH\\Views\\kader\\anak\\kmsanak.php', 22)
 2 SYSTEMPATH\View\View.php(213): include('APPPATH\\Views\\kader\\anak\\kmsanak.php')
 3 SYSTEMPATH\View\View.php(216): CodeIgniter\View\View->CodeIgniter\View\{closure}()
 4 SYSTEMPATH\Common.php(1137): CodeIgniter\View\View->render('kader/anak/kmsanak', [], true)
 5 APPPATH\Controllers\Anak.php(312): view('kader/anak/kmsanak', [...])
 6 SYSTEMPATH\CodeIgniter.php(898): App\Controllers\Anak->kmsanak('9')
 7 SYSTEMPATH\CodeIgniter.php(457): CodeIgniter\CodeIgniter->runController(Object(App\Controllers\Anak))
 8 SYSTEMPATH\CodeIgniter.php(340): CodeIgniter\CodeIgniter->handleRequest(null, Object(Config\Cache), false)
 9 FCPATH\index.php(67): CodeIgniter\CodeIgniter->run()
10 SYSTEMPATH\Commands\Server\rewrite.php(43): require_once('FCPATH\\index.php')
CRITICAL - 2024-05-16 01:43:07 --> Attempt to read property "bulan" on array
in APPPATH\Views\kader\anak\kmsanak.php on line 22.
 1 APPPATH\Views\kader\anak\kmsanak.php(22): CodeIgniter\Debug\Exceptions->errorHandler(2, 'Attempt to read property "bulan" on array', 'APPPATH\\Views\\kader\\anak\\kmsanak.php', 22)
 2 SYSTEMPATH\View\View.php(213): include('APPPATH\\Views\\kader\\anak\\kmsanak.php')
 3 SYSTEMPATH\View\View.php(216): CodeIgniter\View\View->CodeIgniter\View\{closure}()
 4 SYSTEMPATH\Common.php(1137): CodeIgniter\View\View->render('kader/anak/kmsanak', [], true)
 5 APPPATH\Controllers\Anak.php(312): view('kader/anak/kmsanak', [...])
 6 SYSTEMPATH\CodeIgniter.php(898): App\Controllers\Anak->kmsanak('9')
 7 SYSTEMPATH\CodeIgniter.php(457): CodeIgniter\CodeIgniter->runController(Object(App\Controllers\Anak))
 8 SYSTEMPATH\CodeIgniter.php(340): CodeIgniter\CodeIgniter->handleRequest(null, Object(Config\Cache), false)
 9 FCPATH\index.php(67): CodeIgniter\CodeIgniter->run()
10 SYSTEMPATH\Commands\Server\rewrite.php(43): require_once('FCPATH\\index.php')
CRITICAL - 2024-05-16 01:43:11 --> Attempt to read property "bulan" on array
in APPPATH\Views\kader\anak\kmsanak.php on line 22.
 1 APPPATH\Views\kader\anak\kmsanak.php(22): CodeIgniter\Debug\Exceptions->errorHandler(2, 'Attempt to read property "bulan" on array', 'APPPATH\\Views\\kader\\anak\\kmsanak.php', 22)
 2 SYSTEMPATH\View\View.php(213): include('APPPATH\\Views\\kader\\anak\\kmsanak.php')
 3 SYSTEMPATH\View\View.php(216): CodeIgniter\View\View->CodeIgniter\View\{closure}()
 4 SYSTEMPATH\Common.php(1137): CodeIgniter\View\View->render('kader/anak/kmsanak', [], true)
 5 APPPATH\Controllers\Anak.php(312): view('kader/anak/kmsanak', [...])
 6 SYSTEMPATH\CodeIgniter.php(898): App\Controllers\Anak->kmsanak('9')
 7 SYSTEMPATH\CodeIgniter.php(457): CodeIgniter\CodeIgniter->runController(Object(App\Controllers\Anak))
 8 SYSTEMPATH\CodeIgniter.php(340): CodeIgniter\CodeIgniter->handleRequest(null, Object(Config\Cache), false)
 9 FCPATH\index.php(67): CodeIgniter\CodeIgniter->run()
10 SYSTEMPATH\Commands\Server\rewrite.php(43): require_once('FCPATH\\index.php')
