ERROR - 2024-04-02 02:44:36 --> mysqli_sql_exception: Table 'posyandu.buortumil' doesn't exist in C:\xampp\htdocs\taposyandu\system\Database\MySQLi\Connection.php:292
Stack trace:
#0 C:\xampp\htdocs\taposyandu\system\Database\MySQLi\Connection.php(292): mysqli->query('SELECT 1\nFROM `...', 0)
#1 C:\xampp\htdocs\taposyandu\system\Database\BaseConnection.php(693): CodeIgniter\Database\MySQLi\Connection->execute('SELECT 1\nFROM `...')
#2 C:\xampp\htdocs\taposyandu\system\Database\BaseConnection.php(620): CodeIgniter\Database\BaseConnection->simpleQuery('SELECT 1\nFROM `...')
#3 C:\xampp\htdocs\taposyandu\system\Database\BaseBuilder.php(1585): CodeIgniter\Database\BaseConnection->query('SELECT 1\nFROM `...', Array, false)
#4 C:\xampp\htdocs\taposyandu\system\Validation\Rules.php(142): CodeIgniter\Database\BaseBuilder->get()
#5 C:\xampp\htdocs\taposyandu\system\Validation\Validation.php(308): CodeIgniter\Validation\Rules->is_unique('350506786954213...', 'ibunik', Array, NULL)
#6 C:\xampp\htdocs\taposyandu\system\Validation\Validation.php(175): CodeIgniter\Validation\Validation->processRules('ayahnik', 'ayahnik', '350506786954213...', Array, Array)
#7 C:\xampp\htdocs\taposyandu\system\Controller.php(140): CodeIgniter\Validation\Validation->run()
#8 C:\xampp\htdocs\taposyandu\app\Controllers\Ortu.php(93): CodeIgniter\Controller->validate(Array)
#9 C:\xampp\htdocs\taposyandu\system\CodeIgniter.php(898): App\Controllers\Ortu->save()
#10 C:\xampp\htdocs\taposyandu\system\CodeIgniter.php(457): CodeIgniter\CodeIgniter->runController(Object(App\Controllers\Ortu))
#11 C:\xampp\htdocs\taposyandu\system\CodeIgniter.php(340): CodeIgniter\CodeIgniter->handleRequest(NULL, Object(Config\Cache), false)
#12 C:\xampp\htdocs\taposyandu\public\index.php(67): CodeIgniter\CodeIgniter->run()
#13 C:\xampp\htdocs\taposyandu\system\Commands\Server\rewrite.php(43): require_once('C:\\xampp\\htdocs...')
#14 {main}
CRITICAL - 2024-04-02 02:44:36 --> Table 'posyandu.buortumil' doesn't exist
in SYSTEMPATH\Database\MySQLi\Connection.php on line 292.
 1 SYSTEMPATH\Database\MySQLi\Connection.php(292): mysqli->query('SELECT 1
FROM `buortumil`
WHERE `ibunik` = \'3505067869542134\'
 LIMIT 1', 0)
 2 SYSTEMPATH\Database\BaseConnection.php(693): CodeIgniter\Database\MySQLi\Connection->execute('SELECT 1
FROM `buortumil`
WHERE `ibunik` = \'3505067869542134\'
 LIMIT 1')
 3 SYSTEMPATH\Database\BaseConnection.php(620): CodeIgniter\Database\BaseConnection->simpleQuery('SELECT 1
FROM `buortumil`
WHERE `ibunik` = \'3505067869542134\'
 LIMIT 1')
 4 SYSTEMPATH\Database\BaseBuilder.php(1585): CodeIgniter\Database\BaseConnection->query('SELECT 1
FROM `buortumil`
WHERE `ibunik` = :ibunik:
 LIMIT 1', [...], false)
 5 SYSTEMPATH\Validation\Rules.php(142): CodeIgniter\Database\BaseBuilder->get()
 6 SYSTEMPATH\Validation\Validation.php(308): CodeIgniter\Validation\Rules->is_unique('3505067869542134', 'ibunik', [...], null)
 7 SYSTEMPATH\Validation\Validation.php(175): CodeIgniter\Validation\Validation->processRules('ayahnik', 'ayahnik', '3505067869542134', [...], [...])
 8 SYSTEMPATH\Controller.php(140): CodeIgniter\Validation\Validation->run()
 9 APPPATH\Controllers\Ortu.php(93): CodeIgniter\Controller->validate([...])
10 SYSTEMPATH\CodeIgniter.php(898): App\Controllers\Ortu->save()
11 SYSTEMPATH\CodeIgniter.php(457): CodeIgniter\CodeIgniter->runController(Object(App\Controllers\Ortu))
12 SYSTEMPATH\CodeIgniter.php(340): CodeIgniter\CodeIgniter->handleRequest(null, Object(Config\Cache), false)
13 FCPATH\index.php(67): CodeIgniter\CodeIgniter->run()
14 SYSTEMPATH\Commands\Server\rewrite.php(43): require_once('FCPATH\\index.php')
ERROR - 2024-04-02 02:46:28 --> mysqli_sql_exception: Duplicate entry '3506065432157654@mail.com' for key 'email' in C:\xampp\htdocs\taposyandu\system\Database\MySQLi\Connection.php:292
Stack trace:
#0 C:\xampp\htdocs\taposyandu\system\Database\MySQLi\Connection.php(292): mysqli->query('INSERT INTO `us...', 0)
#1 C:\xampp\htdocs\taposyandu\system\Database\BaseConnection.php(693): CodeIgniter\Database\MySQLi\Connection->execute('INSERT INTO `us...')
#2 C:\xampp\htdocs\taposyandu\system\Database\BaseConnection.php(620): CodeIgniter\Database\BaseConnection->simpleQuery('INSERT INTO `us...')
#3 C:\xampp\htdocs\taposyandu\system\Database\BaseBuilder.php(1916): CodeIgniter\Database\BaseConnection->query('INSERT INTO `us...', Array, false)
#4 C:\xampp\htdocs\taposyandu\app\Controllers\Ortu.php(65): CodeIgniter\Database\BaseBuilder->insert(Array)
#5 C:\xampp\htdocs\taposyandu\system\CodeIgniter.php(898): App\Controllers\Ortu->save()
#6 C:\xampp\htdocs\taposyandu\system\CodeIgniter.php(457): CodeIgniter\CodeIgniter->runController(Object(App\Controllers\Ortu))
#7 C:\xampp\htdocs\taposyandu\system\CodeIgniter.php(340): CodeIgniter\CodeIgniter->handleRequest(NULL, Object(Config\Cache), false)
#8 C:\xampp\htdocs\taposyandu\public\index.php(67): CodeIgniter\CodeIgniter->run()
#9 C:\xampp\htdocs\taposyandu\system\Commands\Server\rewrite.php(43): require_once('C:\\xampp\\htdocs...')
#10 {main}
CRITICAL - 2024-04-02 02:46:28 --> Duplicate entry '3506065432157654@mail.com' for key 'email'
in SYSTEMPATH\Database\MySQLi\Connection.php on line 292.
 1 SYSTEMPATH\Database\MySQLi\Connection.php(292): mysqli->query('INSERT INTO `users` (`username`, `email`, `password_hash`, `fullname`, `usernohp`, `active`, `role`, `created_at`, `updated_at`) VALUES (\'3506065432157654\', \'3506065432157654@mail.com\', \'$2y$10$4fP8Lh/QZJykmS0kzCJryedu1s0ql/J/r8HBapTH4NbbErr1HU49O\', \'Arum\', \'082314524367\', \'1\', \'masyarakat\', \'2024-04-02 02:46:28\', \'2024-04-02 02:46:28\')', 0)
 2 SYSTEMPATH\Database\BaseConnection.php(693): CodeIgniter\Database\MySQLi\Connection->execute('INSERT INTO `users` (`username`, `email`, `password_hash`, `fullname`, `usernohp`, `active`, `role`, `created_at`, `updated_at`) VALUES (\'3506065432157654\', \'3506065432157654@mail.com\', \'$2y$10$4fP8Lh/QZJykmS0kzCJryedu1s0ql/J/r8HBapTH4NbbErr1HU49O\', \'Arum\', \'082314524367\', \'1\', \'masyarakat\', \'2024-04-02 02:46:28\', \'2024-04-02 02:46:28\')')
 3 SYSTEMPATH\Database\BaseConnection.php(620): CodeIgniter\Database\BaseConnection->simpleQuery('INSERT INTO `users` (`username`, `email`, `password_hash`, `fullname`, `usernohp`, `active`, `role`, `created_at`, `updated_at`) VALUES (\'3506065432157654\', \'3506065432157654@mail.com\', \'$2y$10$4fP8Lh/QZJykmS0kzCJryedu1s0ql/J/r8HBapTH4NbbErr1HU49O\', \'Arum\', \'082314524367\', \'1\', \'masyarakat\', \'2024-04-02 02:46:28\', \'2024-04-02 02:46:28\')')
 4 SYSTEMPATH\Database\BaseBuilder.php(1916): CodeIgniter\Database\BaseConnection->query('INSERT INTO `users` (`username`, `email`, `password_hash`, `fullname`, `usernohp`, `active`, `role`, `created_at`, `updated_at`) VALUES (:username:, :email:, :password_hash:, :fullname:, :usernohp:, :active:, :role:, :created_at:, :updated_at:)', [...], false)
 5 APPPATH\Controllers\Ortu.php(65): CodeIgniter\Database\BaseBuilder->insert([...])
 6 SYSTEMPATH\CodeIgniter.php(898): App\Controllers\Ortu->save()
 7 SYSTEMPATH\CodeIgniter.php(457): CodeIgniter\CodeIgniter->runController(Object(App\Controllers\Ortu))
 8 SYSTEMPATH\CodeIgniter.php(340): CodeIgniter\CodeIgniter->handleRequest(null, Object(Config\Cache), false)
 9 FCPATH\index.php(67): CodeIgniter\CodeIgniter->run()
10 SYSTEMPATH\Commands\Server\rewrite.php(43): require_once('FCPATH\\index.php')
